28 oct. 2011 07:32:21 org.apache.catalina.core.AprLifecycleListener init
INFO: The APR based Apache Tomcat Native library which allows optimal performance in production environments was not found on the java.library.path: C:\Users\Christophe\Documents\Musicologie\TMG\xtfWorkshop\java\jre6_win\bin;.;C:\Windows\Sun\Java\bin;C:\Windows\system32;C:\Windows;C:\Users\Christophe\Documents\Musicologie\TMG\xtfWorkshop\java\jre6_win\bin;C:\Windows\system32;C:\Windows;C:\Windows\System32\Wbem;C:\Program Files\Common Files\Roxio Shared\DLLShared\;C:\Program Files\Common Files\Roxio Shared\9.0\DLLShared\;C:\PROGRA~1\ADDINS~1\XLSTAT~1;C:\Program Files\Common Files\DivX Shared\;C:\Program Files\QuickTime\QTSystem\
28 oct. 2011 07:32:22 org.apache.coyote.http11.Http11Protocol init
INFO: Initialisation de Coyote HTTP/1.1 sur http-8080
28 oct. 2011 07:32:22 org.apache.catalina.startup.Catalina load
INFO: Initialization processed in 2452 ms
28 oct. 2011 07:32:22 org.apache.catalina.core.StandardService start
INFO: Démarrage du service Catalina
28 oct. 2011 07:32:22 org.apache.catalina.core.StandardEngine start
INFO: Starting Servlet Engine: Apache Tomcat/6.0.29
28 oct. 2011 07:32:22 org.apache.catalina.startup.HostConfig deployDescriptor
INFO: Déploiement du descripteur de configuration host-manager.xml
28 oct. 2011 07:32:23 org.apache.catalina.startup.HostConfig deployDescriptor
INFO: Déploiement du descripteur de configuration manager.xml
28 oct. 2011 07:32:24 org.apache.catalina.startup.HostConfig deployDirectory
INFO: Déploiement du répertoire docs de l'application web
28 oct. 2011 07:32:24 org.apache.catalina.startup.HostConfig deployDirectory
INFO: Déploiement du répertoire examples de l'application web
28 oct. 2011 07:32:25 org.apache.catalina.startup.HostConfig deployDirectory
INFO: Déploiement du répertoire ROOT de l'application web
28 oct. 2011 07:32:25 org.apache.catalina.startup.HostConfig deployDirectory
INFO: Déploiement du répertoire xtf de l'application web
28 oct. 2011 07:32:25 org.apache.coyote.http11.Http11Protocol start
INFO: Démarrage de Coyote HTTP/1.1 sur http-8080
28 oct. 2011 07:32:26 org.apache.jk.common.ChannelSocket init
INFO: JK: ajp13 listening on /0.0.0.0:8009
28 oct. 2011 07:32:26 org.apache.jk.server.JkMain start
INFO: Jk running ID=0 time=0/153  config=null
28 oct. 2011 07:32:26 org.apache.catalina.startup.Catalina start
INFO: Server startup in 3895 ms
28 oct. 2011 08:09:57 org.apache.catalina.core.AprLifecycleListener init
INFO: The APR based Apache Tomcat Native library which allows optimal performance in production environments was not found on the java.library.path: C:\Users\Christophe\Documents\Musicologie\TMG\xtfWorkshop\java\jre6_win\bin;.;C:\Windows\Sun\Java\bin;C:\Windows\system32;C:\Windows;C:\Users\Christophe\Documents\Musicologie\TMG\xtfWorkshop\java\jre6_win\bin;C:\Windows\system32;C:\Windows;C:\Windows\System32\Wbem;C:\Program Files\Common Files\Roxio Shared\DLLShared\;C:\Program Files\Common Files\Roxio Shared\9.0\DLLShared\;C:\PROGRA~1\ADDINS~1\XLSTAT~1;C:\Program Files\Common Files\DivX Shared\;C:\Program Files\QuickTime\QTSystem\
28 oct. 2011 08:09:57 org.apache.coyote.http11.Http11Protocol init
INFO: Initialisation de Coyote HTTP/1.1 sur http-8080
28 oct. 2011 08:09:57 org.apache.catalina.startup.Catalina load
INFO: Initialization processed in 1071 ms
28 oct. 2011 08:09:57 org.apache.catalina.core.StandardService start
INFO: Démarrage du service Catalina
28 oct. 2011 08:09:57 org.apache.catalina.core.StandardEngine start
INFO: Starting Servlet Engine: Apache Tomcat/6.0.29
28 oct. 2011 08:09:57 org.apache.catalina.startup.HostConfig deployDescriptor
INFO: Déploiement du descripteur de configuration host-manager.xml
28 oct. 2011 08:09:58 org.apache.catalina.startup.HostConfig deployDescriptor
INFO: Déploiement du descripteur de configuration manager.xml
28 oct. 2011 08:09:58 org.apache.catalina.startup.HostConfig deployDirectory
INFO: Déploiement du répertoire docs de l'application web
28 oct. 2011 08:09:58 org.apache.catalina.startup.HostConfig deployDirectory
INFO: Déploiement du répertoire examples de l'application web
28 oct. 2011 08:09:59 org.apache.catalina.startup.HostConfig deployDirectory
INFO: Déploiement du répertoire ROOT de l'application web
28 oct. 2011 08:09:59 org.apache.catalina.startup.HostConfig deployDirectory
INFO: Déploiement du répertoire xtf de l'application web
28 oct. 2011 08:09:59 org.apache.coyote.http11.Http11Protocol start
INFO: Démarrage de Coyote HTTP/1.1 sur http-8080
28 oct. 2011 08:09:59 org.apache.jk.common.ChannelSocket init
INFO: JK: ajp13 listening on /0.0.0.0:8009
28 oct. 2011 08:09:59 org.apache.jk.server.JkMain start
INFO: Jk running ID=0 time=0/83  config=null
28 oct. 2011 08:09:59 org.apache.catalina.startup.Catalina start
INFO: Server startup in 1934 ms
28 oct. 2011 19:13:28 org.apache.catalina.core.AprLifecycleListener init
INFO: The APR based Apache Tomcat Native library which allows optimal performance in production environments was not found on the java.library.path: C:\Users\Christophe\Documents\Musicologie\TMG\xtfWorkshop\java\jre6_win\bin;.;C:\Windows\Sun\Java\bin;C:\Windows\system32;C:\Windows;C:\Users\Christophe\Documents\Musicologie\TMG\xtfWorkshop\java\jre6_win\bin;C:\Windows\system32;C:\Windows;C:\Windows\System32\Wbem;C:\Program Files\Common Files\Roxio Shared\DLLShared\;C:\Program Files\Common Files\Roxio Shared\9.0\DLLShared\;C:\PROGRA~1\ADDINS~1\XLSTAT~1;C:\Program Files\Common Files\DivX Shared\;C:\Program Files\QuickTime\QTSystem\
28 oct. 2011 19:13:30 org.apache.coyote.http11.Http11Protocol init
INFO: Initialisation de Coyote HTTP/1.1 sur http-8080
28 oct. 2011 19:13:30 org.apache.catalina.startup.Catalina load
INFO: Initialization processed in 5896 ms
28 oct. 2011 19:13:30 org.apache.catalina.core.StandardService start
INFO: Démarrage du service Catalina
28 oct. 2011 19:13:30 org.apache.catalina.core.StandardEngine start
INFO: Starting Servlet Engine: Apache Tomcat/6.0.29
28 oct. 2011 19:13:30 org.apache.catalina.startup.HostConfig deployDescriptor
INFO: Déploiement du descripteur de configuration host-manager.xml
28 oct. 2011 19:13:32 org.apache.catalina.startup.HostConfig deployDescriptor
INFO: Déploiement du descripteur de configuration manager.xml
28 oct. 2011 19:13:33 org.apache.catalina.startup.HostConfig deployDirectory
INFO: Déploiement du répertoire docs de l'application web
28 oct. 2011 19:13:33 org.apache.catalina.startup.HostConfig deployDirectory
INFO: Déploiement du répertoire examples de l'application web
28 oct. 2011 19:13:34 org.apache.catalina.startup.HostConfig deployDirectory
INFO: Déploiement du répertoire ROOT de l'application web
28 oct. 2011 19:13:34 org.apache.catalina.startup.HostConfig deployDirectory
INFO: Déploiement du répertoire xtf de l'application web
28 oct. 2011 19:13:35 org.apache.coyote.http11.Http11Protocol start
INFO: Démarrage de Coyote HTTP/1.1 sur http-8080
28 oct. 2011 19:13:35 org.apache.jk.common.ChannelSocket init
INFO: JK: ajp13 listening on /0.0.0.0:8009
28 oct. 2011 19:13:35 org.apache.jk.server.JkMain start
INFO: Jk running ID=0 time=0/188  config=null
28 oct. 2011 19:13:35 org.apache.catalina.startup.Catalina start
INFO: Server startup in 5168 ms
