24 nov. 2014 17:13:52 org.apache.catalina.core.AprLifecycleListener init
INFO: The APR based Apache Tomcat Native library which allows optimal performance in production environments was not found on the java.library.path: .:/Library/Java/Extensions:/System/Library/Java/Extensions:/usr/lib/java
24 nov. 2014 17:13:52 org.apache.coyote.http11.Http11Protocol init
INFO: Initialisation de Coyote HTTP/1.1 sur http-8080
24 nov. 2014 17:13:52 org.apache.catalina.startup.Catalina load
INFO: Initialization processed in 916 ms
24 nov. 2014 17:13:52 org.apache.catalina.core.StandardService start
INFO: Démarrage du service Catalina
24 nov. 2014 17:13:52 org.apache.catalina.core.StandardEngine start
INFO: Starting Servlet Engine: Apache Tomcat/6.0.29
24 nov. 2014 17:13:52 org.apache.catalina.startup.HostConfig deployDescriptor
INFO: Déploiement du descripteur de configuration host-manager.xml
24 nov. 2014 17:13:53 org.apache.catalina.startup.HostConfig deployDescriptor
INFO: Déploiement du descripteur de configuration manager.xml
24 nov. 2014 17:13:53 org.apache.catalina.startup.HostConfig deployDirectory
INFO: Déploiement du répertoire docs de l'application web
24 nov. 2014 17:13:53 org.apache.catalina.startup.HostConfig deployDirectory
INFO: Déploiement du répertoire examples de l'application web
24 nov. 2014 17:13:53 org.apache.catalina.startup.HostConfig deployDirectory
INFO: Déploiement du répertoire ROOT de l'application web
24 nov. 2014 17:13:53 org.apache.catalina.startup.HostConfig deployDirectory
INFO: Déploiement du répertoire xtf de l'application web
24 nov. 2014 17:13:54 org.apache.coyote.http11.Http11Protocol start
INFO: Démarrage de Coyote HTTP/1.1 sur http-8080
24 nov. 2014 17:13:54 org.apache.jk.common.ChannelSocket init
INFO: JK: ajp13 listening on /0.0.0.0:8009
24 nov. 2014 17:13:54 org.apache.jk.server.JkMain start
INFO: Jk running ID=0 time=0/33  config=null
24 nov. 2014 17:13:54 org.apache.catalina.startup.Catalina start
INFO: Server startup in 1835 ms
24 nov. 2014 19:08:06 org.apache.coyote.http11.Http11Protocol pause
INFO: Suspension de Coyote HTTP/1.1 sur http-8080
24 nov. 2014 19:08:07 org.apache.catalina.core.StandardService stop
INFO: Arrêt du service Catalina
24 nov. 2014 19:08:08 org.apache.catalina.loader.WebappClassLoader clearReferencesThreads
GRAVE: The web application [/xtf] appears to have started a thread named [Thread-20] but has failed to stop it. This is very likely to create a memory leak.
24 nov. 2014 19:08:08 org.apache.catalina.loader.WebappClassLoader clearThreadLocalMap
GRAVE: The web application [/xtf] created a ThreadLocal with key of type [java.lang.ThreadLocal] (value [java.lang.ThreadLocal@5e62c4bb]) and a value of type [org.cdlib.xtf.util.PackedByteBuf.CompressInfo] (value [org.cdlib.xtf.util.PackedByteBuf$CompressInfo@26620166]) but failed to remove it when the web application was stopped. This is very likely to create a memory leak.
24 nov. 2014 19:08:08 org.apache.catalina.loader.WebappClassLoader clearThreadLocalMap
GRAVE: The web application [/xtf] created a ThreadLocal with key of type [null] (value [null]) and a value of type [org.apache.lucene.index.SegmentTermEnum] (value [org.apache.lucene.index.SegmentTermEnum@6c49e339]) but failed to remove it when the web application was stopped. This is very likely to create a memory leak.
24 nov. 2014 19:08:08 org.apache.catalina.loader.WebappClassLoader clearThreadLocalMap
GRAVE: The web application [/xtf] created a ThreadLocal with key of type [java.lang.ThreadLocal] (value [java.lang.ThreadLocal@66e4eab9]) and a value of type [org.apache.lucene.index.SegmentTermEnum] (value [org.apache.lucene.index.SegmentTermEnum@3eee4c75]) but failed to remove it when the web application was stopped. This is very likely to create a memory leak.
24 nov. 2014 19:08:08 org.apache.catalina.loader.WebappClassLoader clearThreadLocalMap
GRAVE: The web application [/xtf] created a ThreadLocal with key of type [java.lang.ThreadLocal] (value [java.lang.ThreadLocal@eddb59a]) and a value of type [org.apache.lucene.index.SegmentTermEnum] (value [org.apache.lucene.index.SegmentTermEnum@7dbd9915]) but failed to remove it when the web application was stopped. This is very likely to create a memory leak.
24 nov. 2014 19:08:08 org.apache.catalina.loader.WebappClassLoader clearThreadLocalMap
GRAVE: The web application [/xtf] created a ThreadLocal with key of type [java.lang.ThreadLocal] (value [java.lang.ThreadLocal@2a8d7231]) and a value of type [org.apache.lucene.index.SegmentTermEnum] (value [org.apache.lucene.index.SegmentTermEnum@2c4404ca]) but failed to remove it when the web application was stopped. This is very likely to create a memory leak.
24 nov. 2014 19:08:08 org.apache.catalina.loader.WebappClassLoader clearThreadLocalMap
GRAVE: The web application [/xtf] created a ThreadLocal with key of type [java.lang.ThreadLocal] (value [java.lang.ThreadLocal@2596807a]) and a value of type [org.apache.lucene.index.SegmentTermEnum] (value [org.apache.lucene.index.SegmentTermEnum@3bccdcdd]) but failed to remove it when the web application was stopped. This is very likely to create a memory leak.
24 nov. 2014 19:08:08 org.apache.catalina.loader.WebappClassLoader clearThreadLocalMap
GRAVE: The web application [/xtf] created a ThreadLocal with key of type [java.lang.ThreadLocal] (value [java.lang.ThreadLocal@6b84fd7]) and a value of type [org.apache.lucene.index.SegmentTermEnum] (value [org.apache.lucene.index.SegmentTermEnum@2e81afb3]) but failed to remove it when the web application was stopped. This is very likely to create a memory leak.
24 nov. 2014 19:08:08 org.apache.catalina.loader.WebappClassLoader clearThreadLocalMap
GRAVE: The web application [/xtf] created a ThreadLocal with key of type [java.lang.ThreadLocal] (value [java.lang.ThreadLocal@5e62c4bb]) and a value of type [org.cdlib.xtf.util.PackedByteBuf.CompressInfo] (value [org.cdlib.xtf.util.PackedByteBuf$CompressInfo@4436289f]) but failed to remove it when the web application was stopped. This is very likely to create a memory leak.
24 nov. 2014 19:08:08 org.apache.catalina.loader.WebappClassLoader clearThreadLocalMap
GRAVE: The web application [/xtf] created a ThreadLocal with key of type [null] (value [null]) and a value of type [org.apache.lucene.index.SegmentTermEnum] (value [org.apache.lucene.index.SegmentTermEnum@3fa501b5]) but failed to remove it when the web application was stopped. This is very likely to create a memory leak.
24 nov. 2014 19:08:08 org.apache.catalina.loader.WebappClassLoader clearThreadLocalMap
GRAVE: The web application [/xtf] created a ThreadLocal with key of type [java.lang.ThreadLocal] (value [java.lang.ThreadLocal@5e62c4bb]) and a value of type [org.cdlib.xtf.util.PackedByteBuf.CompressInfo] (value [org.cdlib.xtf.util.PackedByteBuf$CompressInfo@6a1332b7]) but failed to remove it when the web application was stopped. This is very likely to create a memory leak.
24 nov. 2014 19:08:08 org.apache.catalina.loader.WebappClassLoader clearThreadLocalMap
GRAVE: The web application [/xtf] created a ThreadLocal with key of type [null] (value [null]) and a value of type [org.apache.lucene.index.SegmentTermEnum] (value [org.apache.lucene.index.SegmentTermEnum@1266c2c9]) but failed to remove it when the web application was stopped. This is very likely to create a memory leak.
24 nov. 2014 19:08:08 org.apache.catalina.loader.WebappClassLoader clearThreadLocalMap
GRAVE: The web application [/xtf] created a ThreadLocal with key of type [java.lang.ThreadLocal] (value [java.lang.ThreadLocal@5e62c4bb]) and a value of type [org.cdlib.xtf.util.PackedByteBuf.CompressInfo] (value [org.cdlib.xtf.util.PackedByteBuf$CompressInfo@187e238f]) but failed to remove it when the web application was stopped. This is very likely to create a memory leak.
24 nov. 2014 19:08:08 org.apache.catalina.loader.WebappClassLoader clearThreadLocalMap
GRAVE: The web application [/xtf] created a ThreadLocal with key of type [java.lang.ThreadLocal] (value [java.lang.ThreadLocal@5e62c4bb]) and a value of type [org.cdlib.xtf.util.PackedByteBuf.CompressInfo] (value [org.cdlib.xtf.util.PackedByteBuf$CompressInfo@1508dd9]) but failed to remove it when the web application was stopped. This is very likely to create a memory leak.
24 nov. 2014 19:08:08 org.apache.coyote.http11.Http11Protocol destroy
INFO: Arrêt de Coyote HTTP/1.1 sur http-8080
24 nov. 2014 19:57:58 org.apache.catalina.core.AprLifecycleListener init
INFO: The APR based Apache Tomcat Native library which allows optimal performance in production environments was not found on the java.library.path: .:/Library/Java/Extensions:/System/Library/Java/Extensions:/usr/lib/java
24 nov. 2014 19:57:58 org.apache.coyote.http11.Http11Protocol init
INFO: Initialisation de Coyote HTTP/1.1 sur http-8080
24 nov. 2014 19:57:58 org.apache.catalina.startup.Catalina load
INFO: Initialization processed in 958 ms
24 nov. 2014 19:57:58 org.apache.catalina.core.StandardService start
INFO: Démarrage du service Catalina
24 nov. 2014 19:57:58 org.apache.catalina.core.StandardEngine start
INFO: Starting Servlet Engine: Apache Tomcat/6.0.29
24 nov. 2014 19:57:58 org.apache.catalina.startup.HostConfig deployDescriptor
INFO: Déploiement du descripteur de configuration host-manager.xml
24 nov. 2014 19:57:59 org.apache.catalina.startup.HostConfig deployDescriptor
INFO: Déploiement du descripteur de configuration manager.xml
24 nov. 2014 19:57:59 org.apache.catalina.startup.HostConfig deployDirectory
INFO: Déploiement du répertoire docs de l'application web
24 nov. 2014 19:57:59 org.apache.catalina.startup.HostConfig deployDirectory
INFO: Déploiement du répertoire examples de l'application web
24 nov. 2014 19:57:59 org.apache.catalina.startup.HostConfig deployDirectory
INFO: Déploiement du répertoire ROOT de l'application web
24 nov. 2014 19:58:00 org.apache.catalina.startup.HostConfig deployDirectory
INFO: Déploiement du répertoire xtf de l'application web
24 nov. 2014 19:58:00 org.apache.coyote.http11.Http11Protocol start
INFO: Démarrage de Coyote HTTP/1.1 sur http-8080
24 nov. 2014 19:58:00 org.apache.jk.common.ChannelSocket init
INFO: JK: ajp13 listening on /0.0.0.0:8009
24 nov. 2014 19:58:00 org.apache.jk.server.JkMain start
INFO: Jk running ID=0 time=0/65  config=null
24 nov. 2014 19:58:00 org.apache.catalina.startup.Catalina start
INFO: Server startup in 2118 ms
24 nov. 2014 21:01:21 org.apache.catalina.core.AprLifecycleListener init
INFO: The APR based Apache Tomcat Native library which allows optimal performance in production environments was not found on the java.library.path: .:/Library/Java/Extensions:/System/Library/Java/Extensions:/usr/lib/java
24 nov. 2014 21:01:21 org.apache.coyote.http11.Http11Protocol init
INFO: Initialisation de Coyote HTTP/1.1 sur http-8080
24 nov. 2014 21:01:21 org.apache.catalina.startup.Catalina load
INFO: Initialization processed in 947 ms
24 nov. 2014 21:01:21 org.apache.catalina.core.StandardService start
INFO: Démarrage du service Catalina
24 nov. 2014 21:01:21 org.apache.catalina.core.StandardEngine start
INFO: Starting Servlet Engine: Apache Tomcat/6.0.29
24 nov. 2014 21:01:22 org.apache.catalina.startup.HostConfig deployDescriptor
INFO: Déploiement du descripteur de configuration host-manager.xml
24 nov. 2014 21:01:22 org.apache.catalina.startup.HostConfig deployDescriptor
INFO: Déploiement du descripteur de configuration manager.xml
24 nov. 2014 21:01:22 org.apache.catalina.startup.HostConfig deployDirectory
INFO: Déploiement du répertoire docs de l'application web
24 nov. 2014 21:01:22 org.apache.catalina.startup.HostConfig deployDirectory
INFO: Déploiement du répertoire examples de l'application web
24 nov. 2014 21:01:23 org.apache.catalina.startup.HostConfig deployDirectory
INFO: Déploiement du répertoire ROOT de l'application web
24 nov. 2014 21:01:23 org.apache.catalina.startup.HostConfig deployDirectory
INFO: Déploiement du répertoire xtf de l'application web
24 nov. 2014 21:01:23 org.apache.coyote.http11.Http11Protocol start
INFO: Démarrage de Coyote HTTP/1.1 sur http-8080
24 nov. 2014 21:01:23 org.apache.jk.common.ChannelSocket init
INFO: JK: ajp13 listening on /0.0.0.0:8009
24 nov. 2014 21:01:23 org.apache.jk.server.JkMain start
INFO: Jk running ID=0 time=0/18  config=null
24 nov. 2014 21:01:23 org.apache.catalina.startup.Catalina start
INFO: Server startup in 2002 ms
24 nov. 2014 22:12:57 org.apache.coyote.http11.Http11Protocol pause
INFO: Suspension de Coyote HTTP/1.1 sur http-8080
24 nov. 2014 22:12:58 org.apache.catalina.core.StandardService stop
INFO: Arrêt du service Catalina
24 nov. 2014 22:12:59 org.apache.catalina.loader.WebappClassLoader clearThreadLocalMap
GRAVE: The web application [/xtf] created a ThreadLocal with key of type [java.lang.ThreadLocal] (value [java.lang.ThreadLocal@3dbafe70]) and a value of type [org.cdlib.xtf.util.PackedByteBuf.CompressInfo] (value [org.cdlib.xtf.util.PackedByteBuf$CompressInfo@3f968ab9]) but failed to remove it when the web application was stopped. This is very likely to create a memory leak.
24 nov. 2014 22:12:59 org.apache.catalina.loader.WebappClassLoader clearThreadLocalMap
GRAVE: The web application [/xtf] created a ThreadLocal with key of type [java.lang.ThreadLocal] (value [java.lang.ThreadLocal@3dbafe70]) and a value of type [org.cdlib.xtf.util.PackedByteBuf.CompressInfo] (value [org.cdlib.xtf.util.PackedByteBuf$CompressInfo@346d984c]) but failed to remove it when the web application was stopped. This is very likely to create a memory leak.
24 nov. 2014 22:12:59 org.apache.catalina.loader.WebappClassLoader clearThreadLocalMap
GRAVE: The web application [/xtf] created a ThreadLocal with key of type [java.lang.ThreadLocal] (value [java.lang.ThreadLocal@3dbafe70]) and a value of type [org.cdlib.xtf.util.PackedByteBuf.CompressInfo] (value [org.cdlib.xtf.util.PackedByteBuf$CompressInfo@729c078]) but failed to remove it when the web application was stopped. This is very likely to create a memory leak.
24 nov. 2014 22:12:59 org.apache.catalina.loader.WebappClassLoader clearThreadLocalMap
GRAVE: The web application [/xtf] created a ThreadLocal with key of type [java.lang.ThreadLocal] (value [java.lang.ThreadLocal@3dbafe70]) and a value of type [org.cdlib.xtf.util.PackedByteBuf.CompressInfo] (value [org.cdlib.xtf.util.PackedByteBuf$CompressInfo@461b09f4]) but failed to remove it when the web application was stopped. This is very likely to create a memory leak.
24 nov. 2014 22:12:59 org.apache.catalina.loader.WebappClassLoader clearThreadLocalMap
GRAVE: The web application [/xtf] created a ThreadLocal with key of type [java.lang.ThreadLocal] (value [java.lang.ThreadLocal@3dbafe70]) and a value of type [org.cdlib.xtf.util.PackedByteBuf.CompressInfo] (value [org.cdlib.xtf.util.PackedByteBuf$CompressInfo@192a9621]) but failed to remove it when the web application was stopped. This is very likely to create a memory leak.
24 nov. 2014 22:12:59 org.apache.coyote.http11.Http11Protocol destroy
INFO: Arrêt de Coyote HTTP/1.1 sur http-8080
