25 nov. 2014 21:02:53 org.apache.catalina.core.AprLifecycleListener init
INFO: The APR based Apache Tomcat Native library which allows optimal performance in production environments was not found on the java.library.path: .:/Library/Java/Extensions:/System/Library/Java/Extensions:/usr/lib/java
25 nov. 2014 21:02:54 org.apache.coyote.http11.Http11Protocol init
INFO: Initialisation de Coyote HTTP/1.1 sur http-8080
25 nov. 2014 21:02:54 org.apache.catalina.startup.Catalina load
INFO: Initialization processed in 850 ms
25 nov. 2014 21:02:54 org.apache.catalina.core.StandardService start
INFO: Démarrage du service Catalina
25 nov. 2014 21:02:54 org.apache.catalina.core.StandardEngine start
INFO: Starting Servlet Engine: Apache Tomcat/6.0.29
25 nov. 2014 21:02:54 org.apache.catalina.startup.HostConfig deployDescriptor
INFO: Déploiement du descripteur de configuration host-manager.xml
25 nov. 2014 21:02:54 org.apache.catalina.startup.HostConfig deployDescriptor
INFO: Déploiement du descripteur de configuration manager.xml
25 nov. 2014 21:02:54 org.apache.catalina.startup.HostConfig deployDirectory
INFO: Déploiement du répertoire docs de l'application web
25 nov. 2014 21:02:55 org.apache.catalina.startup.HostConfig deployDirectory
INFO: Déploiement du répertoire examples de l'application web
25 nov. 2014 21:02:55 org.apache.catalina.startup.HostConfig deployDirectory
INFO: Déploiement du répertoire ROOT de l'application web
25 nov. 2014 21:02:55 org.apache.catalina.startup.HostConfig deployDirectory
INFO: Déploiement du répertoire xtf de l'application web
25 nov. 2014 21:02:55 org.apache.coyote.http11.Http11Protocol start
INFO: Démarrage de Coyote HTTP/1.1 sur http-8080
25 nov. 2014 21:02:56 org.apache.jk.common.ChannelSocket init
INFO: JK: ajp13 listening on /0.0.0.0:8009
25 nov. 2014 21:02:56 org.apache.jk.server.JkMain start
INFO: Jk running ID=0 time=0/18  config=null
25 nov. 2014 21:02:56 org.apache.catalina.startup.Catalina start
INFO: Server startup in 1898 ms
25 nov. 2014 21:40:10 org.apache.coyote.http11.Http11Protocol pause
INFO: Suspension de Coyote HTTP/1.1 sur http-8080
25 nov. 2014 21:40:11 org.apache.catalina.core.StandardService stop
INFO: Arrêt du service Catalina
25 nov. 2014 21:40:11 org.apache.catalina.loader.WebappClassLoader clearReferencesThreads
GRAVE: The web application [/xtf] appears to have started a thread named [Thread-240] but has failed to stop it. This is very likely to create a memory leak.
25 nov. 2014 21:40:11 org.apache.catalina.loader.WebappClassLoader clearThreadLocalMap
GRAVE: The web application [/xtf] created a ThreadLocal with key of type [java.lang.ThreadLocal] (value [java.lang.ThreadLocal@59ac5471]) and a value of type [org.cdlib.xtf.util.PackedByteBuf.CompressInfo] (value [org.cdlib.xtf.util.PackedByteBuf$CompressInfo@40dbf4b5]) but failed to remove it when the web application was stopped. This is very likely to create a memory leak.
25 nov. 2014 21:40:11 org.apache.catalina.loader.WebappClassLoader clearThreadLocalMap
GRAVE: The web application [/xtf] created a ThreadLocal with key of type [java.lang.ThreadLocal] (value [java.lang.ThreadLocal@59ac5471]) and a value of type [org.cdlib.xtf.util.PackedByteBuf.CompressInfo] (value [org.cdlib.xtf.util.PackedByteBuf$CompressInfo@289eb857]) but failed to remove it when the web application was stopped. This is very likely to create a memory leak.
25 nov. 2014 21:40:11 org.apache.catalina.loader.WebappClassLoader clearThreadLocalMap
GRAVE: The web application [/xtf] created a ThreadLocal with key of type [java.lang.ThreadLocal] (value [java.lang.ThreadLocal@59ac5471]) and a value of type [org.cdlib.xtf.util.PackedByteBuf.CompressInfo] (value [org.cdlib.xtf.util.PackedByteBuf$CompressInfo@4c586c96]) but failed to remove it when the web application was stopped. This is very likely to create a memory leak.
25 nov. 2014 21:40:11 org.apache.catalina.loader.WebappClassLoader clearThreadLocalMap
GRAVE: The web application [/xtf] created a ThreadLocal with key of type [java.lang.ThreadLocal] (value [java.lang.ThreadLocal@41411302]) and a value of type [org.apache.lucene.index.SegmentTermEnum] (value [org.apache.lucene.index.SegmentTermEnum@174709c6]) but failed to remove it when the web application was stopped. This is very likely to create a memory leak.
25 nov. 2014 21:40:11 org.apache.catalina.loader.WebappClassLoader clearThreadLocalMap
GRAVE: The web application [/xtf] created a ThreadLocal with key of type [java.lang.ThreadLocal] (value [java.lang.ThreadLocal@59ac5471]) and a value of type [org.cdlib.xtf.util.PackedByteBuf.CompressInfo] (value [org.cdlib.xtf.util.PackedByteBuf$CompressInfo@38d2b21a]) but failed to remove it when the web application was stopped. This is very likely to create a memory leak.
25 nov. 2014 21:40:11 org.apache.catalina.loader.WebappClassLoader clearThreadLocalMap
GRAVE: The web application [/xtf] created a ThreadLocal with key of type [java.lang.ThreadLocal] (value [java.lang.ThreadLocal@59ac5471]) and a value of type [org.cdlib.xtf.util.PackedByteBuf.CompressInfo] (value [org.cdlib.xtf.util.PackedByteBuf$CompressInfo@10aae61b]) but failed to remove it when the web application was stopped. This is very likely to create a memory leak.
25 nov. 2014 21:40:11 org.apache.catalina.loader.WebappClassLoader clearThreadLocalMap
GRAVE: The web application [/xtf] created a ThreadLocal with key of type [java.lang.ThreadLocal] (value [java.lang.ThreadLocal@59ac5471]) and a value of type [org.cdlib.xtf.util.PackedByteBuf.CompressInfo] (value [org.cdlib.xtf.util.PackedByteBuf$CompressInfo@43e8ff29]) but failed to remove it when the web application was stopped. This is very likely to create a memory leak.
25 nov. 2014 21:40:11 org.apache.catalina.loader.WebappClassLoader clearThreadLocalMap
GRAVE: The web application [/xtf] created a ThreadLocal with key of type [java.lang.ThreadLocal] (value [java.lang.ThreadLocal@59ac5471]) and a value of type [org.cdlib.xtf.util.PackedByteBuf.CompressInfo] (value [org.cdlib.xtf.util.PackedByteBuf$CompressInfo@75c7ff93]) but failed to remove it when the web application was stopped. This is very likely to create a memory leak.
25 nov. 2014 21:40:12 org.apache.coyote.http11.Http11Protocol destroy
INFO: Arrêt de Coyote HTTP/1.1 sur http-8080
