9 f思r. 2016 12:27:10 org.apache.catalina.core.AprLifecycleListener init
INFO: The APR based Apache Tomcat Native library which allows optimal performance in production environments was not found on the java.library.path: .:/Library/Java/Extensions:/System/Library/Java/Extensions:/usr/lib/java
9 f思r. 2016 12:27:12 org.apache.coyote.http11.Http11Protocol init
INFO: Initialisation de Coyote HTTP/1.1 sur http-8080
9 f思r. 2016 12:27:12 org.apache.catalina.startup.Catalina load
INFO: Initialization processed in 2590 ms
9 f思r. 2016 12:27:12 org.apache.catalina.core.StandardService start
INFO: D士arrage du service Catalina
9 f思r. 2016 12:27:12 org.apache.catalina.core.StandardEngine start
INFO: Starting Servlet Engine: Apache Tomcat/6.0.29
9 f思r. 2016 12:27:13 org.apache.catalina.startup.HostConfig deployDescriptor
INFO: D姿loiement du descripteur de configuration host-manager.xml
9 f思r. 2016 12:27:14 org.apache.catalina.startup.HostConfig deployDescriptor
INFO: D姿loiement du descripteur de configuration manager.xml
9 f思r. 2016 12:27:14 org.apache.catalina.startup.HostConfig deployDirectory
INFO: D姿loiement du r姿ertoire docs de l'application web
9 f思r. 2016 12:27:14 org.apache.catalina.startup.HostConfig deployDirectory
INFO: D姿loiement du r姿ertoire examples de l'application web
9 f思r. 2016 12:27:15 org.apache.catalina.startup.HostConfig deployDirectory
INFO: D姿loiement du r姿ertoire ROOT de l'application web
9 f思r. 2016 12:27:15 org.apache.catalina.startup.HostConfig deployDirectory
INFO: D姿loiement du r姿ertoire xtf de l'application web
9 f思r. 2016 12:27:15 org.apache.coyote.http11.Http11Protocol start
INFO: D士arrage de Coyote HTTP/1.1 sur http-8080
9 f思r. 2016 12:27:16 org.apache.jk.common.ChannelSocket init
INFO: JK: ajp13 listening on /0.0.0.0:8009
9 f思r. 2016 12:27:16 org.apache.jk.server.JkMain start
INFO: Jk running ID=0 time=0/54  config=null
9 f思r. 2016 12:27:16 org.apache.catalina.startup.Catalina start
INFO: Server startup in 3831 ms
9 f思r. 2016 12:40:43 org.apache.coyote.http11.Http11Protocol pause
INFO: Suspension de Coyote HTTP/1.1 sur http-8080
9 f思r. 2016 12:40:44 org.apache.catalina.core.StandardService stop
INFO: Arr腎 du service Catalina
9 f思r. 2016 12:40:46 org.apache.catalina.loader.WebappClassLoader clearThreadLocalMap
GRAVE: The web application [/xtf] created a ThreadLocal with key of type [java.lang.ThreadLocal] (value [java.lang.ThreadLocal@3e99f610]) and a value of type [org.cdlib.xtf.util.PackedByteBuf.CompressInfo] (value [org.cdlib.xtf.util.PackedByteBuf$CompressInfo@6de9b48b]) but failed to remove it when the web application was stopped. This is very likely to create a memory leak.
9 f思r. 2016 12:40:46 org.apache.catalina.loader.WebappClassLoader clearThreadLocalMap
GRAVE: The web application [/xtf] created a ThreadLocal with key of type [java.lang.ThreadLocal] (value [java.lang.ThreadLocal@3e99f610]) and a value of type [org.cdlib.xtf.util.PackedByteBuf.CompressInfo] (value [org.cdlib.xtf.util.PackedByteBuf$CompressInfo@a4c4a0d]) but failed to remove it when the web application was stopped. This is very likely to create a memory leak.
9 f思r. 2016 12:40:46 org.apache.catalina.loader.WebappClassLoader clearThreadLocalMap
GRAVE: The web application [/xtf] created a ThreadLocal with key of type [java.lang.ThreadLocal] (value [java.lang.ThreadLocal@3e99f610]) and a value of type [org.cdlib.xtf.util.PackedByteBuf.CompressInfo] (value [org.cdlib.xtf.util.PackedByteBuf$CompressInfo@1691a0c3]) but failed to remove it when the web application was stopped. This is very likely to create a memory leak.
9 f思r. 2016 12:40:46 org.apache.catalina.loader.WebappClassLoader clearThreadLocalMap
GRAVE: The web application [/xtf] created a ThreadLocal with key of type [java.lang.ThreadLocal] (value [java.lang.ThreadLocal@3e99f610]) and a value of type [org.cdlib.xtf.util.PackedByteBuf.CompressInfo] (value [org.cdlib.xtf.util.PackedByteBuf$CompressInfo@32d16dc8]) but failed to remove it when the web application was stopped. This is very likely to create a memory leak.
9 f思r. 2016 12:40:46 org.apache.catalina.loader.WebappClassLoader clearThreadLocalMap
GRAVE: The web application [/xtf] created a ThreadLocal with key of type [java.lang.ThreadLocal] (value [java.lang.ThreadLocal@3e99f610]) and a value of type [org.cdlib.xtf.util.PackedByteBuf.CompressInfo] (value [org.cdlib.xtf.util.PackedByteBuf$CompressInfo@537e7f88]) but failed to remove it when the web application was stopped. This is very likely to create a memory leak.
9 f思r. 2016 12:40:46 org.apache.catalina.loader.WebappClassLoader clearThreadLocalMap
GRAVE: The web application [/xtf] created a ThreadLocal with key of type [java.lang.ThreadLocal] (value [java.lang.ThreadLocal@3e99f610]) and a value of type [org.cdlib.xtf.util.PackedByteBuf.CompressInfo] (value [org.cdlib.xtf.util.PackedByteBuf$CompressInfo@15e6e48b]) but failed to remove it when the web application was stopped. This is very likely to create a memory leak.
9 f思r. 2016 12:40:47 org.apache.coyote.http11.Http11Protocol destroy
INFO: Arr腎 de Coyote HTTP/1.1 sur http-8080
9 f思r. 2016 12:41:09 org.apache.catalina.core.AprLifecycleListener init
INFO: The APR based Apache Tomcat Native library which allows optimal performance in production environments was not found on the java.library.path: .:/Library/Java/Extensions:/System/Library/Java/Extensions:/usr/lib/java
9 f思r. 2016 12:41:10 org.apache.coyote.http11.Http11Protocol init
INFO: Initialisation de Coyote HTTP/1.1 sur http-8080
9 f思r. 2016 12:41:10 org.apache.catalina.startup.Catalina load
INFO: Initialization processed in 1089 ms
9 f思r. 2016 12:41:10 org.apache.catalina.core.StandardService start
INFO: D士arrage du service Catalina
9 f思r. 2016 12:41:10 org.apache.catalina.core.StandardEngine start
INFO: Starting Servlet Engine: Apache Tomcat/6.0.29
9 f思r. 2016 12:41:10 org.apache.catalina.startup.HostConfig deployDescriptor
INFO: D姿loiement du descripteur de configuration host-manager.xml
9 f思r. 2016 12:41:10 org.apache.catalina.startup.HostConfig deployDescriptor
INFO: D姿loiement du descripteur de configuration manager.xml
9 f思r. 2016 12:41:11 org.apache.catalina.startup.HostConfig deployDirectory
INFO: D姿loiement du r姿ertoire docs de l'application web
9 f思r. 2016 12:41:11 org.apache.catalina.startup.HostConfig deployDirectory
INFO: D姿loiement du r姿ertoire examples de l'application web
9 f思r. 2016 12:41:11 org.apache.catalina.startup.HostConfig deployDirectory
INFO: D姿loiement du r姿ertoire ROOT de l'application web
9 f思r. 2016 12:41:11 org.apache.catalina.startup.HostConfig deployDirectory
INFO: D姿loiement du r姿ertoire xtf de l'application web
9 f思r. 2016 12:41:11 org.apache.coyote.http11.Http11Protocol start
INFO: D士arrage de Coyote HTTP/1.1 sur http-8080
9 f思r. 2016 12:41:11 org.apache.jk.common.ChannelSocket init
INFO: JK: ajp13 listening on /0.0.0.0:8009
9 f思r. 2016 12:41:11 org.apache.jk.server.JkMain start
INFO: Jk running ID=0 time=0/15  config=null
9 f思r. 2016 12:41:11 org.apache.catalina.startup.Catalina start
INFO: Server startup in 1654 ms
9 f思r. 2016 20:44:21 org.apache.coyote.http11.Http11Protocol pause
INFO: Suspension de Coyote HTTP/1.1 sur http-8080
9 f思r. 2016 20:44:22 org.apache.catalina.core.StandardService stop
INFO: Arr腎 du service Catalina
9 f思r. 2016 20:44:25 org.apache.catalina.loader.WebappClassLoader clearReferencesThreads
GRAVE: The web application [/xtf] appears to have started a thread named [Thread-117] but has failed to stop it. This is very likely to create a memory leak.
9 f思r. 2016 20:44:26 org.apache.catalina.loader.WebappClassLoader clearThreadLocalMap
GRAVE: The web application [/xtf] created a ThreadLocal with key of type [java.lang.ThreadLocal] (value [java.lang.ThreadLocal@93b75a7]) and a value of type [org.cdlib.xtf.util.PackedByteBuf.CompressInfo] (value [org.cdlib.xtf.util.PackedByteBuf$CompressInfo@1ea92bad]) but failed to remove it when the web application was stopped. This is very likely to create a memory leak.
9 f思r. 2016 20:44:26 org.apache.catalina.loader.WebappClassLoader clearThreadLocalMap
GRAVE: The web application [/xtf] created a ThreadLocal with key of type [java.lang.ThreadLocal] (value [java.lang.ThreadLocal@93b75a7]) and a value of type [org.cdlib.xtf.util.PackedByteBuf.CompressInfo] (value [org.cdlib.xtf.util.PackedByteBuf$CompressInfo@74727a94]) but failed to remove it when the web application was stopped. This is very likely to create a memory leak.
9 f思r. 2016 20:44:26 org.apache.catalina.loader.WebappClassLoader clearThreadLocalMap
GRAVE: The web application [/xtf] created a ThreadLocal with key of type [null] (value [null]) and a value of type [org.apache.lucene.index.SegmentTermEnum] (value [org.apache.lucene.index.SegmentTermEnum@7cdc646]) but failed to remove it when the web application was stopped. This is very likely to create a memory leak.
9 f思r. 2016 20:44:26 org.apache.catalina.loader.WebappClassLoader clearThreadLocalMap
GRAVE: The web application [/xtf] created a ThreadLocal with key of type [java.lang.ThreadLocal] (value [java.lang.ThreadLocal@93b75a7]) and a value of type [org.cdlib.xtf.util.PackedByteBuf.CompressInfo] (value [org.cdlib.xtf.util.PackedByteBuf$CompressInfo@569421aa]) but failed to remove it when the web application was stopped. This is very likely to create a memory leak.
9 f思r. 2016 20:44:26 org.apache.catalina.loader.WebappClassLoader clearThreadLocalMap
GRAVE: The web application [/xtf] created a ThreadLocal with key of type [java.lang.ThreadLocal] (value [java.lang.ThreadLocal@93b75a7]) and a value of type [org.cdlib.xtf.util.PackedByteBuf.CompressInfo] (value [org.cdlib.xtf.util.PackedByteBuf$CompressInfo@172e4c4e]) but failed to remove it when the web application was stopped. This is very likely to create a memory leak.
9 f思r. 2016 20:44:26 org.apache.catalina.loader.WebappClassLoader clearThreadLocalMap
GRAVE: The web application [/xtf] created a ThreadLocal with key of type [null] (value [null]) and a value of type [org.apache.lucene.index.SegmentTermEnum] (value [org.apache.lucene.index.SegmentTermEnum@6093a0c5]) but failed to remove it when the web application was stopped. This is very likely to create a memory leak.
9 f思r. 2016 20:44:26 org.apache.catalina.loader.WebappClassLoader clearThreadLocalMap
GRAVE: The web application [/xtf] created a ThreadLocal with key of type [java.lang.ThreadLocal] (value [java.lang.ThreadLocal@93b75a7]) and a value of type [org.cdlib.xtf.util.PackedByteBuf.CompressInfo] (value [org.cdlib.xtf.util.PackedByteBuf$CompressInfo@7c20170b]) but failed to remove it when the web application was stopped. This is very likely to create a memory leak.
9 f思r. 2016 20:44:26 org.apache.catalina.loader.WebappClassLoader clearThreadLocalMap
GRAVE: The web application [/xtf] created a ThreadLocal with key of type [java.lang.ThreadLocal] (value [java.lang.ThreadLocal@1ec912d7]) and a value of type [org.apache.lucene.index.SegmentTermEnum] (value [org.apache.lucene.index.SegmentTermEnum@22f3f10b]) but failed to remove it when the web application was stopped. This is very likely to create a memory leak.
9 f思r. 2016 20:44:26 org.apache.catalina.loader.WebappClassLoader clearThreadLocalMap
GRAVE: The web application [/xtf] created a ThreadLocal with key of type [java.lang.ThreadLocal] (value [java.lang.ThreadLocal@93b75a7]) and a value of type [org.cdlib.xtf.util.PackedByteBuf.CompressInfo] (value [org.cdlib.xtf.util.PackedByteBuf$CompressInfo@3d561b1a]) but failed to remove it when the web application was stopped. This is very likely to create a memory leak.
9 f思r. 2016 20:44:26 org.apache.catalina.loader.WebappClassLoader clearThreadLocalMap
GRAVE: The web application [/xtf] created a ThreadLocal with key of type [java.lang.ThreadLocal] (value [java.lang.ThreadLocal@93b75a7]) and a value of type [org.cdlib.xtf.util.PackedByteBuf.CompressInfo] (value [org.cdlib.xtf.util.PackedByteBuf$CompressInfo@600d676b]) but failed to remove it when the web application was stopped. This is very likely to create a memory leak.
9 f思r. 2016 20:44:26 org.apache.catalina.loader.WebappClassLoader clearThreadLocalMap
GRAVE: The web application [/xtf] created a ThreadLocal with key of type [null] (value [null]) and a value of type [org.apache.lucene.index.SegmentTermEnum] (value [org.apache.lucene.index.SegmentTermEnum@1000d311]) but failed to remove it when the web application was stopped. This is very likely to create a memory leak.
9 f思r. 2016 20:44:26 org.apache.catalina.loader.WebappClassLoader clearThreadLocalMap
GRAVE: The web application [/xtf] created a ThreadLocal with key of type [java.lang.ThreadLocal] (value [java.lang.ThreadLocal@1ec912d7]) and a value of type [org.apache.lucene.index.SegmentTermEnum] (value [org.apache.lucene.index.SegmentTermEnum@2621094c]) but failed to remove it when the web application was stopped. This is very likely to create a memory leak.
9 f思r. 2016 20:44:26 org.apache.catalina.loader.WebappClassLoader clearThreadLocalMap
GRAVE: The web application [/xtf] created a ThreadLocal with key of type [null] (value [null]) and a value of type [org.apache.lucene.index.SegmentTermEnum] (value [org.apache.lucene.index.SegmentTermEnum@42e97022]) but failed to remove it when the web application was stopped. This is very likely to create a memory leak.
9 f思r. 2016 20:44:26 org.apache.catalina.loader.WebappClassLoader clearThreadLocalMap
GRAVE: The web application [/xtf] created a ThreadLocal with key of type [null] (value [null]) and a value of type [org.apache.lucene.index.SegmentTermEnum] (value [org.apache.lucene.index.SegmentTermEnum@6bc0ea7f]) but failed to remove it when the web application was stopped. This is very likely to create a memory leak.
9 f思r. 2016 20:44:26 org.apache.catalina.loader.WebappClassLoader clearThreadLocalMap
GRAVE: The web application [/xtf] created a ThreadLocal with key of type [null] (value [null]) and a value of type [org.apache.lucene.index.SegmentTermEnum] (value [org.apache.lucene.index.SegmentTermEnum@46636f1d]) but failed to remove it when the web application was stopped. This is very likely to create a memory leak.
9 f思r. 2016 20:44:26 org.apache.catalina.loader.WebappClassLoader clearThreadLocalMap
GRAVE: The web application [/xtf] created a ThreadLocal with key of type [null] (value [null]) and a value of type [org.apache.lucene.index.SegmentTermEnum] (value [org.apache.lucene.index.SegmentTermEnum@2a13fd05]) but failed to remove it when the web application was stopped. This is very likely to create a memory leak.
9 f思r. 2016 20:44:26 org.apache.catalina.loader.WebappClassLoader clearThreadLocalMap
GRAVE: The web application [/xtf] created a ThreadLocal with key of type [java.lang.ThreadLocal] (value [java.lang.ThreadLocal@93b75a7]) and a value of type [org.cdlib.xtf.util.PackedByteBuf.CompressInfo] (value [org.cdlib.xtf.util.PackedByteBuf$CompressInfo@64868d8]) but failed to remove it when the web application was stopped. This is very likely to create a memory leak.
9 f思r. 2016 20:44:26 org.apache.catalina.loader.WebappClassLoader clearThreadLocalMap
GRAVE: The web application [/xtf] created a ThreadLocal with key of type [java.lang.ThreadLocal] (value [java.lang.ThreadLocal@1ec912d7]) and a value of type [org.apache.lucene.index.SegmentTermEnum] (value [org.apache.lucene.index.SegmentTermEnum@7bdb4020]) but failed to remove it when the web application was stopped. This is very likely to create a memory leak.
9 f思r. 2016 20:44:26 org.apache.catalina.loader.WebappClassLoader clearThreadLocalMap
GRAVE: The web application [/xtf] created a ThreadLocal with key of type [java.lang.ThreadLocal] (value [java.lang.ThreadLocal@93b75a7]) and a value of type [org.cdlib.xtf.util.PackedByteBuf.CompressInfo] (value [org.cdlib.xtf.util.PackedByteBuf$CompressInfo@774f3466]) but failed to remove it when the web application was stopped. This is very likely to create a memory leak.
9 f思r. 2016 20:44:32 org.apache.coyote.http11.Http11Protocol destroy
INFO: Arr腎 de Coyote HTTP/1.1 sur http-8080
