12 nov. 2014 14:25:39 org.apache.catalina.core.AprLifecycleListener init
INFO: The APR based Apache Tomcat Native library which allows optimal performance in production environments was not found on the java.library.path: I:\vaio_disque_dur\Users\Christophe\Documents\Musicologie\TMG\Projet 2012\TMG\xtfWorkshop\java\jre6_win\bin;.;C:\Windows\Sun\Java\bin;C:\Windows\system32;C:\Windows;I:\vaio_disque_dur\Users\Christophe\Documents\Musicologie\TMG\Projet 2012\TMG\xtfWorkshop\java\jre6_win\bin;C:\Windows\system32;C:\Windows;C:\Windows\System32\Wbem;C:\Program Files\Common Files\Roxio Shared\9.0\DLLShared\;C:\Program Files\Common Files\DivX Shared\;C:\Windows\System32\WindowsPowerShell\v1.0\;C:\Program Files\QuickTime\QTSystem\
12 nov. 2014 14:25:41 org.apache.coyote.http11.Http11Protocol init
INFO: Initialisation de Coyote HTTP/1.1 sur http-8080
12 nov. 2014 14:25:41 org.apache.catalina.startup.Catalina load
INFO: Initialization processed in 3026 ms
12 nov. 2014 14:25:41 org.apache.catalina.core.StandardService start
INFO: DÈmarrage du service Catalina
12 nov. 2014 14:25:41 org.apache.catalina.core.StandardEngine start
INFO: Starting Servlet Engine: Apache Tomcat/6.0.29
12 nov. 2014 14:25:41 org.apache.catalina.startup.HostConfig deployDescriptor
INFO: DÈploiement du descripteur de configuration host-manager.xml
12 nov. 2014 14:25:43 org.apache.catalina.startup.HostConfig deployDescriptor
INFO: DÈploiement du descripteur de configuration manager.xml
12 nov. 2014 14:25:43 org.apache.catalina.startup.HostConfig deployDirectory
INFO: DÈploiement du rÈpertoire docs de l'application web
12 nov. 2014 14:25:43 org.apache.catalina.startup.HostConfig deployDirectory
INFO: DÈploiement du rÈpertoire examples de l'application web
12 nov. 2014 14:25:44 org.apache.catalina.startup.HostConfig deployDirectory
INFO: DÈploiement du rÈpertoire ROOT de l'application web
12 nov. 2014 14:25:44 org.apache.catalina.startup.HostConfig deployDirectory
INFO: DÈploiement du rÈpertoire xtf de l'application web
12 nov. 2014 14:25:45 org.apache.coyote.http11.Http11Protocol start
INFO: DÈmarrage de Coyote HTTP/1.1 sur http-8080
12 nov. 2014 14:25:45 org.apache.jk.common.ChannelSocket init
INFO: JK: ajp13 listening on /0.0.0.0:8009
12 nov. 2014 14:25:45 org.apache.jk.server.JkMain start
INFO: Jk running ID=0 time=0/109  config=null
12 nov. 2014 14:25:45 org.apache.catalina.startup.Catalina start
INFO: Server startup in 4561 ms
12 nov. 2014 20:03:39 org.apache.catalina.core.AprLifecycleListener init
INFO: The APR based Apache Tomcat Native library which allows optimal performance in production environments was not found on the java.library.path: .:/Library/Java/Extensions:/System/Library/Java/Extensions:/usr/lib/java
12 nov. 2014 20:03:39 org.apache.coyote.http11.Http11Protocol init
INFO: Initialisation de Coyote HTTP/1.1 sur http-8080
12 nov. 2014 20:03:39 org.apache.catalina.startup.Catalina load
INFO: Initialization processed in 676 ms
12 nov. 2014 20:03:40 org.apache.catalina.core.StandardService start
INFO: Démarrage du service Catalina
12 nov. 2014 20:03:40 org.apache.catalina.core.StandardEngine start
INFO: Starting Servlet Engine: Apache Tomcat/6.0.29
12 nov. 2014 20:03:40 org.apache.catalina.startup.HostConfig deployDescriptor
INFO: Déploiement du descripteur de configuration host-manager.xml
12 nov. 2014 20:03:40 org.apache.catalina.startup.HostConfig deployDescriptor
INFO: Déploiement du descripteur de configuration manager.xml
12 nov. 2014 20:03:40 org.apache.catalina.startup.HostConfig deployDirectory
INFO: Déploiement du répertoire docs de l'application web
12 nov. 2014 20:03:40 org.apache.catalina.startup.HostConfig deployDirectory
INFO: Déploiement du répertoire examples de l'application web
12 nov. 2014 20:03:40 org.apache.catalina.startup.HostConfig deployDirectory
INFO: Déploiement du répertoire ROOT de l'application web
12 nov. 2014 20:03:41 org.apache.catalina.startup.HostConfig deployDirectory
INFO: Déploiement du répertoire xtf de l'application web
12 nov. 2014 20:03:41 org.apache.coyote.http11.Http11Protocol start
INFO: Démarrage de Coyote HTTP/1.1 sur http-8080
12 nov. 2014 20:03:41 org.apache.jk.common.ChannelSocket init
INFO: JK: ajp13 listening on /0.0.0.0:8009
12 nov. 2014 20:03:41 org.apache.jk.server.JkMain start
INFO: Jk running ID=0 time=0/27  config=null
12 nov. 2014 20:03:41 org.apache.catalina.startup.Catalina start
INFO: Server startup in 1522 ms
12 nov. 2014 23:18:08 org.apache.coyote.http11.Http11Protocol pause
INFO: Suspension de Coyote HTTP/1.1 sur http-8080
12 nov. 2014 23:18:09 org.apache.catalina.core.StandardService stop
INFO: Arrêt du service Catalina
12 nov. 2014 23:18:10 org.apache.catalina.loader.WebappClassLoader clearReferencesThreads
GRAVE: The web application [/xtf] appears to have started a thread named [Thread-127] but has failed to stop it. This is very likely to create a memory leak.
12 nov. 2014 23:18:10 org.apache.catalina.loader.WebappClassLoader clearThreadLocalMap
GRAVE: The web application [/xtf] created a ThreadLocal with key of type [java.lang.ThreadLocal] (value [java.lang.ThreadLocal@2b72d4a]) and a value of type [org.cdlib.xtf.util.PackedByteBuf.CompressInfo] (value [org.cdlib.xtf.util.PackedByteBuf$CompressInfo@47fe56aa]) but failed to remove it when the web application was stopped. This is very likely to create a memory leak.
12 nov. 2014 23:18:10 org.apache.catalina.loader.WebappClassLoader clearThreadLocalMap
GRAVE: The web application [/xtf] created a ThreadLocal with key of type [java.lang.ThreadLocal] (value [java.lang.ThreadLocal@aebd7d3]) and a value of type [org.apache.lucene.index.SegmentTermEnum] (value [org.apache.lucene.index.SegmentTermEnum@1a6633f]) but failed to remove it when the web application was stopped. This is very likely to create a memory leak.
12 nov. 2014 23:18:10 org.apache.catalina.loader.WebappClassLoader clearThreadLocalMap
GRAVE: The web application [/xtf] created a ThreadLocal with key of type [java.lang.ThreadLocal] (value [java.lang.ThreadLocal@2b72d4a]) and a value of type [org.cdlib.xtf.util.PackedByteBuf.CompressInfo] (value [org.cdlib.xtf.util.PackedByteBuf$CompressInfo@52bdbdf1]) but failed to remove it when the web application was stopped. This is very likely to create a memory leak.
12 nov. 2014 23:18:10 org.apache.catalina.loader.WebappClassLoader clearThreadLocalMap
GRAVE: The web application [/xtf] created a ThreadLocal with key of type [java.lang.ThreadLocal] (value [java.lang.ThreadLocal@aebd7d3]) and a value of type [org.apache.lucene.index.SegmentTermEnum] (value [org.apache.lucene.index.SegmentTermEnum@270143a7]) but failed to remove it when the web application was stopped. This is very likely to create a memory leak.
12 nov. 2014 23:18:10 org.apache.catalina.loader.WebappClassLoader clearThreadLocalMap
GRAVE: The web application [/xtf] created a ThreadLocal with key of type [java.lang.ThreadLocal] (value [java.lang.ThreadLocal@2b72d4a]) and a value of type [org.cdlib.xtf.util.PackedByteBuf.CompressInfo] (value [org.cdlib.xtf.util.PackedByteBuf$CompressInfo@44009cf2]) but failed to remove it when the web application was stopped. This is very likely to create a memory leak.
12 nov. 2014 23:18:10 org.apache.catalina.loader.WebappClassLoader clearThreadLocalMap
GRAVE: The web application [/xtf] created a ThreadLocal with key of type [java.lang.ThreadLocal] (value [java.lang.ThreadLocal@aebd7d3]) and a value of type [org.apache.lucene.index.SegmentTermEnum] (value [org.apache.lucene.index.SegmentTermEnum@43ff6bf]) but failed to remove it when the web application was stopped. This is very likely to create a memory leak.
12 nov. 2014 23:18:10 org.apache.catalina.loader.WebappClassLoader clearThreadLocalMap
GRAVE: The web application [/xtf] created a ThreadLocal with key of type [java.lang.ThreadLocal] (value [java.lang.ThreadLocal@2b72d4a]) and a value of type [org.cdlib.xtf.util.PackedByteBuf.CompressInfo] (value [org.cdlib.xtf.util.PackedByteBuf$CompressInfo@36077c7]) but failed to remove it when the web application was stopped. This is very likely to create a memory leak.
12 nov. 2014 23:18:10 org.apache.catalina.loader.WebappClassLoader clearThreadLocalMap
GRAVE: The web application [/xtf] created a ThreadLocal with key of type [java.lang.ThreadLocal] (value [java.lang.ThreadLocal@aebd7d3]) and a value of type [org.apache.lucene.index.SegmentTermEnum] (value [org.apache.lucene.index.SegmentTermEnum@3257ab8c]) but failed to remove it when the web application was stopped. This is very likely to create a memory leak.
12 nov. 2014 23:18:10 org.apache.catalina.loader.WebappClassLoader clearThreadLocalMap
GRAVE: The web application [/xtf] created a ThreadLocal with key of type [java.lang.ThreadLocal] (value [java.lang.ThreadLocal@2b72d4a]) and a value of type [org.cdlib.xtf.util.PackedByteBuf.CompressInfo] (value [org.cdlib.xtf.util.PackedByteBuf$CompressInfo@19bf8e26]) but failed to remove it when the web application was stopped. This is very likely to create a memory leak.
12 nov. 2014 23:18:10 org.apache.catalina.loader.WebappClassLoader clearThreadLocalMap
GRAVE: The web application [/xtf] created a ThreadLocal with key of type [java.lang.ThreadLocal] (value [java.lang.ThreadLocal@aebd7d3]) and a value of type [org.apache.lucene.index.SegmentTermEnum] (value [org.apache.lucene.index.SegmentTermEnum@6f0d6dfe]) but failed to remove it when the web application was stopped. This is very likely to create a memory leak.
12 nov. 2014 23:18:10 org.apache.catalina.loader.WebappClassLoader clearThreadLocalMap
GRAVE: The web application [/xtf] created a ThreadLocal with key of type [java.lang.ThreadLocal] (value [java.lang.ThreadLocal@2b72d4a]) and a value of type [org.cdlib.xtf.util.PackedByteBuf.CompressInfo] (value [org.cdlib.xtf.util.PackedByteBuf$CompressInfo@5ab077a7]) but failed to remove it when the web application was stopped. This is very likely to create a memory leak.
12 nov. 2014 23:18:10 org.apache.catalina.loader.WebappClassLoader clearThreadLocalMap
GRAVE: The web application [/xtf] created a ThreadLocal with key of type [java.lang.ThreadLocal] (value [java.lang.ThreadLocal@aebd7d3]) and a value of type [org.apache.lucene.index.SegmentTermEnum] (value [org.apache.lucene.index.SegmentTermEnum@777fa374]) but failed to remove it when the web application was stopped. This is very likely to create a memory leak.
12 nov. 2014 23:18:10 org.apache.coyote.http11.Http11Protocol destroy
INFO: Arrêt de Coyote HTTP/1.1 sur http-8080
