17 f思r. 2016 10:11:17 org.apache.catalina.core.AprLifecycleListener init
INFO: The APR based Apache Tomcat Native library which allows optimal performance in production environments was not found on the java.library.path: .:/Library/Java/Extensions:/System/Library/Java/Extensions:/usr/lib/java
17 f思r. 2016 10:11:17 org.apache.coyote.http11.Http11Protocol init
INFO: Initialisation de Coyote HTTP/1.1 sur http-8080
17 f思r. 2016 10:11:17 org.apache.catalina.startup.Catalina load
INFO: Initialization processed in 1164 ms
17 f思r. 2016 10:11:18 org.apache.catalina.core.StandardService start
INFO: D士arrage du service Catalina
17 f思r. 2016 10:11:18 org.apache.catalina.core.StandardEngine start
INFO: Starting Servlet Engine: Apache Tomcat/6.0.29
17 f思r. 2016 10:11:18 org.apache.catalina.startup.HostConfig deployDescriptor
INFO: D姿loiement du descripteur de configuration host-manager.xml
17 f思r. 2016 10:11:18 org.apache.catalina.startup.HostConfig deployDescriptor
INFO: D姿loiement du descripteur de configuration manager.xml
17 f思r. 2016 10:11:18 org.apache.catalina.startup.HostConfig deployDirectory
INFO: D姿loiement du r姿ertoire docs de l'application web
17 f思r. 2016 10:11:18 org.apache.catalina.startup.HostConfig deployDirectory
INFO: D姿loiement du r姿ertoire examples de l'application web
17 f思r. 2016 10:11:19 org.apache.catalina.startup.HostConfig deployDirectory
INFO: D姿loiement du r姿ertoire ROOT de l'application web
17 f思r. 2016 10:11:19 org.apache.catalina.startup.HostConfig deployDirectory
INFO: D姿loiement du r姿ertoire xtf de l'application web
17 f思r. 2016 10:11:19 org.apache.coyote.http11.Http11Protocol start
INFO: D士arrage de Coyote HTTP/1.1 sur http-8080
17 f思r. 2016 10:11:19 org.apache.jk.common.ChannelSocket init
INFO: JK: ajp13 listening on /0.0.0.0:8009
17 f思r. 2016 10:11:19 org.apache.jk.server.JkMain start
INFO: Jk running ID=0 time=0/32  config=null
17 f思r. 2016 10:11:19 org.apache.catalina.startup.Catalina start
INFO: Server startup in 2036 ms
17 f思r. 2016 10:42:09 org.apache.coyote.http11.Http11Protocol pause
INFO: Suspension de Coyote HTTP/1.1 sur http-8080
17 f思r. 2016 10:42:10 org.apache.catalina.core.StandardService stop
INFO: Arr腎 du service Catalina
17 f思r. 2016 10:42:10 org.apache.catalina.core.StandardWrapper unload
INFO: Waiting for 6 instance(s) to be deallocated
17 f思r. 2016 10:42:13 org.apache.catalina.core.StandardWrapper unload
INFO: Waiting for 6 instance(s) to be deallocated
17 f思r. 2016 10:42:16 org.apache.catalina.core.StandardWrapper unload
INFO: Waiting for 6 instance(s) to be deallocated
17 f思r. 2016 10:42:16 org.apache.catalina.loader.WebappClassLoader clearReferencesThreads
GRAVE: The web application [/xtf] is still processing a request that has yet to finish. This is very likely to create a memory leak. You can control the time allowed for requests to finish by using the unloadDelay attribute of the standard Context implementation.
17 f思r. 2016 10:42:16 org.apache.catalina.loader.WebappClassLoader clearReferencesThreads
GRAVE: The web application [/xtf] is still processing a request that has yet to finish. This is very likely to create a memory leak. You can control the time allowed for requests to finish by using the unloadDelay attribute of the standard Context implementation.
17 f思r. 2016 10:42:16 org.apache.catalina.loader.WebappClassLoader clearReferencesThreads
GRAVE: The web application [/xtf] is still processing a request that has yet to finish. This is very likely to create a memory leak. You can control the time allowed for requests to finish by using the unloadDelay attribute of the standard Context implementation.
17 f思r. 2016 10:42:16 org.apache.catalina.loader.WebappClassLoader clearReferencesThreads
GRAVE: The web application [/xtf] is still processing a request that has yet to finish. This is very likely to create a memory leak. You can control the time allowed for requests to finish by using the unloadDelay attribute of the standard Context implementation.
17 f思r. 2016 10:42:16 org.apache.catalina.loader.WebappClassLoader clearReferencesThreads
GRAVE: The web application [/xtf] appears to have started a thread named [Thread-89] but has failed to stop it. This is very likely to create a memory leak.
17 f思r. 2016 10:42:16 org.apache.catalina.loader.WebappClassLoader clearReferencesThreads
GRAVE: The web application [/xtf] is still processing a request that has yet to finish. This is very likely to create a memory leak. You can control the time allowed for requests to finish by using the unloadDelay attribute of the standard Context implementation.
17 f思r. 2016 10:42:16 org.apache.catalina.loader.WebappClassLoader clearReferencesThreads
GRAVE: The web application [/xtf] is still processing a request that has yet to finish. This is very likely to create a memory leak. You can control the time allowed for requests to finish by using the unloadDelay attribute of the standard Context implementation.
17 f思r. 2016 10:42:16 org.apache.catalina.loader.WebappClassLoader clearThreadLocalMap
GRAVE: The web application [/xtf] created a ThreadLocal with key of type [java.lang.ThreadLocal] (value [java.lang.ThreadLocal@91d0ba6]) and a value of type [org.cdlib.xtf.util.PackedByteBuf.CompressInfo] (value [org.cdlib.xtf.util.PackedByteBuf$CompressInfo@51e7c3f6]) but failed to remove it when the web application was stopped. This is very likely to create a memory leak.
17 f思r. 2016 10:42:17 org.apache.catalina.loader.WebappClassLoader clearThreadLocalMap
GRAVE: The web application [/xtf] created a ThreadLocal with key of type [java.lang.ThreadLocal] (value [java.lang.ThreadLocal@57ff4447]) and a value of type [org.apache.lucene.index.SegmentTermEnum] (value [org.apache.lucene.index.SegmentTermEnum@37dbbe73]) but failed to remove it when the web application was stopped. This is very likely to create a memory leak.
17 f思r. 2016 10:42:17 org.apache.catalina.loader.WebappClassLoader clearThreadLocalMap
GRAVE: The web application [/xtf] created a ThreadLocal with key of type [java.lang.ThreadLocal] (value [java.lang.ThreadLocal@91d0ba6]) and a value of type [org.cdlib.xtf.util.PackedByteBuf.CompressInfo] (value [org.cdlib.xtf.util.PackedByteBuf$CompressInfo@3bb48cab]) but failed to remove it when the web application was stopped. This is very likely to create a memory leak.
17 f思r. 2016 10:42:17 org.apache.catalina.loader.WebappClassLoader clearThreadLocalMap
GRAVE: The web application [/xtf] created a ThreadLocal with key of type [java.lang.ThreadLocal] (value [java.lang.ThreadLocal@4a7f4d2c]) and a value of type [org.cdlib.xtf.dynaXML.DynaXML] (value [org.cdlib.xtf.dynaXML.DynaXML@6ba3a9e9]) but failed to remove it when the web application was stopped. This is very likely to create a memory leak.
17 f思r. 2016 10:42:17 org.apache.catalina.loader.WebappClassLoader clearThreadLocalMap
GRAVE: The web application [/xtf] created a ThreadLocal with key of type [java.lang.ThreadLocal] (value [java.lang.ThreadLocal@45e83734]) and a value of type [org.cdlib.xtf.servletBase.TextServlet.RequestWrapper] (value [org.cdlib.xtf.servletBase.TextServlet$RequestWrapper@4a83988e]) but failed to remove it when the web application was stopped. This is very likely to create a memory leak.
17 f思r. 2016 10:42:17 org.apache.catalina.loader.WebappClassLoader clearThreadLocalMap
GRAVE: The web application [/xtf] created a ThreadLocal with key of type [java.lang.ThreadLocal] (value [java.lang.ThreadLocal@91d0ba6]) and a value of type [org.cdlib.xtf.util.PackedByteBuf.CompressInfo] (value [org.cdlib.xtf.util.PackedByteBuf$CompressInfo@594b8da]) but failed to remove it when the web application was stopped. This is very likely to create a memory leak.
17 f思r. 2016 10:42:17 org.apache.catalina.loader.WebappClassLoader clearThreadLocalMap
GRAVE: The web application [/xtf] created a ThreadLocal with key of type [java.lang.ThreadLocal] (value [java.lang.ThreadLocal@4a7f4d2c]) and a value of type [org.cdlib.xtf.dynaXML.DynaXML] (value [org.cdlib.xtf.dynaXML.DynaXML@6ba3a9e9]) but failed to remove it when the web application was stopped. This is very likely to create a memory leak.
17 f思r. 2016 10:42:17 org.apache.catalina.loader.WebappClassLoader clearThreadLocalMap
GRAVE: The web application [/xtf] created a ThreadLocal with key of type [java.lang.ThreadLocal] (value [java.lang.ThreadLocal@45e83734]) and a value of type [org.cdlib.xtf.servletBase.TextServlet.RequestWrapper] (value [org.cdlib.xtf.servletBase.TextServlet$RequestWrapper@66f3f312]) but failed to remove it when the web application was stopped. This is very likely to create a memory leak.
17 f思r. 2016 10:42:17 org.apache.catalina.loader.WebappClassLoader clearThreadLocalMap
GRAVE: The web application [/xtf] created a ThreadLocal with key of type [java.lang.ThreadLocal] (value [java.lang.ThreadLocal@91d0ba6]) and a value of type [org.cdlib.xtf.util.PackedByteBuf.CompressInfo] (value [org.cdlib.xtf.util.PackedByteBuf$CompressInfo@19db578c]) but failed to remove it when the web application was stopped. This is very likely to create a memory leak.
17 f思r. 2016 10:42:17 org.apache.catalina.loader.WebappClassLoader clearThreadLocalMap
GRAVE: The web application [/xtf] created a ThreadLocal with key of type [java.lang.ThreadLocal] (value [java.lang.ThreadLocal@91d0ba6]) and a value of type [org.cdlib.xtf.util.PackedByteBuf.CompressInfo] (value [org.cdlib.xtf.util.PackedByteBuf$CompressInfo@f50b597]) but failed to remove it when the web application was stopped. This is very likely to create a memory leak.
17 f思r. 2016 10:42:17 org.apache.catalina.loader.WebappClassLoader clearThreadLocalMap
GRAVE: The web application [/xtf] created a ThreadLocal with key of type [java.lang.ThreadLocal] (value [java.lang.ThreadLocal@91d0ba6]) and a value of type [org.cdlib.xtf.util.PackedByteBuf.CompressInfo] (value [org.cdlib.xtf.util.PackedByteBuf$CompressInfo@7bc1d45b]) but failed to remove it when the web application was stopped. This is very likely to create a memory leak.
17 f思r. 2016 10:42:17 org.apache.catalina.loader.WebappClassLoader clearThreadLocalMap
GRAVE: The web application [/xtf] created a ThreadLocal with key of type [java.lang.ThreadLocal] (value [java.lang.ThreadLocal@4a7f4d2c]) and a value of type [org.cdlib.xtf.dynaXML.DynaXML] (value [org.cdlib.xtf.dynaXML.DynaXML@6ba3a9e9]) but failed to remove it when the web application was stopped. This is very likely to create a memory leak.
17 f思r. 2016 10:42:17 org.apache.catalina.loader.WebappClassLoader clearThreadLocalMap
GRAVE: The web application [/xtf] created a ThreadLocal with key of type [java.lang.ThreadLocal] (value [java.lang.ThreadLocal@45e83734]) and a value of type [org.cdlib.xtf.servletBase.TextServlet.RequestWrapper] (value [org.cdlib.xtf.servletBase.TextServlet$RequestWrapper@725ce1d6]) but failed to remove it when the web application was stopped. This is very likely to create a memory leak.
17 f思r. 2016 10:42:17 org.apache.catalina.loader.WebappClassLoader clearThreadLocalMap
GRAVE: The web application [/xtf] created a ThreadLocal with key of type [java.lang.ThreadLocal] (value [java.lang.ThreadLocal@57ff4447]) and a value of type [org.apache.lucene.index.SegmentTermEnum] (value [org.apache.lucene.index.SegmentTermEnum@2feee342]) but failed to remove it when the web application was stopped. This is very likely to create a memory leak.
17 f思r. 2016 10:42:17 org.apache.catalina.loader.WebappClassLoader clearThreadLocalMap
GRAVE: The web application [/xtf] created a ThreadLocal with key of type [java.lang.ThreadLocal] (value [java.lang.ThreadLocal@91d0ba6]) and a value of type [org.cdlib.xtf.util.PackedByteBuf.CompressInfo] (value [org.cdlib.xtf.util.PackedByteBuf$CompressInfo@6c8a1aa3]) but failed to remove it when the web application was stopped. This is very likely to create a memory leak.
17 f思r. 2016 10:42:17 org.apache.catalina.loader.WebappClassLoader clearThreadLocalMap
GRAVE: The web application [/xtf] created a ThreadLocal with key of type [java.lang.ThreadLocal] (value [java.lang.ThreadLocal@4a7f4d2c]) and a value of type [org.cdlib.xtf.dynaXML.DynaXML] (value [org.cdlib.xtf.dynaXML.DynaXML@6ba3a9e9]) but failed to remove it when the web application was stopped. This is very likely to create a memory leak.
17 f思r. 2016 10:42:17 org.apache.catalina.loader.WebappClassLoader clearThreadLocalMap
GRAVE: The web application [/xtf] created a ThreadLocal with key of type [java.lang.ThreadLocal] (value [java.lang.ThreadLocal@45e83734]) and a value of type [org.cdlib.xtf.servletBase.TextServlet.RequestWrapper] (value [org.cdlib.xtf.servletBase.TextServlet$RequestWrapper@5edafb00]) but failed to remove it when the web application was stopped. This is very likely to create a memory leak.
17 f思r. 2016 10:42:17 org.apache.catalina.loader.WebappClassLoader clearThreadLocalMap
GRAVE: The web application [/xtf] created a ThreadLocal with key of type [java.lang.ThreadLocal] (value [java.lang.ThreadLocal@91d0ba6]) and a value of type [org.cdlib.xtf.util.PackedByteBuf.CompressInfo] (value [org.cdlib.xtf.util.PackedByteBuf$CompressInfo@7a94eda6]) but failed to remove it when the web application was stopped. This is very likely to create a memory leak.
17 f思r. 2016 10:42:17 org.apache.catalina.loader.WebappClassLoader clearThreadLocalMap
GRAVE: The web application [/xtf] created a ThreadLocal with key of type [java.lang.ThreadLocal] (value [java.lang.ThreadLocal@4a7f4d2c]) and a value of type [org.cdlib.xtf.dynaXML.DynaXML] (value [org.cdlib.xtf.dynaXML.DynaXML@6ba3a9e9]) but failed to remove it when the web application was stopped. This is very likely to create a memory leak.
17 f思r. 2016 10:42:17 org.apache.catalina.loader.WebappClassLoader clearThreadLocalMap
GRAVE: The web application [/xtf] created a ThreadLocal with key of type [java.lang.ThreadLocal] (value [java.lang.ThreadLocal@45e83734]) and a value of type [org.cdlib.xtf.servletBase.TextServlet.RequestWrapper] (value [org.cdlib.xtf.servletBase.TextServlet$RequestWrapper@477e6c29]) but failed to remove it when the web application was stopped. This is very likely to create a memory leak.
17 f思r. 2016 10:42:17 org.apache.catalina.loader.WebappClassLoader clearThreadLocalMap
GRAVE: The web application [/xtf] created a ThreadLocal with key of type [java.lang.ThreadLocal] (value [java.lang.ThreadLocal@91d0ba6]) and a value of type [org.cdlib.xtf.util.PackedByteBuf.CompressInfo] (value [org.cdlib.xtf.util.PackedByteBuf$CompressInfo@3cef1c6a]) but failed to remove it when the web application was stopped. This is very likely to create a memory leak.
17 f思r. 2016 10:42:17 org.apache.catalina.loader.WebappClassLoader clearThreadLocalMap
GRAVE: The web application [/xtf] created a ThreadLocal with key of type [java.lang.ThreadLocal] (value [java.lang.ThreadLocal@4a7f4d2c]) and a value of type [org.cdlib.xtf.dynaXML.DynaXML] (value [org.cdlib.xtf.dynaXML.DynaXML@6ba3a9e9]) but failed to remove it when the web application was stopped. This is very likely to create a memory leak.
17 f思r. 2016 10:42:17 org.apache.catalina.loader.WebappClassLoader clearThreadLocalMap
GRAVE: The web application [/xtf] created a ThreadLocal with key of type [java.lang.ThreadLocal] (value [java.lang.ThreadLocal@45e83734]) and a value of type [org.cdlib.xtf.servletBase.TextServlet.RequestWrapper] (value [org.cdlib.xtf.servletBase.TextServlet$RequestWrapper@76329266]) but failed to remove it when the web application was stopped. This is very likely to create a memory leak.
17 f思r. 2016 10:42:17 org.apache.catalina.loader.WebappClassLoader clearThreadLocalMap
GRAVE: The web application [/xtf] created a ThreadLocal with key of type [java.lang.ThreadLocal] (value [java.lang.ThreadLocal@91d0ba6]) and a value of type [org.cdlib.xtf.util.PackedByteBuf.CompressInfo] (value [org.cdlib.xtf.util.PackedByteBuf$CompressInfo@7229a329]) but failed to remove it when the web application was stopped. This is very likely to create a memory leak.
17 f思r. 2016 10:42:19 org.apache.coyote.http11.Http11Protocol destroy
INFO: Arr腎 de Coyote HTTP/1.1 sur http-8080
17 f思r. 2016 10:42:37 org.apache.catalina.core.AprLifecycleListener init
INFO: The APR based Apache Tomcat Native library which allows optimal performance in production environments was not found on the java.library.path: .:/Library/Java/Extensions:/System/Library/Java/Extensions:/usr/lib/java
17 f思r. 2016 10:42:38 org.apache.coyote.http11.Http11Protocol init
INFO: Initialisation de Coyote HTTP/1.1 sur http-8080
17 f思r. 2016 10:42:38 org.apache.catalina.startup.Catalina load
INFO: Initialization processed in 1166 ms
17 f思r. 2016 10:42:38 org.apache.catalina.core.StandardService start
INFO: D士arrage du service Catalina
17 f思r. 2016 10:42:38 org.apache.catalina.core.StandardEngine start
INFO: Starting Servlet Engine: Apache Tomcat/6.0.29
17 f思r. 2016 10:42:38 org.apache.catalina.startup.HostConfig deployDescriptor
INFO: D姿loiement du descripteur de configuration host-manager.xml
17 f思r. 2016 10:42:38 org.apache.catalina.startup.HostConfig deployDescriptor
INFO: D姿loiement du descripteur de configuration manager.xml
17 f思r. 2016 10:42:38 org.apache.catalina.startup.HostConfig deployDirectory
INFO: D姿loiement du r姿ertoire docs de l'application web
17 f思r. 2016 10:42:38 org.apache.catalina.startup.HostConfig deployDirectory
INFO: D姿loiement du r姿ertoire examples de l'application web
17 f思r. 2016 10:42:39 org.apache.catalina.startup.HostConfig deployDirectory
INFO: D姿loiement du r姿ertoire ROOT de l'application web
17 f思r. 2016 10:42:39 org.apache.catalina.startup.HostConfig deployDirectory
INFO: D姿loiement du r姿ertoire xtf de l'application web
17 f思r. 2016 10:42:39 org.apache.coyote.http11.Http11Protocol start
INFO: D士arrage de Coyote HTTP/1.1 sur http-8080
17 f思r. 2016 10:42:39 org.apache.jk.common.ChannelSocket init
INFO: JK: ajp13 listening on /0.0.0.0:8009
17 f思r. 2016 10:42:39 org.apache.jk.server.JkMain start
INFO: Jk running ID=0 time=0/28  config=null
17 f思r. 2016 10:42:39 org.apache.catalina.startup.Catalina start
INFO: Server startup in 1513 ms
17 f思r. 2016 10:44:06 org.apache.coyote.http11.Http11Protocol pause
INFO: Suspension de Coyote HTTP/1.1 sur http-8080
17 f思r. 2016 10:44:07 org.apache.catalina.core.StandardService stop
INFO: Arr腎 du service Catalina
17 f思r. 2016 10:44:07 org.apache.catalina.loader.WebappClassLoader clearThreadLocalMap
GRAVE: The web application [/xtf] created a ThreadLocal with key of type [java.lang.ThreadLocal] (value [java.lang.ThreadLocal@799dbc3b]) and a value of type [org.cdlib.xtf.util.PackedByteBuf.CompressInfo] (value [org.cdlib.xtf.util.PackedByteBuf$CompressInfo@62b103dd]) but failed to remove it when the web application was stopped. This is very likely to create a memory leak.
17 f思r. 2016 10:44:07 org.apache.catalina.loader.WebappClassLoader clearThreadLocalMap
GRAVE: The web application [/xtf] created a ThreadLocal with key of type [java.lang.ThreadLocal] (value [java.lang.ThreadLocal@799dbc3b]) and a value of type [org.cdlib.xtf.util.PackedByteBuf.CompressInfo] (value [org.cdlib.xtf.util.PackedByteBuf$CompressInfo@5374d4c9]) but failed to remove it when the web application was stopped. This is very likely to create a memory leak.
17 f思r. 2016 10:44:07 org.apache.catalina.loader.WebappClassLoader clearThreadLocalMap
GRAVE: The web application [/xtf] created a ThreadLocal with key of type [java.lang.ThreadLocal] (value [java.lang.ThreadLocal@799dbc3b]) and a value of type [org.cdlib.xtf.util.PackedByteBuf.CompressInfo] (value [org.cdlib.xtf.util.PackedByteBuf$CompressInfo@1b3e02ed]) but failed to remove it when the web application was stopped. This is very likely to create a memory leak.
17 f思r. 2016 10:44:07 org.apache.catalina.loader.WebappClassLoader clearThreadLocalMap
GRAVE: The web application [/xtf] created a ThreadLocal with key of type [java.lang.ThreadLocal] (value [java.lang.ThreadLocal@799dbc3b]) and a value of type [org.cdlib.xtf.util.PackedByteBuf.CompressInfo] (value [org.cdlib.xtf.util.PackedByteBuf$CompressInfo@4322394]) but failed to remove it when the web application was stopped. This is very likely to create a memory leak.
17 f思r. 2016 10:44:07 org.apache.coyote.http11.Http11Protocol destroy
INFO: Arr腎 de Coyote HTTP/1.1 sur http-8080
17 f思r. 2016 10:44:13 org.apache.catalina.core.AprLifecycleListener init
INFO: The APR based Apache Tomcat Native library which allows optimal performance in production environments was not found on the java.library.path: .:/Library/Java/Extensions:/System/Library/Java/Extensions:/usr/lib/java
17 f思r. 2016 10:44:14 org.apache.coyote.http11.Http11Protocol init
INFO: Initialisation de Coyote HTTP/1.1 sur http-8080
17 f思r. 2016 10:44:14 org.apache.catalina.startup.Catalina load
INFO: Initialization processed in 756 ms
17 f思r. 2016 10:44:14 org.apache.catalina.core.StandardService start
INFO: D士arrage du service Catalina
17 f思r. 2016 10:44:14 org.apache.catalina.core.StandardEngine start
INFO: Starting Servlet Engine: Apache Tomcat/6.0.29
17 f思r. 2016 10:44:14 org.apache.catalina.startup.HostConfig deployDescriptor
INFO: D姿loiement du descripteur de configuration host-manager.xml
17 f思r. 2016 10:44:14 org.apache.catalina.startup.HostConfig deployDescriptor
INFO: D姿loiement du descripteur de configuration manager.xml
17 f思r. 2016 10:44:14 org.apache.catalina.startup.HostConfig deployDirectory
INFO: D姿loiement du r姿ertoire docs de l'application web
17 f思r. 2016 10:44:14 org.apache.catalina.startup.HostConfig deployDirectory
INFO: D姿loiement du r姿ertoire examples de l'application web
17 f思r. 2016 10:44:15 org.apache.catalina.startup.HostConfig deployDirectory
INFO: D姿loiement du r姿ertoire ROOT de l'application web
17 f思r. 2016 10:44:15 org.apache.catalina.startup.HostConfig deployDirectory
INFO: D姿loiement du r姿ertoire xtf de l'application web
17 f思r. 2016 10:44:15 org.apache.coyote.http11.Http11Protocol start
INFO: D士arrage de Coyote HTTP/1.1 sur http-8080
17 f思r. 2016 10:44:15 org.apache.jk.common.ChannelSocket init
INFO: JK: ajp13 listening on /0.0.0.0:8009
17 f思r. 2016 10:44:15 org.apache.jk.server.JkMain start
INFO: Jk running ID=0 time=0/29  config=null
17 f思r. 2016 10:44:15 org.apache.catalina.startup.Catalina start
INFO: Server startup in 1538 ms
17 f思r. 2016 23:40:59 org.apache.coyote.http11.Http11Protocol pause
INFO: Suspension de Coyote HTTP/1.1 sur http-8080
17 f思r. 2016 23:41:00 org.apache.catalina.core.StandardService stop
INFO: Arr腎 du service Catalina
17 f思r. 2016 23:41:01 org.apache.catalina.loader.WebappClassLoader clearThreadLocalMap
GRAVE: The web application [/xtf] created a ThreadLocal with key of type [java.lang.ThreadLocal] (value [java.lang.ThreadLocal@76b1d961]) and a value of type [org.cdlib.xtf.util.PackedByteBuf.CompressInfo] (value [org.cdlib.xtf.util.PackedByteBuf$CompressInfo@1636ac28]) but failed to remove it when the web application was stopped. This is very likely to create a memory leak.
17 f思r. 2016 23:41:01 org.apache.catalina.loader.WebappClassLoader clearThreadLocalMap
GRAVE: The web application [/xtf] created a ThreadLocal with key of type [java.lang.ThreadLocal] (value [java.lang.ThreadLocal@76b1d961]) and a value of type [org.cdlib.xtf.util.PackedByteBuf.CompressInfo] (value [org.cdlib.xtf.util.PackedByteBuf$CompressInfo@5f60817c]) but failed to remove it when the web application was stopped. This is very likely to create a memory leak.
17 f思r. 2016 23:41:01 org.apache.catalina.loader.WebappClassLoader clearThreadLocalMap
GRAVE: The web application [/xtf] created a ThreadLocal with key of type [java.lang.ThreadLocal] (value [java.lang.ThreadLocal@76b1d961]) and a value of type [org.cdlib.xtf.util.PackedByteBuf.CompressInfo] (value [org.cdlib.xtf.util.PackedByteBuf$CompressInfo@6f6a497b]) but failed to remove it when the web application was stopped. This is very likely to create a memory leak.
17 f思r. 2016 23:41:01 org.apache.catalina.loader.WebappClassLoader clearThreadLocalMap
GRAVE: The web application [/xtf] created a ThreadLocal with key of type [java.lang.ThreadLocal] (value [java.lang.ThreadLocal@76b1d961]) and a value of type [org.cdlib.xtf.util.PackedByteBuf.CompressInfo] (value [org.cdlib.xtf.util.PackedByteBuf$CompressInfo@666faeb]) but failed to remove it when the web application was stopped. This is very likely to create a memory leak.
17 f思r. 2016 23:41:01 org.apache.catalina.loader.WebappClassLoader clearThreadLocalMap
GRAVE: The web application [/xtf] created a ThreadLocal with key of type [java.lang.ThreadLocal] (value [java.lang.ThreadLocal@76b1d961]) and a value of type [org.cdlib.xtf.util.PackedByteBuf.CompressInfo] (value [org.cdlib.xtf.util.PackedByteBuf$CompressInfo@52e35d95]) but failed to remove it when the web application was stopped. This is very likely to create a memory leak.
17 f思r. 2016 23:41:01 org.apache.catalina.loader.WebappClassLoader clearThreadLocalMap
GRAVE: The web application [/xtf] created a ThreadLocal with key of type [java.lang.ThreadLocal] (value [java.lang.ThreadLocal@76b1d961]) and a value of type [org.cdlib.xtf.util.PackedByteBuf.CompressInfo] (value [org.cdlib.xtf.util.PackedByteBuf$CompressInfo@4d150bb6]) but failed to remove it when the web application was stopped. This is very likely to create a memory leak.
17 f思r. 2016 23:41:01 org.apache.catalina.loader.WebappClassLoader clearThreadLocalMap
GRAVE: The web application [/xtf] created a ThreadLocal with key of type [java.lang.ThreadLocal] (value [java.lang.ThreadLocal@76b1d961]) and a value of type [org.cdlib.xtf.util.PackedByteBuf.CompressInfo] (value [org.cdlib.xtf.util.PackedByteBuf$CompressInfo@20b40143]) but failed to remove it when the web application was stopped. This is very likely to create a memory leak.
17 f思r. 2016 23:41:01 org.apache.catalina.loader.WebappClassLoader clearThreadLocalMap
GRAVE: The web application [/xtf] created a ThreadLocal with key of type [java.lang.ThreadLocal] (value [java.lang.ThreadLocal@76b1d961]) and a value of type [org.cdlib.xtf.util.PackedByteBuf.CompressInfo] (value [org.cdlib.xtf.util.PackedByteBuf$CompressInfo@9bee67b]) but failed to remove it when the web application was stopped. This is very likely to create a memory leak.
17 f思r. 2016 23:41:01 org.apache.catalina.loader.WebappClassLoader clearThreadLocalMap
GRAVE: The web application [/xtf] created a ThreadLocal with key of type [java.lang.ThreadLocal] (value [java.lang.ThreadLocal@76b1d961]) and a value of type [org.cdlib.xtf.util.PackedByteBuf.CompressInfo] (value [org.cdlib.xtf.util.PackedByteBuf$CompressInfo@540d9a3c]) but failed to remove it when the web application was stopped. This is very likely to create a memory leak.
17 f思r. 2016 23:41:01 org.apache.coyote.http11.Http11Protocol destroy
INFO: Arr腎 de Coyote HTTP/1.1 sur http-8080
