7 nov. 2015 14:05:03 org.apache.catalina.core.AprLifecycleListener init
INFO: The APR based Apache Tomcat Native library which allows optimal performance in production environments was not found on the java.library.path: .:/Library/Java/Extensions:/System/Library/Java/Extensions:/usr/lib/java
7 nov. 2015 14:05:03 org.apache.coyote.http11.Http11Protocol init
INFO: Initialisation de Coyote HTTP/1.1 sur http-8080
7 nov. 2015 14:05:03 org.apache.catalina.startup.Catalina load
INFO: Initialization processed in 799 ms
7 nov. 2015 14:05:03 org.apache.catalina.core.StandardService start
INFO: Démarrage du service Catalina
7 nov. 2015 14:05:03 org.apache.catalina.core.StandardEngine start
INFO: Starting Servlet Engine: Apache Tomcat/6.0.29
7 nov. 2015 14:05:03 org.apache.catalina.startup.HostConfig deployDescriptor
INFO: Déploiement du descripteur de configuration host-manager.xml
7 nov. 2015 14:05:04 org.apache.catalina.startup.HostConfig deployDescriptor
INFO: Déploiement du descripteur de configuration manager.xml
7 nov. 2015 14:05:04 org.apache.catalina.startup.HostConfig deployDirectory
INFO: Déploiement du répertoire docs de l'application web
7 nov. 2015 14:05:04 org.apache.catalina.startup.HostConfig deployDirectory
INFO: Déploiement du répertoire examples de l'application web
7 nov. 2015 14:05:05 org.apache.catalina.startup.HostConfig deployDirectory
INFO: Déploiement du répertoire ROOT de l'application web
7 nov. 2015 14:05:05 org.apache.catalina.startup.HostConfig deployDirectory
INFO: Déploiement du répertoire xtf de l'application web
7 nov. 2015 14:05:05 org.apache.coyote.http11.Http11Protocol start
INFO: Démarrage de Coyote HTTP/1.1 sur http-8080
7 nov. 2015 14:05:05 org.apache.jk.common.ChannelSocket init
INFO: JK: ajp13 listening on /0.0.0.0:8009
7 nov. 2015 14:05:05 org.apache.jk.server.JkMain start
INFO: Jk running ID=0 time=0/16  config=null
7 nov. 2015 14:05:05 org.apache.catalina.startup.Catalina start
INFO: Server startup in 1783 ms
7 nov. 2015 22:13:30 org.apache.coyote.http11.Http11Protocol pause
INFO: Suspension de Coyote HTTP/1.1 sur http-8080
7 nov. 2015 22:13:32 org.apache.catalina.core.StandardService stop
INFO: Arrêt du service Catalina
7 nov. 2015 22:13:32 org.apache.catalina.loader.WebappClassLoader clearReferencesThreads
GRAVE: The web application [/xtf] appears to have started a thread named [Thread-15] but has failed to stop it. This is very likely to create a memory leak.
7 nov. 2015 22:13:32 org.apache.catalina.loader.WebappClassLoader clearThreadLocalMap
GRAVE: The web application [/xtf] created a ThreadLocal with key of type [java.lang.ThreadLocal] (value [java.lang.ThreadLocal@56b5c06]) and a value of type [org.apache.lucene.index.SegmentTermEnum] (value [org.apache.lucene.index.SegmentTermEnum@4b6690b1]) but failed to remove it when the web application was stopped. This is very likely to create a memory leak.
7 nov. 2015 22:13:32 org.apache.catalina.loader.WebappClassLoader clearThreadLocalMap
GRAVE: The web application [/xtf] created a ThreadLocal with key of type [java.lang.ThreadLocal] (value [java.lang.ThreadLocal@3aa57b23]) and a value of type [org.cdlib.xtf.util.PackedByteBuf.CompressInfo] (value [org.cdlib.xtf.util.PackedByteBuf$CompressInfo@463754e9]) but failed to remove it when the web application was stopped. This is very likely to create a memory leak.
7 nov. 2015 22:13:32 org.apache.catalina.loader.WebappClassLoader clearThreadLocalMap
GRAVE: The web application [/xtf] created a ThreadLocal with key of type [java.lang.ThreadLocal] (value [java.lang.ThreadLocal@3aa57b23]) and a value of type [org.cdlib.xtf.util.PackedByteBuf.CompressInfo] (value [org.cdlib.xtf.util.PackedByteBuf$CompressInfo@5aa7b102]) but failed to remove it when the web application was stopped. This is very likely to create a memory leak.
7 nov. 2015 22:13:32 org.apache.catalina.loader.WebappClassLoader clearThreadLocalMap
GRAVE: The web application [/xtf] created a ThreadLocal with key of type [java.lang.ThreadLocal] (value [java.lang.ThreadLocal@3aa57b23]) and a value of type [org.cdlib.xtf.util.PackedByteBuf.CompressInfo] (value [org.cdlib.xtf.util.PackedByteBuf$CompressInfo@375628cd]) but failed to remove it when the web application was stopped. This is very likely to create a memory leak.
7 nov. 2015 22:13:32 org.apache.catalina.loader.WebappClassLoader clearThreadLocalMap
GRAVE: The web application [/xtf] created a ThreadLocal with key of type [java.lang.ThreadLocal] (value [java.lang.ThreadLocal@3aa57b23]) and a value of type [org.cdlib.xtf.util.PackedByteBuf.CompressInfo] (value [org.cdlib.xtf.util.PackedByteBuf$CompressInfo@7990c71c]) but failed to remove it when the web application was stopped. This is very likely to create a memory leak.
7 nov. 2015 22:13:32 org.apache.catalina.loader.WebappClassLoader clearThreadLocalMap
GRAVE: The web application [/xtf] created a ThreadLocal with key of type [java.lang.ThreadLocal] (value [java.lang.ThreadLocal@3aa57b23]) and a value of type [org.cdlib.xtf.util.PackedByteBuf.CompressInfo] (value [org.cdlib.xtf.util.PackedByteBuf$CompressInfo@10003d9e]) but failed to remove it when the web application was stopped. This is very likely to create a memory leak.
7 nov. 2015 22:13:32 org.apache.catalina.loader.WebappClassLoader clearThreadLocalMap
GRAVE: The web application [/xtf] created a ThreadLocal with key of type [java.lang.ThreadLocal] (value [java.lang.ThreadLocal@3aa57b23]) and a value of type [org.cdlib.xtf.util.PackedByteBuf.CompressInfo] (value [org.cdlib.xtf.util.PackedByteBuf$CompressInfo@7fcd5846]) but failed to remove it when the web application was stopped. This is very likely to create a memory leak.
7 nov. 2015 22:13:33 org.apache.coyote.http11.Http11Protocol destroy
INFO: Arrêt de Coyote HTTP/1.1 sur http-8080
