mars 12, 2019 2:53:20 PM org.apache.catalina.core.AprLifecycleListener init
INFOS: The APR based Apache Tomcat Native library which allows optimal performance in production environments was not found on the java.library.path: /Users/christophe/Library/Java/Extensions:/Library/Java/Extensions:/Network/Library/Java/Extensions:/System/Library/Java/Extensions:/usr/lib/java:.
mars 12, 2019 2:53:21 PM org.apache.coyote.http11.Http11Protocol init
INFOS: Initialisation de Coyote HTTP/1.1 sur http-8080
mars 12, 2019 2:53:21 PM org.apache.catalina.startup.Catalina load
INFOS: Initialization processed in 554 ms
mars 12, 2019 2:53:21 PM org.apache.catalina.core.StandardService start
INFOS: Démarrage du service Catalina
mars 12, 2019 2:53:21 PM org.apache.catalina.core.StandardEngine start
INFOS: Starting Servlet Engine: Apache Tomcat/6.0.29
mars 12, 2019 2:53:21 PM org.apache.catalina.startup.HostConfig deployDescriptor
INFOS: Déploiement du descripteur de configuration host-manager.xml
mars 12, 2019 2:53:21 PM org.apache.catalina.startup.HostConfig deployDescriptor
INFOS: Déploiement du descripteur de configuration manager.xml
mars 12, 2019 2:53:21 PM org.apache.catalina.startup.HostConfig deployDirectory
INFOS: Déploiement du répertoire xtf de l'application web
mars 12, 2019 2:53:21 PM org.apache.catalina.startup.HostConfig deployDirectory
INFOS: Déploiement du répertoire docs de l'application web
mars 12, 2019 2:53:21 PM org.apache.catalina.startup.HostConfig deployDirectory
INFOS: Déploiement du répertoire examples de l'application web
mars 12, 2019 2:53:21 PM org.apache.catalina.startup.HostConfig deployDirectory
INFOS: Déploiement du répertoire ROOT de l'application web
mars 12, 2019 2:53:21 PM org.apache.coyote.http11.Http11Protocol start
INFOS: Démarrage de Coyote HTTP/1.1 sur http-8080
mars 12, 2019 2:53:21 PM org.apache.jk.common.ChannelSocket init
INFOS: JK: ajp13 listening on /0.0.0.0:8009
mars 12, 2019 2:53:21 PM org.apache.jk.server.JkMain start
INFOS: Jk running ID=0 time=0/13  config=null
mars 12, 2019 2:53:21 PM org.apache.catalina.startup.Catalina start
INFOS: Server startup in 416 ms
mars 12, 2019 10:03:16 PM org.apache.coyote.http11.Http11Protocol pause
INFOS: Suspension de Coyote HTTP/1.1 sur http-8080
mars 12, 2019 10:03:22 PM org.apache.catalina.core.StandardService stop
INFOS: Arrêt du service Catalina
mars 12, 2019 10:03:22 PM org.apache.catalina.loader.WebappClassLoader clearReferencesThreads
GRAVE: The web application [/xtf] appears to have started a thread named [Thread-9] but has failed to stop it. This is very likely to create a memory leak.
mars 12, 2019 10:03:22 PM org.apache.catalina.loader.WebappClassLoader clearThreadLocalMap
GRAVE: The web application [/xtf] created a ThreadLocal with key of type [java.lang.ThreadLocal] (value [java.lang.ThreadLocal@2e0fd763]) and a value of type [org.apache.lucene.index.SegmentTermEnum] (value [org.apache.lucene.index.SegmentTermEnum@531423a7]) but failed to remove it when the web application was stopped. This is very likely to create a memory leak.
mars 12, 2019 10:03:22 PM org.apache.catalina.loader.WebappClassLoader clearThreadLocalMap
GRAVE: The web application [/xtf] created a ThreadLocal with key of type [java.lang.ThreadLocal] (value [java.lang.ThreadLocal@7eb78f85]) and a value of type [org.cdlib.xtf.util.PackedByteBuf.CompressInfo] (value [org.cdlib.xtf.util.PackedByteBuf$CompressInfo@720a0980]) but failed to remove it when the web application was stopped. This is very likely to create a memory leak.
mars 12, 2019 10:03:22 PM org.apache.catalina.loader.WebappClassLoader clearThreadLocalMap
GRAVE: The web application [/xtf] created a ThreadLocal with key of type [java.lang.ThreadLocal] (value [java.lang.ThreadLocal@2e0fd763]) and a value of type [org.apache.lucene.index.SegmentTermEnum] (value [org.apache.lucene.index.SegmentTermEnum@14b80f27]) but failed to remove it when the web application was stopped. This is very likely to create a memory leak.
mars 12, 2019 10:03:22 PM org.apache.catalina.loader.WebappClassLoader clearThreadLocalMap
GRAVE: The web application [/xtf] created a ThreadLocal with key of type [java.lang.ThreadLocal] (value [java.lang.ThreadLocal@7eb78f85]) and a value of type [org.cdlib.xtf.util.PackedByteBuf.CompressInfo] (value [org.cdlib.xtf.util.PackedByteBuf$CompressInfo@4837dec1]) but failed to remove it when the web application was stopped. This is very likely to create a memory leak.
mars 12, 2019 10:03:22 PM org.apache.catalina.loader.WebappClassLoader clearThreadLocalMap
GRAVE: The web application [/xtf] created a ThreadLocal with key of type [java.lang.ThreadLocal] (value [java.lang.ThreadLocal@7eb78f85]) and a value of type [org.cdlib.xtf.util.PackedByteBuf.CompressInfo] (value [org.cdlib.xtf.util.PackedByteBuf$CompressInfo@794aec1c]) but failed to remove it when the web application was stopped. This is very likely to create a memory leak.
mars 12, 2019 10:03:22 PM org.apache.coyote.http11.Http11Protocol destroy
INFOS: Arrêt de Coyote HTTP/1.1 sur http-8080
