22 janv. 2016 09:44:56 org.apache.catalina.core.AprLifecycleListener init
INFO: The APR based Apache Tomcat Native library which allows optimal performance in production environments was not found on the java.library.path: .:/Library/Java/Extensions:/System/Library/Java/Extensions:/usr/lib/java
22 janv. 2016 09:45:02 org.apache.coyote.http11.Http11Protocol init
INFO: Initialisation de Coyote HTTP/1.1 sur http-8080
22 janv. 2016 09:45:02 org.apache.catalina.startup.Catalina load
INFO: Initialization processed in 5994 ms
22 janv. 2016 09:45:02 org.apache.catalina.core.StandardService start
INFO: Démarrage du service Catalina
22 janv. 2016 09:45:02 org.apache.catalina.core.StandardEngine start
INFO: Starting Servlet Engine: Apache Tomcat/6.0.29
22 janv. 2016 09:45:03 org.apache.catalina.startup.HostConfig deployDescriptor
INFO: Déploiement du descripteur de configuration host-manager.xml
22 janv. 2016 09:45:04 org.apache.catalina.startup.HostConfig deployDescriptor
INFO: Déploiement du descripteur de configuration manager.xml
22 janv. 2016 09:45:05 org.apache.catalina.startup.HostConfig deployDirectory
INFO: Déploiement du répertoire docs de l'application web
22 janv. 2016 09:45:05 org.apache.catalina.startup.HostConfig deployDirectory
INFO: Déploiement du répertoire examples de l'application web
22 janv. 2016 09:45:05 org.apache.catalina.startup.HostConfig deployDirectory
INFO: Déploiement du répertoire ROOT de l'application web
22 janv. 2016 09:45:05 org.apache.catalina.startup.HostConfig deployDirectory
INFO: Déploiement du répertoire xtf de l'application web
22 janv. 2016 09:45:06 org.apache.coyote.http11.Http11Protocol start
INFO: Démarrage de Coyote HTTP/1.1 sur http-8080
22 janv. 2016 09:45:06 org.apache.jk.common.ChannelSocket init
INFO: JK: ajp13 listening on /0.0.0.0:8009
22 janv. 2016 09:45:06 org.apache.jk.server.JkMain start
INFO: Jk running ID=0 time=0/33  config=null
22 janv. 2016 09:45:06 org.apache.catalina.startup.Catalina start
INFO: Server startup in 4237 ms
22 janv. 2016 10:25:48 org.apache.coyote.http11.Http11Protocol pause
INFO: Suspension de Coyote HTTP/1.1 sur http-8080
22 janv. 2016 10:25:49 org.apache.catalina.core.StandardService stop
INFO: Arrêt du service Catalina
22 janv. 2016 10:25:49 org.apache.catalina.loader.WebappClassLoader clearReferencesThreads
GRAVE: The web application [/xtf] appears to have started a thread named [Thread-38] but has failed to stop it. This is very likely to create a memory leak.
22 janv. 2016 10:25:49 org.apache.catalina.loader.WebappClassLoader clearThreadLocalMap
GRAVE: The web application [/xtf] created a ThreadLocal with key of type [java.lang.ThreadLocal] (value [java.lang.ThreadLocal@356f5b17]) and a value of type [org.apache.lucene.index.SegmentTermEnum] (value [org.apache.lucene.index.SegmentTermEnum@21c55e69]) but failed to remove it when the web application was stopped. This is very likely to create a memory leak.
22 janv. 2016 10:25:49 org.apache.catalina.loader.WebappClassLoader clearThreadLocalMap
GRAVE: The web application [/xtf] created a ThreadLocal with key of type [java.lang.ThreadLocal] (value [java.lang.ThreadLocal@24b950d1]) and a value of type [org.cdlib.xtf.util.PackedByteBuf.CompressInfo] (value [org.cdlib.xtf.util.PackedByteBuf$CompressInfo@268dc2d]) but failed to remove it when the web application was stopped. This is very likely to create a memory leak.
22 janv. 2016 10:25:49 org.apache.catalina.loader.WebappClassLoader clearThreadLocalMap
GRAVE: The web application [/xtf] created a ThreadLocal with key of type [java.lang.ThreadLocal] (value [java.lang.ThreadLocal@24b950d1]) and a value of type [org.cdlib.xtf.util.PackedByteBuf.CompressInfo] (value [org.cdlib.xtf.util.PackedByteBuf$CompressInfo@324f0f97]) but failed to remove it when the web application was stopped. This is very likely to create a memory leak.
22 janv. 2016 10:25:49 org.apache.catalina.loader.WebappClassLoader clearThreadLocalMap
GRAVE: The web application [/xtf] created a ThreadLocal with key of type [java.lang.ThreadLocal] (value [java.lang.ThreadLocal@356f5b17]) and a value of type [org.apache.lucene.index.SegmentTermEnum] (value [org.apache.lucene.index.SegmentTermEnum@64889c4e]) but failed to remove it when the web application was stopped. This is very likely to create a memory leak.
22 janv. 2016 10:25:49 org.apache.catalina.loader.WebappClassLoader clearThreadLocalMap
GRAVE: The web application [/xtf] created a ThreadLocal with key of type [java.lang.ThreadLocal] (value [java.lang.ThreadLocal@24b950d1]) and a value of type [org.cdlib.xtf.util.PackedByteBuf.CompressInfo] (value [org.cdlib.xtf.util.PackedByteBuf$CompressInfo@44cdf872]) but failed to remove it when the web application was stopped. This is very likely to create a memory leak.
22 janv. 2016 10:25:49 org.apache.catalina.loader.WebappClassLoader clearThreadLocalMap
GRAVE: The web application [/xtf] created a ThreadLocal with key of type [java.lang.ThreadLocal] (value [java.lang.ThreadLocal@356f5b17]) and a value of type [org.apache.lucene.index.SegmentTermEnum] (value [org.apache.lucene.index.SegmentTermEnum@2e7227a8]) but failed to remove it when the web application was stopped. This is very likely to create a memory leak.
22 janv. 2016 10:25:49 org.apache.catalina.loader.WebappClassLoader clearThreadLocalMap
GRAVE: The web application [/xtf] created a ThreadLocal with key of type [java.lang.ThreadLocal] (value [java.lang.ThreadLocal@24b950d1]) and a value of type [org.cdlib.xtf.util.PackedByteBuf.CompressInfo] (value [org.cdlib.xtf.util.PackedByteBuf$CompressInfo@48899e6a]) but failed to remove it when the web application was stopped. This is very likely to create a memory leak.
22 janv. 2016 10:25:49 org.apache.catalina.loader.WebappClassLoader clearThreadLocalMap
GRAVE: The web application [/xtf] created a ThreadLocal with key of type [java.lang.ThreadLocal] (value [java.lang.ThreadLocal@24b950d1]) and a value of type [org.cdlib.xtf.util.PackedByteBuf.CompressInfo] (value [org.cdlib.xtf.util.PackedByteBuf$CompressInfo@42ff665a]) but failed to remove it when the web application was stopped. This is very likely to create a memory leak.
22 janv. 2016 10:25:50 org.apache.coyote.http11.Http11Protocol destroy
INFO: Arrêt de Coyote HTTP/1.1 sur http-8080
22 janv. 2016 12:52:29 org.apache.catalina.core.AprLifecycleListener init
INFO: The APR based Apache Tomcat Native library which allows optimal performance in production environments was not found on the java.library.path: .:/Library/Java/Extensions:/System/Library/Java/Extensions:/usr/lib/java
22 janv. 2016 12:52:30 org.apache.coyote.http11.Http11Protocol init
INFO: Initialisation de Coyote HTTP/1.1 sur http-8080
22 janv. 2016 12:52:30 org.apache.catalina.startup.Catalina load
INFO: Initialization processed in 1378 ms
22 janv. 2016 12:52:30 org.apache.catalina.core.StandardService start
INFO: Démarrage du service Catalina
22 janv. 2016 12:52:30 org.apache.catalina.core.StandardEngine start
INFO: Starting Servlet Engine: Apache Tomcat/6.0.29
22 janv. 2016 12:52:30 org.apache.catalina.startup.HostConfig deployDescriptor
INFO: Déploiement du descripteur de configuration host-manager.xml
22 janv. 2016 12:52:31 org.apache.catalina.startup.HostConfig deployDescriptor
INFO: Déploiement du descripteur de configuration manager.xml
22 janv. 2016 12:52:31 org.apache.catalina.startup.HostConfig deployDirectory
INFO: Déploiement du répertoire docs de l'application web
22 janv. 2016 12:52:31 org.apache.catalina.startup.HostConfig deployDirectory
INFO: Déploiement du répertoire examples de l'application web
22 janv. 2016 12:52:31 org.apache.catalina.startup.HostConfig deployDirectory
INFO: Déploiement du répertoire ROOT de l'application web
22 janv. 2016 12:52:31 org.apache.catalina.startup.HostConfig deployDirectory
INFO: Déploiement du répertoire xtf de l'application web
22 janv. 2016 12:52:32 org.apache.coyote.http11.Http11Protocol start
INFO: Démarrage de Coyote HTTP/1.1 sur http-8080
22 janv. 2016 12:52:32 org.apache.jk.common.ChannelSocket init
INFO: JK: ajp13 listening on /0.0.0.0:8009
22 janv. 2016 12:52:32 org.apache.jk.server.JkMain start
INFO: Jk running ID=0 time=0/38  config=null
22 janv. 2016 12:52:32 org.apache.catalina.startup.Catalina start
INFO: Server startup in 2025 ms
22 janv. 2016 13:09:16 org.apache.coyote.http11.Http11Protocol pause
INFO: Suspension de Coyote HTTP/1.1 sur http-8080
22 janv. 2016 13:09:18 org.apache.catalina.core.StandardService stop
INFO: Arrêt du service Catalina
22 janv. 2016 13:09:18 org.apache.catalina.loader.WebappClassLoader clearReferencesThreads
GRAVE: The web application [/xtf] appears to have started a thread named [Thread-25] but has failed to stop it. This is very likely to create a memory leak.
22 janv. 2016 13:09:18 org.apache.catalina.loader.WebappClassLoader clearThreadLocalMap
GRAVE: The web application [/xtf] created a ThreadLocal with key of type [java.lang.ThreadLocal] (value [java.lang.ThreadLocal@36633b88]) and a value of type [org.apache.lucene.index.SegmentTermEnum] (value [org.apache.lucene.index.SegmentTermEnum@2cd9799d]) but failed to remove it when the web application was stopped. This is very likely to create a memory leak.
22 janv. 2016 13:09:18 org.apache.catalina.loader.WebappClassLoader clearThreadLocalMap
GRAVE: The web application [/xtf] created a ThreadLocal with key of type [java.lang.ThreadLocal] (value [java.lang.ThreadLocal@79bf496b]) and a value of type [org.cdlib.xtf.util.PackedByteBuf.CompressInfo] (value [org.cdlib.xtf.util.PackedByteBuf$CompressInfo@7d6d4e3e]) but failed to remove it when the web application was stopped. This is very likely to create a memory leak.
22 janv. 2016 13:09:18 org.apache.catalina.loader.WebappClassLoader clearThreadLocalMap
GRAVE: The web application [/xtf] created a ThreadLocal with key of type [java.lang.ThreadLocal] (value [java.lang.ThreadLocal@36633b88]) and a value of type [org.apache.lucene.index.SegmentTermEnum] (value [org.apache.lucene.index.SegmentTermEnum@132c08c7]) but failed to remove it when the web application was stopped. This is very likely to create a memory leak.
22 janv. 2016 13:09:18 org.apache.catalina.loader.WebappClassLoader clearThreadLocalMap
GRAVE: The web application [/xtf] created a ThreadLocal with key of type [java.lang.ThreadLocal] (value [java.lang.ThreadLocal@79bf496b]) and a value of type [org.cdlib.xtf.util.PackedByteBuf.CompressInfo] (value [org.cdlib.xtf.util.PackedByteBuf$CompressInfo@2ff44aa6]) but failed to remove it when the web application was stopped. This is very likely to create a memory leak.
22 janv. 2016 13:09:18 org.apache.catalina.loader.WebappClassLoader clearThreadLocalMap
GRAVE: The web application [/xtf] created a ThreadLocal with key of type [java.lang.ThreadLocal] (value [java.lang.ThreadLocal@36633b88]) and a value of type [org.apache.lucene.index.SegmentTermEnum] (value [org.apache.lucene.index.SegmentTermEnum@4f50f0e2]) but failed to remove it when the web application was stopped. This is very likely to create a memory leak.
22 janv. 2016 13:09:18 org.apache.catalina.loader.WebappClassLoader clearThreadLocalMap
GRAVE: The web application [/xtf] created a ThreadLocal with key of type [java.lang.ThreadLocal] (value [java.lang.ThreadLocal@79bf496b]) and a value of type [org.cdlib.xtf.util.PackedByteBuf.CompressInfo] (value [org.cdlib.xtf.util.PackedByteBuf$CompressInfo@4af6ae1c]) but failed to remove it when the web application was stopped. This is very likely to create a memory leak.
22 janv. 2016 13:09:18 org.apache.catalina.loader.WebappClassLoader clearThreadLocalMap
GRAVE: The web application [/xtf] created a ThreadLocal with key of type [java.lang.ThreadLocal] (value [java.lang.ThreadLocal@36633b88]) and a value of type [org.apache.lucene.index.SegmentTermEnum] (value [org.apache.lucene.index.SegmentTermEnum@920d6b7]) but failed to remove it when the web application was stopped. This is very likely to create a memory leak.
22 janv. 2016 13:09:18 org.apache.catalina.loader.WebappClassLoader clearThreadLocalMap
GRAVE: The web application [/xtf] created a ThreadLocal with key of type [java.lang.ThreadLocal] (value [java.lang.ThreadLocal@79bf496b]) and a value of type [org.cdlib.xtf.util.PackedByteBuf.CompressInfo] (value [org.cdlib.xtf.util.PackedByteBuf$CompressInfo@4af08d0f]) but failed to remove it when the web application was stopped. This is very likely to create a memory leak.
22 janv. 2016 13:09:18 org.apache.coyote.http11.Http11Protocol destroy
INFO: Arrêt de Coyote HTTP/1.1 sur http-8080
22 janv. 2016 14:04:12 org.apache.catalina.core.AprLifecycleListener init
INFO: The APR based Apache Tomcat Native library which allows optimal performance in production environments was not found on the java.library.path: .:/Library/Java/Extensions:/System/Library/Java/Extensions:/usr/lib/java
22 janv. 2016 14:04:13 org.apache.coyote.http11.Http11Protocol init
INFO: Initialisation de Coyote HTTP/1.1 sur http-8080
22 janv. 2016 14:04:13 org.apache.catalina.startup.Catalina load
INFO: Initialization processed in 2328 ms
22 janv. 2016 14:04:13 org.apache.catalina.core.StandardService start
INFO: Démarrage du service Catalina
22 janv. 2016 14:04:13 org.apache.catalina.core.StandardEngine start
INFO: Starting Servlet Engine: Apache Tomcat/6.0.29
22 janv. 2016 14:04:13 org.apache.catalina.startup.HostConfig deployDescriptor
INFO: Déploiement du descripteur de configuration host-manager.xml
22 janv. 2016 14:04:13 org.apache.catalina.startup.HostConfig deployDescriptor
INFO: Déploiement du descripteur de configuration manager.xml
22 janv. 2016 14:04:14 org.apache.catalina.startup.HostConfig deployDirectory
INFO: Déploiement du répertoire docs de l'application web
22 janv. 2016 14:04:14 org.apache.catalina.startup.HostConfig deployDirectory
INFO: Déploiement du répertoire examples de l'application web
22 janv. 2016 14:04:14 org.apache.catalina.startup.HostConfig deployDirectory
INFO: Déploiement du répertoire ROOT de l'application web
22 janv. 2016 14:04:14 org.apache.catalina.startup.HostConfig deployDirectory
INFO: Déploiement du répertoire xtf de l'application web
22 janv. 2016 14:04:14 org.apache.coyote.http11.Http11Protocol start
INFO: Démarrage de Coyote HTTP/1.1 sur http-8080
22 janv. 2016 14:04:15 org.apache.jk.common.ChannelSocket init
INFO: JK: ajp13 listening on /0.0.0.0:8009
22 janv. 2016 14:04:15 org.apache.jk.server.JkMain start
INFO: Jk running ID=0 time=0/14  config=null
22 janv. 2016 14:04:15 org.apache.catalina.startup.Catalina start
INFO: Server startup in 1828 ms
22 janv. 2016 19:16:05 org.apache.coyote.http11.Http11Protocol pause
INFO: Suspension de Coyote HTTP/1.1 sur http-8080
22 janv. 2016 19:16:06 org.apache.catalina.core.StandardService stop
INFO: Arrêt du service Catalina
22 janv. 2016 19:16:06 org.apache.catalina.loader.WebappClassLoader clearThreadLocalMap
GRAVE: The web application [/xtf] created a ThreadLocal with key of type [java.lang.ThreadLocal] (value [java.lang.ThreadLocal@1bab2a6]) and a value of type [org.cdlib.xtf.util.PackedByteBuf.CompressInfo] (value [org.cdlib.xtf.util.PackedByteBuf$CompressInfo@826b12d]) but failed to remove it when the web application was stopped. This is very likely to create a memory leak.
22 janv. 2016 19:16:06 org.apache.catalina.loader.WebappClassLoader clearThreadLocalMap
GRAVE: The web application [/xtf] created a ThreadLocal with key of type [java.lang.ThreadLocal] (value [java.lang.ThreadLocal@1bab2a6]) and a value of type [org.cdlib.xtf.util.PackedByteBuf.CompressInfo] (value [org.cdlib.xtf.util.PackedByteBuf$CompressInfo@243a0589]) but failed to remove it when the web application was stopped. This is very likely to create a memory leak.
22 janv. 2016 19:16:06 org.apache.catalina.loader.WebappClassLoader clearThreadLocalMap
GRAVE: The web application [/xtf] created a ThreadLocal with key of type [java.lang.ThreadLocal] (value [java.lang.ThreadLocal@1bab2a6]) and a value of type [org.cdlib.xtf.util.PackedByteBuf.CompressInfo] (value [org.cdlib.xtf.util.PackedByteBuf$CompressInfo@5d4177f3]) but failed to remove it when the web application was stopped. This is very likely to create a memory leak.
22 janv. 2016 19:16:06 org.apache.catalina.loader.WebappClassLoader clearThreadLocalMap
GRAVE: The web application [/xtf] created a ThreadLocal with key of type [java.lang.ThreadLocal] (value [java.lang.ThreadLocal@1bab2a6]) and a value of type [org.cdlib.xtf.util.PackedByteBuf.CompressInfo] (value [org.cdlib.xtf.util.PackedByteBuf$CompressInfo@752a2259]) but failed to remove it when the web application was stopped. This is very likely to create a memory leak.
22 janv. 2016 19:16:07 org.apache.coyote.http11.Http11Protocol destroy
INFO: Arrêt de Coyote HTTP/1.1 sur http-8080
