Oct 29, 2010 10:06:27 AM org.apache.catalina.core.AprLifecycleListener init
INFO: The APR based Apache Tomcat Native library which allows optimal performance in production environments was not found on the java.library.path: .:/Library/Java/Extensions:/System/Library/Java/Extensions:/usr/lib/java
Oct 29, 2010 10:06:28 AM org.apache.coyote.http11.Http11Protocol init
INFO: Initializing Coyote HTTP/1.1 on http-8080
Oct 29, 2010 10:06:28 AM org.apache.catalina.startup.Catalina load
INFO: Initialization processed in 759 ms
Oct 29, 2010 10:06:28 AM org.apache.catalina.core.StandardService start
INFO: Starting service Catalina
Oct 29, 2010 10:06:28 AM org.apache.catalina.core.StandardEngine start
INFO: Starting Servlet Engine: Apache Tomcat/6.0.29
Oct 29, 2010 10:06:28 AM org.apache.catalina.startup.HostConfig deployDescriptor
INFO: Deploying configuration descriptor host-manager.xml
Oct 29, 2010 10:06:28 AM org.apache.catalina.startup.HostConfig deployDescriptor
INFO: Deploying configuration descriptor manager.xml
Oct 29, 2010 10:06:28 AM org.apache.catalina.startup.HostConfig deployDirectory
INFO: Deploying web application directory docs
Oct 29, 2010 10:06:28 AM org.apache.catalina.startup.HostConfig deployDirectory
INFO: Deploying web application directory examples
Oct 29, 2010 10:06:29 AM org.apache.catalina.startup.HostConfig deployDirectory
INFO: Deploying web application directory ROOT
Oct 29, 2010 10:06:29 AM org.apache.catalina.startup.HostConfig deployDirectory
INFO: Deploying web application directory xtf
Oct 29, 2010 10:06:30 AM org.apache.coyote.http11.Http11Protocol start
INFO: Starting Coyote HTTP/1.1 on http-8080
Oct 29, 2010 10:06:30 AM org.apache.jk.common.ChannelSocket init
INFO: JK: ajp13 listening on /0.0.0.0:8009
Oct 29, 2010 10:06:30 AM org.apache.jk.server.JkMain start
INFO: Jk running ID=0 time=0/18  config=null
Oct 29, 2010 10:06:30 AM org.apache.catalina.startup.Catalina start
INFO: Server startup in 1862 ms
Oct 29, 2010 10:07:12 AM org.apache.coyote.http11.Http11Protocol pause
INFO: Pausing Coyote HTTP/1.1 on http-8080
Oct 29, 2010 10:07:13 AM org.apache.catalina.core.StandardService stop
INFO: Stopping service Catalina
Oct 29, 2010 10:07:13 AM org.apache.catalina.loader.WebappClassLoader clearReferencesThreads
SEVERE: The web application [/xtf] appears to have started a thread named [Thread-9] but has failed to stop it. This is very likely to create a memory leak.
Oct 29, 2010 10:07:13 AM org.apache.catalina.loader.WebappClassLoader clearThreadLocalMap
SEVERE: The web application [/xtf] created a ThreadLocal with key of type [java.lang.ThreadLocal] (value [java.lang.ThreadLocal@275564]) and a value of type [org.apache.lucene.index.SegmentTermEnum] (value [org.apache.lucene.index.SegmentTermEnum@571f7e]) but failed to remove it when the web application was stopped. This is very likely to create a memory leak.
Oct 29, 2010 10:07:13 AM org.apache.catalina.loader.WebappClassLoader clearThreadLocalMap
SEVERE: The web application [/xtf] created a ThreadLocal with key of type [java.lang.ThreadLocal] (value [java.lang.ThreadLocal@d4a617]) and a value of type [org.cdlib.xtf.util.PackedByteBuf.CompressInfo] (value [org.cdlib.xtf.util.PackedByteBuf$CompressInfo@e46128]) but failed to remove it when the web application was stopped. This is very likely to create a memory leak.
Oct 29, 2010 10:07:13 AM org.apache.catalina.loader.WebappClassLoader clearThreadLocalMap
SEVERE: The web application [/xtf] created a ThreadLocal with key of type [java.lang.ThreadLocal] (value [java.lang.ThreadLocal@275564]) and a value of type [org.apache.lucene.index.SegmentTermEnum] (value [org.apache.lucene.index.SegmentTermEnum@a68a10]) but failed to remove it when the web application was stopped. This is very likely to create a memory leak.
Oct 29, 2010 10:07:13 AM org.apache.catalina.loader.WebappClassLoader clearThreadLocalMap
SEVERE: The web application [/xtf] created a ThreadLocal with key of type [java.lang.ThreadLocal] (value [java.lang.ThreadLocal@d4a617]) and a value of type [org.cdlib.xtf.util.PackedByteBuf.CompressInfo] (value [org.cdlib.xtf.util.PackedByteBuf$CompressInfo@b23d7e]) but failed to remove it when the web application was stopped. This is very likely to create a memory leak.
Oct 29, 2010 10:07:13 AM org.apache.catalina.loader.WebappClassLoader clearThreadLocalMap
SEVERE: The web application [/xtf] created a ThreadLocal with key of type [java.lang.ThreadLocal] (value [java.lang.ThreadLocal@275564]) and a value of type [org.apache.lucene.index.SegmentTermEnum] (value [org.apache.lucene.index.SegmentTermEnum@e33ad7]) but failed to remove it when the web application was stopped. This is very likely to create a memory leak.
Oct 29, 2010 10:07:13 AM org.apache.catalina.loader.WebappClassLoader clearThreadLocalMap
SEVERE: The web application [/xtf] created a ThreadLocal with key of type [java.lang.ThreadLocal] (value [java.lang.ThreadLocal@d4a617]) and a value of type [org.cdlib.xtf.util.PackedByteBuf.CompressInfo] (value [org.cdlib.xtf.util.PackedByteBuf$CompressInfo@16fe10]) but failed to remove it when the web application was stopped. This is very likely to create a memory leak.
Oct 29, 2010 10:07:13 AM org.apache.coyote.http11.Http11Protocol destroy
INFO: Stopping Coyote HTTP/1.1 on http-8080
