5 févr. 2016 09:34:11 org.apache.catalina.core.AprLifecycleListener init
INFO: The APR based Apache Tomcat Native library which allows optimal performance in production environments was not found on the java.library.path: .:/Library/Java/Extensions:/System/Library/Java/Extensions:/usr/lib/java
5 févr. 2016 09:34:12 org.apache.coyote.http11.Http11Protocol init
INFO: Initialisation de Coyote HTTP/1.1 sur http-8080
5 févr. 2016 09:34:12 org.apache.catalina.startup.Catalina load
INFO: Initialization processed in 1765 ms
5 févr. 2016 09:34:12 org.apache.catalina.core.StandardService start
INFO: Démarrage du service Catalina
5 févr. 2016 09:34:12 org.apache.catalina.core.StandardEngine start
INFO: Starting Servlet Engine: Apache Tomcat/6.0.29
5 févr. 2016 09:34:12 org.apache.catalina.startup.HostConfig deployDescriptor
INFO: Déploiement du descripteur de configuration host-manager.xml
5 févr. 2016 09:34:13 org.apache.catalina.startup.HostConfig deployDescriptor
INFO: Déploiement du descripteur de configuration manager.xml
5 févr. 2016 09:34:13 org.apache.catalina.startup.HostConfig deployDirectory
INFO: Déploiement du répertoire docs de l'application web
5 févr. 2016 09:34:13 org.apache.catalina.startup.HostConfig deployDirectory
INFO: Déploiement du répertoire examples de l'application web
5 févr. 2016 09:34:14 org.apache.catalina.startup.HostConfig deployDirectory
INFO: Déploiement du répertoire ROOT de l'application web
5 févr. 2016 09:34:14 org.apache.catalina.startup.HostConfig deployDirectory
INFO: Déploiement du répertoire xtf de l'application web
5 févr. 2016 09:34:15 org.apache.coyote.http11.Http11Protocol start
INFO: Démarrage de Coyote HTTP/1.1 sur http-8080
5 févr. 2016 09:34:15 org.apache.jk.common.ChannelSocket init
INFO: JK: ajp13 listening on /0.0.0.0:8009
5 févr. 2016 09:34:15 org.apache.jk.server.JkMain start
INFO: Jk running ID=0 time=0/17  config=null
5 févr. 2016 09:34:15 org.apache.catalina.startup.Catalina start
INFO: Server startup in 3249 ms
5 févr. 2016 12:03:17 org.apache.coyote.http11.Http11Protocol pause
INFO: Suspension de Coyote HTTP/1.1 sur http-8080
5 févr. 2016 12:03:18 org.apache.catalina.core.StandardService stop
INFO: Arrêt du service Catalina
5 févr. 2016 12:03:18 org.apache.catalina.loader.WebappClassLoader clearThreadLocalMap
GRAVE: The web application [/xtf] created a ThreadLocal with key of type [java.lang.ThreadLocal] (value [java.lang.ThreadLocal@6deea96c]) and a value of type [org.cdlib.xtf.util.PackedByteBuf.CompressInfo] (value [org.cdlib.xtf.util.PackedByteBuf$CompressInfo@4fb529d6]) but failed to remove it when the web application was stopped. This is very likely to create a memory leak.
5 févr. 2016 12:03:18 org.apache.catalina.loader.WebappClassLoader clearThreadLocalMap
GRAVE: The web application [/xtf] created a ThreadLocal with key of type [java.lang.ThreadLocal] (value [java.lang.ThreadLocal@6deea96c]) and a value of type [org.cdlib.xtf.util.PackedByteBuf.CompressInfo] (value [org.cdlib.xtf.util.PackedByteBuf$CompressInfo@7ecdc97b]) but failed to remove it when the web application was stopped. This is very likely to create a memory leak.
5 févr. 2016 12:03:18 org.apache.catalina.loader.WebappClassLoader clearThreadLocalMap
GRAVE: The web application [/xtf] created a ThreadLocal with key of type [java.lang.ThreadLocal] (value [java.lang.ThreadLocal@6deea96c]) and a value of type [org.cdlib.xtf.util.PackedByteBuf.CompressInfo] (value [org.cdlib.xtf.util.PackedByteBuf$CompressInfo@7866eb46]) but failed to remove it when the web application was stopped. This is very likely to create a memory leak.
5 févr. 2016 12:03:18 org.apache.catalina.loader.WebappClassLoader clearThreadLocalMap
GRAVE: The web application [/xtf] created a ThreadLocal with key of type [java.lang.ThreadLocal] (value [java.lang.ThreadLocal@6deea96c]) and a value of type [org.cdlib.xtf.util.PackedByteBuf.CompressInfo] (value [org.cdlib.xtf.util.PackedByteBuf$CompressInfo@2ce07e6b]) but failed to remove it when the web application was stopped. This is very likely to create a memory leak.
5 févr. 2016 12:03:18 org.apache.catalina.loader.WebappClassLoader clearThreadLocalMap
GRAVE: The web application [/xtf] created a ThreadLocal with key of type [java.lang.ThreadLocal] (value [java.lang.ThreadLocal@6deea96c]) and a value of type [org.cdlib.xtf.util.PackedByteBuf.CompressInfo] (value [org.cdlib.xtf.util.PackedByteBuf$CompressInfo@468bb9d1]) but failed to remove it when the web application was stopped. This is very likely to create a memory leak.
5 févr. 2016 12:03:18 org.apache.catalina.loader.WebappClassLoader clearThreadLocalMap
GRAVE: The web application [/xtf] created a ThreadLocal with key of type [java.lang.ThreadLocal] (value [java.lang.ThreadLocal@6deea96c]) and a value of type [org.cdlib.xtf.util.PackedByteBuf.CompressInfo] (value [org.cdlib.xtf.util.PackedByteBuf$CompressInfo@7f546c85]) but failed to remove it when the web application was stopped. This is very likely to create a memory leak.
5 févr. 2016 12:03:18 org.apache.catalina.loader.WebappClassLoader clearThreadLocalMap
GRAVE: The web application [/xtf] created a ThreadLocal with key of type [java.lang.ThreadLocal] (value [java.lang.ThreadLocal@6deea96c]) and a value of type [org.cdlib.xtf.util.PackedByteBuf.CompressInfo] (value [org.cdlib.xtf.util.PackedByteBuf$CompressInfo@7fa0d111]) but failed to remove it when the web application was stopped. This is very likely to create a memory leak.
5 févr. 2016 12:03:18 org.apache.catalina.loader.WebappClassLoader clearThreadLocalMap
GRAVE: The web application [/xtf] created a ThreadLocal with key of type [java.lang.ThreadLocal] (value [java.lang.ThreadLocal@6deea96c]) and a value of type [org.cdlib.xtf.util.PackedByteBuf.CompressInfo] (value [org.cdlib.xtf.util.PackedByteBuf$CompressInfo@16fdf48d]) but failed to remove it when the web application was stopped. This is very likely to create a memory leak.
5 févr. 2016 12:03:19 org.apache.coyote.http11.Http11Protocol destroy
INFO: Arrêt de Coyote HTTP/1.1 sur http-8080
