3 déc. 2014 14:20:58 org.apache.catalina.core.AprLifecycleListener init
INFO: The APR based Apache Tomcat Native library which allows optimal performance in production environments was not found on the java.library.path: .:/Library/Java/Extensions:/System/Library/Java/Extensions:/usr/lib/java
3 déc. 2014 14:20:58 org.apache.coyote.http11.Http11Protocol init
INFO: Initialisation de Coyote HTTP/1.1 sur http-8080
3 déc. 2014 14:20:58 org.apache.catalina.startup.Catalina load
INFO: Initialization processed in 928 ms
3 déc. 2014 14:20:58 org.apache.catalina.core.StandardService start
INFO: Démarrage du service Catalina
3 déc. 2014 14:20:58 org.apache.catalina.core.StandardEngine start
INFO: Starting Servlet Engine: Apache Tomcat/6.0.29
3 déc. 2014 14:20:58 org.apache.catalina.startup.HostConfig deployDescriptor
INFO: Déploiement du descripteur de configuration host-manager.xml
3 déc. 2014 14:20:59 org.apache.catalina.startup.HostConfig deployDescriptor
INFO: Déploiement du descripteur de configuration manager.xml
3 déc. 2014 14:20:59 org.apache.catalina.startup.HostConfig deployDirectory
INFO: Déploiement du répertoire docs de l'application web
3 déc. 2014 14:20:59 org.apache.catalina.startup.HostConfig deployDirectory
INFO: Déploiement du répertoire examples de l'application web
3 déc. 2014 14:21:00 org.apache.catalina.startup.HostConfig deployDirectory
INFO: Déploiement du répertoire ROOT de l'application web
3 déc. 2014 14:21:00 org.apache.catalina.startup.HostConfig deployDirectory
INFO: Déploiement du répertoire xtf de l'application web
3 déc. 2014 14:21:00 org.apache.coyote.http11.Http11Protocol start
INFO: Démarrage de Coyote HTTP/1.1 sur http-8080
3 déc. 2014 14:21:00 org.apache.jk.common.ChannelSocket init
INFO: JK: ajp13 listening on /0.0.0.0:8009
3 déc. 2014 14:21:00 org.apache.jk.server.JkMain start
INFO: Jk running ID=0 time=0/25  config=null
3 déc. 2014 14:21:00 org.apache.catalina.startup.Catalina start
INFO: Server startup in 2042 ms
3 déc. 2014 15:22:21 org.apache.coyote.http11.Http11Protocol pause
INFO: Suspension de Coyote HTTP/1.1 sur http-8080
3 déc. 2014 15:22:22 org.apache.catalina.core.StandardService stop
INFO: Arrêt du service Catalina
3 déc. 2014 15:22:22 org.apache.catalina.loader.WebappClassLoader clearReferencesThreads
GRAVE: The web application [/xtf] appears to have started a thread named [Thread-18] but has failed to stop it. This is very likely to create a memory leak.
3 déc. 2014 15:22:22 org.apache.catalina.loader.WebappClassLoader clearThreadLocalMap
GRAVE: The web application [/xtf] created a ThreadLocal with key of type [java.lang.ThreadLocal] (value [java.lang.ThreadLocal@4d6c32dd]) and a value of type [org.cdlib.xtf.util.PackedByteBuf.CompressInfo] (value [org.cdlib.xtf.util.PackedByteBuf$CompressInfo@7a7f72e0]) but failed to remove it when the web application was stopped. This is very likely to create a memory leak.
3 déc. 2014 15:22:22 org.apache.catalina.loader.WebappClassLoader clearThreadLocalMap
GRAVE: The web application [/xtf] created a ThreadLocal with key of type [null] (value [null]) and a value of type [org.apache.lucene.index.SegmentTermEnum] (value [org.apache.lucene.index.SegmentTermEnum@454f0ef4]) but failed to remove it when the web application was stopped. This is very likely to create a memory leak.
3 déc. 2014 15:22:22 org.apache.catalina.loader.WebappClassLoader clearThreadLocalMap
GRAVE: The web application [/xtf] created a ThreadLocal with key of type [java.lang.ThreadLocal] (value [java.lang.ThreadLocal@495ed8b8]) and a value of type [org.apache.lucene.index.SegmentTermEnum] (value [org.apache.lucene.index.SegmentTermEnum@71e63da9]) but failed to remove it when the web application was stopped. This is very likely to create a memory leak.
3 déc. 2014 15:22:22 org.apache.catalina.loader.WebappClassLoader clearThreadLocalMap
GRAVE: The web application [/xtf] created a ThreadLocal with key of type [java.lang.ThreadLocal] (value [java.lang.ThreadLocal@42da5caa]) and a value of type [org.apache.lucene.index.SegmentTermEnum] (value [org.apache.lucene.index.SegmentTermEnum@df9bf30]) but failed to remove it when the web application was stopped. This is very likely to create a memory leak.
3 déc. 2014 15:22:22 org.apache.catalina.loader.WebappClassLoader clearThreadLocalMap
GRAVE: The web application [/xtf] created a ThreadLocal with key of type [java.lang.ThreadLocal] (value [java.lang.ThreadLocal@4d6c32dd]) and a value of type [org.cdlib.xtf.util.PackedByteBuf.CompressInfo] (value [org.cdlib.xtf.util.PackedByteBuf$CompressInfo@776ef7b]) but failed to remove it when the web application was stopped. This is very likely to create a memory leak.
3 déc. 2014 15:22:22 org.apache.catalina.loader.WebappClassLoader clearThreadLocalMap
GRAVE: The web application [/xtf] created a ThreadLocal with key of type [null] (value [null]) and a value of type [org.apache.lucene.index.SegmentTermEnum] (value [org.apache.lucene.index.SegmentTermEnum@11647811]) but failed to remove it when the web application was stopped. This is very likely to create a memory leak.
3 déc. 2014 15:22:22 org.apache.catalina.loader.WebappClassLoader clearThreadLocalMap
GRAVE: The web application [/xtf] created a ThreadLocal with key of type [java.lang.ThreadLocal] (value [java.lang.ThreadLocal@4d6c32dd]) and a value of type [org.cdlib.xtf.util.PackedByteBuf.CompressInfo] (value [org.cdlib.xtf.util.PackedByteBuf$CompressInfo@5b06ad02]) but failed to remove it when the web application was stopped. This is very likely to create a memory leak.
3 déc. 2014 15:22:22 org.apache.catalina.loader.WebappClassLoader clearThreadLocalMap
GRAVE: The web application [/xtf] created a ThreadLocal with key of type [null] (value [null]) and a value of type [org.apache.lucene.index.SegmentTermEnum] (value [org.apache.lucene.index.SegmentTermEnum@13488cfe]) but failed to remove it when the web application was stopped. This is very likely to create a memory leak.
3 déc. 2014 15:22:22 org.apache.catalina.loader.WebappClassLoader clearThreadLocalMap
GRAVE: The web application [/xtf] created a ThreadLocal with key of type [java.lang.ThreadLocal] (value [java.lang.ThreadLocal@4d6c32dd]) and a value of type [org.cdlib.xtf.util.PackedByteBuf.CompressInfo] (value [org.cdlib.xtf.util.PackedByteBuf$CompressInfo@208196]) but failed to remove it when the web application was stopped. This is very likely to create a memory leak.
3 déc. 2014 15:22:22 org.apache.catalina.loader.WebappClassLoader clearThreadLocalMap
GRAVE: The web application [/xtf] created a ThreadLocal with key of type [java.lang.ThreadLocal] (value [java.lang.ThreadLocal@4d6c32dd]) and a value of type [org.cdlib.xtf.util.PackedByteBuf.CompressInfo] (value [org.cdlib.xtf.util.PackedByteBuf$CompressInfo@561b9eea]) but failed to remove it when the web application was stopped. This is very likely to create a memory leak.
3 déc. 2014 15:22:22 org.apache.coyote.http11.Http11Protocol destroy
INFO: Arrêt de Coyote HTTP/1.1 sur http-8080
3 déc. 2014 17:25:44 org.apache.catalina.core.AprLifecycleListener init
INFO: The APR based Apache Tomcat Native library which allows optimal performance in production environments was not found on the java.library.path: .:/Library/Java/Extensions:/System/Library/Java/Extensions:/usr/lib/java
3 déc. 2014 17:25:44 org.apache.coyote.http11.Http11Protocol init
INFO: Initialisation de Coyote HTTP/1.1 sur http-8080
3 déc. 2014 17:25:44 org.apache.catalina.startup.Catalina load
INFO: Initialization processed in 853 ms
3 déc. 2014 17:25:44 org.apache.catalina.core.StandardService start
INFO: Démarrage du service Catalina
3 déc. 2014 17:25:44 org.apache.catalina.core.StandardEngine start
INFO: Starting Servlet Engine: Apache Tomcat/6.0.29
3 déc. 2014 17:25:44 org.apache.catalina.startup.HostConfig deployDescriptor
INFO: Déploiement du descripteur de configuration host-manager.xml
3 déc. 2014 17:25:45 org.apache.catalina.startup.HostConfig deployDescriptor
INFO: Déploiement du descripteur de configuration manager.xml
3 déc. 2014 17:25:45 org.apache.catalina.startup.HostConfig deployDirectory
INFO: Déploiement du répertoire docs de l'application web
3 déc. 2014 17:25:45 org.apache.catalina.startup.HostConfig deployDirectory
INFO: Déploiement du répertoire examples de l'application web
3 déc. 2014 17:25:45 org.apache.catalina.startup.HostConfig deployDirectory
INFO: Déploiement du répertoire ROOT de l'application web
3 déc. 2014 17:25:45 org.apache.catalina.startup.HostConfig deployDirectory
INFO: Déploiement du répertoire xtf de l'application web
3 déc. 2014 17:25:46 org.apache.coyote.http11.Http11Protocol start
INFO: Démarrage de Coyote HTTP/1.1 sur http-8080
3 déc. 2014 17:25:46 org.apache.jk.common.ChannelSocket init
INFO: JK: ajp13 listening on /0.0.0.0:8009
3 déc. 2014 17:25:46 org.apache.jk.server.JkMain start
INFO: Jk running ID=0 time=0/17  config=null
3 déc. 2014 17:25:46 org.apache.catalina.startup.Catalina start
INFO: Server startup in 2053 ms
3 déc. 2014 18:16:46 org.apache.catalina.core.AprLifecycleListener init
INFO: The APR based Apache Tomcat Native library which allows optimal performance in production environments was not found on the java.library.path: .:/Library/Java/Extensions:/System/Library/Java/Extensions:/usr/lib/java
3 déc. 2014 18:16:47 org.apache.coyote.http11.Http11Protocol init
INFO: Initialisation de Coyote HTTP/1.1 sur http-8080
3 déc. 2014 18:16:47 org.apache.catalina.startup.Catalina load
INFO: Initialization processed in 778 ms
3 déc. 2014 18:16:47 org.apache.catalina.core.StandardService start
INFO: Démarrage du service Catalina
3 déc. 2014 18:16:47 org.apache.catalina.core.StandardEngine start
INFO: Starting Servlet Engine: Apache Tomcat/6.0.29
3 déc. 2014 18:16:47 org.apache.catalina.startup.HostConfig deployDescriptor
INFO: Déploiement du descripteur de configuration host-manager.xml
3 déc. 2014 18:16:47 org.apache.catalina.startup.HostConfig deployDescriptor
INFO: Déploiement du descripteur de configuration manager.xml
3 déc. 2014 18:16:47 org.apache.catalina.startup.HostConfig deployDirectory
INFO: Déploiement du répertoire docs de l'application web
3 déc. 2014 18:16:47 org.apache.catalina.startup.HostConfig deployDirectory
INFO: Déploiement du répertoire examples de l'application web
3 déc. 2014 18:16:48 org.apache.catalina.startup.HostConfig deployDirectory
INFO: Déploiement du répertoire ROOT de l'application web
3 déc. 2014 18:16:48 org.apache.catalina.startup.HostConfig deployDirectory
INFO: Déploiement du répertoire xtf de l'application web
3 déc. 2014 18:16:48 org.apache.coyote.http11.Http11Protocol start
INFO: Démarrage de Coyote HTTP/1.1 sur http-8080
3 déc. 2014 18:16:48 org.apache.jk.common.ChannelSocket init
INFO: JK: ajp13 listening on /0.0.0.0:8009
3 déc. 2014 18:16:48 org.apache.jk.server.JkMain start
INFO: Jk running ID=0 time=0/32  config=null
3 déc. 2014 18:16:48 org.apache.catalina.startup.Catalina start
INFO: Server startup in 1554 ms
3 déc. 2014 19:02:36 org.apache.coyote.http11.Http11Protocol pause
INFO: Suspension de Coyote HTTP/1.1 sur http-8080
3 déc. 2014 19:02:37 org.apache.catalina.core.StandardService stop
INFO: Arrêt du service Catalina
3 déc. 2014 19:02:37 org.apache.catalina.loader.WebappClassLoader clearThreadLocalMap
GRAVE: The web application [/xtf] created a ThreadLocal with key of type [java.lang.ThreadLocal] (value [java.lang.ThreadLocal@4fbbe4e1]) and a value of type [org.cdlib.xtf.util.PackedByteBuf.CompressInfo] (value [org.cdlib.xtf.util.PackedByteBuf$CompressInfo@38af98ac]) but failed to remove it when the web application was stopped. This is very likely to create a memory leak.
3 déc. 2014 19:02:37 org.apache.catalina.loader.WebappClassLoader clearThreadLocalMap
GRAVE: The web application [/xtf] created a ThreadLocal with key of type [java.lang.ThreadLocal] (value [java.lang.ThreadLocal@4fbbe4e1]) and a value of type [org.cdlib.xtf.util.PackedByteBuf.CompressInfo] (value [org.cdlib.xtf.util.PackedByteBuf$CompressInfo@10506147]) but failed to remove it when the web application was stopped. This is very likely to create a memory leak.
3 déc. 2014 19:02:37 org.apache.catalina.loader.WebappClassLoader clearThreadLocalMap
GRAVE: The web application [/xtf] created a ThreadLocal with key of type [java.lang.ThreadLocal] (value [java.lang.ThreadLocal@4fbbe4e1]) and a value of type [org.cdlib.xtf.util.PackedByteBuf.CompressInfo] (value [org.cdlib.xtf.util.PackedByteBuf$CompressInfo@d2284af]) but failed to remove it when the web application was stopped. This is very likely to create a memory leak.
3 déc. 2014 19:02:38 org.apache.coyote.http11.Http11Protocol destroy
INFO: Arrêt de Coyote HTTP/1.1 sur http-8080
