déc. 17, 2019 11:23:52 AM org.apache.catalina.core.AprLifecycleListener init
INFOS: The APR based Apache Tomcat Native library which allows optimal performance in production environments was not found on the java.library.path: /Users/christophe/Library/Java/Extensions:/Library/Java/Extensions:/Network/Library/Java/Extensions:/System/Library/Java/Extensions:/usr/lib/java:.
déc. 17, 2019 11:23:52 AM org.apache.coyote.http11.Http11Protocol init
INFOS: Initialisation de Coyote HTTP/1.1 sur http-8080
déc. 17, 2019 11:23:52 AM org.apache.catalina.startup.Catalina load
INFOS: Initialization processed in 432 ms
déc. 17, 2019 11:23:52 AM org.apache.catalina.core.StandardService start
INFOS: Démarrage du service Catalina
déc. 17, 2019 11:23:52 AM org.apache.catalina.core.StandardEngine start
INFOS: Starting Servlet Engine: Apache Tomcat/6.0.29
déc. 17, 2019 11:23:52 AM org.apache.catalina.startup.HostConfig deployDescriptor
INFOS: Déploiement du descripteur de configuration host-manager.xml
déc. 17, 2019 11:23:52 AM org.apache.catalina.startup.HostConfig deployDescriptor
INFOS: Déploiement du descripteur de configuration manager.xml
déc. 17, 2019 11:23:52 AM org.apache.catalina.startup.HostConfig deployDirectory
INFOS: Déploiement du répertoire xtf de l'application web
déc. 17, 2019 11:23:52 AM org.apache.catalina.startup.HostConfig deployDirectory
INFOS: Déploiement du répertoire docs de l'application web
déc. 17, 2019 11:23:52 AM org.apache.catalina.startup.HostConfig deployDirectory
INFOS: Déploiement du répertoire examples de l'application web
déc. 17, 2019 11:23:52 AM org.apache.catalina.startup.HostConfig deployDirectory
INFOS: Déploiement du répertoire ROOT de l'application web
déc. 17, 2019 11:23:52 AM org.apache.coyote.http11.Http11Protocol start
INFOS: Démarrage de Coyote HTTP/1.1 sur http-8080
déc. 17, 2019 11:23:52 AM org.apache.jk.common.ChannelSocket init
INFOS: JK: ajp13 listening on /0.0.0.0:8009
déc. 17, 2019 11:23:52 AM org.apache.jk.server.JkMain start
INFOS: Jk running ID=0 time=0/12  config=null
déc. 17, 2019 11:23:52 AM org.apache.catalina.startup.Catalina start
INFOS: Server startup in 378 ms
déc. 17, 2019 10:14:53 PM org.apache.coyote.http11.Http11Protocol pause
INFOS: Suspension de Coyote HTTP/1.1 sur http-8080
déc. 17, 2019 10:14:59 PM org.apache.catalina.core.StandardService stop
INFOS: Arrêt du service Catalina
déc. 17, 2019 10:14:59 PM org.apache.catalina.loader.WebappClassLoader clearReferencesThreads
GRAVE: The web application [/xtf] appears to have started a thread named [Thread-9] but has failed to stop it. This is very likely to create a memory leak.
déc. 17, 2019 10:14:59 PM org.apache.catalina.loader.WebappClassLoader clearThreadLocalMap
GRAVE: The web application [/xtf] created a ThreadLocal with key of type [null] (value [null]) and a value of type [org.apache.lucene.index.SegmentTermEnum] (value [org.apache.lucene.index.SegmentTermEnum@43e08f03]) but failed to remove it when the web application was stopped. This is very likely to create a memory leak.
déc. 17, 2019 10:14:59 PM org.apache.catalina.loader.WebappClassLoader clearThreadLocalMap
GRAVE: The web application [/xtf] created a ThreadLocal with key of type [java.lang.ThreadLocal] (value [java.lang.ThreadLocal@c8f5fa3]) and a value of type [org.apache.lucene.index.SegmentTermEnum] (value [org.apache.lucene.index.SegmentTermEnum@1a7c5a3c]) but failed to remove it when the web application was stopped. This is very likely to create a memory leak.
déc. 17, 2019 10:14:59 PM org.apache.catalina.loader.WebappClassLoader clearThreadLocalMap
GRAVE: The web application [/xtf] created a ThreadLocal with key of type [java.lang.ThreadLocal] (value [java.lang.ThreadLocal@24dcebde]) and a value of type [org.cdlib.xtf.util.PackedByteBuf.CompressInfo] (value [org.cdlib.xtf.util.PackedByteBuf$CompressInfo@2c67c18]) but failed to remove it when the web application was stopped. This is very likely to create a memory leak.
déc. 17, 2019 10:14:59 PM org.apache.catalina.loader.WebappClassLoader clearThreadLocalMap
GRAVE: The web application [/xtf] created a ThreadLocal with key of type [null] (value [null]) and a value of type [org.apache.lucene.index.SegmentTermEnum] (value [org.apache.lucene.index.SegmentTermEnum@36211774]) but failed to remove it when the web application was stopped. This is very likely to create a memory leak.
déc. 17, 2019 10:14:59 PM org.apache.catalina.loader.WebappClassLoader clearThreadLocalMap
GRAVE: The web application [/xtf] created a ThreadLocal with key of type [null] (value [null]) and a value of type [org.apache.lucene.index.SegmentTermEnum] (value [org.apache.lucene.index.SegmentTermEnum@35cb705f]) but failed to remove it when the web application was stopped. This is very likely to create a memory leak.
déc. 17, 2019 10:14:59 PM org.apache.catalina.loader.WebappClassLoader clearThreadLocalMap
GRAVE: The web application [/xtf] created a ThreadLocal with key of type [null] (value [null]) and a value of type [org.apache.lucene.index.SegmentTermEnum] (value [org.apache.lucene.index.SegmentTermEnum@286ea89e]) but failed to remove it when the web application was stopped. This is very likely to create a memory leak.
déc. 17, 2019 10:14:59 PM org.apache.catalina.loader.WebappClassLoader clearThreadLocalMap
GRAVE: The web application [/xtf] created a ThreadLocal with key of type [null] (value [null]) and a value of type [org.apache.lucene.index.SegmentTermEnum] (value [org.apache.lucene.index.SegmentTermEnum@19793737]) but failed to remove it when the web application was stopped. This is very likely to create a memory leak.
déc. 17, 2019 10:14:59 PM org.apache.catalina.loader.WebappClassLoader clearThreadLocalMap
GRAVE: The web application [/xtf] created a ThreadLocal with key of type [null] (value [null]) and a value of type [org.apache.lucene.index.SegmentTermEnum] (value [org.apache.lucene.index.SegmentTermEnum@275d19db]) but failed to remove it when the web application was stopped. This is very likely to create a memory leak.
déc. 17, 2019 10:14:59 PM org.apache.catalina.loader.WebappClassLoader clearThreadLocalMap
GRAVE: The web application [/xtf] created a ThreadLocal with key of type [null] (value [null]) and a value of type [org.apache.lucene.index.SegmentTermEnum] (value [org.apache.lucene.index.SegmentTermEnum@49facce7]) but failed to remove it when the web application was stopped. This is very likely to create a memory leak.
déc. 17, 2019 10:14:59 PM org.apache.catalina.loader.WebappClassLoader clearThreadLocalMap
GRAVE: The web application [/xtf] created a ThreadLocal with key of type [null] (value [null]) and a value of type [org.apache.lucene.index.SegmentTermEnum] (value [org.apache.lucene.index.SegmentTermEnum@148db71e]) but failed to remove it when the web application was stopped. This is very likely to create a memory leak.
déc. 17, 2019 10:14:59 PM org.apache.catalina.loader.WebappClassLoader clearThreadLocalMap
GRAVE: The web application [/xtf] created a ThreadLocal with key of type [null] (value [null]) and a value of type [org.apache.lucene.index.SegmentTermEnum] (value [org.apache.lucene.index.SegmentTermEnum@449dfa37]) but failed to remove it when the web application was stopped. This is very likely to create a memory leak.
déc. 17, 2019 10:14:59 PM org.apache.catalina.loader.WebappClassLoader clearThreadLocalMap
GRAVE: The web application [/xtf] created a ThreadLocal with key of type [null] (value [null]) and a value of type [org.apache.lucene.index.SegmentTermEnum] (value [org.apache.lucene.index.SegmentTermEnum@b41b0be]) but failed to remove it when the web application was stopped. This is very likely to create a memory leak.
déc. 17, 2019 10:14:59 PM org.apache.catalina.loader.WebappClassLoader clearThreadLocalMap
GRAVE: The web application [/xtf] created a ThreadLocal with key of type [java.lang.ThreadLocal] (value [java.lang.ThreadLocal@c8f5fa3]) and a value of type [org.apache.lucene.index.SegmentTermEnum] (value [org.apache.lucene.index.SegmentTermEnum@1443c8c5]) but failed to remove it when the web application was stopped. This is very likely to create a memory leak.
déc. 17, 2019 10:14:59 PM org.apache.catalina.loader.WebappClassLoader clearThreadLocalMap
GRAVE: The web application [/xtf] created a ThreadLocal with key of type [java.lang.ThreadLocal] (value [java.lang.ThreadLocal@c8f5fa3]) and a value of type [org.apache.lucene.index.SegmentTermEnum] (value [org.apache.lucene.index.SegmentTermEnum@6d0fb814]) but failed to remove it when the web application was stopped. This is very likely to create a memory leak.
déc. 17, 2019 10:14:59 PM org.apache.catalina.loader.WebappClassLoader clearThreadLocalMap
GRAVE: The web application [/xtf] created a ThreadLocal with key of type [java.lang.ThreadLocal] (value [java.lang.ThreadLocal@24dcebde]) and a value of type [org.cdlib.xtf.util.PackedByteBuf.CompressInfo] (value [org.cdlib.xtf.util.PackedByteBuf$CompressInfo@4668bbc0]) but failed to remove it when the web application was stopped. This is very likely to create a memory leak.
déc. 17, 2019 10:14:59 PM org.apache.catalina.loader.WebappClassLoader clearThreadLocalMap
GRAVE: The web application [/xtf] created a ThreadLocal with key of type [null] (value [null]) and a value of type [org.apache.lucene.index.SegmentTermEnum] (value [org.apache.lucene.index.SegmentTermEnum@402a37f3]) but failed to remove it when the web application was stopped. This is very likely to create a memory leak.
déc. 17, 2019 10:14:59 PM org.apache.catalina.loader.WebappClassLoader clearThreadLocalMap
GRAVE: The web application [/xtf] created a ThreadLocal with key of type [java.lang.ThreadLocal] (value [java.lang.ThreadLocal@c8f5fa3]) and a value of type [org.apache.lucene.index.SegmentTermEnum] (value [org.apache.lucene.index.SegmentTermEnum@4a25cad3]) but failed to remove it when the web application was stopped. This is very likely to create a memory leak.
déc. 17, 2019 10:14:59 PM org.apache.catalina.loader.WebappClassLoader clearThreadLocalMap
GRAVE: The web application [/xtf] created a ThreadLocal with key of type [java.lang.ThreadLocal] (value [java.lang.ThreadLocal@24dcebde]) and a value of type [org.cdlib.xtf.util.PackedByteBuf.CompressInfo] (value [org.cdlib.xtf.util.PackedByteBuf$CompressInfo@5afa049b]) but failed to remove it when the web application was stopped. This is very likely to create a memory leak.
déc. 17, 2019 10:14:59 PM org.apache.catalina.loader.WebappClassLoader clearThreadLocalMap
GRAVE: The web application [/xtf] created a ThreadLocal with key of type [java.lang.ThreadLocal] (value [java.lang.ThreadLocal@24dcebde]) and a value of type [org.cdlib.xtf.util.PackedByteBuf.CompressInfo] (value [org.cdlib.xtf.util.PackedByteBuf$CompressInfo@594f12bf]) but failed to remove it when the web application was stopped. This is very likely to create a memory leak.
déc. 17, 2019 10:14:59 PM org.apache.catalina.loader.WebappClassLoader clearThreadLocalMap
GRAVE: The web application [/xtf] created a ThreadLocal with key of type [java.lang.ThreadLocal] (value [java.lang.ThreadLocal@c8f5fa3]) and a value of type [org.apache.lucene.index.SegmentTermEnum] (value [org.apache.lucene.index.SegmentTermEnum@484b33ca]) but failed to remove it when the web application was stopped. This is very likely to create a memory leak.
déc. 17, 2019 10:14:59 PM org.apache.catalina.loader.WebappClassLoader clearThreadLocalMap
GRAVE: The web application [/xtf] created a ThreadLocal with key of type [java.lang.ThreadLocal] (value [java.lang.ThreadLocal@24dcebde]) and a value of type [org.cdlib.xtf.util.PackedByteBuf.CompressInfo] (value [org.cdlib.xtf.util.PackedByteBuf$CompressInfo@2cdc1b42]) but failed to remove it when the web application was stopped. This is very likely to create a memory leak.
déc. 17, 2019 10:14:59 PM org.apache.catalina.loader.WebappClassLoader clearThreadLocalMap
GRAVE: The web application [/xtf] created a ThreadLocal with key of type [java.lang.ThreadLocal] (value [java.lang.ThreadLocal@c8f5fa3]) and a value of type [org.apache.lucene.index.SegmentTermEnum] (value [org.apache.lucene.index.SegmentTermEnum@26080c9e]) but failed to remove it when the web application was stopped. This is very likely to create a memory leak.
déc. 17, 2019 10:14:59 PM org.apache.catalina.loader.WebappClassLoader clearThreadLocalMap
GRAVE: The web application [/xtf] created a ThreadLocal with key of type [java.lang.ThreadLocal] (value [java.lang.ThreadLocal@24dcebde]) and a value of type [org.cdlib.xtf.util.PackedByteBuf.CompressInfo] (value [org.cdlib.xtf.util.PackedByteBuf$CompressInfo@773280a]) but failed to remove it when the web application was stopped. This is very likely to create a memory leak.
déc. 17, 2019 10:14:59 PM org.apache.catalina.loader.WebappClassLoader clearThreadLocalMap
GRAVE: The web application [/xtf] created a ThreadLocal with key of type [java.lang.ThreadLocal] (value [java.lang.ThreadLocal@c8f5fa3]) and a value of type [org.apache.lucene.index.SegmentTermEnum] (value [org.apache.lucene.index.SegmentTermEnum@16b79e4d]) but failed to remove it when the web application was stopped. This is very likely to create a memory leak.
déc. 17, 2019 10:14:59 PM org.apache.catalina.loader.WebappClassLoader clearThreadLocalMap
GRAVE: The web application [/xtf] created a ThreadLocal with key of type [java.lang.ThreadLocal] (value [java.lang.ThreadLocal@24dcebde]) and a value of type [org.cdlib.xtf.util.PackedByteBuf.CompressInfo] (value [org.cdlib.xtf.util.PackedByteBuf$CompressInfo@5afd91d2]) but failed to remove it when the web application was stopped. This is very likely to create a memory leak.
déc. 17, 2019 10:14:59 PM org.apache.catalina.loader.WebappClassLoader clearThreadLocalMap
GRAVE: The web application [/xtf] created a ThreadLocal with key of type [java.lang.ThreadLocal] (value [java.lang.ThreadLocal@c8f5fa3]) and a value of type [org.apache.lucene.index.SegmentTermEnum] (value [org.apache.lucene.index.SegmentTermEnum@3c770aef]) but failed to remove it when the web application was stopped. This is very likely to create a memory leak.
déc. 17, 2019 10:14:59 PM org.apache.catalina.loader.WebappClassLoader clearThreadLocalMap
GRAVE: The web application [/xtf] created a ThreadLocal with key of type [java.lang.ThreadLocal] (value [java.lang.ThreadLocal@24dcebde]) and a value of type [org.cdlib.xtf.util.PackedByteBuf.CompressInfo] (value [org.cdlib.xtf.util.PackedByteBuf$CompressInfo@22da5613]) but failed to remove it when the web application was stopped. This is very likely to create a memory leak.
déc. 17, 2019 10:14:59 PM org.apache.coyote.http11.Http11Protocol destroy
INFOS: Arrêt de Coyote HTTP/1.1 sur http-8080
