4 d残. 2014 18:34:41 org.apache.catalina.core.AprLifecycleListener init
INFO: The APR based Apache Tomcat Native library which allows optimal performance in production environments was not found on the java.library.path: .:/Library/Java/Extensions:/System/Library/Java/Extensions:/usr/lib/java
4 d残. 2014 18:34:42 org.apache.coyote.http11.Http11Protocol init
INFO: Initialisation de Coyote HTTP/1.1 sur http-8080
4 d残. 2014 18:34:42 org.apache.catalina.startup.Catalina load
INFO: Initialization processed in 822 ms
4 d残. 2014 18:34:42 org.apache.catalina.core.StandardService start
INFO: D士arrage du service Catalina
4 d残. 2014 18:34:42 org.apache.catalina.core.StandardEngine start
INFO: Starting Servlet Engine: Apache Tomcat/6.0.29
4 d残. 2014 18:34:42 org.apache.catalina.startup.HostConfig deployDescriptor
INFO: D姿loiement du descripteur de configuration host-manager.xml
4 d残. 2014 18:34:42 org.apache.catalina.startup.HostConfig deployDescriptor
INFO: D姿loiement du descripteur de configuration manager.xml
4 d残. 2014 18:34:42 org.apache.catalina.startup.HostConfig deployDirectory
INFO: D姿loiement du r姿ertoire docs de l'application web
4 d残. 2014 18:34:42 org.apache.catalina.startup.HostConfig deployDirectory
INFO: D姿loiement du r姿ertoire examples de l'application web
4 d残. 2014 18:34:43 org.apache.catalina.startup.HostConfig deployDirectory
INFO: D姿loiement du r姿ertoire ROOT de l'application web
4 d残. 2014 18:34:43 org.apache.catalina.startup.HostConfig deployDirectory
INFO: D姿loiement du r姿ertoire xtf de l'application web
4 d残. 2014 18:34:43 org.apache.coyote.http11.Http11Protocol start
INFO: D士arrage de Coyote HTTP/1.1 sur http-8080
4 d残. 2014 18:34:43 org.apache.jk.common.ChannelSocket init
INFO: JK: ajp13 listening on /0.0.0.0:8009
4 d残. 2014 18:34:43 org.apache.jk.server.JkMain start
INFO: Jk running ID=0 time=0/18  config=null
4 d残. 2014 18:34:43 org.apache.catalina.startup.Catalina start
INFO: Server startup in 1932 ms
4 d残. 2014 19:09:13 org.apache.coyote.http11.Http11Protocol pause
INFO: Suspension de Coyote HTTP/1.1 sur http-8080
4 d残. 2014 19:09:14 org.apache.catalina.core.StandardService stop
INFO: Arr腎 du service Catalina
4 d残. 2014 19:09:15 org.apache.catalina.loader.WebappClassLoader clearReferencesThreads
GRAVE: The web application [/xtf] appears to have started a thread named [Thread-21] but has failed to stop it. This is very likely to create a memory leak.
4 d残. 2014 19:09:15 org.apache.catalina.loader.WebappClassLoader clearThreadLocalMap
GRAVE: The web application [/xtf] created a ThreadLocal with key of type [java.lang.ThreadLocal] (value [java.lang.ThreadLocal@4ac297a5]) and a value of type [org.cdlib.xtf.util.PackedByteBuf.CompressInfo] (value [org.cdlib.xtf.util.PackedByteBuf$CompressInfo@2d71f7fb]) but failed to remove it when the web application was stopped. This is very likely to create a memory leak.
4 d残. 2014 19:09:15 org.apache.catalina.loader.WebappClassLoader clearThreadLocalMap
GRAVE: The web application [/xtf] created a ThreadLocal with key of type [null] (value [null]) and a value of type [org.apache.lucene.index.SegmentTermEnum] (value [org.apache.lucene.index.SegmentTermEnum@154f970c]) but failed to remove it when the web application was stopped. This is very likely to create a memory leak.
4 d残. 2014 19:09:15 org.apache.catalina.loader.WebappClassLoader clearThreadLocalMap
GRAVE: The web application [/xtf] created a ThreadLocal with key of type [null] (value [null]) and a value of type [org.apache.lucene.index.SegmentTermEnum] (value [org.apache.lucene.index.SegmentTermEnum@1c459fc2]) but failed to remove it when the web application was stopped. This is very likely to create a memory leak.
4 d残. 2014 19:09:15 org.apache.catalina.loader.WebappClassLoader clearThreadLocalMap
GRAVE: The web application [/xtf] created a ThreadLocal with key of type [null] (value [null]) and a value of type [org.apache.lucene.index.SegmentTermEnum] (value [org.apache.lucene.index.SegmentTermEnum@1efb880e]) but failed to remove it when the web application was stopped. This is very likely to create a memory leak.
4 d残. 2014 19:09:15 org.apache.catalina.loader.WebappClassLoader clearThreadLocalMap
GRAVE: The web application [/xtf] created a ThreadLocal with key of type [null] (value [null]) and a value of type [org.apache.lucene.index.SegmentTermEnum] (value [org.apache.lucene.index.SegmentTermEnum@13a15f06]) but failed to remove it when the web application was stopped. This is very likely to create a memory leak.
4 d残. 2014 19:09:15 org.apache.catalina.loader.WebappClassLoader clearThreadLocalMap
GRAVE: The web application [/xtf] created a ThreadLocal with key of type [null] (value [null]) and a value of type [org.apache.lucene.index.SegmentTermEnum] (value [org.apache.lucene.index.SegmentTermEnum@47658cfb]) but failed to remove it when the web application was stopped. This is very likely to create a memory leak.
4 d残. 2014 19:09:15 org.apache.catalina.loader.WebappClassLoader clearThreadLocalMap
GRAVE: The web application [/xtf] created a ThreadLocal with key of type [null] (value [null]) and a value of type [org.apache.lucene.index.SegmentTermEnum] (value [org.apache.lucene.index.SegmentTermEnum@5c0ad75b]) but failed to remove it when the web application was stopped. This is very likely to create a memory leak.
4 d残. 2014 19:09:15 org.apache.catalina.loader.WebappClassLoader clearThreadLocalMap
GRAVE: The web application [/xtf] created a ThreadLocal with key of type [java.lang.ThreadLocal] (value [java.lang.ThreadLocal@4bc0c692]) and a value of type [org.apache.lucene.index.SegmentTermEnum] (value [org.apache.lucene.index.SegmentTermEnum@5d2cc218]) but failed to remove it when the web application was stopped. This is very likely to create a memory leak.
4 d残. 2014 19:09:15 org.apache.catalina.loader.WebappClassLoader clearThreadLocalMap
GRAVE: The web application [/xtf] created a ThreadLocal with key of type [null] (value [null]) and a value of type [org.apache.lucene.index.SegmentTermEnum] (value [org.apache.lucene.index.SegmentTermEnum@257ae572]) but failed to remove it when the web application was stopped. This is very likely to create a memory leak.
4 d残. 2014 19:09:15 org.apache.catalina.loader.WebappClassLoader clearThreadLocalMap
GRAVE: The web application [/xtf] created a ThreadLocal with key of type [java.lang.ThreadLocal] (value [java.lang.ThreadLocal@4ac297a5]) and a value of type [org.cdlib.xtf.util.PackedByteBuf.CompressInfo] (value [org.cdlib.xtf.util.PackedByteBuf$CompressInfo@276db297]) but failed to remove it when the web application was stopped. This is very likely to create a memory leak.
4 d残. 2014 19:09:15 org.apache.catalina.loader.WebappClassLoader clearThreadLocalMap
GRAVE: The web application [/xtf] created a ThreadLocal with key of type [null] (value [null]) and a value of type [org.apache.lucene.index.SegmentTermEnum] (value [org.apache.lucene.index.SegmentTermEnum@12e7ebba]) but failed to remove it when the web application was stopped. This is very likely to create a memory leak.
4 d残. 2014 19:09:15 org.apache.catalina.loader.WebappClassLoader clearThreadLocalMap
GRAVE: The web application [/xtf] created a ThreadLocal with key of type [java.lang.ThreadLocal] (value [java.lang.ThreadLocal@4ac297a5]) and a value of type [org.cdlib.xtf.util.PackedByteBuf.CompressInfo] (value [org.cdlib.xtf.util.PackedByteBuf$CompressInfo@38250a08]) but failed to remove it when the web application was stopped. This is very likely to create a memory leak.
4 d残. 2014 19:09:15 org.apache.catalina.loader.WebappClassLoader clearThreadLocalMap
GRAVE: The web application [/xtf] created a ThreadLocal with key of type [null] (value [null]) and a value of type [org.apache.lucene.index.SegmentTermEnum] (value [org.apache.lucene.index.SegmentTermEnum@7b5b004]) but failed to remove it when the web application was stopped. This is very likely to create a memory leak.
4 d残. 2014 19:09:15 org.apache.catalina.loader.WebappClassLoader clearThreadLocalMap
GRAVE: The web application [/xtf] created a ThreadLocal with key of type [java.lang.ThreadLocal] (value [java.lang.ThreadLocal@4ac297a5]) and a value of type [org.cdlib.xtf.util.PackedByteBuf.CompressInfo] (value [org.cdlib.xtf.util.PackedByteBuf$CompressInfo@2936da90]) but failed to remove it when the web application was stopped. This is very likely to create a memory leak.
4 d残. 2014 19:09:15 org.apache.coyote.http11.Http11Protocol destroy
INFO: Arr腎 de Coyote HTTP/1.1 sur http-8080
