sept. 29, 2021 9:35:32 PM org.apache.catalina.core.AprLifecycleListener init
INFOS: The APR based Apache Tomcat Native library which allows optimal performance in production environments was not found on the java.library.path: /Users/christophe/Library/Java/Extensions:/Library/Java/Extensions:/Network/Library/Java/Extensions:/System/Library/Java/Extensions:/usr/lib/java:.
sept. 29, 2021 9:35:33 PM org.apache.coyote.http11.Http11Protocol init
INFOS: Initialisation de Coyote HTTP/1.1 sur http-8080
sept. 29, 2021 9:35:33 PM org.apache.catalina.startup.Catalina load
INFOS: Initialization processed in 450 ms
sept. 29, 2021 9:35:33 PM org.apache.catalina.core.StandardService start
INFOS: Démarrage du service Catalina
sept. 29, 2021 9:35:33 PM org.apache.catalina.core.StandardEngine start
INFOS: Starting Servlet Engine: Apache Tomcat/6.0.29
sept. 29, 2021 9:35:33 PM org.apache.catalina.startup.HostConfig deployDescriptor
INFOS: Déploiement du descripteur de configuration host-manager.xml
sept. 29, 2021 9:35:33 PM org.apache.catalina.startup.HostConfig deployDescriptor
INFOS: Déploiement du descripteur de configuration manager.xml
sept. 29, 2021 9:35:33 PM org.apache.catalina.startup.HostConfig deployDirectory
INFOS: Déploiement du répertoire xtf de l'application web
sept. 29, 2021 9:35:33 PM org.apache.catalina.startup.HostConfig deployDirectory
INFOS: Déploiement du répertoire docs de l'application web
sept. 29, 2021 9:35:33 PM org.apache.catalina.startup.HostConfig deployDirectory
INFOS: Déploiement du répertoire examples de l'application web
sept. 29, 2021 9:35:33 PM org.apache.catalina.startup.HostConfig deployDirectory
INFOS: Déploiement du répertoire ROOT de l'application web
sept. 29, 2021 9:35:33 PM org.apache.coyote.http11.Http11Protocol start
INFOS: Démarrage de Coyote HTTP/1.1 sur http-8080
sept. 29, 2021 9:35:33 PM org.apache.jk.common.ChannelSocket init
INFOS: JK: ajp13 listening on /0.0.0.0:8009
sept. 29, 2021 9:35:33 PM org.apache.jk.server.JkMain start
INFOS: Jk running ID=0 time=0/12  config=null
sept. 29, 2021 9:35:33 PM org.apache.catalina.startup.Catalina start
INFOS: Server startup in 370 ms
sept. 29, 2021 9:37:49 PM org.apache.coyote.http11.Http11Protocol pause
INFOS: Suspension de Coyote HTTP/1.1 sur http-8080
sept. 29, 2021 9:37:50 PM org.apache.catalina.core.StandardService stop
INFOS: Arrêt du service Catalina
sept. 29, 2021 9:37:50 PM org.apache.catalina.loader.WebappClassLoader clearThreadLocalMap
GRAVE: The web application [/xtf] created a ThreadLocal with key of type [java.lang.ThreadLocal] (value [java.lang.ThreadLocal@b7bfc8]) and a value of type [org.cdlib.xtf.util.PackedByteBuf.CompressInfo] (value [org.cdlib.xtf.util.PackedByteBuf$CompressInfo@76bbafb7]) but failed to remove it when the web application was stopped. This is very likely to create a memory leak.
sept. 29, 2021 9:37:50 PM org.apache.catalina.loader.WebappClassLoader clearThreadLocalMap
GRAVE: The web application [/xtf] created a ThreadLocal with key of type [java.lang.ThreadLocal] (value [java.lang.ThreadLocal@b7bfc8]) and a value of type [org.cdlib.xtf.util.PackedByteBuf.CompressInfo] (value [org.cdlib.xtf.util.PackedByteBuf$CompressInfo@575530ff]) but failed to remove it when the web application was stopped. This is very likely to create a memory leak.
sept. 29, 2021 9:37:50 PM org.apache.catalina.loader.WebappClassLoader clearThreadLocalMap
GRAVE: The web application [/xtf] created a ThreadLocal with key of type [java.lang.ThreadLocal] (value [java.lang.ThreadLocal@b7bfc8]) and a value of type [org.cdlib.xtf.util.PackedByteBuf.CompressInfo] (value [org.cdlib.xtf.util.PackedByteBuf$CompressInfo@927b256]) but failed to remove it when the web application was stopped. This is very likely to create a memory leak.
sept. 29, 2021 9:37:50 PM org.apache.catalina.loader.WebappClassLoader clearThreadLocalMap
GRAVE: The web application [/xtf] created a ThreadLocal with key of type [java.lang.ThreadLocal] (value [java.lang.ThreadLocal@b7bfc8]) and a value of type [org.cdlib.xtf.util.PackedByteBuf.CompressInfo] (value [org.cdlib.xtf.util.PackedByteBuf$CompressInfo@3203e80f]) but failed to remove it when the web application was stopped. This is very likely to create a memory leak.
sept. 29, 2021 9:37:50 PM org.apache.coyote.http11.Http11Protocol destroy
INFOS: Arrêt de Coyote HTTP/1.1 sur http-8080
