déc. 06, 2019 10:00:52 AM org.apache.catalina.core.AprLifecycleListener init
INFOS: The APR based Apache Tomcat Native library which allows optimal performance in production environments was not found on the java.library.path: /Users/christophe/Library/Java/Extensions:/Library/Java/Extensions:/Network/Library/Java/Extensions:/System/Library/Java/Extensions:/usr/lib/java:.
déc. 06, 2019 10:00:53 AM org.apache.coyote.http11.Http11Protocol init
INFOS: Initialisation de Coyote HTTP/1.1 sur http-8080
déc. 06, 2019 10:00:53 AM org.apache.catalina.startup.Catalina load
INFOS: Initialization processed in 390 ms
déc. 06, 2019 10:00:53 AM org.apache.catalina.core.StandardService start
INFOS: Démarrage du service Catalina
déc. 06, 2019 10:00:53 AM org.apache.catalina.core.StandardEngine start
INFOS: Starting Servlet Engine: Apache Tomcat/6.0.29
déc. 06, 2019 10:00:53 AM org.apache.catalina.startup.HostConfig deployDescriptor
INFOS: Déploiement du descripteur de configuration host-manager.xml
déc. 06, 2019 10:00:53 AM org.apache.catalina.startup.HostConfig deployDescriptor
INFOS: Déploiement du descripteur de configuration manager.xml
déc. 06, 2019 10:00:53 AM org.apache.catalina.startup.HostConfig deployDirectory
INFOS: Déploiement du répertoire xtf de l'application web
déc. 06, 2019 10:00:53 AM org.apache.catalina.startup.HostConfig deployDirectory
INFOS: Déploiement du répertoire docs de l'application web
déc. 06, 2019 10:00:53 AM org.apache.catalina.startup.HostConfig deployDirectory
INFOS: Déploiement du répertoire examples de l'application web
déc. 06, 2019 10:00:53 AM org.apache.catalina.startup.HostConfig deployDirectory
INFOS: Déploiement du répertoire ROOT de l'application web
déc. 06, 2019 10:00:53 AM org.apache.coyote.http11.Http11Protocol start
INFOS: Démarrage de Coyote HTTP/1.1 sur http-8080
déc. 06, 2019 10:00:53 AM org.apache.jk.common.ChannelSocket init
INFOS: JK: ajp13 listening on /0.0.0.0:8009
déc. 06, 2019 10:00:53 AM org.apache.jk.server.JkMain start
INFOS: Jk running ID=0 time=0/13  config=null
déc. 06, 2019 10:00:53 AM org.apache.catalina.startup.Catalina start
INFOS: Server startup in 340 ms
déc. 06, 2019 10:03:19 AM org.apache.coyote.http11.Http11Protocol pause
INFOS: Suspension de Coyote HTTP/1.1 sur http-8080
déc. 06, 2019 10:03:25 AM org.apache.catalina.core.StandardService stop
INFOS: Arrêt du service Catalina
déc. 06, 2019 10:03:25 AM org.apache.catalina.loader.WebappClassLoader clearReferencesThreads
GRAVE: The web application [/xtf] appears to have started a thread named [Thread-9] but has failed to stop it. This is very likely to create a memory leak.
déc. 06, 2019 10:03:25 AM org.apache.catalina.loader.WebappClassLoader clearThreadLocalMap
GRAVE: The web application [/xtf] created a ThreadLocal with key of type [java.lang.ThreadLocal] (value [java.lang.ThreadLocal@e09bc27]) and a value of type [org.apache.lucene.index.SegmentTermEnum] (value [org.apache.lucene.index.SegmentTermEnum@321167f7]) but failed to remove it when the web application was stopped. This is very likely to create a memory leak.
déc. 06, 2019 10:03:25 AM org.apache.catalina.loader.WebappClassLoader clearThreadLocalMap
GRAVE: The web application [/xtf] created a ThreadLocal with key of type [java.lang.ThreadLocal] (value [java.lang.ThreadLocal@69c1e303]) and a value of type [org.cdlib.xtf.util.PackedByteBuf.CompressInfo] (value [org.cdlib.xtf.util.PackedByteBuf$CompressInfo@6989b467]) but failed to remove it when the web application was stopped. This is very likely to create a memory leak.
déc. 06, 2019 10:03:25 AM org.apache.catalina.loader.WebappClassLoader clearThreadLocalMap
GRAVE: The web application [/xtf] created a ThreadLocal with key of type [java.lang.ThreadLocal] (value [java.lang.ThreadLocal@69c1e303]) and a value of type [org.cdlib.xtf.util.PackedByteBuf.CompressInfo] (value [org.cdlib.xtf.util.PackedByteBuf$CompressInfo@69667ca1]) but failed to remove it when the web application was stopped. This is very likely to create a memory leak.
déc. 06, 2019 10:03:25 AM org.apache.catalina.loader.WebappClassLoader clearThreadLocalMap
GRAVE: The web application [/xtf] created a ThreadLocal with key of type [java.lang.ThreadLocal] (value [java.lang.ThreadLocal@69c1e303]) and a value of type [org.cdlib.xtf.util.PackedByteBuf.CompressInfo] (value [org.cdlib.xtf.util.PackedByteBuf$CompressInfo@5d32fa7]) but failed to remove it when the web application was stopped. This is very likely to create a memory leak.
déc. 06, 2019 10:03:25 AM org.apache.catalina.loader.WebappClassLoader clearThreadLocalMap
GRAVE: The web application [/xtf] created a ThreadLocal with key of type [java.lang.ThreadLocal] (value [java.lang.ThreadLocal@69c1e303]) and a value of type [org.cdlib.xtf.util.PackedByteBuf.CompressInfo] (value [org.cdlib.xtf.util.PackedByteBuf$CompressInfo@3857ba29]) but failed to remove it when the web application was stopped. This is very likely to create a memory leak.
déc. 06, 2019 10:03:25 AM org.apache.coyote.http11.Http11Protocol destroy
INFOS: Arrêt de Coyote HTTP/1.1 sur http-8080
déc. 06, 2019 10:05:32 AM org.apache.catalina.core.AprLifecycleListener init
INFOS: The APR based Apache Tomcat Native library which allows optimal performance in production environments was not found on the java.library.path: /Users/christophe/Library/Java/Extensions:/Library/Java/Extensions:/Network/Library/Java/Extensions:/System/Library/Java/Extensions:/usr/lib/java:.
déc. 06, 2019 10:05:32 AM org.apache.coyote.http11.Http11Protocol init
INFOS: Initialisation de Coyote HTTP/1.1 sur http-8080
déc. 06, 2019 10:05:32 AM org.apache.catalina.startup.Catalina load
INFOS: Initialization processed in 353 ms
déc. 06, 2019 10:05:32 AM org.apache.catalina.core.StandardService start
INFOS: Démarrage du service Catalina
déc. 06, 2019 10:05:32 AM org.apache.catalina.core.StandardEngine start
INFOS: Starting Servlet Engine: Apache Tomcat/6.0.29
déc. 06, 2019 10:05:32 AM org.apache.catalina.startup.HostConfig deployDescriptor
INFOS: Déploiement du descripteur de configuration host-manager.xml
déc. 06, 2019 10:05:32 AM org.apache.catalina.startup.HostConfig deployDescriptor
INFOS: Déploiement du descripteur de configuration manager.xml
déc. 06, 2019 10:05:32 AM org.apache.catalina.startup.HostConfig deployDirectory
INFOS: Déploiement du répertoire xtf de l'application web
déc. 06, 2019 10:05:32 AM org.apache.catalina.startup.HostConfig deployDirectory
INFOS: Déploiement du répertoire docs de l'application web
déc. 06, 2019 10:05:32 AM org.apache.catalina.startup.HostConfig deployDirectory
INFOS: Déploiement du répertoire examples de l'application web
déc. 06, 2019 10:05:32 AM org.apache.catalina.startup.HostConfig deployDirectory
INFOS: Déploiement du répertoire ROOT de l'application web
déc. 06, 2019 10:05:32 AM org.apache.coyote.http11.Http11Protocol start
INFOS: Démarrage de Coyote HTTP/1.1 sur http-8080
déc. 06, 2019 10:05:32 AM org.apache.jk.common.ChannelSocket init
INFOS: JK: ajp13 listening on /0.0.0.0:8009
déc. 06, 2019 10:05:32 AM org.apache.jk.server.JkMain start
INFOS: Jk running ID=0 time=0/10  config=null
déc. 06, 2019 10:05:32 AM org.apache.catalina.startup.Catalina start
INFOS: Server startup in 313 ms
déc. 06, 2019 10:26:35 AM org.apache.coyote.http11.Http11Protocol pause
INFOS: Suspension de Coyote HTTP/1.1 sur http-8080
déc. 06, 2019 10:26:41 AM org.apache.catalina.core.StandardService stop
INFOS: Arrêt du service Catalina
déc. 06, 2019 10:26:41 AM org.apache.catalina.loader.WebappClassLoader clearReferencesThreads
GRAVE: The web application [/xtf] appears to have started a thread named [Thread-14] but has failed to stop it. This is very likely to create a memory leak.
déc. 06, 2019 10:26:41 AM org.apache.catalina.loader.WebappClassLoader clearThreadLocalMap
GRAVE: The web application [/xtf] created a ThreadLocal with key of type [java.lang.ThreadLocal] (value [java.lang.ThreadLocal@3594c691]) and a value of type [org.cdlib.xtf.util.PackedByteBuf.CompressInfo] (value [org.cdlib.xtf.util.PackedByteBuf$CompressInfo@101fab03]) but failed to remove it when the web application was stopped. This is very likely to create a memory leak.
déc. 06, 2019 10:26:41 AM org.apache.catalina.loader.WebappClassLoader clearThreadLocalMap
GRAVE: The web application [/xtf] created a ThreadLocal with key of type [java.lang.ThreadLocal] (value [java.lang.ThreadLocal@3594c691]) and a value of type [org.cdlib.xtf.util.PackedByteBuf.CompressInfo] (value [org.cdlib.xtf.util.PackedByteBuf$CompressInfo@68c51cd7]) but failed to remove it when the web application was stopped. This is very likely to create a memory leak.
déc. 06, 2019 10:26:41 AM org.apache.catalina.loader.WebappClassLoader clearThreadLocalMap
GRAVE: The web application [/xtf] created a ThreadLocal with key of type [java.lang.ThreadLocal] (value [java.lang.ThreadLocal@3f51e80d]) and a value of type [org.apache.lucene.index.SegmentTermEnum] (value [org.apache.lucene.index.SegmentTermEnum@4017a9c9]) but failed to remove it when the web application was stopped. This is very likely to create a memory leak.
déc. 06, 2019 10:26:41 AM org.apache.catalina.loader.WebappClassLoader clearThreadLocalMap
GRAVE: The web application [/xtf] created a ThreadLocal with key of type [java.lang.ThreadLocal] (value [java.lang.ThreadLocal@3594c691]) and a value of type [org.cdlib.xtf.util.PackedByteBuf.CompressInfo] (value [org.cdlib.xtf.util.PackedByteBuf$CompressInfo@2d3d457b]) but failed to remove it when the web application was stopped. This is very likely to create a memory leak.
déc. 06, 2019 10:26:41 AM org.apache.catalina.loader.WebappClassLoader clearThreadLocalMap
GRAVE: The web application [/xtf] created a ThreadLocal with key of type [java.lang.ThreadLocal] (value [java.lang.ThreadLocal@3f51e80d]) and a value of type [org.apache.lucene.index.SegmentTermEnum] (value [org.apache.lucene.index.SegmentTermEnum@6dded7af]) but failed to remove it when the web application was stopped. This is very likely to create a memory leak.
déc. 06, 2019 10:26:41 AM org.apache.catalina.loader.WebappClassLoader clearThreadLocalMap
GRAVE: The web application [/xtf] created a ThreadLocal with key of type [java.lang.ThreadLocal] (value [java.lang.ThreadLocal@3594c691]) and a value of type [org.cdlib.xtf.util.PackedByteBuf.CompressInfo] (value [org.cdlib.xtf.util.PackedByteBuf$CompressInfo@5dff4b99]) but failed to remove it when the web application was stopped. This is very likely to create a memory leak.
déc. 06, 2019 10:26:41 AM org.apache.catalina.loader.WebappClassLoader clearThreadLocalMap
GRAVE: The web application [/xtf] created a ThreadLocal with key of type [java.lang.ThreadLocal] (value [java.lang.ThreadLocal@3594c691]) and a value of type [org.cdlib.xtf.util.PackedByteBuf.CompressInfo] (value [org.cdlib.xtf.util.PackedByteBuf$CompressInfo@20dbf80e]) but failed to remove it when the web application was stopped. This is very likely to create a memory leak.
déc. 06, 2019 10:26:41 AM org.apache.coyote.http11.Http11Protocol destroy
INFOS: Arrêt de Coyote HTTP/1.1 sur http-8080
