14 nov. 2015 10:43:38 org.apache.coyote.http11.Http11Protocol pause
INFO: Suspension de Coyote HTTP/1.1 sur http-8080
14 nov. 2015 10:43:40 org.apache.catalina.core.StandardService stop
INFO: Arrêt du service Catalina
14 nov. 2015 10:43:41 org.apache.catalina.loader.WebappClassLoader clearReferencesThreads
GRAVE: The web application [/xtf] appears to have started a thread named [Thread-20] but has failed to stop it. This is very likely to create a memory leak.
14 nov. 2015 10:43:41 org.apache.catalina.loader.WebappClassLoader clearThreadLocalMap
GRAVE: The web application [/xtf] created a ThreadLocal with key of type [null] (value [null]) and a value of type [org.apache.lucene.index.SegmentTermEnum] (value [org.apache.lucene.index.SegmentTermEnum@59b3744c]) but failed to remove it when the web application was stopped. This is very likely to create a memory leak.
14 nov. 2015 10:43:41 org.apache.catalina.loader.WebappClassLoader clearThreadLocalMap
GRAVE: The web application [/xtf] created a ThreadLocal with key of type [java.lang.ThreadLocal] (value [java.lang.ThreadLocal@14985796]) and a value of type [org.cdlib.xtf.util.PackedByteBuf.CompressInfo] (value [org.cdlib.xtf.util.PackedByteBuf$CompressInfo@1d9e436a]) but failed to remove it when the web application was stopped. This is very likely to create a memory leak.
14 nov. 2015 10:43:41 org.apache.catalina.loader.WebappClassLoader clearThreadLocalMap
GRAVE: The web application [/xtf] created a ThreadLocal with key of type [null] (value [null]) and a value of type [org.apache.lucene.index.SegmentTermEnum] (value [org.apache.lucene.index.SegmentTermEnum@15bf357]) but failed to remove it when the web application was stopped. This is very likely to create a memory leak.
14 nov. 2015 10:43:41 org.apache.catalina.loader.WebappClassLoader clearThreadLocalMap
GRAVE: The web application [/xtf] created a ThreadLocal with key of type [null] (value [null]) and a value of type [org.apache.lucene.index.SegmentTermEnum] (value [org.apache.lucene.index.SegmentTermEnum@3bc4d573]) but failed to remove it when the web application was stopped. This is very likely to create a memory leak.
14 nov. 2015 10:43:41 org.apache.catalina.loader.WebappClassLoader clearThreadLocalMap
GRAVE: The web application [/xtf] created a ThreadLocal with key of type [null] (value [null]) and a value of type [org.apache.lucene.index.SegmentTermEnum] (value [org.apache.lucene.index.SegmentTermEnum@77998fac]) but failed to remove it when the web application was stopped. This is very likely to create a memory leak.
14 nov. 2015 10:43:41 org.apache.catalina.loader.WebappClassLoader clearThreadLocalMap
GRAVE: The web application [/xtf] created a ThreadLocal with key of type [null] (value [null]) and a value of type [org.apache.lucene.index.SegmentTermEnum] (value [org.apache.lucene.index.SegmentTermEnum@2a7a28c]) but failed to remove it when the web application was stopped. This is very likely to create a memory leak.
14 nov. 2015 10:43:41 org.apache.catalina.loader.WebappClassLoader clearThreadLocalMap
GRAVE: The web application [/xtf] created a ThreadLocal with key of type [null] (value [null]) and a value of type [org.apache.lucene.index.SegmentTermEnum] (value [org.apache.lucene.index.SegmentTermEnum@4ba096b0]) but failed to remove it when the web application was stopped. This is very likely to create a memory leak.
14 nov. 2015 10:43:41 org.apache.catalina.loader.WebappClassLoader clearThreadLocalMap
GRAVE: The web application [/xtf] created a ThreadLocal with key of type [null] (value [null]) and a value of type [org.apache.lucene.index.SegmentTermEnum] (value [org.apache.lucene.index.SegmentTermEnum@1c05239a]) but failed to remove it when the web application was stopped. This is very likely to create a memory leak.
14 nov. 2015 10:43:41 org.apache.catalina.loader.WebappClassLoader clearThreadLocalMap
GRAVE: The web application [/xtf] created a ThreadLocal with key of type [java.lang.ThreadLocal] (value [java.lang.ThreadLocal@156461d5]) and a value of type [org.apache.lucene.index.SegmentTermEnum] (value [org.apache.lucene.index.SegmentTermEnum@7152f1eb]) but failed to remove it when the web application was stopped. This is very likely to create a memory leak.
14 nov. 2015 10:43:41 org.apache.catalina.loader.WebappClassLoader clearThreadLocalMap
GRAVE: The web application [/xtf] created a ThreadLocal with key of type [null] (value [null]) and a value of type [org.apache.lucene.index.SegmentTermEnum] (value [org.apache.lucene.index.SegmentTermEnum@7c88b56c]) but failed to remove it when the web application was stopped. This is very likely to create a memory leak.
14 nov. 2015 10:43:41 org.apache.catalina.loader.WebappClassLoader clearThreadLocalMap
GRAVE: The web application [/xtf] created a ThreadLocal with key of type [java.lang.ThreadLocal] (value [java.lang.ThreadLocal@14985796]) and a value of type [org.cdlib.xtf.util.PackedByteBuf.CompressInfo] (value [org.cdlib.xtf.util.PackedByteBuf$CompressInfo@733f0553]) but failed to remove it when the web application was stopped. This is very likely to create a memory leak.
14 nov. 2015 10:43:41 org.apache.catalina.loader.WebappClassLoader clearThreadLocalMap
GRAVE: The web application [/xtf] created a ThreadLocal with key of type [java.lang.ThreadLocal] (value [java.lang.ThreadLocal@14985796]) and a value of type [org.cdlib.xtf.util.PackedByteBuf.CompressInfo] (value [org.cdlib.xtf.util.PackedByteBuf$CompressInfo@2e76c741]) but failed to remove it when the web application was stopped. This is very likely to create a memory leak.
14 nov. 2015 10:43:41 org.apache.catalina.loader.WebappClassLoader clearThreadLocalMap
GRAVE: The web application [/xtf] created a ThreadLocal with key of type [java.lang.ThreadLocal] (value [java.lang.ThreadLocal@14985796]) and a value of type [org.cdlib.xtf.util.PackedByteBuf.CompressInfo] (value [org.cdlib.xtf.util.PackedByteBuf$CompressInfo@7813943b]) but failed to remove it when the web application was stopped. This is very likely to create a memory leak.
14 nov. 2015 10:43:41 org.apache.catalina.loader.WebappClassLoader clearThreadLocalMap
GRAVE: The web application [/xtf] created a ThreadLocal with key of type [null] (value [null]) and a value of type [org.apache.lucene.index.SegmentTermEnum] (value [org.apache.lucene.index.SegmentTermEnum@4d68eb13]) but failed to remove it when the web application was stopped. This is very likely to create a memory leak.
14 nov. 2015 10:43:41 org.apache.catalina.loader.WebappClassLoader clearThreadLocalMap
GRAVE: The web application [/xtf] created a ThreadLocal with key of type [java.lang.ThreadLocal] (value [java.lang.ThreadLocal@14985796]) and a value of type [org.cdlib.xtf.util.PackedByteBuf.CompressInfo] (value [org.cdlib.xtf.util.PackedByteBuf$CompressInfo@23215419]) but failed to remove it when the web application was stopped. This is very likely to create a memory leak.
14 nov. 2015 10:43:44 org.apache.coyote.http11.Http11Protocol destroy
INFO: Arrêt de Coyote HTTP/1.1 sur http-8080
14 nov. 2015 11:31:27 org.apache.catalina.core.AprLifecycleListener init
INFO: The APR based Apache Tomcat Native library which allows optimal performance in production environments was not found on the java.library.path: .:/Library/Java/Extensions:/System/Library/Java/Extensions:/usr/lib/java
14 nov. 2015 11:31:28 org.apache.coyote.http11.Http11Protocol init
INFO: Initialisation de Coyote HTTP/1.1 sur http-8080
14 nov. 2015 11:31:28 org.apache.catalina.startup.Catalina load
INFO: Initialization processed in 1478 ms
14 nov. 2015 11:31:28 org.apache.catalina.core.StandardService start
INFO: Démarrage du service Catalina
14 nov. 2015 11:31:28 org.apache.catalina.core.StandardEngine start
INFO: Starting Servlet Engine: Apache Tomcat/6.0.29
14 nov. 2015 11:31:28 org.apache.catalina.startup.HostConfig deployDescriptor
INFO: Déploiement du descripteur de configuration host-manager.xml
14 nov. 2015 11:31:29 org.apache.catalina.startup.HostConfig deployDescriptor
INFO: Déploiement du descripteur de configuration manager.xml
14 nov. 2015 11:31:29 org.apache.catalina.startup.HostConfig deployDirectory
INFO: Déploiement du répertoire docs de l'application web
14 nov. 2015 11:31:30 org.apache.catalina.startup.HostConfig deployDirectory
INFO: Déploiement du répertoire examples de l'application web
14 nov. 2015 11:31:31 org.apache.catalina.startup.HostConfig deployDirectory
INFO: Déploiement du répertoire ROOT de l'application web
14 nov. 2015 11:31:31 org.apache.catalina.startup.HostConfig deployDirectory
INFO: Déploiement du répertoire xtf de l'application web
14 nov. 2015 11:31:31 org.apache.coyote.http11.Http11Protocol start
INFO: Démarrage de Coyote HTTP/1.1 sur http-8080
14 nov. 2015 11:31:32 org.apache.jk.common.ChannelSocket init
INFO: JK: ajp13 listening on /0.0.0.0:8009
14 nov. 2015 11:31:32 org.apache.jk.server.JkMain start
INFO: Jk running ID=0 time=0/166  config=null
14 nov. 2015 11:31:32 org.apache.catalina.startup.Catalina start
INFO: Server startup in 4289 ms
14 nov. 2015 11:39:30 org.apache.coyote.http11.Http11Protocol pause
INFO: Suspension de Coyote HTTP/1.1 sur http-8080
14 nov. 2015 11:39:31 org.apache.catalina.core.StandardService stop
INFO: Arrêt du service Catalina
14 nov. 2015 11:39:32 org.apache.catalina.loader.WebappClassLoader clearThreadLocalMap
GRAVE: The web application [/xtf] created a ThreadLocal with key of type [java.lang.ThreadLocal] (value [java.lang.ThreadLocal@53eacdc4]) and a value of type [org.cdlib.xtf.util.PackedByteBuf.CompressInfo] (value [org.cdlib.xtf.util.PackedByteBuf$CompressInfo@5c6b29e6]) but failed to remove it when the web application was stopped. This is very likely to create a memory leak.
14 nov. 2015 11:39:32 org.apache.catalina.loader.WebappClassLoader clearThreadLocalMap
GRAVE: The web application [/xtf] created a ThreadLocal with key of type [java.lang.ThreadLocal] (value [java.lang.ThreadLocal@53eacdc4]) and a value of type [org.cdlib.xtf.util.PackedByteBuf.CompressInfo] (value [org.cdlib.xtf.util.PackedByteBuf$CompressInfo@7f8bea70]) but failed to remove it when the web application was stopped. This is very likely to create a memory leak.
14 nov. 2015 11:39:32 org.apache.catalina.loader.WebappClassLoader clearThreadLocalMap
GRAVE: The web application [/xtf] created a ThreadLocal with key of type [java.lang.ThreadLocal] (value [java.lang.ThreadLocal@53eacdc4]) and a value of type [org.cdlib.xtf.util.PackedByteBuf.CompressInfo] (value [org.cdlib.xtf.util.PackedByteBuf$CompressInfo@3acca07b]) but failed to remove it when the web application was stopped. This is very likely to create a memory leak.
14 nov. 2015 11:39:32 org.apache.catalina.loader.WebappClassLoader clearThreadLocalMap
GRAVE: The web application [/xtf] created a ThreadLocal with key of type [java.lang.ThreadLocal] (value [java.lang.ThreadLocal@53eacdc4]) and a value of type [org.cdlib.xtf.util.PackedByteBuf.CompressInfo] (value [org.cdlib.xtf.util.PackedByteBuf$CompressInfo@503c0965]) but failed to remove it when the web application was stopped. This is very likely to create a memory leak.
14 nov. 2015 11:39:33 org.apache.coyote.http11.Http11Protocol destroy
INFO: Arrêt de Coyote HTTP/1.1 sur http-8080
14 nov. 2015 19:39:14 org.apache.catalina.core.AprLifecycleListener init
INFO: The APR based Apache Tomcat Native library which allows optimal performance in production environments was not found on the java.library.path: .:/Library/Java/Extensions:/System/Library/Java/Extensions:/usr/lib/java
14 nov. 2015 19:39:14 org.apache.coyote.http11.Http11Protocol init
INFO: Initialisation de Coyote HTTP/1.1 sur http-8080
14 nov. 2015 19:39:14 org.apache.catalina.startup.Catalina load
INFO: Initialization processed in 955 ms
14 nov. 2015 19:39:14 org.apache.catalina.core.StandardService start
INFO: Démarrage du service Catalina
14 nov. 2015 19:39:14 org.apache.catalina.core.StandardEngine start
INFO: Starting Servlet Engine: Apache Tomcat/6.0.29
14 nov. 2015 19:39:14 org.apache.catalina.startup.HostConfig deployDescriptor
INFO: Déploiement du descripteur de configuration host-manager.xml
14 nov. 2015 19:39:15 org.apache.catalina.startup.HostConfig deployDescriptor
INFO: Déploiement du descripteur de configuration manager.xml
14 nov. 2015 19:39:15 org.apache.catalina.startup.HostConfig deployDirectory
INFO: Déploiement du répertoire docs de l'application web
14 nov. 2015 19:39:15 org.apache.catalina.startup.HostConfig deployDirectory
INFO: Déploiement du répertoire examples de l'application web
14 nov. 2015 19:39:16 org.apache.catalina.startup.HostConfig deployDirectory
INFO: Déploiement du répertoire ROOT de l'application web
14 nov. 2015 19:39:16 org.apache.catalina.startup.HostConfig deployDirectory
INFO: Déploiement du répertoire xtf de l'application web
14 nov. 2015 19:39:16 org.apache.coyote.http11.Http11Protocol start
INFO: Démarrage de Coyote HTTP/1.1 sur http-8080
14 nov. 2015 19:39:16 org.apache.jk.common.ChannelSocket init
INFO: JK: ajp13 listening on /0.0.0.0:8009
14 nov. 2015 19:39:16 org.apache.jk.server.JkMain start
INFO: Jk running ID=0 time=0/15  config=null
14 nov. 2015 19:39:16 org.apache.catalina.startup.Catalina start
INFO: Server startup in 1846 ms
14 nov. 2015 20:28:23 org.apache.coyote.http11.Http11Protocol pause
INFO: Suspension de Coyote HTTP/1.1 sur http-8080
14 nov. 2015 20:28:24 org.apache.catalina.core.StandardService stop
INFO: Arrêt du service Catalina
14 nov. 2015 20:28:24 org.apache.catalina.loader.WebappClassLoader clearReferencesThreads
GRAVE: The web application [/xtf] appears to have started a thread named [Thread-22] but has failed to stop it. This is very likely to create a memory leak.
14 nov. 2015 20:28:24 org.apache.catalina.loader.WebappClassLoader clearThreadLocalMap
GRAVE: The web application [/xtf] created a ThreadLocal with key of type [java.lang.ThreadLocal] (value [java.lang.ThreadLocal@460ee450]) and a value of type [org.apache.lucene.index.SegmentTermEnum] (value [org.apache.lucene.index.SegmentTermEnum@7baf641e]) but failed to remove it when the web application was stopped. This is very likely to create a memory leak.
14 nov. 2015 20:28:24 org.apache.catalina.loader.WebappClassLoader clearThreadLocalMap
GRAVE: The web application [/xtf] created a ThreadLocal with key of type [java.lang.ThreadLocal] (value [java.lang.ThreadLocal@37d62d02]) and a value of type [org.cdlib.xtf.util.PackedByteBuf.CompressInfo] (value [org.cdlib.xtf.util.PackedByteBuf$CompressInfo@4e24faf1]) but failed to remove it when the web application was stopped. This is very likely to create a memory leak.
14 nov. 2015 20:28:24 org.apache.catalina.loader.WebappClassLoader clearThreadLocalMap
GRAVE: The web application [/xtf] created a ThreadLocal with key of type [java.lang.ThreadLocal] (value [java.lang.ThreadLocal@460ee450]) and a value of type [org.apache.lucene.index.SegmentTermEnum] (value [org.apache.lucene.index.SegmentTermEnum@5dd70c4b]) but failed to remove it when the web application was stopped. This is very likely to create a memory leak.
14 nov. 2015 20:28:24 org.apache.catalina.loader.WebappClassLoader clearThreadLocalMap
GRAVE: The web application [/xtf] created a ThreadLocal with key of type [java.lang.ThreadLocal] (value [java.lang.ThreadLocal@37d62d02]) and a value of type [org.cdlib.xtf.util.PackedByteBuf.CompressInfo] (value [org.cdlib.xtf.util.PackedByteBuf$CompressInfo@5168400e]) but failed to remove it when the web application was stopped. This is very likely to create a memory leak.
14 nov. 2015 20:28:24 org.apache.catalina.loader.WebappClassLoader clearThreadLocalMap
GRAVE: The web application [/xtf] created a ThreadLocal with key of type [java.lang.ThreadLocal] (value [java.lang.ThreadLocal@37d62d02]) and a value of type [org.cdlib.xtf.util.PackedByteBuf.CompressInfo] (value [org.cdlib.xtf.util.PackedByteBuf$CompressInfo@134580e3]) but failed to remove it when the web application was stopped. This is very likely to create a memory leak.
14 nov. 2015 20:28:24 org.apache.catalina.loader.WebappClassLoader clearThreadLocalMap
GRAVE: The web application [/xtf] created a ThreadLocal with key of type [java.lang.ThreadLocal] (value [java.lang.ThreadLocal@460ee450]) and a value of type [org.apache.lucene.index.SegmentTermEnum] (value [org.apache.lucene.index.SegmentTermEnum@3810c0f7]) but failed to remove it when the web application was stopped. This is very likely to create a memory leak.
14 nov. 2015 20:28:24 org.apache.catalina.loader.WebappClassLoader clearThreadLocalMap
GRAVE: The web application [/xtf] created a ThreadLocal with key of type [java.lang.ThreadLocal] (value [java.lang.ThreadLocal@37d62d02]) and a value of type [org.cdlib.xtf.util.PackedByteBuf.CompressInfo] (value [org.cdlib.xtf.util.PackedByteBuf$CompressInfo@53ecb4e2]) but failed to remove it when the web application was stopped. This is very likely to create a memory leak.
14 nov. 2015 20:28:24 org.apache.catalina.loader.WebappClassLoader clearThreadLocalMap
GRAVE: The web application [/xtf] created a ThreadLocal with key of type [java.lang.ThreadLocal] (value [java.lang.ThreadLocal@37d62d02]) and a value of type [org.cdlib.xtf.util.PackedByteBuf.CompressInfo] (value [org.cdlib.xtf.util.PackedByteBuf$CompressInfo@59578c79]) but failed to remove it when the web application was stopped. This is very likely to create a memory leak.
14 nov. 2015 20:28:24 org.apache.catalina.loader.WebappClassLoader clearThreadLocalMap
GRAVE: The web application [/xtf] created a ThreadLocal with key of type [java.lang.ThreadLocal] (value [java.lang.ThreadLocal@37d62d02]) and a value of type [org.cdlib.xtf.util.PackedByteBuf.CompressInfo] (value [org.cdlib.xtf.util.PackedByteBuf$CompressInfo@2c789c2]) but failed to remove it when the web application was stopped. This is very likely to create a memory leak.
14 nov. 2015 20:28:26 org.apache.coyote.http11.Http11Protocol destroy
INFO: Arrêt de Coyote HTTP/1.1 sur http-8080
14 nov. 2015 20:28:45 org.apache.catalina.core.AprLifecycleListener init
INFO: The APR based Apache Tomcat Native library which allows optimal performance in production environments was not found on the java.library.path: .:/Library/Java/Extensions:/System/Library/Java/Extensions:/usr/lib/java
14 nov. 2015 20:28:45 org.apache.coyote.http11.Http11Protocol init
INFO: Initialisation de Coyote HTTP/1.1 sur http-8080
14 nov. 2015 20:28:45 org.apache.catalina.startup.Catalina load
INFO: Initialization processed in 797 ms
14 nov. 2015 20:28:45 org.apache.catalina.core.StandardService start
INFO: Démarrage du service Catalina
14 nov. 2015 20:28:45 org.apache.catalina.core.StandardEngine start
INFO: Starting Servlet Engine: Apache Tomcat/6.0.29
14 nov. 2015 20:28:45 org.apache.catalina.startup.HostConfig deployDescriptor
INFO: Déploiement du descripteur de configuration host-manager.xml
14 nov. 2015 20:28:45 org.apache.catalina.startup.HostConfig deployDescriptor
INFO: Déploiement du descripteur de configuration manager.xml
14 nov. 2015 20:28:45 org.apache.catalina.startup.HostConfig deployDirectory
INFO: Déploiement du répertoire docs de l'application web
14 nov. 2015 20:28:45 org.apache.catalina.startup.HostConfig deployDirectory
INFO: Déploiement du répertoire examples de l'application web
14 nov. 2015 20:28:46 org.apache.catalina.startup.HostConfig deployDirectory
INFO: Déploiement du répertoire ROOT de l'application web
14 nov. 2015 20:28:46 org.apache.catalina.startup.HostConfig deployDirectory
INFO: Déploiement du répertoire xtf de l'application web
14 nov. 2015 20:28:46 org.apache.coyote.http11.Http11Protocol start
INFO: Démarrage de Coyote HTTP/1.1 sur http-8080
14 nov. 2015 20:28:46 org.apache.jk.common.ChannelSocket init
INFO: JK: ajp13 listening on /0.0.0.0:8009
14 nov. 2015 20:28:46 org.apache.jk.server.JkMain start
INFO: Jk running ID=0 time=0/39  config=null
14 nov. 2015 20:28:46 org.apache.catalina.startup.Catalina start
INFO: Server startup in 1447 ms
14 nov. 2015 23:04:23 org.apache.coyote.http11.Http11Protocol pause
INFO: Suspension de Coyote HTTP/1.1 sur http-8080
14 nov. 2015 23:04:24 org.apache.catalina.core.StandardService stop
INFO: Arrêt du service Catalina
14 nov. 2015 23:04:26 org.apache.catalina.loader.WebappClassLoader clearReferencesThreads
GRAVE: The web application [/xtf] appears to have started a thread named [Thread-264] but has failed to stop it. This is very likely to create a memory leak.
14 nov. 2015 23:04:26 org.apache.catalina.loader.WebappClassLoader clearThreadLocalMap
GRAVE: The web application [/xtf] created a ThreadLocal with key of type [java.lang.ThreadLocal] (value [java.lang.ThreadLocal@6fe85c45]) and a value of type [org.cdlib.xtf.util.PackedByteBuf.CompressInfo] (value [org.cdlib.xtf.util.PackedByteBuf$CompressInfo@1ef69]) but failed to remove it when the web application was stopped. This is very likely to create a memory leak.
14 nov. 2015 23:04:26 org.apache.catalina.loader.WebappClassLoader clearThreadLocalMap
GRAVE: The web application [/xtf] created a ThreadLocal with key of type [java.lang.ThreadLocal] (value [java.lang.ThreadLocal@6fe85c45]) and a value of type [org.cdlib.xtf.util.PackedByteBuf.CompressInfo] (value [org.cdlib.xtf.util.PackedByteBuf$CompressInfo@7f0cd67f]) but failed to remove it when the web application was stopped. This is very likely to create a memory leak.
14 nov. 2015 23:04:26 org.apache.catalina.loader.WebappClassLoader clearThreadLocalMap
GRAVE: The web application [/xtf] created a ThreadLocal with key of type [java.lang.ThreadLocal] (value [java.lang.ThreadLocal@6fe85c45]) and a value of type [org.cdlib.xtf.util.PackedByteBuf.CompressInfo] (value [org.cdlib.xtf.util.PackedByteBuf$CompressInfo@23d66d03]) but failed to remove it when the web application was stopped. This is very likely to create a memory leak.
14 nov. 2015 23:04:26 org.apache.catalina.loader.WebappClassLoader clearThreadLocalMap
GRAVE: The web application [/xtf] created a ThreadLocal with key of type [java.lang.ThreadLocal] (value [java.lang.ThreadLocal@528ef256]) and a value of type [org.apache.lucene.index.SegmentTermEnum] (value [org.apache.lucene.index.SegmentTermEnum@26c81672]) but failed to remove it when the web application was stopped. This is very likely to create a memory leak.
14 nov. 2015 23:04:26 org.apache.catalina.loader.WebappClassLoader clearThreadLocalMap
GRAVE: The web application [/xtf] created a ThreadLocal with key of type [java.lang.ThreadLocal] (value [java.lang.ThreadLocal@6fe85c45]) and a value of type [org.cdlib.xtf.util.PackedByteBuf.CompressInfo] (value [org.cdlib.xtf.util.PackedByteBuf$CompressInfo@1a39aa42]) but failed to remove it when the web application was stopped. This is very likely to create a memory leak.
14 nov. 2015 23:04:28 org.apache.coyote.http11.Http11Protocol destroy
INFO: Arrêt de Coyote HTTP/1.1 sur http-8080
