3 nov. 2015 09:17:11 org.apache.coyote.http11.Http11Protocol pause
INFO: Suspension de Coyote HTTP/1.1 sur http-8080
3 nov. 2015 09:17:12 org.apache.catalina.core.StandardService stop
INFO: Arrêt du service Catalina
3 nov. 2015 09:17:14 org.apache.catalina.loader.WebappClassLoader clearReferencesThreads
GRAVE: The web application [/xtf] appears to have started a thread named [Thread-19] but has failed to stop it. This is very likely to create a memory leak.
3 nov. 2015 09:17:14 org.apache.catalina.loader.WebappClassLoader clearThreadLocalMap
GRAVE: The web application [/xtf] created a ThreadLocal with key of type [null] (value [null]) and a value of type [org.apache.lucene.index.SegmentTermEnum] (value [org.apache.lucene.index.SegmentTermEnum@3cd8a408]) but failed to remove it when the web application was stopped. This is very likely to create a memory leak.
3 nov. 2015 09:17:14 org.apache.catalina.loader.WebappClassLoader clearThreadLocalMap
GRAVE: The web application [/xtf] created a ThreadLocal with key of type [java.lang.ThreadLocal] (value [java.lang.ThreadLocal@32f9286d]) and a value of type [org.cdlib.xtf.util.PackedByteBuf.CompressInfo] (value [org.cdlib.xtf.util.PackedByteBuf$CompressInfo@3cd2640]) but failed to remove it when the web application was stopped. This is very likely to create a memory leak.
3 nov. 2015 09:17:14 org.apache.catalina.loader.WebappClassLoader clearThreadLocalMap
GRAVE: The web application [/xtf] created a ThreadLocal with key of type [null] (value [null]) and a value of type [org.apache.lucene.index.SegmentTermEnum] (value [org.apache.lucene.index.SegmentTermEnum@118a35b3]) but failed to remove it when the web application was stopped. This is very likely to create a memory leak.
3 nov. 2015 09:17:14 org.apache.catalina.loader.WebappClassLoader clearThreadLocalMap
GRAVE: The web application [/xtf] created a ThreadLocal with key of type [null] (value [null]) and a value of type [org.apache.lucene.index.SegmentTermEnum] (value [org.apache.lucene.index.SegmentTermEnum@8cb83c4]) but failed to remove it when the web application was stopped. This is very likely to create a memory leak.
3 nov. 2015 09:17:14 org.apache.catalina.loader.WebappClassLoader clearThreadLocalMap
GRAVE: The web application [/xtf] created a ThreadLocal with key of type [java.lang.ThreadLocal] (value [java.lang.ThreadLocal@6937bd5e]) and a value of type [org.apache.lucene.index.SegmentTermEnum] (value [org.apache.lucene.index.SegmentTermEnum@4a719c49]) but failed to remove it when the web application was stopped. This is very likely to create a memory leak.
3 nov. 2015 09:17:14 org.apache.catalina.loader.WebappClassLoader clearThreadLocalMap
GRAVE: The web application [/xtf] created a ThreadLocal with key of type [java.lang.ThreadLocal] (value [java.lang.ThreadLocal@32f9286d]) and a value of type [org.cdlib.xtf.util.PackedByteBuf.CompressInfo] (value [org.cdlib.xtf.util.PackedByteBuf$CompressInfo@68cba2cd]) but failed to remove it when the web application was stopped. This is very likely to create a memory leak.
3 nov. 2015 09:17:14 org.apache.catalina.loader.WebappClassLoader clearThreadLocalMap
GRAVE: The web application [/xtf] created a ThreadLocal with key of type [null] (value [null]) and a value of type [org.apache.lucene.index.SegmentTermEnum] (value [org.apache.lucene.index.SegmentTermEnum@112d767b]) but failed to remove it when the web application was stopped. This is very likely to create a memory leak.
3 nov. 2015 09:17:14 org.apache.catalina.loader.WebappClassLoader clearThreadLocalMap
GRAVE: The web application [/xtf] created a ThreadLocal with key of type [java.lang.ThreadLocal] (value [java.lang.ThreadLocal@32f9286d]) and a value of type [org.cdlib.xtf.util.PackedByteBuf.CompressInfo] (value [org.cdlib.xtf.util.PackedByteBuf$CompressInfo@3fbd8e0c]) but failed to remove it when the web application was stopped. This is very likely to create a memory leak.
3 nov. 2015 09:17:14 org.apache.catalina.loader.WebappClassLoader clearThreadLocalMap
GRAVE: The web application [/xtf] created a ThreadLocal with key of type [java.lang.ThreadLocal] (value [java.lang.ThreadLocal@32f9286d]) and a value of type [org.cdlib.xtf.util.PackedByteBuf.CompressInfo] (value [org.cdlib.xtf.util.PackedByteBuf$CompressInfo@35b8d685]) but failed to remove it when the web application was stopped. This is very likely to create a memory leak.
3 nov. 2015 09:17:14 org.apache.catalina.loader.WebappClassLoader clearThreadLocalMap
GRAVE: The web application [/xtf] created a ThreadLocal with key of type [java.lang.ThreadLocal] (value [java.lang.ThreadLocal@32f9286d]) and a value of type [org.cdlib.xtf.util.PackedByteBuf.CompressInfo] (value [org.cdlib.xtf.util.PackedByteBuf$CompressInfo@7a0bd150]) but failed to remove it when the web application was stopped. This is very likely to create a memory leak.
3 nov. 2015 09:17:14 org.apache.catalina.loader.WebappClassLoader clearThreadLocalMap
GRAVE: The web application [/xtf] created a ThreadLocal with key of type [java.lang.ThreadLocal] (value [java.lang.ThreadLocal@32f9286d]) and a value of type [org.cdlib.xtf.util.PackedByteBuf.CompressInfo] (value [org.cdlib.xtf.util.PackedByteBuf$CompressInfo@1ddb19c9]) but failed to remove it when the web application was stopped. This is very likely to create a memory leak.
3 nov. 2015 09:17:14 org.apache.catalina.loader.WebappClassLoader clearThreadLocalMap
GRAVE: The web application [/xtf] created a ThreadLocal with key of type [java.lang.ThreadLocal] (value [java.lang.ThreadLocal@32f9286d]) and a value of type [org.cdlib.xtf.util.PackedByteBuf.CompressInfo] (value [org.cdlib.xtf.util.PackedByteBuf$CompressInfo@1b79ea6f]) but failed to remove it when the web application was stopped. This is very likely to create a memory leak.
3 nov. 2015 09:17:14 org.apache.catalina.loader.WebappClassLoader clearThreadLocalMap
GRAVE: The web application [/xtf] created a ThreadLocal with key of type [java.lang.ThreadLocal] (value [java.lang.ThreadLocal@32f9286d]) and a value of type [org.cdlib.xtf.util.PackedByteBuf.CompressInfo] (value [org.cdlib.xtf.util.PackedByteBuf$CompressInfo@610e2b80]) but failed to remove it when the web application was stopped. This is very likely to create a memory leak.
3 nov. 2015 09:17:14 org.apache.catalina.loader.WebappClassLoader clearThreadLocalMap
GRAVE: The web application [/xtf] created a ThreadLocal with key of type [java.lang.ThreadLocal] (value [java.lang.ThreadLocal@32f9286d]) and a value of type [org.cdlib.xtf.util.PackedByteBuf.CompressInfo] (value [org.cdlib.xtf.util.PackedByteBuf$CompressInfo@694a1247]) but failed to remove it when the web application was stopped. This is very likely to create a memory leak.
3 nov. 2015 09:17:14 org.apache.catalina.loader.WebappClassLoader clearThreadLocalMap
GRAVE: The web application [/xtf] created a ThreadLocal with key of type [java.lang.ThreadLocal] (value [java.lang.ThreadLocal@32f9286d]) and a value of type [org.cdlib.xtf.util.PackedByteBuf.CompressInfo] (value [org.cdlib.xtf.util.PackedByteBuf$CompressInfo@7df62951]) but failed to remove it when the web application was stopped. This is very likely to create a memory leak.
3 nov. 2015 09:17:17 org.apache.coyote.http11.Http11Protocol destroy
INFO: Arrêt de Coyote HTTP/1.1 sur http-8080
3 nov. 2015 10:20:09 org.apache.catalina.core.AprLifecycleListener init
INFO: The APR based Apache Tomcat Native library which allows optimal performance in production environments was not found on the java.library.path: .:/Library/Java/Extensions:/System/Library/Java/Extensions:/usr/lib/java
3 nov. 2015 10:20:09 org.apache.coyote.http11.Http11Protocol init
INFO: Initialisation de Coyote HTTP/1.1 sur http-8080
3 nov. 2015 10:20:09 org.apache.catalina.startup.Catalina load
INFO: Initialization processed in 1488 ms
3 nov. 2015 10:20:10 org.apache.catalina.core.StandardService start
INFO: Démarrage du service Catalina
3 nov. 2015 10:20:10 org.apache.catalina.core.StandardEngine start
INFO: Starting Servlet Engine: Apache Tomcat/6.0.29
3 nov. 2015 10:20:10 org.apache.catalina.startup.HostConfig deployDescriptor
INFO: Déploiement du descripteur de configuration host-manager.xml
3 nov. 2015 10:20:10 org.apache.catalina.startup.HostConfig deployDescriptor
INFO: Déploiement du descripteur de configuration manager.xml
3 nov. 2015 10:20:11 org.apache.catalina.startup.HostConfig deployDirectory
INFO: Déploiement du répertoire docs de l'application web
3 nov. 2015 10:20:11 org.apache.catalina.startup.HostConfig deployDirectory
INFO: Déploiement du répertoire examples de l'application web
3 nov. 2015 10:20:11 org.apache.catalina.startup.HostConfig deployDirectory
INFO: Déploiement du répertoire ROOT de l'application web
3 nov. 2015 10:20:11 org.apache.catalina.startup.HostConfig deployDirectory
INFO: Déploiement du répertoire xtf de l'application web
3 nov. 2015 10:20:12 org.apache.coyote.http11.Http11Protocol start
INFO: Démarrage de Coyote HTTP/1.1 sur http-8080
3 nov. 2015 10:20:12 org.apache.jk.common.ChannelSocket init
INFO: JK: ajp13 listening on /0.0.0.0:8009
3 nov. 2015 10:20:12 org.apache.jk.server.JkMain start
INFO: Jk running ID=0 time=0/17  config=null
3 nov. 2015 10:20:12 org.apache.catalina.startup.Catalina start
INFO: Server startup in 2242 ms
3 nov. 2015 11:29:09 org.apache.coyote.http11.Http11Protocol pause
INFO: Suspension de Coyote HTTP/1.1 sur http-8080
3 nov. 2015 11:29:10 org.apache.catalina.core.StandardService stop
INFO: Arrêt du service Catalina
3 nov. 2015 11:29:11 org.apache.coyote.http11.Http11Protocol destroy
INFO: Arrêt de Coyote HTTP/1.1 sur http-8080
3 nov. 2015 11:29:38 org.apache.catalina.core.AprLifecycleListener init
INFO: The APR based Apache Tomcat Native library which allows optimal performance in production environments was not found on the java.library.path: .:/Library/Java/Extensions:/System/Library/Java/Extensions:/usr/lib/java
3 nov. 2015 11:29:38 org.apache.coyote.http11.Http11Protocol init
INFO: Initialisation de Coyote HTTP/1.1 sur http-8080
3 nov. 2015 11:29:38 org.apache.catalina.startup.Catalina load
INFO: Initialization processed in 855 ms
3 nov. 2015 11:29:38 org.apache.catalina.core.StandardService start
INFO: Démarrage du service Catalina
3 nov. 2015 11:29:38 org.apache.catalina.core.StandardEngine start
INFO: Starting Servlet Engine: Apache Tomcat/6.0.29
3 nov. 2015 11:29:38 org.apache.catalina.startup.HostConfig deployDescriptor
INFO: Déploiement du descripteur de configuration host-manager.xml
3 nov. 2015 11:29:39 org.apache.catalina.startup.HostConfig deployDescriptor
INFO: Déploiement du descripteur de configuration manager.xml
3 nov. 2015 11:29:39 org.apache.catalina.startup.HostConfig deployDirectory
INFO: Déploiement du répertoire docs de l'application web
3 nov. 2015 11:29:39 org.apache.catalina.startup.HostConfig deployDirectory
INFO: Déploiement du répertoire examples de l'application web
3 nov. 2015 11:29:39 org.apache.catalina.startup.HostConfig deployDirectory
INFO: Déploiement du répertoire ROOT de l'application web
3 nov. 2015 11:29:39 org.apache.catalina.startup.HostConfig deployDirectory
INFO: Déploiement du répertoire xtf de l'application web
3 nov. 2015 11:29:40 org.apache.coyote.http11.Http11Protocol start
INFO: Démarrage de Coyote HTTP/1.1 sur http-8080
3 nov. 2015 11:29:40 org.apache.jk.common.ChannelSocket init
INFO: JK: ajp13 listening on /0.0.0.0:8009
3 nov. 2015 11:29:40 org.apache.jk.server.JkMain start
INFO: Jk running ID=0 time=0/31  config=null
3 nov. 2015 11:29:40 org.apache.catalina.startup.Catalina start
INFO: Server startup in 1431 ms
