8 d残. 2015 11:24:18 org.apache.coyote.http11.Http11Protocol pause
INFO: Suspension de Coyote HTTP/1.1 sur http-8080
8 d残. 2015 11:24:19 org.apache.catalina.core.StandardService stop
INFO: Arr腎 du service Catalina
8 d残. 2015 11:24:19 org.apache.catalina.loader.WebappClassLoader clearReferencesThreads
GRAVE: The web application [/xtf] appears to have started a thread named [Thread-1189] but has failed to stop it. This is very likely to create a memory leak.
8 d残. 2015 11:24:19 org.apache.catalina.loader.WebappClassLoader clearThreadLocalMap
GRAVE: The web application [/xtf] created a ThreadLocal with key of type [java.lang.ThreadLocal] (value [java.lang.ThreadLocal@6375f67f]) and a value of type [org.cdlib.xtf.util.PackedByteBuf.CompressInfo] (value [org.cdlib.xtf.util.PackedByteBuf$CompressInfo@558a3edc]) but failed to remove it when the web application was stopped. This is very likely to create a memory leak.
8 d残. 2015 11:24:19 org.apache.catalina.loader.WebappClassLoader clearThreadLocalMap
GRAVE: The web application [/xtf] created a ThreadLocal with key of type [java.lang.ThreadLocal] (value [java.lang.ThreadLocal@6375f67f]) and a value of type [org.cdlib.xtf.util.PackedByteBuf.CompressInfo] (value [org.cdlib.xtf.util.PackedByteBuf$CompressInfo@67250963]) but failed to remove it when the web application was stopped. This is very likely to create a memory leak.
8 d残. 2015 11:24:19 org.apache.catalina.loader.WebappClassLoader clearThreadLocalMap
GRAVE: The web application [/xtf] created a ThreadLocal with key of type [java.lang.ThreadLocal] (value [java.lang.ThreadLocal@6375f67f]) and a value of type [org.cdlib.xtf.util.PackedByteBuf.CompressInfo] (value [org.cdlib.xtf.util.PackedByteBuf$CompressInfo@308b777c]) but failed to remove it when the web application was stopped. This is very likely to create a memory leak.
8 d残. 2015 11:24:19 org.apache.catalina.loader.WebappClassLoader clearThreadLocalMap
GRAVE: The web application [/xtf] created a ThreadLocal with key of type [java.lang.ThreadLocal] (value [java.lang.ThreadLocal@6375f67f]) and a value of type [org.cdlib.xtf.util.PackedByteBuf.CompressInfo] (value [org.cdlib.xtf.util.PackedByteBuf$CompressInfo@145186ca]) but failed to remove it when the web application was stopped. This is very likely to create a memory leak.
8 d残. 2015 11:24:19 org.apache.catalina.loader.WebappClassLoader clearThreadLocalMap
GRAVE: The web application [/xtf] created a ThreadLocal with key of type [java.lang.ThreadLocal] (value [java.lang.ThreadLocal@6375f67f]) and a value of type [org.cdlib.xtf.util.PackedByteBuf.CompressInfo] (value [org.cdlib.xtf.util.PackedByteBuf$CompressInfo@74684231]) but failed to remove it when the web application was stopped. This is very likely to create a memory leak.
8 d残. 2015 11:24:19 org.apache.catalina.loader.WebappClassLoader clearThreadLocalMap
GRAVE: The web application [/xtf] created a ThreadLocal with key of type [java.lang.ThreadLocal] (value [java.lang.ThreadLocal@6375f67f]) and a value of type [org.cdlib.xtf.util.PackedByteBuf.CompressInfo] (value [org.cdlib.xtf.util.PackedByteBuf$CompressInfo@68d1daab]) but failed to remove it when the web application was stopped. This is very likely to create a memory leak.
8 d残. 2015 11:24:19 org.apache.catalina.loader.WebappClassLoader clearThreadLocalMap
GRAVE: The web application [/xtf] created a ThreadLocal with key of type [java.lang.ThreadLocal] (value [java.lang.ThreadLocal@6375f67f]) and a value of type [org.cdlib.xtf.util.PackedByteBuf.CompressInfo] (value [org.cdlib.xtf.util.PackedByteBuf$CompressInfo@296b4650]) but failed to remove it when the web application was stopped. This is very likely to create a memory leak.
8 d残. 2015 11:24:19 org.apache.catalina.loader.WebappClassLoader clearThreadLocalMap
GRAVE: The web application [/xtf] created a ThreadLocal with key of type [null] (value [null]) and a value of type [org.apache.lucene.index.SegmentTermEnum] (value [org.apache.lucene.index.SegmentTermEnum@41d5436e]) but failed to remove it when the web application was stopped. This is very likely to create a memory leak.
8 d残. 2015 11:24:19 org.apache.catalina.loader.WebappClassLoader clearThreadLocalMap
GRAVE: The web application [/xtf] created a ThreadLocal with key of type [null] (value [null]) and a value of type [org.apache.lucene.index.SegmentTermEnum] (value [org.apache.lucene.index.SegmentTermEnum@183e0c86]) but failed to remove it when the web application was stopped. This is very likely to create a memory leak.
8 d残. 2015 11:24:19 org.apache.catalina.loader.WebappClassLoader clearThreadLocalMap
GRAVE: The web application [/xtf] created a ThreadLocal with key of type [java.lang.ThreadLocal] (value [java.lang.ThreadLocal@11a83dd9]) and a value of type [org.apache.lucene.index.SegmentTermEnum] (value [org.apache.lucene.index.SegmentTermEnum@3c747a9d]) but failed to remove it when the web application was stopped. This is very likely to create a memory leak.
8 d残. 2015 11:24:19 org.apache.catalina.loader.WebappClassLoader clearThreadLocalMap
GRAVE: The web application [/xtf] created a ThreadLocal with key of type [java.lang.ThreadLocal] (value [java.lang.ThreadLocal@6375f67f]) and a value of type [org.cdlib.xtf.util.PackedByteBuf.CompressInfo] (value [org.cdlib.xtf.util.PackedByteBuf$CompressInfo@31df86d]) but failed to remove it when the web application was stopped. This is very likely to create a memory leak.
8 d残. 2015 11:24:19 org.apache.catalina.loader.WebappClassLoader clearThreadLocalMap
GRAVE: The web application [/xtf] created a ThreadLocal with key of type [java.lang.ThreadLocal] (value [java.lang.ThreadLocal@6375f67f]) and a value of type [org.cdlib.xtf.util.PackedByteBuf.CompressInfo] (value [org.cdlib.xtf.util.PackedByteBuf$CompressInfo@24a0bdb4]) but failed to remove it when the web application was stopped. This is very likely to create a memory leak.
8 d残. 2015 11:24:20 org.apache.coyote.http11.Http11Protocol destroy
INFO: Arr腎 de Coyote HTTP/1.1 sur http-8080
8 d残. 2015 11:24:59 org.apache.catalina.core.AprLifecycleListener init
INFO: The APR based Apache Tomcat Native library which allows optimal performance in production environments was not found on the java.library.path: .:/Library/Java/Extensions:/System/Library/Java/Extensions:/usr/lib/java
8 d残. 2015 11:25:00 org.apache.coyote.http11.Http11Protocol init
INFO: Initialisation de Coyote HTTP/1.1 sur http-8080
8 d残. 2015 11:25:00 org.apache.catalina.startup.Catalina load
INFO: Initialization processed in 921 ms
8 d残. 2015 11:25:00 org.apache.catalina.core.StandardService start
INFO: D士arrage du service Catalina
8 d残. 2015 11:25:00 org.apache.catalina.core.StandardEngine start
INFO: Starting Servlet Engine: Apache Tomcat/6.0.29
8 d残. 2015 11:25:00 org.apache.catalina.startup.HostConfig deployDescriptor
INFO: D姿loiement du descripteur de configuration host-manager.xml
8 d残. 2015 11:25:00 org.apache.catalina.startup.HostConfig deployDescriptor
INFO: D姿loiement du descripteur de configuration manager.xml
8 d残. 2015 11:25:00 org.apache.catalina.startup.HostConfig deployDirectory
INFO: D姿loiement du r姿ertoire docs de l'application web
8 d残. 2015 11:25:00 org.apache.catalina.startup.HostConfig deployDirectory
INFO: D姿loiement du r姿ertoire examples de l'application web
8 d残. 2015 11:25:01 org.apache.catalina.startup.HostConfig deployDirectory
INFO: D姿loiement du r姿ertoire ROOT de l'application web
8 d残. 2015 11:25:01 org.apache.catalina.startup.HostConfig deployDirectory
INFO: D姿loiement du r姿ertoire xtf de l'application web
8 d残. 2015 11:25:01 org.apache.coyote.http11.Http11Protocol start
INFO: D士arrage de Coyote HTTP/1.1 sur http-8080
8 d残. 2015 11:25:01 org.apache.jk.common.ChannelSocket init
INFO: JK: ajp13 listening on /0.0.0.0:8009
8 d残. 2015 11:25:01 org.apache.jk.server.JkMain start
INFO: Jk running ID=0 time=0/30  config=null
8 d残. 2015 11:25:01 org.apache.catalina.startup.Catalina start
INFO: Server startup in 1326 ms
