1 f思r. 2015 17:03:24 org.apache.catalina.core.AprLifecycleListener init
INFO: The APR based Apache Tomcat Native library which allows optimal performance in production environments was not found on the java.library.path: .:/Library/Java/Extensions:/System/Library/Java/Extensions:/usr/lib/java
1 f思r. 2015 17:03:24 org.apache.coyote.http11.Http11Protocol init
INFO: Initialisation de Coyote HTTP/1.1 sur http-8080
1 f思r. 2015 17:03:24 org.apache.catalina.startup.Catalina load
INFO: Initialization processed in 770 ms
1 f思r. 2015 17:03:24 org.apache.catalina.core.StandardService start
INFO: D士arrage du service Catalina
1 f思r. 2015 17:03:24 org.apache.catalina.core.StandardEngine start
INFO: Starting Servlet Engine: Apache Tomcat/6.0.29
1 f思r. 2015 17:03:24 org.apache.catalina.startup.HostConfig deployDescriptor
INFO: D姿loiement du descripteur de configuration host-manager.xml
1 f思r. 2015 17:03:24 org.apache.catalina.startup.HostConfig deployDescriptor
INFO: D姿loiement du descripteur de configuration manager.xml
1 f思r. 2015 17:03:25 org.apache.catalina.startup.HostConfig deployDirectory
INFO: D姿loiement du r姿ertoire docs de l'application web
1 f思r. 2015 17:03:25 org.apache.catalina.startup.HostConfig deployDirectory
INFO: D姿loiement du r姿ertoire examples de l'application web
1 f思r. 2015 17:03:25 org.apache.catalina.startup.HostConfig deployDirectory
INFO: D姿loiement du r姿ertoire ROOT de l'application web
1 f思r. 2015 17:03:25 org.apache.catalina.startup.HostConfig deployDirectory
INFO: D姿loiement du r姿ertoire xtf de l'application web
1 f思r. 2015 17:03:25 org.apache.coyote.http11.Http11Protocol start
INFO: D士arrage de Coyote HTTP/1.1 sur http-8080
1 f思r. 2015 17:03:26 org.apache.jk.common.ChannelSocket init
INFO: JK: ajp13 listening on /0.0.0.0:8009
1 f思r. 2015 17:03:26 org.apache.jk.server.JkMain start
INFO: Jk running ID=0 time=0/82  config=null
1 f思r. 2015 17:03:26 org.apache.catalina.startup.Catalina start
INFO: Server startup in 1636 ms
1 f思r. 2015 18:34:28 org.apache.coyote.http11.Http11Protocol pause
INFO: Suspension de Coyote HTTP/1.1 sur http-8080
1 f思r. 2015 18:34:29 org.apache.catalina.core.StandardService stop
INFO: Arr腎 du service Catalina
1 f思r. 2015 18:34:30 org.apache.catalina.loader.WebappClassLoader clearReferencesThreads
GRAVE: The web application [/xtf] appears to have started a thread named [Thread-18] but has failed to stop it. This is very likely to create a memory leak.
1 f思r. 2015 18:34:30 org.apache.catalina.loader.WebappClassLoader clearThreadLocalMap
GRAVE: The web application [/xtf] created a ThreadLocal with key of type [null] (value [null]) and a value of type [org.apache.lucene.index.SegmentTermEnum] (value [org.apache.lucene.index.SegmentTermEnum@4b166a70]) but failed to remove it when the web application was stopped. This is very likely to create a memory leak.
1 f思r. 2015 18:34:30 org.apache.catalina.loader.WebappClassLoader clearThreadLocalMap
GRAVE: The web application [/xtf] created a ThreadLocal with key of type [null] (value [null]) and a value of type [org.apache.lucene.index.SegmentTermEnum] (value [org.apache.lucene.index.SegmentTermEnum@2ca60593]) but failed to remove it when the web application was stopped. This is very likely to create a memory leak.
1 f思r. 2015 18:34:30 org.apache.catalina.loader.WebappClassLoader clearThreadLocalMap
GRAVE: The web application [/xtf] created a ThreadLocal with key of type [null] (value [null]) and a value of type [org.apache.lucene.index.SegmentTermEnum] (value [org.apache.lucene.index.SegmentTermEnum@47b80ccb]) but failed to remove it when the web application was stopped. This is very likely to create a memory leak.
1 f思r. 2015 18:34:30 org.apache.catalina.loader.WebappClassLoader clearThreadLocalMap
GRAVE: The web application [/xtf] created a ThreadLocal with key of type [null] (value [null]) and a value of type [org.apache.lucene.index.SegmentTermEnum] (value [org.apache.lucene.index.SegmentTermEnum@4500836]) but failed to remove it when the web application was stopped. This is very likely to create a memory leak.
1 f思r. 2015 18:34:30 org.apache.catalina.loader.WebappClassLoader clearThreadLocalMap
GRAVE: The web application [/xtf] created a ThreadLocal with key of type [null] (value [null]) and a value of type [org.apache.lucene.index.SegmentTermEnum] (value [org.apache.lucene.index.SegmentTermEnum@224b1370]) but failed to remove it when the web application was stopped. This is very likely to create a memory leak.
1 f思r. 2015 18:34:30 org.apache.catalina.loader.WebappClassLoader clearThreadLocalMap
GRAVE: The web application [/xtf] created a ThreadLocal with key of type [java.lang.ThreadLocal] (value [java.lang.ThreadLocal@6ee92fa6]) and a value of type [org.cdlib.xtf.util.PackedByteBuf.CompressInfo] (value [org.cdlib.xtf.util.PackedByteBuf$CompressInfo@f37742d]) but failed to remove it when the web application was stopped. This is very likely to create a memory leak.
1 f思r. 2015 18:34:30 org.apache.catalina.loader.WebappClassLoader clearThreadLocalMap
GRAVE: The web application [/xtf] created a ThreadLocal with key of type [null] (value [null]) and a value of type [org.apache.lucene.index.SegmentTermEnum] (value [org.apache.lucene.index.SegmentTermEnum@1ac3e29]) but failed to remove it when the web application was stopped. This is very likely to create a memory leak.
1 f思r. 2015 18:34:30 org.apache.catalina.loader.WebappClassLoader clearThreadLocalMap
GRAVE: The web application [/xtf] created a ThreadLocal with key of type [null] (value [null]) and a value of type [org.apache.lucene.index.SegmentTermEnum] (value [org.apache.lucene.index.SegmentTermEnum@5324f69a]) but failed to remove it when the web application was stopped. This is very likely to create a memory leak.
1 f思r. 2015 18:34:30 org.apache.catalina.loader.WebappClassLoader clearThreadLocalMap
GRAVE: The web application [/xtf] created a ThreadLocal with key of type [null] (value [null]) and a value of type [org.apache.lucene.index.SegmentTermEnum] (value [org.apache.lucene.index.SegmentTermEnum@1fba231b]) but failed to remove it when the web application was stopped. This is very likely to create a memory leak.
1 f思r. 2015 18:34:30 org.apache.catalina.loader.WebappClassLoader clearThreadLocalMap
GRAVE: The web application [/xtf] created a ThreadLocal with key of type [java.lang.ThreadLocal] (value [java.lang.ThreadLocal@7556d1e2]) and a value of type [org.apache.lucene.index.SegmentTermEnum] (value [org.apache.lucene.index.SegmentTermEnum@16ed889d]) but failed to remove it when the web application was stopped. This is very likely to create a memory leak.
1 f思r. 2015 18:34:30 org.apache.catalina.loader.WebappClassLoader clearThreadLocalMap
GRAVE: The web application [/xtf] created a ThreadLocal with key of type [null] (value [null]) and a value of type [org.apache.lucene.index.SegmentTermEnum] (value [org.apache.lucene.index.SegmentTermEnum@44a4072d]) but failed to remove it when the web application was stopped. This is very likely to create a memory leak.
1 f思r. 2015 18:34:30 org.apache.catalina.loader.WebappClassLoader clearThreadLocalMap
GRAVE: The web application [/xtf] created a ThreadLocal with key of type [null] (value [null]) and a value of type [org.apache.lucene.index.SegmentTermEnum] (value [org.apache.lucene.index.SegmentTermEnum@6cd33e8f]) but failed to remove it when the web application was stopped. This is very likely to create a memory leak.
1 f思r. 2015 18:34:30 org.apache.catalina.loader.WebappClassLoader clearThreadLocalMap
GRAVE: The web application [/xtf] created a ThreadLocal with key of type [null] (value [null]) and a value of type [org.apache.lucene.index.SegmentTermEnum] (value [org.apache.lucene.index.SegmentTermEnum@20b0561a]) but failed to remove it when the web application was stopped. This is very likely to create a memory leak.
1 f思r. 2015 18:34:30 org.apache.catalina.loader.WebappClassLoader clearThreadLocalMap
GRAVE: The web application [/xtf] created a ThreadLocal with key of type [null] (value [null]) and a value of type [org.apache.lucene.index.SegmentTermEnum] (value [org.apache.lucene.index.SegmentTermEnum@18e4d5ba]) but failed to remove it when the web application was stopped. This is very likely to create a memory leak.
1 f思r. 2015 18:34:30 org.apache.catalina.loader.WebappClassLoader clearThreadLocalMap
GRAVE: The web application [/xtf] created a ThreadLocal with key of type [null] (value [null]) and a value of type [org.apache.lucene.index.SegmentTermEnum] (value [org.apache.lucene.index.SegmentTermEnum@578bb31a]) but failed to remove it when the web application was stopped. This is very likely to create a memory leak.
1 f思r. 2015 18:34:30 org.apache.catalina.loader.WebappClassLoader clearThreadLocalMap
GRAVE: The web application [/xtf] created a ThreadLocal with key of type [null] (value [null]) and a value of type [org.apache.lucene.index.SegmentTermEnum] (value [org.apache.lucene.index.SegmentTermEnum@149b9cdd]) but failed to remove it when the web application was stopped. This is very likely to create a memory leak.
1 f思r. 2015 18:34:30 org.apache.catalina.loader.WebappClassLoader clearThreadLocalMap
GRAVE: The web application [/xtf] created a ThreadLocal with key of type [null] (value [null]) and a value of type [org.apache.lucene.index.SegmentTermEnum] (value [org.apache.lucene.index.SegmentTermEnum@74577bbc]) but failed to remove it when the web application was stopped. This is very likely to create a memory leak.
1 f思r. 2015 18:34:30 org.apache.catalina.loader.WebappClassLoader clearThreadLocalMap
GRAVE: The web application [/xtf] created a ThreadLocal with key of type [null] (value [null]) and a value of type [org.apache.lucene.index.SegmentTermEnum] (value [org.apache.lucene.index.SegmentTermEnum@1b7caf50]) but failed to remove it when the web application was stopped. This is very likely to create a memory leak.
1 f思r. 2015 18:34:30 org.apache.catalina.loader.WebappClassLoader clearThreadLocalMap
GRAVE: The web application [/xtf] created a ThreadLocal with key of type [null] (value [null]) and a value of type [org.apache.lucene.index.SegmentTermEnum] (value [org.apache.lucene.index.SegmentTermEnum@16d9bb49]) but failed to remove it when the web application was stopped. This is very likely to create a memory leak.
1 f思r. 2015 18:34:30 org.apache.catalina.loader.WebappClassLoader clearThreadLocalMap
GRAVE: The web application [/xtf] created a ThreadLocal with key of type [null] (value [null]) and a value of type [org.apache.lucene.index.SegmentTermEnum] (value [org.apache.lucene.index.SegmentTermEnum@3096c157]) but failed to remove it when the web application was stopped. This is very likely to create a memory leak.
1 f思r. 2015 18:34:30 org.apache.catalina.loader.WebappClassLoader clearThreadLocalMap
GRAVE: The web application [/xtf] created a ThreadLocal with key of type [null] (value [null]) and a value of type [org.apache.lucene.index.SegmentTermEnum] (value [org.apache.lucene.index.SegmentTermEnum@796f4fac]) but failed to remove it when the web application was stopped. This is very likely to create a memory leak.
1 f思r. 2015 18:34:30 org.apache.catalina.loader.WebappClassLoader clearThreadLocalMap
GRAVE: The web application [/xtf] created a ThreadLocal with key of type [null] (value [null]) and a value of type [org.apache.lucene.index.SegmentTermEnum] (value [org.apache.lucene.index.SegmentTermEnum@7ad7e37c]) but failed to remove it when the web application was stopped. This is very likely to create a memory leak.
1 f思r. 2015 18:34:30 org.apache.catalina.loader.WebappClassLoader clearThreadLocalMap
GRAVE: The web application [/xtf] created a ThreadLocal with key of type [null] (value [null]) and a value of type [org.apache.lucene.index.SegmentTermEnum] (value [org.apache.lucene.index.SegmentTermEnum@739820e5]) but failed to remove it when the web application was stopped. This is very likely to create a memory leak.
1 f思r. 2015 18:34:30 org.apache.catalina.loader.WebappClassLoader clearThreadLocalMap
GRAVE: The web application [/xtf] created a ThreadLocal with key of type [java.lang.ThreadLocal] (value [java.lang.ThreadLocal@6ee92fa6]) and a value of type [org.cdlib.xtf.util.PackedByteBuf.CompressInfo] (value [org.cdlib.xtf.util.PackedByteBuf$CompressInfo@897d5ad]) but failed to remove it when the web application was stopped. This is very likely to create a memory leak.
1 f思r. 2015 18:34:30 org.apache.catalina.loader.WebappClassLoader clearThreadLocalMap
GRAVE: The web application [/xtf] created a ThreadLocal with key of type [null] (value [null]) and a value of type [org.apache.lucene.index.SegmentTermEnum] (value [org.apache.lucene.index.SegmentTermEnum@284d5543]) but failed to remove it when the web application was stopped. This is very likely to create a memory leak.
1 f思r. 2015 18:34:30 org.apache.catalina.loader.WebappClassLoader clearThreadLocalMap
GRAVE: The web application [/xtf] created a ThreadLocal with key of type [null] (value [null]) and a value of type [org.apache.lucene.index.SegmentTermEnum] (value [org.apache.lucene.index.SegmentTermEnum@6d18b660]) but failed to remove it when the web application was stopped. This is very likely to create a memory leak.
1 f思r. 2015 18:34:30 org.apache.catalina.loader.WebappClassLoader clearThreadLocalMap
GRAVE: The web application [/xtf] created a ThreadLocal with key of type [null] (value [null]) and a value of type [org.apache.lucene.index.SegmentTermEnum] (value [org.apache.lucene.index.SegmentTermEnum@716d9094]) but failed to remove it when the web application was stopped. This is very likely to create a memory leak.
1 f思r. 2015 18:34:30 org.apache.catalina.loader.WebappClassLoader clearThreadLocalMap
GRAVE: The web application [/xtf] created a ThreadLocal with key of type [null] (value [null]) and a value of type [org.apache.lucene.index.SegmentTermEnum] (value [org.apache.lucene.index.SegmentTermEnum@502f1eb9]) but failed to remove it when the web application was stopped. This is very likely to create a memory leak.
1 f思r. 2015 18:34:30 org.apache.catalina.loader.WebappClassLoader clearThreadLocalMap
GRAVE: The web application [/xtf] created a ThreadLocal with key of type [null] (value [null]) and a value of type [org.apache.lucene.index.SegmentTermEnum] (value [org.apache.lucene.index.SegmentTermEnum@458a2ccf]) but failed to remove it when the web application was stopped. This is very likely to create a memory leak.
1 f思r. 2015 18:34:30 org.apache.catalina.loader.WebappClassLoader clearThreadLocalMap
GRAVE: The web application [/xtf] created a ThreadLocal with key of type [null] (value [null]) and a value of type [org.apache.lucene.index.SegmentTermEnum] (value [org.apache.lucene.index.SegmentTermEnum@7283edb3]) but failed to remove it when the web application was stopped. This is very likely to create a memory leak.
1 f思r. 2015 18:34:30 org.apache.catalina.loader.WebappClassLoader clearThreadLocalMap
GRAVE: The web application [/xtf] created a ThreadLocal with key of type [null] (value [null]) and a value of type [org.apache.lucene.index.SegmentTermEnum] (value [org.apache.lucene.index.SegmentTermEnum@336abd81]) but failed to remove it when the web application was stopped. This is very likely to create a memory leak.
1 f思r. 2015 18:34:30 org.apache.catalina.loader.WebappClassLoader clearThreadLocalMap
GRAVE: The web application [/xtf] created a ThreadLocal with key of type [null] (value [null]) and a value of type [org.apache.lucene.index.SegmentTermEnum] (value [org.apache.lucene.index.SegmentTermEnum@24bf7a86]) but failed to remove it when the web application was stopped. This is very likely to create a memory leak.
1 f思r. 2015 18:34:30 org.apache.catalina.loader.WebappClassLoader clearThreadLocalMap
GRAVE: The web application [/xtf] created a ThreadLocal with key of type [java.lang.ThreadLocal] (value [java.lang.ThreadLocal@6ee92fa6]) and a value of type [org.cdlib.xtf.util.PackedByteBuf.CompressInfo] (value [org.cdlib.xtf.util.PackedByteBuf$CompressInfo@17050643]) but failed to remove it when the web application was stopped. This is very likely to create a memory leak.
1 f思r. 2015 18:34:30 org.apache.catalina.loader.WebappClassLoader clearThreadLocalMap
GRAVE: The web application [/xtf] created a ThreadLocal with key of type [null] (value [null]) and a value of type [org.apache.lucene.index.SegmentTermEnum] (value [org.apache.lucene.index.SegmentTermEnum@4ade2483]) but failed to remove it when the web application was stopped. This is very likely to create a memory leak.
1 f思r. 2015 18:34:30 org.apache.catalina.loader.WebappClassLoader clearThreadLocalMap
GRAVE: The web application [/xtf] created a ThreadLocal with key of type [null] (value [null]) and a value of type [org.apache.lucene.index.SegmentTermEnum] (value [org.apache.lucene.index.SegmentTermEnum@3e2f3adb]) but failed to remove it when the web application was stopped. This is very likely to create a memory leak.
1 f思r. 2015 18:34:30 org.apache.catalina.loader.WebappClassLoader clearThreadLocalMap
GRAVE: The web application [/xtf] created a ThreadLocal with key of type [null] (value [null]) and a value of type [org.apache.lucene.index.SegmentTermEnum] (value [org.apache.lucene.index.SegmentTermEnum@ec11fc2]) but failed to remove it when the web application was stopped. This is very likely to create a memory leak.
1 f思r. 2015 18:34:30 org.apache.catalina.loader.WebappClassLoader clearThreadLocalMap
GRAVE: The web application [/xtf] created a ThreadLocal with key of type [java.lang.ThreadLocal] (value [java.lang.ThreadLocal@6ee92fa6]) and a value of type [org.cdlib.xtf.util.PackedByteBuf.CompressInfo] (value [org.cdlib.xtf.util.PackedByteBuf$CompressInfo@290c011f]) but failed to remove it when the web application was stopped. This is very likely to create a memory leak.
1 f思r. 2015 18:34:30 org.apache.catalina.loader.WebappClassLoader clearThreadLocalMap
GRAVE: The web application [/xtf] created a ThreadLocal with key of type [java.lang.ThreadLocal] (value [java.lang.ThreadLocal@6ee92fa6]) and a value of type [org.cdlib.xtf.util.PackedByteBuf.CompressInfo] (value [org.cdlib.xtf.util.PackedByteBuf$CompressInfo@531daf46]) but failed to remove it when the web application was stopped. This is very likely to create a memory leak.
1 f思r. 2015 18:34:30 org.apache.coyote.http11.Http11Protocol destroy
INFO: Arr腎 de Coyote HTTP/1.1 sur http-8080
