26 mars 2015 09:58:44 org.apache.catalina.core.AprLifecycleListener init
INFO: The APR based Apache Tomcat Native library which allows optimal performance in production environments was not found on the java.library.path: .:/Library/Java/Extensions:/System/Library/Java/Extensions:/usr/lib/java
26 mars 2015 09:58:44 org.apache.coyote.http11.Http11Protocol init
INFO: Initialisation de Coyote HTTP/1.1 sur http-8080
26 mars 2015 09:58:44 org.apache.catalina.startup.Catalina load
INFO: Initialization processed in 612 ms
26 mars 2015 09:58:44 org.apache.catalina.core.StandardService start
INFO: Démarrage du service Catalina
26 mars 2015 09:58:44 org.apache.catalina.core.StandardEngine start
INFO: Starting Servlet Engine: Apache Tomcat/6.0.29
26 mars 2015 09:58:44 org.apache.catalina.startup.HostConfig deployDescriptor
INFO: Déploiement du descripteur de configuration host-manager.xml
26 mars 2015 09:58:45 org.apache.catalina.startup.HostConfig deployDescriptor
INFO: Déploiement du descripteur de configuration manager.xml
26 mars 2015 09:58:45 org.apache.catalina.startup.HostConfig deployDirectory
INFO: Déploiement du répertoire docs de l'application web
26 mars 2015 09:58:45 org.apache.catalina.startup.HostConfig deployDirectory
INFO: Déploiement du répertoire examples de l'application web
26 mars 2015 09:58:45 org.apache.catalina.startup.HostConfig deployDirectory
INFO: Déploiement du répertoire ROOT de l'application web
26 mars 2015 09:58:45 org.apache.catalina.startup.HostConfig deployDirectory
INFO: Déploiement du répertoire xtf de l'application web
26 mars 2015 09:58:45 org.apache.coyote.http11.Http11Protocol start
INFO: Démarrage de Coyote HTTP/1.1 sur http-8080
26 mars 2015 09:58:45 org.apache.jk.common.ChannelSocket init
INFO: JK: ajp13 listening on /0.0.0.0:8009
26 mars 2015 09:58:45 org.apache.jk.server.JkMain start
INFO: Jk running ID=0 time=0/15  config=null
26 mars 2015 09:58:45 org.apache.catalina.startup.Catalina start
INFO: Server startup in 969 ms
26 mars 2015 10:03:13 org.apache.coyote.http11.Http11Protocol pause
INFO: Suspension de Coyote HTTP/1.1 sur http-8080
26 mars 2015 10:03:14 org.apache.catalina.core.StandardService stop
INFO: Arrêt du service Catalina
26 mars 2015 10:03:14 org.apache.catalina.loader.WebappClassLoader clearThreadLocalMap
GRAVE: The web application [/xtf] created a ThreadLocal with key of type [java.lang.ThreadLocal] (value [java.lang.ThreadLocal@3b26456a]) and a value of type [org.cdlib.xtf.util.PackedByteBuf.CompressInfo] (value [org.cdlib.xtf.util.PackedByteBuf$CompressInfo@4d97507c]) but failed to remove it when the web application was stopped. This is very likely to create a memory leak.
26 mars 2015 10:03:14 org.apache.catalina.loader.WebappClassLoader clearThreadLocalMap
GRAVE: The web application [/xtf] created a ThreadLocal with key of type [java.lang.ThreadLocal] (value [java.lang.ThreadLocal@3b26456a]) and a value of type [org.cdlib.xtf.util.PackedByteBuf.CompressInfo] (value [org.cdlib.xtf.util.PackedByteBuf$CompressInfo@92524b0]) but failed to remove it when the web application was stopped. This is very likely to create a memory leak.
26 mars 2015 10:03:14 org.apache.catalina.loader.WebappClassLoader clearThreadLocalMap
GRAVE: The web application [/xtf] created a ThreadLocal with key of type [java.lang.ThreadLocal] (value [java.lang.ThreadLocal@3b26456a]) and a value of type [org.cdlib.xtf.util.PackedByteBuf.CompressInfo] (value [org.cdlib.xtf.util.PackedByteBuf$CompressInfo@658ba380]) but failed to remove it when the web application was stopped. This is very likely to create a memory leak.
26 mars 2015 10:03:14 org.apache.catalina.loader.WebappClassLoader clearThreadLocalMap
GRAVE: The web application [/xtf] created a ThreadLocal with key of type [java.lang.ThreadLocal] (value [java.lang.ThreadLocal@3b26456a]) and a value of type [org.cdlib.xtf.util.PackedByteBuf.CompressInfo] (value [org.cdlib.xtf.util.PackedByteBuf$CompressInfo@329b5c95]) but failed to remove it when the web application was stopped. This is very likely to create a memory leak.
26 mars 2015 10:03:14 org.apache.catalina.loader.WebappClassLoader clearThreadLocalMap
GRAVE: The web application [/xtf] created a ThreadLocal with key of type [java.lang.ThreadLocal] (value [java.lang.ThreadLocal@3b26456a]) and a value of type [org.cdlib.xtf.util.PackedByteBuf.CompressInfo] (value [org.cdlib.xtf.util.PackedByteBuf$CompressInfo@75db5427]) but failed to remove it when the web application was stopped. This is very likely to create a memory leak.
26 mars 2015 10:03:14 org.apache.catalina.loader.WebappClassLoader clearThreadLocalMap
GRAVE: The web application [/xtf] created a ThreadLocal with key of type [java.lang.ThreadLocal] (value [java.lang.ThreadLocal@3b26456a]) and a value of type [org.cdlib.xtf.util.PackedByteBuf.CompressInfo] (value [org.cdlib.xtf.util.PackedByteBuf$CompressInfo@127208e4]) but failed to remove it when the web application was stopped. This is very likely to create a memory leak.
26 mars 2015 10:03:14 org.apache.catalina.loader.WebappClassLoader clearThreadLocalMap
GRAVE: The web application [/xtf] created a ThreadLocal with key of type [java.lang.ThreadLocal] (value [java.lang.ThreadLocal@3b26456a]) and a value of type [org.cdlib.xtf.util.PackedByteBuf.CompressInfo] (value [org.cdlib.xtf.util.PackedByteBuf$CompressInfo@7ca5ba31]) but failed to remove it when the web application was stopped. This is very likely to create a memory leak.
26 mars 2015 10:03:14 org.apache.coyote.http11.Http11Protocol destroy
INFO: Arrêt de Coyote HTTP/1.1 sur http-8080
26 mars 2015 10:10:28 org.apache.catalina.core.AprLifecycleListener init
INFO: The APR based Apache Tomcat Native library which allows optimal performance in production environments was not found on the java.library.path: .:/Library/Java/Extensions:/System/Library/Java/Extensions:/usr/lib/java
26 mars 2015 10:10:28 org.apache.coyote.http11.Http11Protocol init
INFO: Initialisation de Coyote HTTP/1.1 sur http-8080
26 mars 2015 10:10:28 org.apache.catalina.startup.Catalina load
INFO: Initialization processed in 855 ms
26 mars 2015 10:10:28 org.apache.catalina.core.StandardService start
INFO: Démarrage du service Catalina
26 mars 2015 10:10:28 org.apache.catalina.core.StandardEngine start
INFO: Starting Servlet Engine: Apache Tomcat/6.0.29
26 mars 2015 10:10:28 org.apache.catalina.startup.HostConfig deployDescriptor
INFO: Déploiement du descripteur de configuration host-manager.xml
26 mars 2015 10:10:29 org.apache.catalina.startup.HostConfig deployDescriptor
INFO: Déploiement du descripteur de configuration manager.xml
26 mars 2015 10:10:30 org.apache.catalina.startup.HostConfig deployDirectory
INFO: Déploiement du répertoire docs de l'application web
26 mars 2015 10:10:30 org.apache.catalina.startup.HostConfig deployDirectory
INFO: Déploiement du répertoire examples de l'application web
26 mars 2015 10:10:30 org.apache.catalina.startup.HostConfig deployDirectory
INFO: Déploiement du répertoire ROOT de l'application web
26 mars 2015 10:10:30 org.apache.catalina.startup.HostConfig deployDirectory
INFO: Déploiement du répertoire xtf de l'application web
26 mars 2015 10:10:31 org.apache.coyote.http11.Http11Protocol start
INFO: Démarrage de Coyote HTTP/1.1 sur http-8080
26 mars 2015 10:10:31 org.apache.jk.common.ChannelSocket init
INFO: JK: ajp13 listening on /0.0.0.0:8009
26 mars 2015 10:10:31 org.apache.jk.server.JkMain start
INFO: Jk running ID=0 time=0/27  config=null
26 mars 2015 10:10:31 org.apache.catalina.startup.Catalina start
INFO: Server startup in 2754 ms
26 mars 2015 10:11:13 org.apache.coyote.http11.Http11Protocol pause
INFO: Suspension de Coyote HTTP/1.1 sur http-8080
26 mars 2015 10:11:14 org.apache.catalina.core.StandardService stop
INFO: Arrêt du service Catalina
26 mars 2015 10:11:17 org.apache.catalina.loader.WebappClassLoader clearThreadLocalMap
GRAVE: The web application [/xtf] created a ThreadLocal with key of type [java.lang.ThreadLocal] (value [java.lang.ThreadLocal@e776f7]) and a value of type [org.cdlib.xtf.util.PackedByteBuf.CompressInfo] (value [org.cdlib.xtf.util.PackedByteBuf$CompressInfo@5c335297]) but failed to remove it when the web application was stopped. This is very likely to create a memory leak.
26 mars 2015 10:11:17 org.apache.catalina.loader.WebappClassLoader clearThreadLocalMap
GRAVE: The web application [/xtf] created a ThreadLocal with key of type [java.lang.ThreadLocal] (value [java.lang.ThreadLocal@e776f7]) and a value of type [org.cdlib.xtf.util.PackedByteBuf.CompressInfo] (value [org.cdlib.xtf.util.PackedByteBuf$CompressInfo@2d7366cb]) but failed to remove it when the web application was stopped. This is very likely to create a memory leak.
26 mars 2015 10:11:17 org.apache.catalina.loader.WebappClassLoader clearThreadLocalMap
GRAVE: The web application [/xtf] created a ThreadLocal with key of type [java.lang.ThreadLocal] (value [java.lang.ThreadLocal@e776f7]) and a value of type [org.cdlib.xtf.util.PackedByteBuf.CompressInfo] (value [org.cdlib.xtf.util.PackedByteBuf$CompressInfo@7361b0bc]) but failed to remove it when the web application was stopped. This is very likely to create a memory leak.
26 mars 2015 10:11:17 org.apache.coyote.http11.Http11Protocol destroy
INFO: Arrêt de Coyote HTTP/1.1 sur http-8080
26-Mar-2015 10:12:18 org.apache.catalina.core.AprLifecycleListener init
INFO: The APR based Apache Tomcat Native library which allows optimal performance in production environments was not found on the java.library.path: F:\Berlin 2015\XTF_Praetorius\java\jre6_win\bin;.;C:\Windows\Sun\Java\bin;C:\Windows\system32;C:\Windows;F:\Berlin 2015\XTF_Praetorius\java\jre6_win\bin;C:\ProgramData\Oracle\Java\javapath;C:\Program Files (x86)\NVIDIA Corporation\PhysX\Common;C:\Program Files (x86)\Intel\iCLS Client\;C:\Program Files\Intel\iCLS Client\;C:\Windows\system32;C:\Windows;C:\Windows\System32\Wbem;C:\Windows\System32\WindowsPowerShell\v1.0\;C:\Program Files\Intel\Intel(R) Management Engine Components\DAL;C:\Program Files (x86)\Intel\Intel(R) Management Engine Components\DAL;C:\Program Files\Intel\Intel(R) Management Engine Components\IPT;C:\Program Files (x86)\Intel\Intel(R) Management Engine Components\IPT;C:\Program Files\MATLAB\R2013b\bin
26-Mar-2015 10:12:18 org.apache.coyote.http11.Http11Protocol init
INFO: Initializing Coyote HTTP/1.1 on http-8080
26-Mar-2015 10:12:18 org.apache.catalina.startup.Catalina load
INFO: Initialization processed in 489 ms
26-Mar-2015 10:12:19 org.apache.catalina.core.StandardService start
INFO: Starting service Catalina
26-Mar-2015 10:12:19 org.apache.catalina.core.StandardEngine start
INFO: Starting Servlet Engine: Apache Tomcat/6.0.29
26-Mar-2015 10:12:19 org.apache.catalina.startup.HostConfig deployDescriptor
INFO: Deploying configuration descriptor host-manager.xml
26-Mar-2015 10:12:20 org.apache.catalina.startup.HostConfig deployDescriptor
INFO: Deploying configuration descriptor manager.xml
26-Mar-2015 10:12:20 org.apache.catalina.startup.HostConfig deployDirectory
INFO: Deploying web application directory docs
26-Mar-2015 10:12:20 org.apache.catalina.startup.HostConfig deployDirectory
INFO: Deploying web application directory examples
26-Mar-2015 10:12:21 org.apache.catalina.startup.HostConfig deployDirectory
INFO: Deploying web application directory ROOT
26-Mar-2015 10:12:21 org.apache.catalina.startup.HostConfig deployDirectory
INFO: Deploying web application directory xtf
26-Mar-2015 10:12:21 org.apache.coyote.http11.Http11Protocol start
INFO: Starting Coyote HTTP/1.1 on http-8080
26-Mar-2015 10:12:21 org.apache.jk.common.ChannelSocket init
INFO: JK: ajp13 listening on /0.0.0.0:8009
26-Mar-2015 10:12:21 org.apache.jk.server.JkMain start
INFO: Jk running ID=0 time=0/18  config=null
26-Mar-2015 10:12:21 org.apache.catalina.startup.Catalina start
INFO: Server startup in 2457 ms
