15 f思r. 2016 10:12:25 org.apache.catalina.core.AprLifecycleListener init
INFO: The APR based Apache Tomcat Native library which allows optimal performance in production environments was not found on the java.library.path: .:/Library/Java/Extensions:/System/Library/Java/Extensions:/usr/lib/java
15 f思r. 2016 10:12:27 org.apache.coyote.http11.Http11Protocol init
INFO: Initialisation de Coyote HTTP/1.1 sur http-8080
15 f思r. 2016 10:12:27 org.apache.catalina.startup.Catalina load
INFO: Initialization processed in 5914 ms
15 f思r. 2016 10:12:28 org.apache.catalina.core.StandardService start
INFO: D士arrage du service Catalina
15 f思r. 2016 10:12:28 org.apache.catalina.core.StandardEngine start
INFO: Starting Servlet Engine: Apache Tomcat/6.0.29
15 f思r. 2016 10:12:28 org.apache.catalina.startup.HostConfig deployDescriptor
INFO: D姿loiement du descripteur de configuration host-manager.xml
15 f思r. 2016 10:12:33 org.apache.catalina.startup.HostConfig deployDescriptor
INFO: D姿loiement du descripteur de configuration manager.xml
15 f思r. 2016 10:12:34 org.apache.catalina.startup.HostConfig deployDirectory
INFO: D姿loiement du r姿ertoire docs de l'application web
15 f思r. 2016 10:12:34 org.apache.catalina.startup.HostConfig deployDirectory
INFO: D姿loiement du r姿ertoire examples de l'application web
15 f思r. 2016 10:12:36 org.apache.catalina.startup.HostConfig deployDirectory
INFO: D姿loiement du r姿ertoire ROOT de l'application web
15 f思r. 2016 10:12:36 org.apache.catalina.startup.HostConfig deployDirectory
INFO: D姿loiement du r姿ertoire xtf de l'application web
15 f思r. 2016 10:12:38 org.apache.coyote.http11.Http11Protocol start
INFO: D士arrage de Coyote HTTP/1.1 sur http-8080
15 f思r. 2016 10:12:39 org.apache.jk.common.ChannelSocket init
INFO: JK: ajp13 listening on /0.0.0.0:8009
15 f思r. 2016 10:12:39 org.apache.jk.server.JkMain start
INFO: Jk running ID=0 time=0/137  config=null
15 f思r. 2016 10:12:39 org.apache.catalina.startup.Catalina start
INFO: Server startup in 11428 ms
15 f思r. 2016 15:19:45 org.apache.coyote.http11.Http11Protocol pause
INFO: Suspension de Coyote HTTP/1.1 sur http-8080
15 f思r. 2016 15:19:47 org.apache.catalina.core.StandardService stop
INFO: Arr腎 du service Catalina
15 f思r. 2016 15:19:47 org.apache.catalina.loader.WebappClassLoader clearReferencesThreads
GRAVE: The web application [/xtf] appears to have started a thread named [Thread-16] but has failed to stop it. This is very likely to create a memory leak.
15 f思r. 2016 15:19:47 org.apache.catalina.loader.WebappClassLoader clearThreadLocalMap
GRAVE: The web application [/xtf] created a ThreadLocal with key of type [java.lang.ThreadLocal] (value [java.lang.ThreadLocal@42f8b48b]) and a value of type [org.cdlib.xtf.util.PackedByteBuf.CompressInfo] (value [org.cdlib.xtf.util.PackedByteBuf$CompressInfo@56153406]) but failed to remove it when the web application was stopped. This is very likely to create a memory leak.
15 f思r. 2016 15:19:47 org.apache.catalina.loader.WebappClassLoader clearThreadLocalMap
GRAVE: The web application [/xtf] created a ThreadLocal with key of type [null] (value [null]) and a value of type [org.apache.lucene.index.SegmentTermEnum] (value [org.apache.lucene.index.SegmentTermEnum@a0aa211]) but failed to remove it when the web application was stopped. This is very likely to create a memory leak.
15 f思r. 2016 15:19:47 org.apache.catalina.loader.WebappClassLoader clearThreadLocalMap
GRAVE: The web application [/xtf] created a ThreadLocal with key of type [null] (value [null]) and a value of type [org.apache.lucene.index.SegmentTermEnum] (value [org.apache.lucene.index.SegmentTermEnum@40160f3d]) but failed to remove it when the web application was stopped. This is very likely to create a memory leak.
15 f思r. 2016 15:19:47 org.apache.catalina.loader.WebappClassLoader clearThreadLocalMap
GRAVE: The web application [/xtf] created a ThreadLocal with key of type [null] (value [null]) and a value of type [org.apache.lucene.index.SegmentTermEnum] (value [org.apache.lucene.index.SegmentTermEnum@68428ea9]) but failed to remove it when the web application was stopped. This is very likely to create a memory leak.
15 f思r. 2016 15:19:47 org.apache.catalina.loader.WebappClassLoader clearThreadLocalMap
GRAVE: The web application [/xtf] created a ThreadLocal with key of type [null] (value [null]) and a value of type [org.apache.lucene.index.SegmentTermEnum] (value [org.apache.lucene.index.SegmentTermEnum@69a42eb8]) but failed to remove it when the web application was stopped. This is very likely to create a memory leak.
15 f思r. 2016 15:19:47 org.apache.catalina.loader.WebappClassLoader clearThreadLocalMap
GRAVE: The web application [/xtf] created a ThreadLocal with key of type [null] (value [null]) and a value of type [org.apache.lucene.index.SegmentTermEnum] (value [org.apache.lucene.index.SegmentTermEnum@19f76837]) but failed to remove it when the web application was stopped. This is very likely to create a memory leak.
15 f思r. 2016 15:19:47 org.apache.catalina.loader.WebappClassLoader clearThreadLocalMap
GRAVE: The web application [/xtf] created a ThreadLocal with key of type [java.lang.ThreadLocal] (value [java.lang.ThreadLocal@41db0032]) and a value of type [org.apache.lucene.index.SegmentTermEnum] (value [org.apache.lucene.index.SegmentTermEnum@10e9f465]) but failed to remove it when the web application was stopped. This is very likely to create a memory leak.
15 f思r. 2016 15:19:47 org.apache.catalina.loader.WebappClassLoader clearThreadLocalMap
GRAVE: The web application [/xtf] created a ThreadLocal with key of type [java.lang.ThreadLocal] (value [java.lang.ThreadLocal@42f8b48b]) and a value of type [org.cdlib.xtf.util.PackedByteBuf.CompressInfo] (value [org.cdlib.xtf.util.PackedByteBuf$CompressInfo@6fac1b8f]) but failed to remove it when the web application was stopped. This is very likely to create a memory leak.
15 f思r. 2016 15:19:47 org.apache.catalina.loader.WebappClassLoader clearThreadLocalMap
GRAVE: The web application [/xtf] created a ThreadLocal with key of type [java.lang.ThreadLocal] (value [java.lang.ThreadLocal@42f8b48b]) and a value of type [org.cdlib.xtf.util.PackedByteBuf.CompressInfo] (value [org.cdlib.xtf.util.PackedByteBuf$CompressInfo@c458290]) but failed to remove it when the web application was stopped. This is very likely to create a memory leak.
15 f思r. 2016 15:19:47 org.apache.catalina.loader.WebappClassLoader clearThreadLocalMap
GRAVE: The web application [/xtf] created a ThreadLocal with key of type [null] (value [null]) and a value of type [org.apache.lucene.index.SegmentTermEnum] (value [org.apache.lucene.index.SegmentTermEnum@277ec23b]) but failed to remove it when the web application was stopped. This is very likely to create a memory leak.
15 f思r. 2016 15:19:47 org.apache.catalina.loader.WebappClassLoader clearThreadLocalMap
GRAVE: The web application [/xtf] created a ThreadLocal with key of type [java.lang.ThreadLocal] (value [java.lang.ThreadLocal@42f8b48b]) and a value of type [org.cdlib.xtf.util.PackedByteBuf.CompressInfo] (value [org.cdlib.xtf.util.PackedByteBuf$CompressInfo@7301c3be]) but failed to remove it when the web application was stopped. This is very likely to create a memory leak.
15 f思r. 2016 15:19:47 org.apache.catalina.loader.WebappClassLoader clearThreadLocalMap
GRAVE: The web application [/xtf] created a ThreadLocal with key of type [java.lang.ThreadLocal] (value [java.lang.ThreadLocal@42f8b48b]) and a value of type [org.cdlib.xtf.util.PackedByteBuf.CompressInfo] (value [org.cdlib.xtf.util.PackedByteBuf$CompressInfo@78da29ee]) but failed to remove it when the web application was stopped. This is very likely to create a memory leak.
15 f思r. 2016 15:19:47 org.apache.catalina.loader.WebappClassLoader clearThreadLocalMap
GRAVE: The web application [/xtf] created a ThreadLocal with key of type [java.lang.ThreadLocal] (value [java.lang.ThreadLocal@42f8b48b]) and a value of type [org.cdlib.xtf.util.PackedByteBuf.CompressInfo] (value [org.cdlib.xtf.util.PackedByteBuf$CompressInfo@3af7063e]) but failed to remove it when the web application was stopped. This is very likely to create a memory leak.
15 f思r. 2016 15:19:47 org.apache.catalina.loader.WebappClassLoader clearThreadLocalMap
GRAVE: The web application [/xtf] created a ThreadLocal with key of type [java.lang.ThreadLocal] (value [java.lang.ThreadLocal@42f8b48b]) and a value of type [org.cdlib.xtf.util.PackedByteBuf.CompressInfo] (value [org.cdlib.xtf.util.PackedByteBuf$CompressInfo@2fbaeeb0]) but failed to remove it when the web application was stopped. This is very likely to create a memory leak.
15 f思r. 2016 15:19:48 org.apache.coyote.http11.Http11Protocol destroy
INFO: Arr腎 de Coyote HTTP/1.1 sur http-8080
