9 janv. 2015 09:20:21 org.apache.catalina.core.AprLifecycleListener init
INFO: The APR based Apache Tomcat Native library which allows optimal performance in production environments was not found on the java.library.path: .:/Library/Java/Extensions:/System/Library/Java/Extensions:/usr/lib/java
9 janv. 2015 09:20:21 org.apache.coyote.http11.Http11Protocol init
INFO: Initialisation de Coyote HTTP/1.1 sur http-8080
9 janv. 2015 09:20:21 org.apache.catalina.startup.Catalina load
INFO: Initialization processed in 676 ms
9 janv. 2015 09:20:21 org.apache.catalina.core.StandardService start
INFO: Démarrage du service Catalina
9 janv. 2015 09:20:21 org.apache.catalina.core.StandardEngine start
INFO: Starting Servlet Engine: Apache Tomcat/6.0.29
9 janv. 2015 09:20:21 org.apache.catalina.startup.HostConfig deployDescriptor
INFO: Déploiement du descripteur de configuration host-manager.xml
9 janv. 2015 09:20:22 org.apache.catalina.startup.HostConfig deployDescriptor
INFO: Déploiement du descripteur de configuration manager.xml
9 janv. 2015 09:20:22 org.apache.catalina.startup.HostConfig deployDirectory
INFO: Déploiement du répertoire docs de l'application web
9 janv. 2015 09:20:22 org.apache.catalina.startup.HostConfig deployDirectory
INFO: Déploiement du répertoire examples de l'application web
9 janv. 2015 09:20:22 org.apache.catalina.startup.HostConfig deployDirectory
INFO: Déploiement du répertoire ROOT de l'application web
9 janv. 2015 09:20:22 org.apache.catalina.startup.HostConfig deployDirectory
INFO: Déploiement du répertoire xtf de l'application web
9 janv. 2015 09:20:23 org.apache.coyote.http11.Http11Protocol start
INFO: Démarrage de Coyote HTTP/1.1 sur http-8080
9 janv. 2015 09:20:23 org.apache.jk.common.ChannelSocket init
INFO: JK: ajp13 listening on /0.0.0.0:8009
9 janv. 2015 09:20:23 org.apache.jk.server.JkMain start
INFO: Jk running ID=0 time=0/21  config=null
9 janv. 2015 09:20:23 org.apache.catalina.startup.Catalina start
INFO: Server startup in 1829 ms
9 janv. 2015 10:45:42 org.apache.coyote.http11.Http11Protocol pause
INFO: Suspension de Coyote HTTP/1.1 sur http-8080
9 janv. 2015 10:45:43 org.apache.catalina.core.StandardService stop
INFO: Arrêt du service Catalina
9 janv. 2015 10:45:43 org.apache.catalina.loader.WebappClassLoader clearReferencesThreads
GRAVE: The web application [/xtf] appears to have started a thread named [Thread-34] but has failed to stop it. This is very likely to create a memory leak.
9 janv. 2015 10:45:43 org.apache.catalina.loader.WebappClassLoader clearThreadLocalMap
GRAVE: The web application [/xtf] created a ThreadLocal with key of type [java.lang.ThreadLocal] (value [java.lang.ThreadLocal@18472e4f]) and a value of type [org.cdlib.xtf.util.PackedByteBuf.CompressInfo] (value [org.cdlib.xtf.util.PackedByteBuf$CompressInfo@693150fc]) but failed to remove it when the web application was stopped. This is very likely to create a memory leak.
9 janv. 2015 10:45:43 org.apache.catalina.loader.WebappClassLoader clearThreadLocalMap
GRAVE: The web application [/xtf] created a ThreadLocal with key of type [null] (value [null]) and a value of type [org.apache.lucene.index.SegmentTermEnum] (value [org.apache.lucene.index.SegmentTermEnum@24bc0658]) but failed to remove it when the web application was stopped. This is very likely to create a memory leak.
9 janv. 2015 10:45:43 org.apache.catalina.loader.WebappClassLoader clearThreadLocalMap
GRAVE: The web application [/xtf] created a ThreadLocal with key of type [null] (value [null]) and a value of type [org.apache.lucene.index.SegmentTermEnum] (value [org.apache.lucene.index.SegmentTermEnum@34448e3f]) but failed to remove it when the web application was stopped. This is very likely to create a memory leak.
9 janv. 2015 10:45:43 org.apache.catalina.loader.WebappClassLoader clearThreadLocalMap
GRAVE: The web application [/xtf] created a ThreadLocal with key of type [java.lang.ThreadLocal] (value [java.lang.ThreadLocal@d6e4e8]) and a value of type [org.apache.lucene.index.SegmentTermEnum] (value [org.apache.lucene.index.SegmentTermEnum@1c4e3bc6]) but failed to remove it when the web application was stopped. This is very likely to create a memory leak.
9 janv. 2015 10:45:43 org.apache.catalina.loader.WebappClassLoader clearThreadLocalMap
GRAVE: The web application [/xtf] created a ThreadLocal with key of type [null] (value [null]) and a value of type [org.apache.lucene.index.SegmentTermEnum] (value [org.apache.lucene.index.SegmentTermEnum@543652ae]) but failed to remove it when the web application was stopped. This is very likely to create a memory leak.
9 janv. 2015 10:45:43 org.apache.catalina.loader.WebappClassLoader clearThreadLocalMap
GRAVE: The web application [/xtf] created a ThreadLocal with key of type [null] (value [null]) and a value of type [org.apache.lucene.index.SegmentTermEnum] (value [org.apache.lucene.index.SegmentTermEnum@3a6e48b3]) but failed to remove it when the web application was stopped. This is very likely to create a memory leak.
9 janv. 2015 10:45:43 org.apache.catalina.loader.WebappClassLoader clearThreadLocalMap
GRAVE: The web application [/xtf] created a ThreadLocal with key of type [null] (value [null]) and a value of type [org.apache.lucene.index.SegmentTermEnum] (value [org.apache.lucene.index.SegmentTermEnum@1e66fdbd]) but failed to remove it when the web application was stopped. This is very likely to create a memory leak.
9 janv. 2015 10:45:43 org.apache.catalina.loader.WebappClassLoader clearThreadLocalMap
GRAVE: The web application [/xtf] created a ThreadLocal with key of type [null] (value [null]) and a value of type [org.apache.lucene.index.SegmentTermEnum] (value [org.apache.lucene.index.SegmentTermEnum@7b9c92e2]) but failed to remove it when the web application was stopped. This is very likely to create a memory leak.
9 janv. 2015 10:45:43 org.apache.catalina.loader.WebappClassLoader clearThreadLocalMap
GRAVE: The web application [/xtf] created a ThreadLocal with key of type [null] (value [null]) and a value of type [org.apache.lucene.index.SegmentTermEnum] (value [org.apache.lucene.index.SegmentTermEnum@646f72d4]) but failed to remove it when the web application was stopped. This is very likely to create a memory leak.
9 janv. 2015 10:45:43 org.apache.catalina.loader.WebappClassLoader clearThreadLocalMap
GRAVE: The web application [/xtf] created a ThreadLocal with key of type [java.lang.ThreadLocal] (value [java.lang.ThreadLocal@50dbefcf]) and a value of type [org.apache.lucene.index.SegmentTermEnum] (value [org.apache.lucene.index.SegmentTermEnum@175d2882]) but failed to remove it when the web application was stopped. This is very likely to create a memory leak.
9 janv. 2015 10:45:43 org.apache.catalina.loader.WebappClassLoader clearThreadLocalMap
GRAVE: The web application [/xtf] created a ThreadLocal with key of type [null] (value [null]) and a value of type [org.apache.lucene.index.SegmentTermEnum] (value [org.apache.lucene.index.SegmentTermEnum@650e7ac9]) but failed to remove it when the web application was stopped. This is very likely to create a memory leak.
9 janv. 2015 10:45:43 org.apache.catalina.loader.WebappClassLoader clearThreadLocalMap
GRAVE: The web application [/xtf] created a ThreadLocal with key of type [java.lang.ThreadLocal] (value [java.lang.ThreadLocal@18472e4f]) and a value of type [org.cdlib.xtf.util.PackedByteBuf.CompressInfo] (value [org.cdlib.xtf.util.PackedByteBuf$CompressInfo@199f55f4]) but failed to remove it when the web application was stopped. This is very likely to create a memory leak.
9 janv. 2015 10:45:43 org.apache.catalina.loader.WebappClassLoader clearThreadLocalMap
GRAVE: The web application [/xtf] created a ThreadLocal with key of type [null] (value [null]) and a value of type [org.apache.lucene.index.SegmentTermEnum] (value [org.apache.lucene.index.SegmentTermEnum@2bc41350]) but failed to remove it when the web application was stopped. This is very likely to create a memory leak.
9 janv. 2015 10:45:43 org.apache.catalina.loader.WebappClassLoader clearThreadLocalMap
GRAVE: The web application [/xtf] created a ThreadLocal with key of type [java.lang.ThreadLocal] (value [java.lang.ThreadLocal@18472e4f]) and a value of type [org.cdlib.xtf.util.PackedByteBuf.CompressInfo] (value [org.cdlib.xtf.util.PackedByteBuf$CompressInfo@55cfffa2]) but failed to remove it when the web application was stopped. This is very likely to create a memory leak.
9 janv. 2015 10:45:43 org.apache.catalina.loader.WebappClassLoader clearThreadLocalMap
GRAVE: The web application [/xtf] created a ThreadLocal with key of type [null] (value [null]) and a value of type [org.apache.lucene.index.SegmentTermEnum] (value [org.apache.lucene.index.SegmentTermEnum@4a9810b1]) but failed to remove it when the web application was stopped. This is very likely to create a memory leak.
9 janv. 2015 10:45:43 org.apache.catalina.loader.WebappClassLoader clearThreadLocalMap
GRAVE: The web application [/xtf] created a ThreadLocal with key of type [java.lang.ThreadLocal] (value [java.lang.ThreadLocal@18472e4f]) and a value of type [org.cdlib.xtf.util.PackedByteBuf.CompressInfo] (value [org.cdlib.xtf.util.PackedByteBuf$CompressInfo@456ffab9]) but failed to remove it when the web application was stopped. This is very likely to create a memory leak.
9 janv. 2015 10:45:43 org.apache.catalina.loader.WebappClassLoader clearThreadLocalMap
GRAVE: The web application [/xtf] created a ThreadLocal with key of type [java.lang.ThreadLocal] (value [java.lang.ThreadLocal@18472e4f]) and a value of type [org.cdlib.xtf.util.PackedByteBuf.CompressInfo] (value [org.cdlib.xtf.util.PackedByteBuf$CompressInfo@3ab5ab4c]) but failed to remove it when the web application was stopped. This is very likely to create a memory leak.
9 janv. 2015 10:45:43 org.apache.catalina.loader.WebappClassLoader clearThreadLocalMap
GRAVE: The web application [/xtf] created a ThreadLocal with key of type [java.lang.ThreadLocal] (value [java.lang.ThreadLocal@18472e4f]) and a value of type [org.cdlib.xtf.util.PackedByteBuf.CompressInfo] (value [org.cdlib.xtf.util.PackedByteBuf$CompressInfo@6d0128b0]) but failed to remove it when the web application was stopped. This is very likely to create a memory leak.
9 janv. 2015 10:45:43 org.apache.catalina.loader.WebappClassLoader clearThreadLocalMap
GRAVE: The web application [/xtf] created a ThreadLocal with key of type [null] (value [null]) and a value of type [org.apache.lucene.index.SegmentTermEnum] (value [org.apache.lucene.index.SegmentTermEnum@671672b8]) but failed to remove it when the web application was stopped. This is very likely to create a memory leak.
9 janv. 2015 10:45:43 org.apache.catalina.loader.WebappClassLoader clearThreadLocalMap
GRAVE: The web application [/xtf] created a ThreadLocal with key of type [java.lang.ThreadLocal] (value [java.lang.ThreadLocal@18472e4f]) and a value of type [org.cdlib.xtf.util.PackedByteBuf.CompressInfo] (value [org.cdlib.xtf.util.PackedByteBuf$CompressInfo@72c5c2e7]) but failed to remove it when the web application was stopped. This is very likely to create a memory leak.
9 janv. 2015 10:45:43 org.apache.catalina.loader.WebappClassLoader clearThreadLocalMap
GRAVE: The web application [/xtf] created a ThreadLocal with key of type [java.lang.ThreadLocal] (value [java.lang.ThreadLocal@18472e4f]) and a value of type [org.cdlib.xtf.util.PackedByteBuf.CompressInfo] (value [org.cdlib.xtf.util.PackedByteBuf$CompressInfo@157f068f]) but failed to remove it when the web application was stopped. This is very likely to create a memory leak.
9 janv. 2015 10:45:43 org.apache.catalina.loader.WebappClassLoader clearThreadLocalMap
GRAVE: The web application [/xtf] created a ThreadLocal with key of type [null] (value [null]) and a value of type [org.apache.lucene.index.SegmentTermEnum] (value [org.apache.lucene.index.SegmentTermEnum@4687a14f]) but failed to remove it when the web application was stopped. This is very likely to create a memory leak.
9 janv. 2015 10:45:43 org.apache.catalina.loader.WebappClassLoader clearThreadLocalMap
GRAVE: The web application [/xtf] created a ThreadLocal with key of type [null] (value [null]) and a value of type [org.apache.lucene.index.SegmentTermEnum] (value [org.apache.lucene.index.SegmentTermEnum@726f6db5]) but failed to remove it when the web application was stopped. This is very likely to create a memory leak.
9 janv. 2015 10:45:43 org.apache.catalina.loader.WebappClassLoader clearThreadLocalMap
GRAVE: The web application [/xtf] created a ThreadLocal with key of type [java.lang.ThreadLocal] (value [java.lang.ThreadLocal@18472e4f]) and a value of type [org.cdlib.xtf.util.PackedByteBuf.CompressInfo] (value [org.cdlib.xtf.util.PackedByteBuf$CompressInfo@718bc0c4]) but failed to remove it when the web application was stopped. This is very likely to create a memory leak.
9 janv. 2015 10:45:43 org.apache.catalina.loader.WebappClassLoader clearThreadLocalMap
GRAVE: The web application [/xtf] created a ThreadLocal with key of type [null] (value [null]) and a value of type [org.apache.lucene.index.SegmentTermEnum] (value [org.apache.lucene.index.SegmentTermEnum@e1cbe19]) but failed to remove it when the web application was stopped. This is very likely to create a memory leak.
9 janv. 2015 10:45:43 org.apache.catalina.loader.WebappClassLoader clearThreadLocalMap
GRAVE: The web application [/xtf] created a ThreadLocal with key of type [java.lang.ThreadLocal] (value [java.lang.ThreadLocal@18472e4f]) and a value of type [org.cdlib.xtf.util.PackedByteBuf.CompressInfo] (value [org.cdlib.xtf.util.PackedByteBuf$CompressInfo@104628c]) but failed to remove it when the web application was stopped. This is very likely to create a memory leak.
9 janv. 2015 10:45:43 org.apache.coyote.http11.Http11Protocol destroy
INFO: Arrêt de Coyote HTTP/1.1 sur http-8080
9 janv. 2015 11:18:08 org.apache.catalina.core.AprLifecycleListener init
INFO: The APR based Apache Tomcat Native library which allows optimal performance in production environments was not found on the java.library.path: .:/Library/Java/Extensions:/System/Library/Java/Extensions:/usr/lib/java
9 janv. 2015 11:18:08 org.apache.coyote.http11.Http11Protocol init
INFO: Initialisation de Coyote HTTP/1.1 sur http-8080
9 janv. 2015 11:18:08 org.apache.catalina.startup.Catalina load
INFO: Initialization processed in 746 ms
9 janv. 2015 11:18:08 org.apache.catalina.core.StandardService start
INFO: Démarrage du service Catalina
9 janv. 2015 11:18:08 org.apache.catalina.core.StandardEngine start
INFO: Starting Servlet Engine: Apache Tomcat/6.0.29
9 janv. 2015 11:18:08 org.apache.catalina.startup.HostConfig deployDescriptor
INFO: Déploiement du descripteur de configuration host-manager.xml
9 janv. 2015 11:18:09 org.apache.catalina.startup.HostConfig deployDescriptor
INFO: Déploiement du descripteur de configuration manager.xml
9 janv. 2015 11:18:09 org.apache.catalina.startup.HostConfig deployDirectory
INFO: Déploiement du répertoire docs de l'application web
9 janv. 2015 11:18:09 org.apache.catalina.startup.HostConfig deployDirectory
INFO: Déploiement du répertoire examples de l'application web
9 janv. 2015 11:18:09 org.apache.catalina.startup.HostConfig deployDirectory
INFO: Déploiement du répertoire ROOT de l'application web
9 janv. 2015 11:18:09 org.apache.catalina.startup.HostConfig deployDirectory
INFO: Déploiement du répertoire xtf de l'application web
9 janv. 2015 11:18:10 org.apache.coyote.http11.Http11Protocol start
INFO: Démarrage de Coyote HTTP/1.1 sur http-8080
9 janv. 2015 11:18:10 org.apache.jk.common.ChannelSocket init
INFO: JK: ajp13 listening on /0.0.0.0:8009
9 janv. 2015 11:18:10 org.apache.jk.server.JkMain start
INFO: Jk running ID=0 time=0/19  config=null
9 janv. 2015 11:18:10 org.apache.catalina.startup.Catalina start
INFO: Server startup in 1739 ms
9 janv. 2015 12:17:06 org.apache.catalina.core.AprLifecycleListener init
INFO: The APR based Apache Tomcat Native library which allows optimal performance in production environments was not found on the java.library.path: .:/Library/Java/Extensions:/System/Library/Java/Extensions:/usr/lib/java
9 janv. 2015 12:17:07 org.apache.coyote.http11.Http11Protocol init
INFO: Initialisation de Coyote HTTP/1.1 sur http-8080
9 janv. 2015 12:17:07 org.apache.catalina.startup.Catalina load
INFO: Initialization processed in 904 ms
9 janv. 2015 12:17:07 org.apache.catalina.core.StandardService start
INFO: Démarrage du service Catalina
9 janv. 2015 12:17:07 org.apache.catalina.core.StandardEngine start
INFO: Starting Servlet Engine: Apache Tomcat/6.0.29
9 janv. 2015 12:17:07 org.apache.catalina.startup.HostConfig deployDescriptor
INFO: Déploiement du descripteur de configuration host-manager.xml
9 janv. 2015 12:17:07 org.apache.catalina.startup.HostConfig deployDescriptor
INFO: Déploiement du descripteur de configuration manager.xml
9 janv. 2015 12:17:07 org.apache.catalina.startup.HostConfig deployDirectory
INFO: Déploiement du répertoire docs de l'application web
9 janv. 2015 12:17:07 org.apache.catalina.startup.HostConfig deployDirectory
INFO: Déploiement du répertoire examples de l'application web
9 janv. 2015 12:17:08 org.apache.catalina.startup.HostConfig deployDirectory
INFO: Déploiement du répertoire ROOT de l'application web
9 janv. 2015 12:17:08 org.apache.catalina.startup.HostConfig deployDirectory
INFO: Déploiement du répertoire xtf de l'application web
9 janv. 2015 12:17:08 org.apache.coyote.http11.Http11Protocol start
INFO: Démarrage de Coyote HTTP/1.1 sur http-8080
9 janv. 2015 12:17:08 org.apache.jk.common.ChannelSocket init
INFO: JK: ajp13 listening on /0.0.0.0:8009
9 janv. 2015 12:17:08 org.apache.jk.server.JkMain start
INFO: Jk running ID=0 time=0/37  config=null
9 janv. 2015 12:17:08 org.apache.catalina.startup.Catalina start
INFO: Server startup in 1859 ms
9 janv. 2015 13:00:26 org.apache.coyote.http11.Http11Protocol pause
INFO: Suspension de Coyote HTTP/1.1 sur http-8080
9 janv. 2015 13:00:27 org.apache.catalina.core.StandardService stop
INFO: Arrêt du service Catalina
9 janv. 2015 13:00:27 org.apache.catalina.loader.WebappClassLoader clearThreadLocalMap
GRAVE: The web application [/xtf] created a ThreadLocal with key of type [java.lang.ThreadLocal] (value [java.lang.ThreadLocal@584ba778]) and a value of type [org.cdlib.xtf.util.PackedByteBuf.CompressInfo] (value [org.cdlib.xtf.util.PackedByteBuf$CompressInfo@4edfe491]) but failed to remove it when the web application was stopped. This is very likely to create a memory leak.
9 janv. 2015 13:00:27 org.apache.catalina.loader.WebappClassLoader clearThreadLocalMap
GRAVE: The web application [/xtf] created a ThreadLocal with key of type [java.lang.ThreadLocal] (value [java.lang.ThreadLocal@584ba778]) and a value of type [org.cdlib.xtf.util.PackedByteBuf.CompressInfo] (value [org.cdlib.xtf.util.PackedByteBuf$CompressInfo@4d17140b]) but failed to remove it when the web application was stopped. This is very likely to create a memory leak.
9 janv. 2015 13:00:27 org.apache.catalina.loader.WebappClassLoader clearThreadLocalMap
GRAVE: The web application [/xtf] created a ThreadLocal with key of type [java.lang.ThreadLocal] (value [java.lang.ThreadLocal@584ba778]) and a value of type [org.cdlib.xtf.util.PackedByteBuf.CompressInfo] (value [org.cdlib.xtf.util.PackedByteBuf$CompressInfo@262505b7]) but failed to remove it when the web application was stopped. This is very likely to create a memory leak.
9 janv. 2015 13:00:28 org.apache.coyote.http11.Http11Protocol destroy
INFO: Arrêt de Coyote HTTP/1.1 sur http-8080
9 janv. 2015 16:10:26 org.apache.catalina.core.AprLifecycleListener init
INFO: The APR based Apache Tomcat Native library which allows optimal performance in production environments was not found on the java.library.path: .:/Library/Java/Extensions:/System/Library/Java/Extensions:/usr/lib/java
9 janv. 2015 16:10:26 org.apache.coyote.http11.Http11Protocol init
INFO: Initialisation de Coyote HTTP/1.1 sur http-8080
9 janv. 2015 16:10:26 org.apache.catalina.startup.Catalina load
INFO: Initialization processed in 785 ms
9 janv. 2015 16:10:26 org.apache.catalina.core.StandardService start
INFO: Démarrage du service Catalina
9 janv. 2015 16:10:26 org.apache.catalina.core.StandardEngine start
INFO: Starting Servlet Engine: Apache Tomcat/6.0.29
9 janv. 2015 16:10:26 org.apache.catalina.startup.HostConfig deployDescriptor
INFO: Déploiement du descripteur de configuration host-manager.xml
9 janv. 2015 16:10:26 org.apache.catalina.startup.HostConfig deployDescriptor
INFO: Déploiement du descripteur de configuration manager.xml
9 janv. 2015 16:10:26 org.apache.catalina.startup.HostConfig deployDirectory
INFO: Déploiement du répertoire docs de l'application web
9 janv. 2015 16:10:27 org.apache.catalina.startup.HostConfig deployDirectory
INFO: Déploiement du répertoire examples de l'application web
9 janv. 2015 16:10:27 org.apache.catalina.startup.HostConfig deployDirectory
INFO: Déploiement du répertoire ROOT de l'application web
9 janv. 2015 16:10:27 org.apache.catalina.startup.HostConfig deployDirectory
INFO: Déploiement du répertoire xtf de l'application web
9 janv. 2015 16:10:27 org.apache.coyote.http11.Http11Protocol start
INFO: Démarrage de Coyote HTTP/1.1 sur http-8080
9 janv. 2015 16:10:27 org.apache.jk.common.ChannelSocket init
INFO: JK: ajp13 listening on /0.0.0.0:8009
9 janv. 2015 16:10:27 org.apache.jk.server.JkMain start
INFO: Jk running ID=0 time=0/54  config=null
9 janv. 2015 16:10:27 org.apache.catalina.startup.Catalina start
INFO: Server startup in 1561 ms
9 janv. 2015 19:14:45 org.apache.coyote.http11.Http11Protocol pause
INFO: Suspension de Coyote HTTP/1.1 sur http-8080
9 janv. 2015 19:14:46 org.apache.catalina.core.StandardService stop
INFO: Arrêt du service Catalina
9 janv. 2015 19:14:46 org.apache.catalina.loader.WebappClassLoader clearThreadLocalMap
GRAVE: The web application [/xtf] created a ThreadLocal with key of type [java.lang.ThreadLocal] (value [java.lang.ThreadLocal@526d9c88]) and a value of type [org.cdlib.xtf.util.PackedByteBuf.CompressInfo] (value [org.cdlib.xtf.util.PackedByteBuf$CompressInfo@1a3fceff]) but failed to remove it when the web application was stopped. This is very likely to create a memory leak.
9 janv. 2015 19:14:46 org.apache.catalina.loader.WebappClassLoader clearThreadLocalMap
GRAVE: The web application [/xtf] created a ThreadLocal with key of type [java.lang.ThreadLocal] (value [java.lang.ThreadLocal@526d9c88]) and a value of type [org.cdlib.xtf.util.PackedByteBuf.CompressInfo] (value [org.cdlib.xtf.util.PackedByteBuf$CompressInfo@532ed4cf]) but failed to remove it when the web application was stopped. This is very likely to create a memory leak.
9 janv. 2015 19:14:46 org.apache.catalina.loader.WebappClassLoader clearThreadLocalMap
GRAVE: The web application [/xtf] created a ThreadLocal with key of type [java.lang.ThreadLocal] (value [java.lang.ThreadLocal@526d9c88]) and a value of type [org.cdlib.xtf.util.PackedByteBuf.CompressInfo] (value [org.cdlib.xtf.util.PackedByteBuf$CompressInfo@27958cb3]) but failed to remove it when the web application was stopped. This is very likely to create a memory leak.
9 janv. 2015 19:14:46 org.apache.catalina.loader.WebappClassLoader clearThreadLocalMap
GRAVE: The web application [/xtf] created a ThreadLocal with key of type [java.lang.ThreadLocal] (value [java.lang.ThreadLocal@526d9c88]) and a value of type [org.cdlib.xtf.util.PackedByteBuf.CompressInfo] (value [org.cdlib.xtf.util.PackedByteBuf$CompressInfo@4b485012]) but failed to remove it when the web application was stopped. This is very likely to create a memory leak.
9 janv. 2015 19:14:46 org.apache.catalina.loader.WebappClassLoader clearThreadLocalMap
GRAVE: The web application [/xtf] created a ThreadLocal with key of type [java.lang.ThreadLocal] (value [java.lang.ThreadLocal@526d9c88]) and a value of type [org.cdlib.xtf.util.PackedByteBuf.CompressInfo] (value [org.cdlib.xtf.util.PackedByteBuf$CompressInfo@7880f45a]) but failed to remove it when the web application was stopped. This is very likely to create a memory leak.
9 janv. 2015 19:14:46 org.apache.catalina.loader.WebappClassLoader clearThreadLocalMap
GRAVE: The web application [/xtf] created a ThreadLocal with key of type [java.lang.ThreadLocal] (value [java.lang.ThreadLocal@526d9c88]) and a value of type [org.cdlib.xtf.util.PackedByteBuf.CompressInfo] (value [org.cdlib.xtf.util.PackedByteBuf$CompressInfo@5a2a7e84]) but failed to remove it when the web application was stopped. This is very likely to create a memory leak.
9 janv. 2015 19:14:46 org.apache.catalina.loader.WebappClassLoader clearThreadLocalMap
GRAVE: The web application [/xtf] created a ThreadLocal with key of type [java.lang.ThreadLocal] (value [java.lang.ThreadLocal@526d9c88]) and a value of type [org.cdlib.xtf.util.PackedByteBuf.CompressInfo] (value [org.cdlib.xtf.util.PackedByteBuf$CompressInfo@1bd83a5b]) but failed to remove it when the web application was stopped. This is very likely to create a memory leak.
9 janv. 2015 19:14:46 org.apache.catalina.loader.WebappClassLoader clearThreadLocalMap
GRAVE: The web application [/xtf] created a ThreadLocal with key of type [java.lang.ThreadLocal] (value [java.lang.ThreadLocal@526d9c88]) and a value of type [org.cdlib.xtf.util.PackedByteBuf.CompressInfo] (value [org.cdlib.xtf.util.PackedByteBuf$CompressInfo@10df3aa5]) but failed to remove it when the web application was stopped. This is very likely to create a memory leak.
9 janv. 2015 19:14:46 org.apache.catalina.loader.WebappClassLoader clearThreadLocalMap
GRAVE: The web application [/xtf] created a ThreadLocal with key of type [java.lang.ThreadLocal] (value [java.lang.ThreadLocal@526d9c88]) and a value of type [org.cdlib.xtf.util.PackedByteBuf.CompressInfo] (value [org.cdlib.xtf.util.PackedByteBuf$CompressInfo@2f832f4a]) but failed to remove it when the web application was stopped. This is very likely to create a memory leak.
9 janv. 2015 19:14:46 org.apache.catalina.loader.WebappClassLoader clearThreadLocalMap
GRAVE: The web application [/xtf] created a ThreadLocal with key of type [java.lang.ThreadLocal] (value [java.lang.ThreadLocal@526d9c88]) and a value of type [org.cdlib.xtf.util.PackedByteBuf.CompressInfo] (value [org.cdlib.xtf.util.PackedByteBuf$CompressInfo@4d95bba4]) but failed to remove it when the web application was stopped. This is very likely to create a memory leak.
9 janv. 2015 19:14:46 org.apache.catalina.loader.WebappClassLoader clearThreadLocalMap
GRAVE: The web application [/xtf] created a ThreadLocal with key of type [java.lang.ThreadLocal] (value [java.lang.ThreadLocal@526d9c88]) and a value of type [org.cdlib.xtf.util.PackedByteBuf.CompressInfo] (value [org.cdlib.xtf.util.PackedByteBuf$CompressInfo@1bc55ee8]) but failed to remove it when the web application was stopped. This is very likely to create a memory leak.
9 janv. 2015 19:14:46 org.apache.catalina.loader.WebappClassLoader clearThreadLocalMap
GRAVE: The web application [/xtf] created a ThreadLocal with key of type [java.lang.ThreadLocal] (value [java.lang.ThreadLocal@526d9c88]) and a value of type [org.cdlib.xtf.util.PackedByteBuf.CompressInfo] (value [org.cdlib.xtf.util.PackedByteBuf$CompressInfo@3ad9df96]) but failed to remove it when the web application was stopped. This is very likely to create a memory leak.
9 janv. 2015 19:14:46 org.apache.catalina.loader.WebappClassLoader clearThreadLocalMap
GRAVE: The web application [/xtf] created a ThreadLocal with key of type [java.lang.ThreadLocal] (value [java.lang.ThreadLocal@526d9c88]) and a value of type [org.cdlib.xtf.util.PackedByteBuf.CompressInfo] (value [org.cdlib.xtf.util.PackedByteBuf$CompressInfo@35e60f09]) but failed to remove it when the web application was stopped. This is very likely to create a memory leak.
9 janv. 2015 19:14:46 org.apache.catalina.loader.WebappClassLoader clearThreadLocalMap
GRAVE: The web application [/xtf] created a ThreadLocal with key of type [java.lang.ThreadLocal] (value [java.lang.ThreadLocal@526d9c88]) and a value of type [org.cdlib.xtf.util.PackedByteBuf.CompressInfo] (value [org.cdlib.xtf.util.PackedByteBuf$CompressInfo@12e53384]) but failed to remove it when the web application was stopped. This is very likely to create a memory leak.
9 janv. 2015 19:14:47 org.apache.coyote.http11.Http11Protocol destroy
INFO: Arrêt de Coyote HTTP/1.1 sur http-8080
