23 d残. 2015 21:57:40 org.apache.coyote.http11.Http11Protocol pause
INFO: Suspension de Coyote HTTP/1.1 sur http-8080
23 d残. 2015 21:57:42 org.apache.catalina.core.StandardService stop
INFO: Arr腎 du service Catalina
23 d残. 2015 21:57:43 org.apache.catalina.loader.WebappClassLoader clearReferencesThreads
GRAVE: The web application [/xtf] appears to have started a thread named [Thread-994] but has failed to stop it. This is very likely to create a memory leak.
23 d残. 2015 21:57:43 org.apache.catalina.loader.WebappClassLoader clearThreadLocalMap
GRAVE: The web application [/xtf] created a ThreadLocal with key of type [java.lang.ThreadLocal] (value [java.lang.ThreadLocal@13940478]) and a value of type [org.cdlib.xtf.util.PackedByteBuf.CompressInfo] (value [org.cdlib.xtf.util.PackedByteBuf$CompressInfo@5ab16c52]) but failed to remove it when the web application was stopped. This is very likely to create a memory leak.
23 d残. 2015 21:57:43 org.apache.catalina.loader.WebappClassLoader clearThreadLocalMap
GRAVE: The web application [/xtf] created a ThreadLocal with key of type [java.lang.ThreadLocal] (value [java.lang.ThreadLocal@13940478]) and a value of type [org.cdlib.xtf.util.PackedByteBuf.CompressInfo] (value [org.cdlib.xtf.util.PackedByteBuf$CompressInfo@363eaa02]) but failed to remove it when the web application was stopped. This is very likely to create a memory leak.
23 d残. 2015 21:57:43 org.apache.catalina.loader.WebappClassLoader clearThreadLocalMap
GRAVE: The web application [/xtf] created a ThreadLocal with key of type [java.lang.ThreadLocal] (value [java.lang.ThreadLocal@13940478]) and a value of type [org.cdlib.xtf.util.PackedByteBuf.CompressInfo] (value [org.cdlib.xtf.util.PackedByteBuf$CompressInfo@4c0b8520]) but failed to remove it when the web application was stopped. This is very likely to create a memory leak.
23 d残. 2015 21:57:43 org.apache.catalina.loader.WebappClassLoader clearThreadLocalMap
GRAVE: The web application [/xtf] created a ThreadLocal with key of type [null] (value [null]) and a value of type [org.apache.lucene.index.SegmentTermEnum] (value [org.apache.lucene.index.SegmentTermEnum@8511ee1]) but failed to remove it when the web application was stopped. This is very likely to create a memory leak.
23 d残. 2015 21:57:43 org.apache.catalina.loader.WebappClassLoader clearThreadLocalMap
GRAVE: The web application [/xtf] created a ThreadLocal with key of type [null] (value [null]) and a value of type [org.apache.lucene.index.SegmentTermEnum] (value [org.apache.lucene.index.SegmentTermEnum@5c24a0b]) but failed to remove it when the web application was stopped. This is very likely to create a memory leak.
23 d残. 2015 21:57:43 org.apache.catalina.loader.WebappClassLoader clearThreadLocalMap
GRAVE: The web application [/xtf] created a ThreadLocal with key of type [java.lang.ThreadLocal] (value [java.lang.ThreadLocal@13940478]) and a value of type [org.cdlib.xtf.util.PackedByteBuf.CompressInfo] (value [org.cdlib.xtf.util.PackedByteBuf$CompressInfo@168b1b21]) but failed to remove it when the web application was stopped. This is very likely to create a memory leak.
23 d残. 2015 21:57:43 org.apache.catalina.loader.WebappClassLoader clearThreadLocalMap
GRAVE: The web application [/xtf] created a ThreadLocal with key of type [null] (value [null]) and a value of type [org.apache.lucene.index.SegmentTermEnum] (value [org.apache.lucene.index.SegmentTermEnum@6a21f17]) but failed to remove it when the web application was stopped. This is very likely to create a memory leak.
23 d残. 2015 21:57:43 org.apache.catalina.loader.WebappClassLoader clearThreadLocalMap
GRAVE: The web application [/xtf] created a ThreadLocal with key of type [java.lang.ThreadLocal] (value [java.lang.ThreadLocal@13940478]) and a value of type [org.cdlib.xtf.util.PackedByteBuf.CompressInfo] (value [org.cdlib.xtf.util.PackedByteBuf$CompressInfo@7da72267]) but failed to remove it when the web application was stopped. This is very likely to create a memory leak.
23 d残. 2015 21:57:43 org.apache.catalina.loader.WebappClassLoader clearThreadLocalMap
GRAVE: The web application [/xtf] created a ThreadLocal with key of type [java.lang.ThreadLocal] (value [java.lang.ThreadLocal@13940478]) and a value of type [org.cdlib.xtf.util.PackedByteBuf.CompressInfo] (value [org.cdlib.xtf.util.PackedByteBuf$CompressInfo@67c3d8a3]) but failed to remove it when the web application was stopped. This is very likely to create a memory leak.
23 d残. 2015 21:57:43 org.apache.catalina.loader.WebappClassLoader clearThreadLocalMap
GRAVE: The web application [/xtf] created a ThreadLocal with key of type [null] (value [null]) and a value of type [org.apache.lucene.index.SegmentTermEnum] (value [org.apache.lucene.index.SegmentTermEnum@6ac3ea8d]) but failed to remove it when the web application was stopped. This is very likely to create a memory leak.
23 d残. 2015 21:57:43 org.apache.catalina.loader.WebappClassLoader clearThreadLocalMap
GRAVE: The web application [/xtf] created a ThreadLocal with key of type [null] (value [null]) and a value of type [org.apache.lucene.index.SegmentTermEnum] (value [org.apache.lucene.index.SegmentTermEnum@645c05bd]) but failed to remove it when the web application was stopped. This is very likely to create a memory leak.
23 d残. 2015 21:57:43 org.apache.catalina.loader.WebappClassLoader clearThreadLocalMap
GRAVE: The web application [/xtf] created a ThreadLocal with key of type [null] (value [null]) and a value of type [org.apache.lucene.index.SegmentTermEnum] (value [org.apache.lucene.index.SegmentTermEnum@557ceec4]) but failed to remove it when the web application was stopped. This is very likely to create a memory leak.
23 d残. 2015 21:57:43 org.apache.catalina.loader.WebappClassLoader clearThreadLocalMap
GRAVE: The web application [/xtf] created a ThreadLocal with key of type [null] (value [null]) and a value of type [org.apache.lucene.index.SegmentTermEnum] (value [org.apache.lucene.index.SegmentTermEnum@7d1fb1b4]) but failed to remove it when the web application was stopped. This is very likely to create a memory leak.
23 d残. 2015 21:57:43 org.apache.catalina.loader.WebappClassLoader clearThreadLocalMap
GRAVE: The web application [/xtf] created a ThreadLocal with key of type [null] (value [null]) and a value of type [org.apache.lucene.index.SegmentTermEnum] (value [org.apache.lucene.index.SegmentTermEnum@2bcbe099]) but failed to remove it when the web application was stopped. This is very likely to create a memory leak.
23 d残. 2015 21:57:43 org.apache.catalina.loader.WebappClassLoader clearThreadLocalMap
GRAVE: The web application [/xtf] created a ThreadLocal with key of type [java.lang.ThreadLocal] (value [java.lang.ThreadLocal@56067345]) and a value of type [org.apache.lucene.index.SegmentTermEnum] (value [org.apache.lucene.index.SegmentTermEnum@4179e322]) but failed to remove it when the web application was stopped. This is very likely to create a memory leak.
23 d残. 2015 21:57:43 org.apache.catalina.loader.WebappClassLoader clearThreadLocalMap
GRAVE: The web application [/xtf] created a ThreadLocal with key of type [java.lang.ThreadLocal] (value [java.lang.ThreadLocal@13940478]) and a value of type [org.cdlib.xtf.util.PackedByteBuf.CompressInfo] (value [org.cdlib.xtf.util.PackedByteBuf$CompressInfo@292eeec3]) but failed to remove it when the web application was stopped. This is very likely to create a memory leak.
23 d残. 2015 21:57:43 org.apache.catalina.loader.WebappClassLoader clearThreadLocalMap
GRAVE: The web application [/xtf] created a ThreadLocal with key of type [java.lang.ThreadLocal] (value [java.lang.ThreadLocal@13940478]) and a value of type [org.cdlib.xtf.util.PackedByteBuf.CompressInfo] (value [org.cdlib.xtf.util.PackedByteBuf$CompressInfo@483d5954]) but failed to remove it when the web application was stopped. This is very likely to create a memory leak.
23 d残. 2015 21:57:45 org.apache.coyote.http11.Http11Protocol destroy
INFO: Arr腎 de Coyote HTTP/1.1 sur http-8080
