25 d残. 2014 17:03:04 org.apache.catalina.core.AprLifecycleListener init
INFO: The APR based Apache Tomcat Native library which allows optimal performance in production environments was not found on the java.library.path: .:/Library/Java/Extensions:/System/Library/Java/Extensions:/usr/lib/java
25 d残. 2014 17:03:05 org.apache.coyote.http11.Http11Protocol init
INFO: Initialisation de Coyote HTTP/1.1 sur http-8080
25 d残. 2014 17:03:05 org.apache.catalina.startup.Catalina load
INFO: Initialization processed in 1344 ms
25 d残. 2014 17:03:05 org.apache.catalina.core.StandardService start
INFO: D士arrage du service Catalina
25 d残. 2014 17:03:05 org.apache.catalina.core.StandardEngine start
INFO: Starting Servlet Engine: Apache Tomcat/6.0.29
25 d残. 2014 17:03:05 org.apache.catalina.startup.HostConfig deployDescriptor
INFO: D姿loiement du descripteur de configuration host-manager.xml
25 d残. 2014 17:03:06 org.apache.catalina.startup.HostConfig deployDescriptor
INFO: D姿loiement du descripteur de configuration manager.xml
25 d残. 2014 17:03:06 org.apache.catalina.startup.HostConfig deployDirectory
INFO: D姿loiement du r姿ertoire docs de l'application web
25 d残. 2014 17:03:06 org.apache.catalina.startup.HostConfig deployDirectory
INFO: D姿loiement du r姿ertoire examples de l'application web
25 d残. 2014 17:03:07 org.apache.catalina.startup.HostConfig deployDirectory
INFO: D姿loiement du r姿ertoire ROOT de l'application web
25 d残. 2014 17:03:07 org.apache.catalina.startup.HostConfig deployDirectory
INFO: D姿loiement du r姿ertoire xtf de l'application web
25 d残. 2014 17:03:08 org.apache.coyote.http11.Http11Protocol start
INFO: D士arrage de Coyote HTTP/1.1 sur http-8080
25 d残. 2014 17:03:08 org.apache.jk.common.ChannelSocket init
INFO: JK: ajp13 listening on /0.0.0.0:8009
25 d残. 2014 17:03:08 org.apache.jk.server.JkMain start
INFO: Jk running ID=0 time=0/19  config=null
25 d残. 2014 17:03:08 org.apache.catalina.startup.Catalina start
INFO: Server startup in 3507 ms
25 d残. 2014 20:24:31 org.apache.coyote.http11.Http11Protocol pause
INFO: Suspension de Coyote HTTP/1.1 sur http-8080
25 d残. 2014 20:24:32 org.apache.catalina.core.StandardService stop
INFO: Arr腎 du service Catalina
25 d残. 2014 20:24:32 org.apache.catalina.loader.WebappClassLoader clearReferencesThreads
GRAVE: The web application [/xtf] appears to have started a thread named [Thread-43] but has failed to stop it. This is very likely to create a memory leak.
25 d残. 2014 20:24:32 org.apache.catalina.loader.WebappClassLoader clearThreadLocalMap
GRAVE: The web application [/xtf] created a ThreadLocal with key of type [java.lang.ThreadLocal] (value [java.lang.ThreadLocal@5188245d]) and a value of type [org.cdlib.xtf.util.PackedByteBuf.CompressInfo] (value [org.cdlib.xtf.util.PackedByteBuf$CompressInfo@410b7f7c]) but failed to remove it when the web application was stopped. This is very likely to create a memory leak.
25 d残. 2014 20:24:32 org.apache.catalina.loader.WebappClassLoader clearThreadLocalMap
GRAVE: The web application [/xtf] created a ThreadLocal with key of type [null] (value [null]) and a value of type [org.apache.lucene.index.SegmentTermEnum] (value [org.apache.lucene.index.SegmentTermEnum@59dec740]) but failed to remove it when the web application was stopped. This is very likely to create a memory leak.
25 d残. 2014 20:24:32 org.apache.catalina.loader.WebappClassLoader clearThreadLocalMap
GRAVE: The web application [/xtf] created a ThreadLocal with key of type [null] (value [null]) and a value of type [org.apache.lucene.index.SegmentTermEnum] (value [org.apache.lucene.index.SegmentTermEnum@30eb68d8]) but failed to remove it when the web application was stopped. This is very likely to create a memory leak.
25 d残. 2014 20:24:32 org.apache.catalina.loader.WebappClassLoader clearThreadLocalMap
GRAVE: The web application [/xtf] created a ThreadLocal with key of type [null] (value [null]) and a value of type [org.apache.lucene.index.SegmentTermEnum] (value [org.apache.lucene.index.SegmentTermEnum@2f3055ff]) but failed to remove it when the web application was stopped. This is very likely to create a memory leak.
25 d残. 2014 20:24:32 org.apache.catalina.loader.WebappClassLoader clearThreadLocalMap
GRAVE: The web application [/xtf] created a ThreadLocal with key of type [java.lang.ThreadLocal] (value [java.lang.ThreadLocal@e5df08d]) and a value of type [org.apache.lucene.index.SegmentTermEnum] (value [org.apache.lucene.index.SegmentTermEnum@395bc059]) but failed to remove it when the web application was stopped. This is very likely to create a memory leak.
25 d残. 2014 20:24:32 org.apache.catalina.loader.WebappClassLoader clearThreadLocalMap
GRAVE: The web application [/xtf] created a ThreadLocal with key of type [null] (value [null]) and a value of type [org.apache.lucene.index.SegmentTermEnum] (value [org.apache.lucene.index.SegmentTermEnum@36b1307a]) but failed to remove it when the web application was stopped. This is very likely to create a memory leak.
25 d残. 2014 20:24:32 org.apache.catalina.loader.WebappClassLoader clearThreadLocalMap
GRAVE: The web application [/xtf] created a ThreadLocal with key of type [null] (value [null]) and a value of type [org.apache.lucene.index.SegmentTermEnum] (value [org.apache.lucene.index.SegmentTermEnum@2ae5b5a3]) but failed to remove it when the web application was stopped. This is very likely to create a memory leak.
25 d残. 2014 20:24:32 org.apache.catalina.loader.WebappClassLoader clearThreadLocalMap
GRAVE: The web application [/xtf] created a ThreadLocal with key of type [null] (value [null]) and a value of type [org.apache.lucene.index.SegmentTermEnum] (value [org.apache.lucene.index.SegmentTermEnum@4ef7f655]) but failed to remove it when the web application was stopped. This is very likely to create a memory leak.
25 d残. 2014 20:24:32 org.apache.catalina.loader.WebappClassLoader clearThreadLocalMap
GRAVE: The web application [/xtf] created a ThreadLocal with key of type [java.lang.ThreadLocal] (value [java.lang.ThreadLocal@794d6ef3]) and a value of type [org.apache.lucene.index.SegmentTermEnum] (value [org.apache.lucene.index.SegmentTermEnum@4aaf51bc]) but failed to remove it when the web application was stopped. This is very likely to create a memory leak.
25 d残. 2014 20:24:32 org.apache.catalina.loader.WebappClassLoader clearThreadLocalMap
GRAVE: The web application [/xtf] created a ThreadLocal with key of type [null] (value [null]) and a value of type [org.apache.lucene.index.SegmentTermEnum] (value [org.apache.lucene.index.SegmentTermEnum@3c1f33f2]) but failed to remove it when the web application was stopped. This is very likely to create a memory leak.
25 d残. 2014 20:24:32 org.apache.catalina.loader.WebappClassLoader clearThreadLocalMap
GRAVE: The web application [/xtf] created a ThreadLocal with key of type [null] (value [null]) and a value of type [org.apache.lucene.index.SegmentTermEnum] (value [org.apache.lucene.index.SegmentTermEnum@248b73b4]) but failed to remove it when the web application was stopped. This is very likely to create a memory leak.
25 d残. 2014 20:24:32 org.apache.catalina.loader.WebappClassLoader clearThreadLocalMap
GRAVE: The web application [/xtf] created a ThreadLocal with key of type [java.lang.ThreadLocal] (value [java.lang.ThreadLocal@5188245d]) and a value of type [org.cdlib.xtf.util.PackedByteBuf.CompressInfo] (value [org.cdlib.xtf.util.PackedByteBuf$CompressInfo@3f59412a]) but failed to remove it when the web application was stopped. This is very likely to create a memory leak.
25 d残. 2014 20:24:32 org.apache.catalina.loader.WebappClassLoader clearThreadLocalMap
GRAVE: The web application [/xtf] created a ThreadLocal with key of type [null] (value [null]) and a value of type [org.apache.lucene.index.SegmentTermEnum] (value [org.apache.lucene.index.SegmentTermEnum@7cc54ce3]) but failed to remove it when the web application was stopped. This is very likely to create a memory leak.
25 d残. 2014 20:24:32 org.apache.catalina.loader.WebappClassLoader clearThreadLocalMap
GRAVE: The web application [/xtf] created a ThreadLocal with key of type [java.lang.ThreadLocal] (value [java.lang.ThreadLocal@5188245d]) and a value of type [org.cdlib.xtf.util.PackedByteBuf.CompressInfo] (value [org.cdlib.xtf.util.PackedByteBuf$CompressInfo@7d3b0b13]) but failed to remove it when the web application was stopped. This is very likely to create a memory leak.
25 d残. 2014 20:24:32 org.apache.catalina.loader.WebappClassLoader clearThreadLocalMap
GRAVE: The web application [/xtf] created a ThreadLocal with key of type [java.lang.ThreadLocal] (value [java.lang.ThreadLocal@5188245d]) and a value of type [org.cdlib.xtf.util.PackedByteBuf.CompressInfo] (value [org.cdlib.xtf.util.PackedByteBuf$CompressInfo@2f544ca0]) but failed to remove it when the web application was stopped. This is very likely to create a memory leak.
25 d残. 2014 20:24:32 org.apache.catalina.loader.WebappClassLoader clearThreadLocalMap
GRAVE: The web application [/xtf] created a ThreadLocal with key of type [null] (value [null]) and a value of type [org.apache.lucene.index.SegmentTermEnum] (value [org.apache.lucene.index.SegmentTermEnum@4772b4a6]) but failed to remove it when the web application was stopped. This is very likely to create a memory leak.
25 d残. 2014 20:24:32 org.apache.catalina.loader.WebappClassLoader clearThreadLocalMap
GRAVE: The web application [/xtf] created a ThreadLocal with key of type [java.lang.ThreadLocal] (value [java.lang.ThreadLocal@5188245d]) and a value of type [org.cdlib.xtf.util.PackedByteBuf.CompressInfo] (value [org.cdlib.xtf.util.PackedByteBuf$CompressInfo@3bb222ef]) but failed to remove it when the web application was stopped. This is very likely to create a memory leak.
25 d残. 2014 20:24:32 org.apache.catalina.loader.WebappClassLoader clearThreadLocalMap
GRAVE: The web application [/xtf] created a ThreadLocal with key of type [java.lang.ThreadLocal] (value [java.lang.ThreadLocal@5188245d]) and a value of type [org.cdlib.xtf.util.PackedByteBuf.CompressInfo] (value [org.cdlib.xtf.util.PackedByteBuf$CompressInfo@2c139787]) but failed to remove it when the web application was stopped. This is very likely to create a memory leak.
25 d残. 2014 20:24:32 org.apache.coyote.http11.Http11Protocol destroy
INFO: Arr腎 de Coyote HTTP/1.1 sur http-8080
