sept. 14, 2021 7:11:37 AM org.apache.coyote.http11.Http11Protocol pause
INFOS: Suspension de Coyote HTTP/1.1 sur http-8080
sept. 14, 2021 7:11:38 AM org.apache.catalina.core.StandardService stop
INFOS: Arrêt du service Catalina
sept. 14, 2021 7:11:38 AM org.apache.catalina.loader.WebappClassLoader clearThreadLocalMap
GRAVE: The web application [/xtf] created a ThreadLocal with key of type [java.lang.ThreadLocal] (value [java.lang.ThreadLocal@7633d286]) and a value of type [org.cdlib.xtf.util.PackedByteBuf.CompressInfo] (value [org.cdlib.xtf.util.PackedByteBuf$CompressInfo@406c5a96]) but failed to remove it when the web application was stopped. This is very likely to create a memory leak.
sept. 14, 2021 7:11:38 AM org.apache.catalina.loader.WebappClassLoader clearThreadLocalMap
GRAVE: The web application [/xtf] created a ThreadLocal with key of type [java.lang.ThreadLocal] (value [java.lang.ThreadLocal@7633d286]) and a value of type [org.cdlib.xtf.util.PackedByteBuf.CompressInfo] (value [org.cdlib.xtf.util.PackedByteBuf$CompressInfo@43ba0aa2]) but failed to remove it when the web application was stopped. This is very likely to create a memory leak.
sept. 14, 2021 7:11:38 AM org.apache.catalina.loader.WebappClassLoader clearThreadLocalMap
GRAVE: The web application [/xtf] created a ThreadLocal with key of type [java.lang.ThreadLocal] (value [java.lang.ThreadLocal@7633d286]) and a value of type [org.cdlib.xtf.util.PackedByteBuf.CompressInfo] (value [org.cdlib.xtf.util.PackedByteBuf$CompressInfo@26189255]) but failed to remove it when the web application was stopped. This is very likely to create a memory leak.
sept. 14, 2021 7:11:38 AM org.apache.catalina.loader.WebappClassLoader clearThreadLocalMap
GRAVE: The web application [/xtf] created a ThreadLocal with key of type [java.lang.ThreadLocal] (value [java.lang.ThreadLocal@7633d286]) and a value of type [org.cdlib.xtf.util.PackedByteBuf.CompressInfo] (value [org.cdlib.xtf.util.PackedByteBuf$CompressInfo@64addf11]) but failed to remove it when the web application was stopped. This is very likely to create a memory leak.
sept. 14, 2021 7:11:38 AM org.apache.catalina.loader.WebappClassLoader clearThreadLocalMap
GRAVE: The web application [/xtf] created a ThreadLocal with key of type [java.lang.ThreadLocal] (value [java.lang.ThreadLocal@7633d286]) and a value of type [org.cdlib.xtf.util.PackedByteBuf.CompressInfo] (value [org.cdlib.xtf.util.PackedByteBuf$CompressInfo@463781f8]) but failed to remove it when the web application was stopped. This is very likely to create a memory leak.
sept. 14, 2021 7:11:38 AM org.apache.coyote.http11.Http11Protocol destroy
INFOS: Arrêt de Coyote HTTP/1.1 sur http-8080
sept. 14, 2021 9:21:35 PM org.apache.catalina.core.AprLifecycleListener init
INFOS: The APR based Apache Tomcat Native library which allows optimal performance in production environments was not found on the java.library.path: /Users/christophe/Library/Java/Extensions:/Library/Java/Extensions:/Network/Library/Java/Extensions:/System/Library/Java/Extensions:/usr/lib/java:.
sept. 14, 2021 9:21:35 PM org.apache.coyote.http11.Http11Protocol init
INFOS: Initialisation de Coyote HTTP/1.1 sur http-8080
sept. 14, 2021 9:21:35 PM org.apache.catalina.startup.Catalina load
INFOS: Initialization processed in 504 ms
sept. 14, 2021 9:21:35 PM org.apache.catalina.core.StandardService start
INFOS: Démarrage du service Catalina
sept. 14, 2021 9:21:35 PM org.apache.catalina.core.StandardEngine start
INFOS: Starting Servlet Engine: Apache Tomcat/6.0.29
sept. 14, 2021 9:21:35 PM org.apache.catalina.startup.HostConfig deployDescriptor
INFOS: Déploiement du descripteur de configuration host-manager.xml
sept. 14, 2021 9:21:35 PM org.apache.catalina.startup.HostConfig deployDescriptor
INFOS: Déploiement du descripteur de configuration manager.xml
sept. 14, 2021 9:21:35 PM org.apache.catalina.startup.HostConfig deployDirectory
INFOS: Déploiement du répertoire xtf de l'application web
sept. 14, 2021 9:21:35 PM org.apache.catalina.startup.HostConfig deployDirectory
INFOS: Déploiement du répertoire docs de l'application web
sept. 14, 2021 9:21:35 PM org.apache.catalina.startup.HostConfig deployDirectory
INFOS: Déploiement du répertoire examples de l'application web
sept. 14, 2021 9:21:35 PM org.apache.catalina.startup.HostConfig deployDirectory
INFOS: Déploiement du répertoire ROOT de l'application web
sept. 14, 2021 9:21:35 PM org.apache.coyote.http11.Http11Protocol start
INFOS: Démarrage de Coyote HTTP/1.1 sur http-8080
sept. 14, 2021 9:21:35 PM org.apache.jk.common.ChannelSocket init
INFOS: JK: ajp13 listening on /0.0.0.0:8009
sept. 14, 2021 9:21:35 PM org.apache.jk.server.JkMain start
INFOS: Jk running ID=0 time=0/12  config=null
sept. 14, 2021 9:21:35 PM org.apache.catalina.startup.Catalina start
INFOS: Server startup in 389 ms
