26 oct. 2011 23:21:20 org.apache.catalina.core.AprLifecycleListener init
INFO: The APR based Apache Tomcat Native library which allows optimal performance in production environments was not found on the java.library.path: C:\Users\Christophe\Documents\Musicologie\TMG\xtfWorkshop\java\jre6_win\bin;.;C:\Windows\Sun\Java\bin;C:\Windows\system32;C:\Windows;C:\Users\Christophe\Documents\Musicologie\TMG\xtfWorkshop\java\jre6_win\bin;C:\Windows\system32;C:\Windows;C:\Windows\System32\Wbem;C:\Program Files\Common Files\Roxio Shared\DLLShared\;C:\Program Files\Common Files\Roxio Shared\9.0\DLLShared\;C:\PROGRA~1\ADDINS~1\XLSTAT~1;C:\Program Files\Common Files\DivX Shared\;C:\Program Files\QuickTime\QTSystem\
26 oct. 2011 23:21:21 org.apache.coyote.http11.Http11Protocol init
INFO: Initialisation de Coyote HTTP/1.1 sur http-8080
26 oct. 2011 23:21:21 org.apache.catalina.startup.Catalina load
INFO: Initialization processed in 1680 ms
26 oct. 2011 23:21:21 org.apache.catalina.core.StandardService start
INFO: Démarrage du service Catalina
26 oct. 2011 23:21:21 org.apache.catalina.core.StandardEngine start
INFO: Starting Servlet Engine: Apache Tomcat/6.0.29
26 oct. 2011 23:21:21 org.apache.catalina.startup.HostConfig deployDescriptor
INFO: Déploiement du descripteur de configuration host-manager.xml
26 oct. 2011 23:21:22 org.apache.catalina.startup.HostConfig deployDescriptor
INFO: Déploiement du descripteur de configuration manager.xml
26 oct. 2011 23:21:22 org.apache.catalina.startup.HostConfig deployDirectory
INFO: Déploiement du répertoire docs de l'application web
26 oct. 2011 23:21:22 org.apache.catalina.startup.HostConfig deployDirectory
INFO: Déploiement du répertoire examples de l'application web
26 oct. 2011 23:21:23 org.apache.catalina.startup.HostConfig deployDirectory
INFO: Déploiement du répertoire ROOT de l'application web
26 oct. 2011 23:21:23 org.apache.catalina.startup.HostConfig deployDirectory
INFO: Déploiement du répertoire xtf de l'application web
26 oct. 2011 23:21:24 org.apache.coyote.http11.Http11Protocol start
INFO: Démarrage de Coyote HTTP/1.1 sur http-8080
26 oct. 2011 23:21:24 org.apache.jk.common.ChannelSocket init
INFO: JK: ajp13 listening on /0.0.0.0:8009
26 oct. 2011 23:21:24 org.apache.jk.server.JkMain start
INFO: Jk running ID=0 time=0/92  config=null
26 oct. 2011 23:21:24 org.apache.catalina.startup.Catalina start
INFO: Server startup in 2842 ms
26 oct. 2011 23:26:34 org.apache.catalina.core.AprLifecycleListener init
INFO: The APR based Apache Tomcat Native library which allows optimal performance in production environments was not found on the java.library.path: C:\Users\Christophe\Documents\Musicologie\TMG\xtfWorkshop\java\jre6_win\bin;.;C:\Windows\Sun\Java\bin;C:\Windows\system32;C:\Windows;C:\Users\Christophe\Documents\Musicologie\TMG\xtfWorkshop\java\jre6_win\bin;C:\Windows\system32;C:\Windows;C:\Windows\System32\Wbem;C:\Program Files\Common Files\Roxio Shared\DLLShared\;C:\Program Files\Common Files\Roxio Shared\9.0\DLLShared\;C:\PROGRA~1\ADDINS~1\XLSTAT~1;C:\Program Files\Common Files\DivX Shared\;C:\Program Files\QuickTime\QTSystem\
26 oct. 2011 23:26:35 org.apache.coyote.http11.Http11Protocol init
INFO: Initialisation de Coyote HTTP/1.1 sur http-8080
26 oct. 2011 23:26:35 org.apache.catalina.startup.Catalina load
INFO: Initialization processed in 1113 ms
26 oct. 2011 23:26:35 org.apache.catalina.core.StandardService start
INFO: Démarrage du service Catalina
26 oct. 2011 23:26:35 org.apache.catalina.core.StandardEngine start
INFO: Starting Servlet Engine: Apache Tomcat/6.0.29
26 oct. 2011 23:26:35 org.apache.catalina.startup.HostConfig deployDescriptor
INFO: Déploiement du descripteur de configuration host-manager.xml
26 oct. 2011 23:26:36 org.apache.catalina.startup.HostConfig deployDescriptor
INFO: Déploiement du descripteur de configuration manager.xml
26 oct. 2011 23:26:36 org.apache.catalina.startup.HostConfig deployDirectory
INFO: Déploiement du répertoire docs de l'application web
26 oct. 2011 23:26:36 org.apache.catalina.startup.HostConfig deployDirectory
INFO: Déploiement du répertoire examples de l'application web
26 oct. 2011 23:26:36 org.apache.catalina.startup.HostConfig deployDirectory
INFO: Déploiement du répertoire ROOT de l'application web
26 oct. 2011 23:26:36 org.apache.catalina.startup.HostConfig deployDirectory
INFO: Déploiement du répertoire xtf de l'application web
26 oct. 2011 23:26:37 org.apache.coyote.http11.Http11Protocol start
INFO: Démarrage de Coyote HTTP/1.1 sur http-8080
26 oct. 2011 23:26:37 org.apache.jk.common.ChannelSocket init
INFO: JK: ajp13 listening on /0.0.0.0:8009
26 oct. 2011 23:26:37 org.apache.jk.server.JkMain start
INFO: Jk running ID=0 time=0/63  config=null
26 oct. 2011 23:26:37 org.apache.catalina.startup.Catalina start
INFO: Server startup in 1969 ms
