juil. 06, 2016 4:18:22 PM org.apache.coyote.http11.Http11Protocol pause
INFOS: Suspension de Coyote HTTP/1.1 sur http-8080
juil. 06, 2016 4:18:23 PM org.apache.catalina.core.StandardService stop
INFOS: Arrêt du service Catalina
juil. 06, 2016 4:18:29 PM org.apache.catalina.loader.WebappClassLoader clearReferencesThreads
GRAVE: The web application [/xtf] appears to have started a thread named [Thread-15] but has failed to stop it. This is very likely to create a memory leak.
juil. 06, 2016 4:18:29 PM org.apache.catalina.loader.WebappClassLoader clearThreadLocalMap
GRAVE: The web application [/xtf] created a ThreadLocal with key of type [java.lang.ThreadLocal] (value [java.lang.ThreadLocal@7b3fd3b6]) and a value of type [org.cdlib.xtf.util.PackedByteBuf.CompressInfo] (value [org.cdlib.xtf.util.PackedByteBuf$CompressInfo@8c88980]) but failed to remove it when the web application was stopped. This is very likely to create a memory leak.
juil. 06, 2016 4:18:29 PM org.apache.catalina.loader.WebappClassLoader clearThreadLocalMap
GRAVE: The web application [/xtf] created a ThreadLocal with key of type [java.lang.ThreadLocal] (value [java.lang.ThreadLocal@7b3fd3b6]) and a value of type [org.cdlib.xtf.util.PackedByteBuf.CompressInfo] (value [org.cdlib.xtf.util.PackedByteBuf$CompressInfo@57d07bb5]) but failed to remove it when the web application was stopped. This is very likely to create a memory leak.
juil. 06, 2016 4:18:29 PM org.apache.catalina.loader.WebappClassLoader clearThreadLocalMap
GRAVE: The web application [/xtf] created a ThreadLocal with key of type [java.lang.ThreadLocal] (value [java.lang.ThreadLocal@50ce9ae4]) and a value of type [org.apache.lucene.index.SegmentTermEnum] (value [org.apache.lucene.index.SegmentTermEnum@1cbfeb7]) but failed to remove it when the web application was stopped. This is very likely to create a memory leak.
juil. 06, 2016 4:18:29 PM org.apache.catalina.loader.WebappClassLoader clearThreadLocalMap
GRAVE: The web application [/xtf] created a ThreadLocal with key of type [java.lang.ThreadLocal] (value [java.lang.ThreadLocal@7b3fd3b6]) and a value of type [org.cdlib.xtf.util.PackedByteBuf.CompressInfo] (value [org.cdlib.xtf.util.PackedByteBuf$CompressInfo@4d83f387]) but failed to remove it when the web application was stopped. This is very likely to create a memory leak.
juil. 06, 2016 4:18:29 PM org.apache.catalina.loader.WebappClassLoader clearThreadLocalMap
GRAVE: The web application [/xtf] created a ThreadLocal with key of type [java.lang.ThreadLocal] (value [java.lang.ThreadLocal@50ce9ae4]) and a value of type [org.apache.lucene.index.SegmentTermEnum] (value [org.apache.lucene.index.SegmentTermEnum@19da3451]) but failed to remove it when the web application was stopped. This is very likely to create a memory leak.
juil. 06, 2016 4:18:29 PM org.apache.catalina.loader.WebappClassLoader clearThreadLocalMap
GRAVE: The web application [/xtf] created a ThreadLocal with key of type [java.lang.ThreadLocal] (value [java.lang.ThreadLocal@7b3fd3b6]) and a value of type [org.cdlib.xtf.util.PackedByteBuf.CompressInfo] (value [org.cdlib.xtf.util.PackedByteBuf$CompressInfo@3de78434]) but failed to remove it when the web application was stopped. This is very likely to create a memory leak.
juil. 06, 2016 4:18:29 PM org.apache.catalina.loader.WebappClassLoader clearThreadLocalMap
GRAVE: The web application [/xtf] created a ThreadLocal with key of type [java.lang.ThreadLocal] (value [java.lang.ThreadLocal@7b3fd3b6]) and a value of type [org.cdlib.xtf.util.PackedByteBuf.CompressInfo] (value [org.cdlib.xtf.util.PackedByteBuf$CompressInfo@6387eb79]) but failed to remove it when the web application was stopped. This is very likely to create a memory leak.
juil. 06, 2016 4:18:29 PM org.apache.catalina.loader.WebappClassLoader clearThreadLocalMap
GRAVE: The web application [/xtf] created a ThreadLocal with key of type [java.lang.ThreadLocal] (value [java.lang.ThreadLocal@50ce9ae4]) and a value of type [org.apache.lucene.index.SegmentTermEnum] (value [org.apache.lucene.index.SegmentTermEnum@314a2345]) but failed to remove it when the web application was stopped. This is very likely to create a memory leak.
juil. 06, 2016 4:18:29 PM org.apache.catalina.loader.WebappClassLoader clearThreadLocalMap
GRAVE: The web application [/xtf] created a ThreadLocal with key of type [java.lang.ThreadLocal] (value [java.lang.ThreadLocal@7b3fd3b6]) and a value of type [org.cdlib.xtf.util.PackedByteBuf.CompressInfo] (value [org.cdlib.xtf.util.PackedByteBuf$CompressInfo@797ae181]) but failed to remove it when the web application was stopped. This is very likely to create a memory leak.
juil. 06, 2016 4:18:32 PM org.apache.coyote.http11.Http11Protocol destroy
INFOS: Arrêt de Coyote HTTP/1.1 sur http-8080
juil. 06, 2016 5:45:42 PM org.apache.catalina.core.AprLifecycleListener init
INFOS: The APR based Apache Tomcat Native library which allows optimal performance in production environments was not found on the java.library.path: /Users/Christophe/Library/Java/Extensions:/Library/Java/Extensions:/Network/Library/Java/Extensions:/System/Library/Java/Extensions:/usr/lib/java:.
juil. 06, 2016 5:45:44 PM org.apache.coyote.http11.Http11Protocol init
INFOS: Initialisation de Coyote HTTP/1.1 sur http-8080
juil. 06, 2016 5:45:44 PM org.apache.catalina.startup.Catalina load
INFOS: Initialization processed in 2626 ms
juil. 06, 2016 5:45:44 PM org.apache.catalina.core.StandardService start
INFOS: Démarrage du service Catalina
juil. 06, 2016 5:45:44 PM org.apache.catalina.core.StandardEngine start
INFOS: Starting Servlet Engine: Apache Tomcat/6.0.29
juil. 06, 2016 5:45:44 PM org.apache.catalina.startup.HostConfig deployDescriptor
INFOS: Déploiement du descripteur de configuration host-manager.xml
juil. 06, 2016 5:45:45 PM org.apache.catalina.startup.HostConfig deployDescriptor
INFOS: Déploiement du descripteur de configuration manager.xml
juil. 06, 2016 5:45:45 PM org.apache.catalina.startup.HostConfig deployDirectory
INFOS: Déploiement du répertoire docs de l'application web
juil. 06, 2016 5:45:45 PM org.apache.catalina.startup.HostConfig deployDirectory
INFOS: Déploiement du répertoire examples de l'application web
juil. 06, 2016 5:45:45 PM org.apache.catalina.startup.HostConfig deployDirectory
INFOS: Déploiement du répertoire ROOT de l'application web
juil. 06, 2016 5:45:45 PM org.apache.catalina.startup.HostConfig deployDirectory
INFOS: Déploiement du répertoire xtf de l'application web
juil. 06, 2016 5:45:46 PM org.apache.coyote.http11.Http11Protocol start
INFOS: Démarrage de Coyote HTTP/1.1 sur http-8080
juil. 06, 2016 5:45:46 PM org.apache.jk.common.ChannelSocket init
INFOS: JK: ajp13 listening on /0.0.0.0:8009
juil. 06, 2016 5:45:46 PM org.apache.jk.server.JkMain start
INFOS: Jk running ID=0 time=0/30  config=null
juil. 06, 2016 5:45:46 PM org.apache.catalina.startup.Catalina start
INFOS: Server startup in 2128 ms
juil. 06, 2016 7:43:54 PM org.apache.coyote.http11.Http11Protocol pause
INFOS: Suspension de Coyote HTTP/1.1 sur http-8080
juil. 06, 2016 7:43:56 PM org.apache.catalina.core.StandardService stop
INFOS: Arrêt du service Catalina
juil. 06, 2016 7:43:56 PM org.apache.catalina.loader.WebappClassLoader clearReferencesThreads
GRAVE: The web application [/xtf] appears to have started a thread named [Thread-16] but has failed to stop it. This is very likely to create a memory leak.
juil. 06, 2016 7:43:56 PM org.apache.catalina.loader.WebappClassLoader clearThreadLocalMap
GRAVE: The web application [/xtf] created a ThreadLocal with key of type [java.lang.ThreadLocal] (value [java.lang.ThreadLocal@63aa2bd1]) and a value of type [org.apache.lucene.index.SegmentTermEnum] (value [org.apache.lucene.index.SegmentTermEnum@6bab01a]) but failed to remove it when the web application was stopped. This is very likely to create a memory leak.
juil. 06, 2016 7:43:56 PM org.apache.catalina.loader.WebappClassLoader clearThreadLocalMap
GRAVE: The web application [/xtf] created a ThreadLocal with key of type [java.lang.ThreadLocal] (value [java.lang.ThreadLocal@57a538af]) and a value of type [org.cdlib.xtf.util.PackedByteBuf.CompressInfo] (value [org.cdlib.xtf.util.PackedByteBuf$CompressInfo@4ca590e8]) but failed to remove it when the web application was stopped. This is very likely to create a memory leak.
juil. 06, 2016 7:43:56 PM org.apache.catalina.loader.WebappClassLoader clearThreadLocalMap
GRAVE: The web application [/xtf] created a ThreadLocal with key of type [java.lang.ThreadLocal] (value [java.lang.ThreadLocal@57a538af]) and a value of type [org.cdlib.xtf.util.PackedByteBuf.CompressInfo] (value [org.cdlib.xtf.util.PackedByteBuf$CompressInfo@3742d739]) but failed to remove it when the web application was stopped. This is very likely to create a memory leak.
juil. 06, 2016 7:43:56 PM org.apache.catalina.loader.WebappClassLoader clearThreadLocalMap
GRAVE: The web application [/xtf] created a ThreadLocal with key of type [null] (value [null]) and a value of type [org.apache.lucene.index.SegmentTermEnum] (value [org.apache.lucene.index.SegmentTermEnum@7a8de9ce]) but failed to remove it when the web application was stopped. This is very likely to create a memory leak.
juil. 06, 2016 7:43:56 PM org.apache.catalina.loader.WebappClassLoader clearThreadLocalMap
GRAVE: The web application [/xtf] created a ThreadLocal with key of type [java.lang.ThreadLocal] (value [java.lang.ThreadLocal@57a538af]) and a value of type [org.cdlib.xtf.util.PackedByteBuf.CompressInfo] (value [org.cdlib.xtf.util.PackedByteBuf$CompressInfo@56871643]) but failed to remove it when the web application was stopped. This is very likely to create a memory leak.
juil. 06, 2016 7:43:56 PM org.apache.catalina.loader.WebappClassLoader clearThreadLocalMap
GRAVE: The web application [/xtf] created a ThreadLocal with key of type [java.lang.ThreadLocal] (value [java.lang.ThreadLocal@57a538af]) and a value of type [org.cdlib.xtf.util.PackedByteBuf.CompressInfo] (value [org.cdlib.xtf.util.PackedByteBuf$CompressInfo@36c5eeab]) but failed to remove it when the web application was stopped. This is very likely to create a memory leak.
juil. 06, 2016 7:43:56 PM org.apache.catalina.loader.WebappClassLoader clearThreadLocalMap
GRAVE: The web application [/xtf] created a ThreadLocal with key of type [java.lang.ThreadLocal] (value [java.lang.ThreadLocal@57a538af]) and a value of type [org.cdlib.xtf.util.PackedByteBuf.CompressInfo] (value [org.cdlib.xtf.util.PackedByteBuf$CompressInfo@171f0c55]) but failed to remove it when the web application was stopped. This is very likely to create a memory leak.
juil. 06, 2016 7:43:56 PM org.apache.catalina.loader.WebappClassLoader clearThreadLocalMap
GRAVE: The web application [/xtf] created a ThreadLocal with key of type [null] (value [null]) and a value of type [org.apache.lucene.index.SegmentTermEnum] (value [org.apache.lucene.index.SegmentTermEnum@24954e1]) but failed to remove it when the web application was stopped. This is very likely to create a memory leak.
juil. 06, 2016 7:43:56 PM org.apache.catalina.loader.WebappClassLoader clearThreadLocalMap
GRAVE: The web application [/xtf] created a ThreadLocal with key of type [null] (value [null]) and a value of type [org.apache.lucene.index.SegmentTermEnum] (value [org.apache.lucene.index.SegmentTermEnum@6c127fe5]) but failed to remove it when the web application was stopped. This is very likely to create a memory leak.
juil. 06, 2016 7:43:56 PM org.apache.catalina.loader.WebappClassLoader clearThreadLocalMap
GRAVE: The web application [/xtf] created a ThreadLocal with key of type [java.lang.ThreadLocal] (value [java.lang.ThreadLocal@57a538af]) and a value of type [org.cdlib.xtf.util.PackedByteBuf.CompressInfo] (value [org.cdlib.xtf.util.PackedByteBuf$CompressInfo@75bb647a]) but failed to remove it when the web application was stopped. This is very likely to create a memory leak.
juil. 06, 2016 7:43:56 PM org.apache.catalina.loader.WebappClassLoader clearThreadLocalMap
GRAVE: The web application [/xtf] created a ThreadLocal with key of type [null] (value [null]) and a value of type [org.apache.lucene.index.SegmentTermEnum] (value [org.apache.lucene.index.SegmentTermEnum@1a29a33c]) but failed to remove it when the web application was stopped. This is very likely to create a memory leak.
juil. 06, 2016 7:43:56 PM org.apache.catalina.loader.WebappClassLoader clearThreadLocalMap
GRAVE: The web application [/xtf] created a ThreadLocal with key of type [null] (value [null]) and a value of type [org.apache.lucene.index.SegmentTermEnum] (value [org.apache.lucene.index.SegmentTermEnum@520f12c4]) but failed to remove it when the web application was stopped. This is very likely to create a memory leak.
juil. 06, 2016 7:43:56 PM org.apache.catalina.loader.WebappClassLoader clearThreadLocalMap
GRAVE: The web application [/xtf] created a ThreadLocal with key of type [null] (value [null]) and a value of type [org.apache.lucene.index.SegmentTermEnum] (value [org.apache.lucene.index.SegmentTermEnum@2d9db237]) but failed to remove it when the web application was stopped. This is very likely to create a memory leak.
juil. 06, 2016 7:43:56 PM org.apache.catalina.loader.WebappClassLoader clearThreadLocalMap
GRAVE: The web application [/xtf] created a ThreadLocal with key of type [null] (value [null]) and a value of type [org.apache.lucene.index.SegmentTermEnum] (value [org.apache.lucene.index.SegmentTermEnum@32b8b4a]) but failed to remove it when the web application was stopped. This is very likely to create a memory leak.
juil. 06, 2016 7:43:56 PM org.apache.catalina.loader.WebappClassLoader clearThreadLocalMap
GRAVE: The web application [/xtf] created a ThreadLocal with key of type [null] (value [null]) and a value of type [org.apache.lucene.index.SegmentTermEnum] (value [org.apache.lucene.index.SegmentTermEnum@544ce850]) but failed to remove it when the web application was stopped. This is very likely to create a memory leak.
juil. 06, 2016 7:43:56 PM org.apache.catalina.loader.WebappClassLoader clearThreadLocalMap
GRAVE: The web application [/xtf] created a ThreadLocal with key of type [java.lang.ThreadLocal] (value [java.lang.ThreadLocal@63aa2bd1]) and a value of type [org.apache.lucene.index.SegmentTermEnum] (value [org.apache.lucene.index.SegmentTermEnum@7e7f592f]) but failed to remove it when the web application was stopped. This is very likely to create a memory leak.
juil. 06, 2016 7:43:56 PM org.apache.catalina.loader.WebappClassLoader clearThreadLocalMap
GRAVE: The web application [/xtf] created a ThreadLocal with key of type [java.lang.ThreadLocal] (value [java.lang.ThreadLocal@3e3350dd]) and a value of type [org.apache.lucene.index.SegmentTermEnum] (value [org.apache.lucene.index.SegmentTermEnum@619dfd8a]) but failed to remove it when the web application was stopped. This is very likely to create a memory leak.
juil. 06, 2016 7:43:56 PM org.apache.catalina.loader.WebappClassLoader clearThreadLocalMap
GRAVE: The web application [/xtf] created a ThreadLocal with key of type [null] (value [null]) and a value of type [org.apache.lucene.index.SegmentTermEnum] (value [org.apache.lucene.index.SegmentTermEnum@52208781]) but failed to remove it when the web application was stopped. This is very likely to create a memory leak.
juil. 06, 2016 7:43:56 PM org.apache.catalina.loader.WebappClassLoader clearThreadLocalMap
GRAVE: The web application [/xtf] created a ThreadLocal with key of type [null] (value [null]) and a value of type [org.apache.lucene.index.SegmentTermEnum] (value [org.apache.lucene.index.SegmentTermEnum@56121acb]) but failed to remove it when the web application was stopped. This is very likely to create a memory leak.
juil. 06, 2016 7:43:56 PM org.apache.catalina.loader.WebappClassLoader clearThreadLocalMap
GRAVE: The web application [/xtf] created a ThreadLocal with key of type [java.lang.ThreadLocal] (value [java.lang.ThreadLocal@72030d6c]) and a value of type [org.apache.lucene.index.SegmentTermEnum] (value [org.apache.lucene.index.SegmentTermEnum@7c7cdf0b]) but failed to remove it when the web application was stopped. This is very likely to create a memory leak.
juil. 06, 2016 7:43:57 PM org.apache.coyote.http11.Http11Protocol destroy
INFOS: Arrêt de Coyote HTTP/1.1 sur http-8080
