mai 15, 2016 3:42:22 PM org.apache.catalina.core.AprLifecycleListener init
INFOS: The APR based Apache Tomcat Native library which allows optimal performance in production environments was not found on the java.library.path: /Users/Christophe/Library/Java/Extensions:/Library/Java/Extensions:/Network/Library/Java/Extensions:/System/Library/Java/Extensions:/usr/lib/java:.
mai 15, 2016 3:42:31 PM org.apache.coyote.http11.Http11Protocol init
INFOS: Initialisation de Coyote HTTP/1.1 sur http-8080
mai 15, 2016 3:42:31 PM org.apache.catalina.startup.Catalina load
INFOS: Initialization processed in 9333 ms
mai 15, 2016 3:42:31 PM org.apache.catalina.core.StandardService start
INFOS: Démarrage du service Catalina
mai 15, 2016 3:42:31 PM org.apache.catalina.core.StandardEngine start
INFOS: Starting Servlet Engine: Apache Tomcat/6.0.29
mai 15, 2016 3:42:31 PM org.apache.catalina.startup.HostConfig deployDescriptor
INFOS: Déploiement du descripteur de configuration host-manager.xml
mai 15, 2016 3:42:33 PM org.apache.catalina.startup.HostConfig deployDescriptor
INFOS: Déploiement du descripteur de configuration manager.xml
mai 15, 2016 3:42:33 PM org.apache.catalina.startup.HostConfig deployDirectory
INFOS: Déploiement du répertoire docs de l'application web
mai 15, 2016 3:42:33 PM org.apache.catalina.startup.HostConfig deployDirectory
INFOS: Déploiement du répertoire examples de l'application web
mai 15, 2016 3:42:34 PM org.apache.catalina.startup.HostConfig deployDirectory
INFOS: Déploiement du répertoire ROOT de l'application web
mai 15, 2016 3:42:34 PM org.apache.catalina.startup.HostConfig deployDirectory
INFOS: Déploiement du répertoire xtf de l'application web
mai 15, 2016 3:42:34 PM org.apache.coyote.http11.Http11Protocol start
INFOS: Démarrage de Coyote HTTP/1.1 sur http-8080
mai 15, 2016 3:42:34 PM org.apache.jk.common.ChannelSocket init
INFOS: JK: ajp13 listening on /0.0.0.0:8009
mai 15, 2016 3:42:34 PM org.apache.jk.server.JkMain start
INFOS: Jk running ID=0 time=0/70  config=null
mai 15, 2016 3:42:34 PM org.apache.catalina.startup.Catalina start
INFOS: Server startup in 3270 ms
mai 15, 2016 9:06:04 PM org.apache.coyote.http11.Http11Protocol pause
INFOS: Suspension de Coyote HTTP/1.1 sur http-8080
mai 15, 2016 9:06:05 PM org.apache.catalina.core.StandardService stop
INFOS: Arrêt du service Catalina
mai 15, 2016 9:06:06 PM org.apache.catalina.loader.WebappClassLoader clearReferencesThreads
GRAVE: The web application [/xtf] appears to have started a thread named [Thread-9] but has failed to stop it. This is very likely to create a memory leak.
mai 15, 2016 9:06:06 PM org.apache.catalina.loader.WebappClassLoader clearThreadLocalMap
GRAVE: The web application [/xtf] created a ThreadLocal with key of type [java.lang.ThreadLocal] (value [java.lang.ThreadLocal@99f3678]) and a value of type [org.cdlib.xtf.util.PackedByteBuf.CompressInfo] (value [org.cdlib.xtf.util.PackedByteBuf$CompressInfo@5561fe30]) but failed to remove it when the web application was stopped. This is very likely to create a memory leak.
mai 15, 2016 9:06:06 PM org.apache.catalina.loader.WebappClassLoader clearThreadLocalMap
GRAVE: The web application [/xtf] created a ThreadLocal with key of type [null] (value [null]) and a value of type [org.apache.lucene.index.SegmentTermEnum] (value [org.apache.lucene.index.SegmentTermEnum@5c476181]) but failed to remove it when the web application was stopped. This is very likely to create a memory leak.
mai 15, 2016 9:06:06 PM org.apache.catalina.loader.WebappClassLoader clearThreadLocalMap
GRAVE: The web application [/xtf] created a ThreadLocal with key of type [java.lang.ThreadLocal] (value [java.lang.ThreadLocal@18fa0d95]) and a value of type [org.apache.lucene.index.SegmentTermEnum] (value [org.apache.lucene.index.SegmentTermEnum@73a16258]) but failed to remove it when the web application was stopped. This is very likely to create a memory leak.
mai 15, 2016 9:06:06 PM org.apache.catalina.loader.WebappClassLoader clearThreadLocalMap
GRAVE: The web application [/xtf] created a ThreadLocal with key of type [null] (value [null]) and a value of type [org.apache.lucene.index.SegmentTermEnum] (value [org.apache.lucene.index.SegmentTermEnum@29eb8262]) but failed to remove it when the web application was stopped. This is very likely to create a memory leak.
mai 15, 2016 9:06:06 PM org.apache.catalina.loader.WebappClassLoader clearThreadLocalMap
GRAVE: The web application [/xtf] created a ThreadLocal with key of type [java.lang.ThreadLocal] (value [java.lang.ThreadLocal@99f3678]) and a value of type [org.cdlib.xtf.util.PackedByteBuf.CompressInfo] (value [org.cdlib.xtf.util.PackedByteBuf$CompressInfo@4ec7b5b7]) but failed to remove it when the web application was stopped. This is very likely to create a memory leak.
mai 15, 2016 9:06:06 PM org.apache.catalina.loader.WebappClassLoader clearThreadLocalMap
GRAVE: The web application [/xtf] created a ThreadLocal with key of type [java.lang.ThreadLocal] (value [java.lang.ThreadLocal@99f3678]) and a value of type [org.cdlib.xtf.util.PackedByteBuf.CompressInfo] (value [org.cdlib.xtf.util.PackedByteBuf$CompressInfo@6999f5f]) but failed to remove it when the web application was stopped. This is very likely to create a memory leak.
mai 15, 2016 9:06:06 PM org.apache.catalina.loader.WebappClassLoader clearThreadLocalMap
GRAVE: The web application [/xtf] created a ThreadLocal with key of type [java.lang.ThreadLocal] (value [java.lang.ThreadLocal@99f3678]) and a value of type [org.cdlib.xtf.util.PackedByteBuf.CompressInfo] (value [org.cdlib.xtf.util.PackedByteBuf$CompressInfo@7e528e76]) but failed to remove it when the web application was stopped. This is very likely to create a memory leak.
mai 15, 2016 9:06:06 PM org.apache.catalina.loader.WebappClassLoader clearThreadLocalMap
GRAVE: The web application [/xtf] created a ThreadLocal with key of type [java.lang.ThreadLocal] (value [java.lang.ThreadLocal@99f3678]) and a value of type [org.cdlib.xtf.util.PackedByteBuf.CompressInfo] (value [org.cdlib.xtf.util.PackedByteBuf$CompressInfo@b5feb4c]) but failed to remove it when the web application was stopped. This is very likely to create a memory leak.
mai 15, 2016 9:06:06 PM org.apache.coyote.http11.Http11Protocol destroy
INFOS: Arrêt de Coyote HTTP/1.1 sur http-8080
