17 nov. 2014 17:12:47 org.apache.catalina.core.AprLifecycleListener init
INFO: The APR based Apache Tomcat Native library which allows optimal performance in production environments was not found on the java.library.path: .:/Library/Java/Extensions:/System/Library/Java/Extensions:/usr/lib/java
17 nov. 2014 17:12:48 org.apache.coyote.http11.Http11Protocol init
INFO: Initialisation de Coyote HTTP/1.1 sur http-8080
17 nov. 2014 17:12:48 org.apache.catalina.startup.Catalina load
INFO: Initialization processed in 1019 ms
17 nov. 2014 17:12:48 org.apache.catalina.core.StandardService start
INFO: Démarrage du service Catalina
17 nov. 2014 17:12:48 org.apache.catalina.core.StandardEngine start
INFO: Starting Servlet Engine: Apache Tomcat/6.0.29
17 nov. 2014 17:12:48 org.apache.catalina.startup.HostConfig deployDescriptor
INFO: Déploiement du descripteur de configuration host-manager.xml
17 nov. 2014 17:12:48 org.apache.catalina.startup.HostConfig deployDescriptor
INFO: Déploiement du descripteur de configuration manager.xml
17 nov. 2014 17:12:48 org.apache.catalina.startup.HostConfig deployDirectory
INFO: Déploiement du répertoire docs de l'application web
17 nov. 2014 17:12:49 org.apache.catalina.startup.HostConfig deployDirectory
INFO: Déploiement du répertoire examples de l'application web
17 nov. 2014 17:12:49 org.apache.catalina.startup.HostConfig deployDirectory
INFO: Déploiement du répertoire ROOT de l'application web
17 nov. 2014 17:12:49 org.apache.catalina.startup.HostConfig deployDirectory
INFO: Déploiement du répertoire xtf de l'application web
17 nov. 2014 17:12:50 org.apache.coyote.http11.Http11Protocol start
INFO: Démarrage de Coyote HTTP/1.1 sur http-8080
17 nov. 2014 17:12:50 org.apache.jk.common.ChannelSocket init
INFO: JK: ajp13 listening on /0.0.0.0:8009
17 nov. 2014 17:12:50 org.apache.jk.server.JkMain start
INFO: Jk running ID=0 time=0/114  config=null
17 nov. 2014 17:12:50 org.apache.catalina.startup.Catalina start
INFO: Server startup in 2186 ms
17 nov. 2014 18:57:58 org.apache.coyote.http11.Http11Protocol pause
INFO: Suspension de Coyote HTTP/1.1 sur http-8080
17 nov. 2014 18:57:59 org.apache.catalina.core.StandardService stop
INFO: Arrêt du service Catalina
17 nov. 2014 18:58:00 org.apache.catalina.loader.WebappClassLoader clearReferencesThreads
GRAVE: The web application [/xtf] appears to have started a thread named [Thread-124] but has failed to stop it. This is very likely to create a memory leak.
17 nov. 2014 18:58:00 org.apache.catalina.loader.WebappClassLoader clearThreadLocalMap
GRAVE: The web application [/xtf] created a ThreadLocal with key of type [java.lang.ThreadLocal] (value [java.lang.ThreadLocal@6c2e1e17]) and a value of type [org.cdlib.xtf.util.PackedByteBuf.CompressInfo] (value [org.cdlib.xtf.util.PackedByteBuf$CompressInfo@47b9af7d]) but failed to remove it when the web application was stopped. This is very likely to create a memory leak.
17 nov. 2014 18:58:00 org.apache.catalina.loader.WebappClassLoader clearThreadLocalMap
GRAVE: The web application [/xtf] created a ThreadLocal with key of type [java.lang.ThreadLocal] (value [java.lang.ThreadLocal@6fb05c54]) and a value of type [org.apache.lucene.index.SegmentTermEnum] (value [org.apache.lucene.index.SegmentTermEnum@237dc815]) but failed to remove it when the web application was stopped. This is very likely to create a memory leak.
17 nov. 2014 18:58:00 org.apache.catalina.loader.WebappClassLoader clearThreadLocalMap
GRAVE: The web application [/xtf] created a ThreadLocal with key of type [java.lang.ThreadLocal] (value [java.lang.ThreadLocal@6c2e1e17]) and a value of type [org.cdlib.xtf.util.PackedByteBuf.CompressInfo] (value [org.cdlib.xtf.util.PackedByteBuf$CompressInfo@16daece7]) but failed to remove it when the web application was stopped. This is very likely to create a memory leak.
17 nov. 2014 18:58:00 org.apache.catalina.loader.WebappClassLoader clearThreadLocalMap
GRAVE: The web application [/xtf] created a ThreadLocal with key of type [java.lang.ThreadLocal] (value [java.lang.ThreadLocal@6c2e1e17]) and a value of type [org.cdlib.xtf.util.PackedByteBuf.CompressInfo] (value [org.cdlib.xtf.util.PackedByteBuf$CompressInfo@7ef73d69]) but failed to remove it when the web application was stopped. This is very likely to create a memory leak.
17 nov. 2014 18:58:00 org.apache.catalina.loader.WebappClassLoader clearThreadLocalMap
GRAVE: The web application [/xtf] created a ThreadLocal with key of type [java.lang.ThreadLocal] (value [java.lang.ThreadLocal@6fb05c54]) and a value of type [org.apache.lucene.index.SegmentTermEnum] (value [org.apache.lucene.index.SegmentTermEnum@19e0f99e]) but failed to remove it when the web application was stopped. This is very likely to create a memory leak.
17 nov. 2014 18:58:00 org.apache.catalina.loader.WebappClassLoader clearThreadLocalMap
GRAVE: The web application [/xtf] created a ThreadLocal with key of type [java.lang.ThreadLocal] (value [java.lang.ThreadLocal@6c2e1e17]) and a value of type [org.cdlib.xtf.util.PackedByteBuf.CompressInfo] (value [org.cdlib.xtf.util.PackedByteBuf$CompressInfo@1240158]) but failed to remove it when the web application was stopped. This is very likely to create a memory leak.
17 nov. 2014 18:58:00 org.apache.coyote.http11.Http11Protocol destroy
INFO: Arrêt de Coyote HTTP/1.1 sur http-8080
17 nov. 2014 19:41:29 org.apache.catalina.core.AprLifecycleListener init
INFO: The APR based Apache Tomcat Native library which allows optimal performance in production environments was not found on the java.library.path: .:/Library/Java/Extensions:/System/Library/Java/Extensions:/usr/lib/java
17 nov. 2014 19:41:29 org.apache.coyote.http11.Http11Protocol init
INFO: Initialisation de Coyote HTTP/1.1 sur http-8080
17 nov. 2014 19:41:29 org.apache.catalina.startup.Catalina load
INFO: Initialization processed in 580 ms
17 nov. 2014 19:41:30 org.apache.catalina.core.StandardService start
INFO: Démarrage du service Catalina
17 nov. 2014 19:41:30 org.apache.catalina.core.StandardEngine start
INFO: Starting Servlet Engine: Apache Tomcat/6.0.29
17 nov. 2014 19:41:30 org.apache.catalina.startup.HostConfig deployDescriptor
INFO: Déploiement du descripteur de configuration host-manager.xml
17 nov. 2014 19:41:30 org.apache.catalina.startup.HostConfig deployDescriptor
INFO: Déploiement du descripteur de configuration manager.xml
17 nov. 2014 19:41:30 org.apache.catalina.startup.HostConfig deployDirectory
INFO: Déploiement du répertoire docs de l'application web
17 nov. 2014 19:41:30 org.apache.catalina.startup.HostConfig deployDirectory
INFO: Déploiement du répertoire examples de l'application web
17 nov. 2014 19:41:31 org.apache.catalina.startup.HostConfig deployDirectory
INFO: Déploiement du répertoire ROOT de l'application web
17 nov. 2014 19:41:31 org.apache.catalina.startup.HostConfig deployDirectory
INFO: Déploiement du répertoire xtf de l'application web
17 nov. 2014 19:41:31 org.apache.coyote.http11.Http11Protocol start
INFO: Démarrage de Coyote HTTP/1.1 sur http-8080
17 nov. 2014 19:41:31 org.apache.jk.common.ChannelSocket init
INFO: JK: ajp13 listening on /0.0.0.0:8009
17 nov. 2014 19:41:31 org.apache.jk.server.JkMain start
INFO: Jk running ID=0 time=0/28  config=null
17 nov. 2014 19:41:31 org.apache.catalina.startup.Catalina start
INFO: Server startup in 1864 ms
17 nov. 2014 20:50:29 org.apache.coyote.http11.Http11Protocol pause
INFO: Suspension de Coyote HTTP/1.1 sur http-8080
17 nov. 2014 20:50:30 org.apache.catalina.core.StandardService stop
INFO: Arrêt du service Catalina
17 nov. 2014 20:50:30 org.apache.catalina.loader.WebappClassLoader clearReferencesThreads
GRAVE: The web application [/xtf] appears to have started a thread named [Thread-71] but has failed to stop it. This is very likely to create a memory leak.
17 nov. 2014 20:50:30 org.apache.catalina.loader.WebappClassLoader clearThreadLocalMap
GRAVE: The web application [/xtf] created a ThreadLocal with key of type [java.lang.ThreadLocal] (value [java.lang.ThreadLocal@6b8d2c12]) and a value of type [org.cdlib.xtf.util.PackedByteBuf.CompressInfo] (value [org.cdlib.xtf.util.PackedByteBuf$CompressInfo@14888e8]) but failed to remove it when the web application was stopped. This is very likely to create a memory leak.
17 nov. 2014 20:50:30 org.apache.catalina.loader.WebappClassLoader clearThreadLocalMap
GRAVE: The web application [/xtf] created a ThreadLocal with key of type [java.lang.ThreadLocal] (value [java.lang.ThreadLocal@6b8d2c12]) and a value of type [org.cdlib.xtf.util.PackedByteBuf.CompressInfo] (value [org.cdlib.xtf.util.PackedByteBuf$CompressInfo@41143800]) but failed to remove it when the web application was stopped. This is very likely to create a memory leak.
17 nov. 2014 20:50:30 org.apache.catalina.loader.WebappClassLoader clearThreadLocalMap
GRAVE: The web application [/xtf] created a ThreadLocal with key of type [java.lang.ThreadLocal] (value [java.lang.ThreadLocal@1668a961]) and a value of type [org.apache.lucene.index.SegmentTermEnum] (value [org.apache.lucene.index.SegmentTermEnum@31482ac5]) but failed to remove it when the web application was stopped. This is very likely to create a memory leak.
17 nov. 2014 20:50:30 org.apache.catalina.loader.WebappClassLoader clearThreadLocalMap
GRAVE: The web application [/xtf] created a ThreadLocal with key of type [java.lang.ThreadLocal] (value [java.lang.ThreadLocal@6b8d2c12]) and a value of type [org.cdlib.xtf.util.PackedByteBuf.CompressInfo] (value [org.cdlib.xtf.util.PackedByteBuf$CompressInfo@78f004c9]) but failed to remove it when the web application was stopped. This is very likely to create a memory leak.
17 nov. 2014 20:50:30 org.apache.catalina.loader.WebappClassLoader clearThreadLocalMap
GRAVE: The web application [/xtf] created a ThreadLocal with key of type [java.lang.ThreadLocal] (value [java.lang.ThreadLocal@1668a961]) and a value of type [org.apache.lucene.index.SegmentTermEnum] (value [org.apache.lucene.index.SegmentTermEnum@55ca6626]) but failed to remove it when the web application was stopped. This is very likely to create a memory leak.
17 nov. 2014 20:50:30 org.apache.catalina.loader.WebappClassLoader clearThreadLocalMap
GRAVE: The web application [/xtf] created a ThreadLocal with key of type [java.lang.ThreadLocal] (value [java.lang.ThreadLocal@6b8d2c12]) and a value of type [org.cdlib.xtf.util.PackedByteBuf.CompressInfo] (value [org.cdlib.xtf.util.PackedByteBuf$CompressInfo@5af874ca]) but failed to remove it when the web application was stopped. This is very likely to create a memory leak.
17 nov. 2014 20:50:30 org.apache.catalina.loader.WebappClassLoader clearThreadLocalMap
GRAVE: The web application [/xtf] created a ThreadLocal with key of type [java.lang.ThreadLocal] (value [java.lang.ThreadLocal@1668a961]) and a value of type [org.apache.lucene.index.SegmentTermEnum] (value [org.apache.lucene.index.SegmentTermEnum@6dbba86e]) but failed to remove it when the web application was stopped. This is very likely to create a memory leak.
17 nov. 2014 20:50:30 org.apache.catalina.loader.WebappClassLoader clearThreadLocalMap
GRAVE: The web application [/xtf] created a ThreadLocal with key of type [java.lang.ThreadLocal] (value [java.lang.ThreadLocal@6b8d2c12]) and a value of type [org.cdlib.xtf.util.PackedByteBuf.CompressInfo] (value [org.cdlib.xtf.util.PackedByteBuf$CompressInfo@3b2f060a]) but failed to remove it when the web application was stopped. This is very likely to create a memory leak.
17 nov. 2014 20:50:30 org.apache.catalina.loader.WebappClassLoader clearThreadLocalMap
GRAVE: The web application [/xtf] created a ThreadLocal with key of type [java.lang.ThreadLocal] (value [java.lang.ThreadLocal@1668a961]) and a value of type [org.apache.lucene.index.SegmentTermEnum] (value [org.apache.lucene.index.SegmentTermEnum@c3598e1]) but failed to remove it when the web application was stopped. This is very likely to create a memory leak.
17 nov. 2014 20:50:30 org.apache.catalina.loader.WebappClassLoader clearThreadLocalMap
GRAVE: The web application [/xtf] created a ThreadLocal with key of type [java.lang.ThreadLocal] (value [java.lang.ThreadLocal@6b8d2c12]) and a value of type [org.cdlib.xtf.util.PackedByteBuf.CompressInfo] (value [org.cdlib.xtf.util.PackedByteBuf$CompressInfo@12c7e20a]) but failed to remove it when the web application was stopped. This is very likely to create a memory leak.
17 nov. 2014 20:50:30 org.apache.coyote.http11.Http11Protocol destroy
INFO: Arrêt de Coyote HTTP/1.1 sur http-8080
