20 nov. 2014 14:03:11 org.apache.catalina.core.AprLifecycleListener init
INFO: The APR based Apache Tomcat Native library which allows optimal performance in production environments was not found on the java.library.path: .:/Library/Java/Extensions:/System/Library/Java/Extensions:/usr/lib/java
20 nov. 2014 14:03:12 org.apache.coyote.http11.Http11Protocol init
INFO: Initialisation de Coyote HTTP/1.1 sur http-8080
20 nov. 2014 14:03:12 org.apache.catalina.startup.Catalina load
INFO: Initialization processed in 670 ms
20 nov. 2014 14:03:12 org.apache.catalina.core.StandardService start
INFO: Démarrage du service Catalina
20 nov. 2014 14:03:12 org.apache.catalina.core.StandardEngine start
INFO: Starting Servlet Engine: Apache Tomcat/6.0.29
20 nov. 2014 14:03:12 org.apache.catalina.startup.HostConfig deployDescriptor
INFO: Déploiement du descripteur de configuration host-manager.xml
20 nov. 2014 14:03:12 org.apache.catalina.startup.HostConfig deployDescriptor
INFO: Déploiement du descripteur de configuration manager.xml
20 nov. 2014 14:03:12 org.apache.catalina.startup.HostConfig deployDirectory
INFO: Déploiement du répertoire docs de l'application web
20 nov. 2014 14:03:12 org.apache.catalina.startup.HostConfig deployDirectory
INFO: Déploiement du répertoire examples de l'application web
20 nov. 2014 14:03:13 org.apache.catalina.startup.HostConfig deployDirectory
INFO: Déploiement du répertoire ROOT de l'application web
20 nov. 2014 14:03:13 org.apache.catalina.startup.HostConfig deployDirectory
INFO: Déploiement du répertoire xtf de l'application web
20 nov. 2014 14:03:13 org.apache.coyote.http11.Http11Protocol start
INFO: Démarrage de Coyote HTTP/1.1 sur http-8080
20 nov. 2014 14:03:13 org.apache.jk.common.ChannelSocket init
INFO: JK: ajp13 listening on /0.0.0.0:8009
20 nov. 2014 14:03:14 org.apache.jk.server.JkMain start
INFO: Jk running ID=0 time=0/19  config=null
20 nov. 2014 14:03:14 org.apache.catalina.startup.Catalina start
INFO: Server startup in 1874 ms
20 nov. 2014 19:05:30 org.apache.coyote.http11.Http11Protocol pause
INFO: Suspension de Coyote HTTP/1.1 sur http-8080
20 nov. 2014 19:05:31 org.apache.catalina.core.StandardService stop
INFO: Arrêt du service Catalina
20 nov. 2014 19:05:31 org.apache.catalina.loader.WebappClassLoader clearReferencesThreads
GRAVE: The web application [/xtf] appears to have started a thread named [Thread-18] but has failed to stop it. This is very likely to create a memory leak.
20 nov. 2014 19:05:31 org.apache.catalina.loader.WebappClassLoader clearThreadLocalMap
GRAVE: The web application [/xtf] created a ThreadLocal with key of type [java.lang.ThreadLocal] (value [java.lang.ThreadLocal@13229ace]) and a value of type [org.cdlib.xtf.util.PackedByteBuf.CompressInfo] (value [org.cdlib.xtf.util.PackedByteBuf$CompressInfo@44e15432]) but failed to remove it when the web application was stopped. This is very likely to create a memory leak.
20 nov. 2014 19:05:31 org.apache.catalina.loader.WebappClassLoader clearThreadLocalMap
GRAVE: The web application [/xtf] created a ThreadLocal with key of type [null] (value [null]) and a value of type [org.apache.lucene.index.SegmentTermEnum] (value [org.apache.lucene.index.SegmentTermEnum@255ec1f2]) but failed to remove it when the web application was stopped. This is very likely to create a memory leak.
20 nov. 2014 19:05:31 org.apache.catalina.loader.WebappClassLoader clearThreadLocalMap
GRAVE: The web application [/xtf] created a ThreadLocal with key of type [java.lang.ThreadLocal] (value [java.lang.ThreadLocal@700f0a08]) and a value of type [org.apache.lucene.index.SegmentTermEnum] (value [org.apache.lucene.index.SegmentTermEnum@6b5bccb1]) but failed to remove it when the web application was stopped. This is very likely to create a memory leak.
20 nov. 2014 19:05:31 org.apache.catalina.loader.WebappClassLoader clearThreadLocalMap
GRAVE: The web application [/xtf] created a ThreadLocal with key of type [java.lang.ThreadLocal] (value [java.lang.ThreadLocal@57dbaf87]) and a value of type [org.apache.lucene.index.SegmentTermEnum] (value [org.apache.lucene.index.SegmentTermEnum@17e0f521]) but failed to remove it when the web application was stopped. This is very likely to create a memory leak.
20 nov. 2014 19:05:31 org.apache.catalina.loader.WebappClassLoader clearThreadLocalMap
GRAVE: The web application [/xtf] created a ThreadLocal with key of type [java.lang.ThreadLocal] (value [java.lang.ThreadLocal@31fd55c6]) and a value of type [org.apache.lucene.index.SegmentTermEnum] (value [org.apache.lucene.index.SegmentTermEnum@6f0a53cd]) but failed to remove it when the web application was stopped. This is very likely to create a memory leak.
20 nov. 2014 19:05:31 org.apache.catalina.loader.WebappClassLoader clearThreadLocalMap
GRAVE: The web application [/xtf] created a ThreadLocal with key of type [java.lang.ThreadLocal] (value [java.lang.ThreadLocal@f03f0af]) and a value of type [org.apache.lucene.index.SegmentTermEnum] (value [org.apache.lucene.index.SegmentTermEnum@4bae78dc]) but failed to remove it when the web application was stopped. This is very likely to create a memory leak.
20 nov. 2014 19:05:31 org.apache.catalina.loader.WebappClassLoader clearThreadLocalMap
GRAVE: The web application [/xtf] created a ThreadLocal with key of type [null] (value [null]) and a value of type [org.apache.lucene.index.SegmentTermEnum] (value [org.apache.lucene.index.SegmentTermEnum@2b80da55]) but failed to remove it when the web application was stopped. This is very likely to create a memory leak.
20 nov. 2014 19:05:31 org.apache.catalina.loader.WebappClassLoader clearThreadLocalMap
GRAVE: The web application [/xtf] created a ThreadLocal with key of type [java.lang.ThreadLocal] (value [java.lang.ThreadLocal@187e18c3]) and a value of type [org.apache.lucene.index.SegmentTermEnum] (value [org.apache.lucene.index.SegmentTermEnum@7e8bb6c4]) but failed to remove it when the web application was stopped. This is very likely to create a memory leak.
20 nov. 2014 19:05:31 org.apache.catalina.loader.WebappClassLoader clearThreadLocalMap
GRAVE: The web application [/xtf] created a ThreadLocal with key of type [java.lang.ThreadLocal] (value [java.lang.ThreadLocal@68c3ec4]) and a value of type [org.apache.lucene.index.SegmentTermEnum] (value [org.apache.lucene.index.SegmentTermEnum@616cb937]) but failed to remove it when the web application was stopped. This is very likely to create a memory leak.
20 nov. 2014 19:05:31 org.apache.catalina.loader.WebappClassLoader clearThreadLocalMap
GRAVE: The web application [/xtf] created a ThreadLocal with key of type [java.lang.ThreadLocal] (value [java.lang.ThreadLocal@28f3fbd9]) and a value of type [org.apache.lucene.index.SegmentTermEnum] (value [org.apache.lucene.index.SegmentTermEnum@2a1b7890]) but failed to remove it when the web application was stopped. This is very likely to create a memory leak.
20 nov. 2014 19:05:31 org.apache.catalina.loader.WebappClassLoader clearThreadLocalMap
GRAVE: The web application [/xtf] created a ThreadLocal with key of type [java.lang.ThreadLocal] (value [java.lang.ThreadLocal@13229ace]) and a value of type [org.cdlib.xtf.util.PackedByteBuf.CompressInfo] (value [org.cdlib.xtf.util.PackedByteBuf$CompressInfo@71884b88]) but failed to remove it when the web application was stopped. This is very likely to create a memory leak.
20 nov. 2014 19:05:31 org.apache.catalina.loader.WebappClassLoader clearThreadLocalMap
GRAVE: The web application [/xtf] created a ThreadLocal with key of type [null] (value [null]) and a value of type [org.apache.lucene.index.SegmentTermEnum] (value [org.apache.lucene.index.SegmentTermEnum@2b1707f3]) but failed to remove it when the web application was stopped. This is very likely to create a memory leak.
20 nov. 2014 19:05:31 org.apache.catalina.loader.WebappClassLoader clearThreadLocalMap
GRAVE: The web application [/xtf] created a ThreadLocal with key of type [java.lang.ThreadLocal] (value [java.lang.ThreadLocal@13229ace]) and a value of type [org.cdlib.xtf.util.PackedByteBuf.CompressInfo] (value [org.cdlib.xtf.util.PackedByteBuf$CompressInfo@750af89e]) but failed to remove it when the web application was stopped. This is very likely to create a memory leak.
20 nov. 2014 19:05:31 org.apache.catalina.loader.WebappClassLoader clearThreadLocalMap
GRAVE: The web application [/xtf] created a ThreadLocal with key of type [null] (value [null]) and a value of type [org.apache.lucene.index.SegmentTermEnum] (value [org.apache.lucene.index.SegmentTermEnum@2348891a]) but failed to remove it when the web application was stopped. This is very likely to create a memory leak.
20 nov. 2014 19:05:31 org.apache.catalina.loader.WebappClassLoader clearThreadLocalMap
GRAVE: The web application [/xtf] created a ThreadLocal with key of type [java.lang.ThreadLocal] (value [java.lang.ThreadLocal@13229ace]) and a value of type [org.cdlib.xtf.util.PackedByteBuf.CompressInfo] (value [org.cdlib.xtf.util.PackedByteBuf$CompressInfo@6f211c0e]) but failed to remove it when the web application was stopped. This is very likely to create a memory leak.
20 nov. 2014 19:05:31 org.apache.catalina.loader.WebappClassLoader clearThreadLocalMap
GRAVE: The web application [/xtf] created a ThreadLocal with key of type [java.lang.ThreadLocal] (value [java.lang.ThreadLocal@13229ace]) and a value of type [org.cdlib.xtf.util.PackedByteBuf.CompressInfo] (value [org.cdlib.xtf.util.PackedByteBuf$CompressInfo@66b91421]) but failed to remove it when the web application was stopped. This is very likely to create a memory leak.
20 nov. 2014 19:05:31 org.apache.catalina.loader.WebappClassLoader clearThreadLocalMap
GRAVE: The web application [/xtf] created a ThreadLocal with key of type [java.lang.ThreadLocal] (value [java.lang.ThreadLocal@13229ace]) and a value of type [org.cdlib.xtf.util.PackedByteBuf.CompressInfo] (value [org.cdlib.xtf.util.PackedByteBuf$CompressInfo@d8b737]) but failed to remove it when the web application was stopped. This is very likely to create a memory leak.
20 nov. 2014 19:05:32 org.apache.coyote.http11.Http11Protocol destroy
INFO: Arrêt de Coyote HTTP/1.1 sur http-8080
20 nov. 2014 19:54:50 org.apache.catalina.core.AprLifecycleListener init
INFO: The APR based Apache Tomcat Native library which allows optimal performance in production environments was not found on the java.library.path: .:/Library/Java/Extensions:/System/Library/Java/Extensions:/usr/lib/java
20 nov. 2014 19:54:51 org.apache.coyote.http11.Http11Protocol init
INFO: Initialisation de Coyote HTTP/1.1 sur http-8080
20 nov. 2014 19:54:51 org.apache.catalina.startup.Catalina load
INFO: Initialization processed in 731 ms
20 nov. 2014 19:54:51 org.apache.catalina.core.StandardService start
INFO: Démarrage du service Catalina
20 nov. 2014 19:54:51 org.apache.catalina.core.StandardEngine start
INFO: Starting Servlet Engine: Apache Tomcat/6.0.29
20 nov. 2014 19:54:51 org.apache.catalina.startup.HostConfig deployDescriptor
INFO: Déploiement du descripteur de configuration host-manager.xml
20 nov. 2014 19:54:51 org.apache.catalina.startup.HostConfig deployDescriptor
INFO: Déploiement du descripteur de configuration manager.xml
20 nov. 2014 19:54:51 org.apache.catalina.startup.HostConfig deployDirectory
INFO: Déploiement du répertoire docs de l'application web
20 nov. 2014 19:54:51 org.apache.catalina.startup.HostConfig deployDirectory
INFO: Déploiement du répertoire examples de l'application web
20 nov. 2014 19:54:52 org.apache.catalina.startup.HostConfig deployDirectory
INFO: Déploiement du répertoire ROOT de l'application web
20 nov. 2014 19:54:52 org.apache.catalina.startup.HostConfig deployDirectory
INFO: Déploiement du répertoire xtf de l'application web
20 nov. 2014 19:54:52 org.apache.coyote.http11.Http11Protocol start
INFO: Démarrage de Coyote HTTP/1.1 sur http-8080
20 nov. 2014 19:54:53 org.apache.jk.common.ChannelSocket init
INFO: JK: ajp13 listening on /0.0.0.0:8009
20 nov. 2014 19:54:53 org.apache.jk.server.JkMain start
INFO: Jk running ID=0 time=0/20  config=null
20 nov. 2014 19:54:53 org.apache.catalina.startup.Catalina start
INFO: Server startup in 1865 ms
20 nov. 2014 21:31:33 org.apache.catalina.core.AprLifecycleListener init
INFO: The APR based Apache Tomcat Native library which allows optimal performance in production environments was not found on the java.library.path: .:/Library/Java/Extensions:/System/Library/Java/Extensions:/usr/lib/java
20 nov. 2014 21:31:34 org.apache.coyote.http11.Http11Protocol init
INFO: Initialisation de Coyote HTTP/1.1 sur http-8080
20 nov. 2014 21:31:34 org.apache.catalina.startup.Catalina load
INFO: Initialization processed in 818 ms
20 nov. 2014 21:31:34 org.apache.catalina.core.StandardService start
INFO: Démarrage du service Catalina
20 nov. 2014 21:31:34 org.apache.catalina.core.StandardEngine start
INFO: Starting Servlet Engine: Apache Tomcat/6.0.29
20 nov. 2014 21:31:34 org.apache.catalina.startup.HostConfig deployDescriptor
INFO: Déploiement du descripteur de configuration host-manager.xml
20 nov. 2014 21:31:34 org.apache.catalina.startup.HostConfig deployDescriptor
INFO: Déploiement du descripteur de configuration manager.xml
20 nov. 2014 21:31:34 org.apache.catalina.startup.HostConfig deployDirectory
INFO: Déploiement du répertoire docs de l'application web
20 nov. 2014 21:31:34 org.apache.catalina.startup.HostConfig deployDirectory
INFO: Déploiement du répertoire examples de l'application web
20 nov. 2014 21:31:35 org.apache.catalina.startup.HostConfig deployDirectory
INFO: Déploiement du répertoire ROOT de l'application web
20 nov. 2014 21:31:35 org.apache.catalina.startup.HostConfig deployDirectory
INFO: Déploiement du répertoire xtf de l'application web
20 nov. 2014 21:31:35 org.apache.coyote.http11.Http11Protocol start
INFO: Démarrage de Coyote HTTP/1.1 sur http-8080
20 nov. 2014 21:31:35 org.apache.jk.common.ChannelSocket init
INFO: JK: ajp13 listening on /0.0.0.0:8009
20 nov. 2014 21:31:35 org.apache.jk.server.JkMain start
INFO: Jk running ID=0 time=0/20  config=null
20 nov. 2014 21:31:35 org.apache.catalina.startup.Catalina start
INFO: Server startup in 1334 ms
20 nov. 2014 22:46:47 org.apache.coyote.http11.Http11Protocol pause
INFO: Suspension de Coyote HTTP/1.1 sur http-8080
20 nov. 2014 22:46:48 org.apache.catalina.core.StandardService stop
INFO: Arrêt du service Catalina
20 nov. 2014 22:46:48 org.apache.catalina.loader.WebappClassLoader clearThreadLocalMap
GRAVE: The web application [/xtf] created a ThreadLocal with key of type [java.lang.ThreadLocal] (value [java.lang.ThreadLocal@28a5bc1e]) and a value of type [org.cdlib.xtf.util.PackedByteBuf.CompressInfo] (value [org.cdlib.xtf.util.PackedByteBuf$CompressInfo@18e16a6b]) but failed to remove it when the web application was stopped. This is very likely to create a memory leak.
20 nov. 2014 22:46:48 org.apache.catalina.loader.WebappClassLoader clearThreadLocalMap
GRAVE: The web application [/xtf] created a ThreadLocal with key of type [java.lang.ThreadLocal] (value [java.lang.ThreadLocal@28a5bc1e]) and a value of type [org.cdlib.xtf.util.PackedByteBuf.CompressInfo] (value [org.cdlib.xtf.util.PackedByteBuf$CompressInfo@7711a38f]) but failed to remove it when the web application was stopped. This is very likely to create a memory leak.
20 nov. 2014 22:46:48 org.apache.catalina.loader.WebappClassLoader clearThreadLocalMap
GRAVE: The web application [/xtf] created a ThreadLocal with key of type [java.lang.ThreadLocal] (value [java.lang.ThreadLocal@28a5bc1e]) and a value of type [org.cdlib.xtf.util.PackedByteBuf.CompressInfo] (value [org.cdlib.xtf.util.PackedByteBuf$CompressInfo@27093e5b]) but failed to remove it when the web application was stopped. This is very likely to create a memory leak.
20 nov. 2014 22:46:49 org.apache.coyote.http11.Http11Protocol destroy
INFO: Arrêt de Coyote HTTP/1.1 sur http-8080
