févr. 24, 2022 10:38:21 AM org.apache.coyote.http11.Http11Protocol pause
INFOS: Suspension de Coyote HTTP/1.1 sur http-8080
févr. 24, 2022 10:38:22 AM org.apache.catalina.core.StandardService stop
INFOS: Arrêt du service Catalina
févr. 24, 2022 10:38:22 AM org.apache.catalina.loader.WebappClassLoader clearReferencesThreads
GRAVE: The web application [/xtf] appears to have started a thread named [Thread-13] but has failed to stop it. This is very likely to create a memory leak.
févr. 24, 2022 10:38:22 AM org.apache.catalina.loader.WebappClassLoader clearThreadLocalMap
GRAVE: The web application [/xtf] created a ThreadLocal with key of type [java.lang.ThreadLocal] (value [java.lang.ThreadLocal@7916e5ba]) and a value of type [org.cdlib.xtf.util.PackedByteBuf.CompressInfo] (value [org.cdlib.xtf.util.PackedByteBuf$CompressInfo@28bbe735]) but failed to remove it when the web application was stopped. This is very likely to create a memory leak.
févr. 24, 2022 10:38:22 AM org.apache.catalina.loader.WebappClassLoader clearThreadLocalMap
GRAVE: The web application [/xtf] created a ThreadLocal with key of type [null] (value [null]) and a value of type [org.apache.lucene.index.SegmentTermEnum] (value [org.apache.lucene.index.SegmentTermEnum@1933d9d5]) but failed to remove it when the web application was stopped. This is very likely to create a memory leak.
févr. 24, 2022 10:38:22 AM org.apache.catalina.loader.WebappClassLoader clearThreadLocalMap
GRAVE: The web application [/xtf] created a ThreadLocal with key of type [null] (value [null]) and a value of type [org.apache.lucene.index.SegmentTermEnum] (value [org.apache.lucene.index.SegmentTermEnum@4e12567c]) but failed to remove it when the web application was stopped. This is very likely to create a memory leak.
févr. 24, 2022 10:38:22 AM org.apache.catalina.loader.WebappClassLoader clearThreadLocalMap
GRAVE: The web application [/xtf] created a ThreadLocal with key of type [null] (value [null]) and a value of type [org.apache.lucene.index.SegmentTermEnum] (value [org.apache.lucene.index.SegmentTermEnum@44fe5e43]) but failed to remove it when the web application was stopped. This is very likely to create a memory leak.
févr. 24, 2022 10:38:22 AM org.apache.catalina.loader.WebappClassLoader clearThreadLocalMap
GRAVE: The web application [/xtf] created a ThreadLocal with key of type [java.lang.ThreadLocal] (value [java.lang.ThreadLocal@7916e5ba]) and a value of type [org.cdlib.xtf.util.PackedByteBuf.CompressInfo] (value [org.cdlib.xtf.util.PackedByteBuf$CompressInfo@338b8ba6]) but failed to remove it when the web application was stopped. This is very likely to create a memory leak.
févr. 24, 2022 10:38:22 AM org.apache.catalina.loader.WebappClassLoader clearThreadLocalMap
GRAVE: The web application [/xtf] created a ThreadLocal with key of type [null] (value [null]) and a value of type [org.apache.lucene.index.SegmentTermEnum] (value [org.apache.lucene.index.SegmentTermEnum@34710173]) but failed to remove it when the web application was stopped. This is very likely to create a memory leak.
févr. 24, 2022 10:38:22 AM org.apache.catalina.loader.WebappClassLoader clearThreadLocalMap
GRAVE: The web application [/xtf] created a ThreadLocal with key of type [null] (value [null]) and a value of type [org.apache.lucene.index.SegmentTermEnum] (value [org.apache.lucene.index.SegmentTermEnum@688c1037]) but failed to remove it when the web application was stopped. This is very likely to create a memory leak.
févr. 24, 2022 10:38:22 AM org.apache.catalina.loader.WebappClassLoader clearThreadLocalMap
GRAVE: The web application [/xtf] created a ThreadLocal with key of type [java.lang.ThreadLocal] (value [java.lang.ThreadLocal@7916e5ba]) and a value of type [org.cdlib.xtf.util.PackedByteBuf.CompressInfo] (value [org.cdlib.xtf.util.PackedByteBuf$CompressInfo@5eb65723]) but failed to remove it when the web application was stopped. This is very likely to create a memory leak.
févr. 24, 2022 10:38:22 AM org.apache.catalina.loader.WebappClassLoader clearThreadLocalMap
GRAVE: The web application [/xtf] created a ThreadLocal with key of type [null] (value [null]) and a value of type [org.apache.lucene.index.SegmentTermEnum] (value [org.apache.lucene.index.SegmentTermEnum@310f31e8]) but failed to remove it when the web application was stopped. This is very likely to create a memory leak.
févr. 24, 2022 10:38:22 AM org.apache.catalina.loader.WebappClassLoader clearThreadLocalMap
GRAVE: The web application [/xtf] created a ThreadLocal with key of type [null] (value [null]) and a value of type [org.apache.lucene.index.SegmentTermEnum] (value [org.apache.lucene.index.SegmentTermEnum@dc9d423]) but failed to remove it when the web application was stopped. This is very likely to create a memory leak.
févr. 24, 2022 10:38:22 AM org.apache.catalina.loader.WebappClassLoader clearThreadLocalMap
GRAVE: The web application [/xtf] created a ThreadLocal with key of type [java.lang.ThreadLocal] (value [java.lang.ThreadLocal@7916e5ba]) and a value of type [org.cdlib.xtf.util.PackedByteBuf.CompressInfo] (value [org.cdlib.xtf.util.PackedByteBuf$CompressInfo@5cc6005]) but failed to remove it when the web application was stopped. This is very likely to create a memory leak.
févr. 24, 2022 10:38:22 AM org.apache.catalina.loader.WebappClassLoader clearThreadLocalMap
GRAVE: The web application [/xtf] created a ThreadLocal with key of type [java.lang.ThreadLocal] (value [java.lang.ThreadLocal@7916e5ba]) and a value of type [org.cdlib.xtf.util.PackedByteBuf.CompressInfo] (value [org.cdlib.xtf.util.PackedByteBuf$CompressInfo@692f30d0]) but failed to remove it when the web application was stopped. This is very likely to create a memory leak.
févr. 24, 2022 10:38:22 AM org.apache.catalina.loader.WebappClassLoader clearThreadLocalMap
GRAVE: The web application [/xtf] created a ThreadLocal with key of type [null] (value [null]) and a value of type [org.apache.lucene.index.SegmentTermEnum] (value [org.apache.lucene.index.SegmentTermEnum@21e7cc6c]) but failed to remove it when the web application was stopped. This is very likely to create a memory leak.
févr. 24, 2022 10:38:22 AM org.apache.catalina.loader.WebappClassLoader clearThreadLocalMap
GRAVE: The web application [/xtf] created a ThreadLocal with key of type [null] (value [null]) and a value of type [org.apache.lucene.index.SegmentTermEnum] (value [org.apache.lucene.index.SegmentTermEnum@624c6cbf]) but failed to remove it when the web application was stopped. This is very likely to create a memory leak.
févr. 24, 2022 10:38:22 AM org.apache.catalina.loader.WebappClassLoader clearThreadLocalMap
GRAVE: The web application [/xtf] created a ThreadLocal with key of type [null] (value [null]) and a value of type [org.apache.lucene.index.SegmentTermEnum] (value [org.apache.lucene.index.SegmentTermEnum@466f4bb]) but failed to remove it when the web application was stopped. This is very likely to create a memory leak.
févr. 24, 2022 10:38:22 AM org.apache.catalina.loader.WebappClassLoader clearThreadLocalMap
GRAVE: The web application [/xtf] created a ThreadLocal with key of type [java.lang.ThreadLocal] (value [java.lang.ThreadLocal@14dfed57]) and a value of type [org.apache.lucene.index.SegmentTermEnum] (value [org.apache.lucene.index.SegmentTermEnum@b44c70c]) but failed to remove it when the web application was stopped. This is very likely to create a memory leak.
févr. 24, 2022 10:38:22 AM org.apache.catalina.loader.WebappClassLoader clearThreadLocalMap
GRAVE: The web application [/xtf] created a ThreadLocal with key of type [null] (value [null]) and a value of type [org.apache.lucene.index.SegmentTermEnum] (value [org.apache.lucene.index.SegmentTermEnum@aec7b4f]) but failed to remove it when the web application was stopped. This is very likely to create a memory leak.
févr. 24, 2022 10:38:22 AM org.apache.catalina.loader.WebappClassLoader clearThreadLocalMap
GRAVE: The web application [/xtf] created a ThreadLocal with key of type [null] (value [null]) and a value of type [org.apache.lucene.index.SegmentTermEnum] (value [org.apache.lucene.index.SegmentTermEnum@391c8585]) but failed to remove it when the web application was stopped. This is very likely to create a memory leak.
févr. 24, 2022 10:38:22 AM org.apache.catalina.loader.WebappClassLoader clearThreadLocalMap
GRAVE: The web application [/xtf] created a ThreadLocal with key of type [null] (value [null]) and a value of type [org.apache.lucene.index.SegmentTermEnum] (value [org.apache.lucene.index.SegmentTermEnum@524272a4]) but failed to remove it when the web application was stopped. This is very likely to create a memory leak.
févr. 24, 2022 10:38:22 AM org.apache.catalina.loader.WebappClassLoader clearThreadLocalMap
GRAVE: The web application [/xtf] created a ThreadLocal with key of type [null] (value [null]) and a value of type [org.apache.lucene.index.SegmentTermEnum] (value [org.apache.lucene.index.SegmentTermEnum@7f13a347]) but failed to remove it when the web application was stopped. This is very likely to create a memory leak.
févr. 24, 2022 10:38:23 AM org.apache.coyote.http11.Http11Protocol destroy
INFOS: Arrêt de Coyote HTTP/1.1 sur http-8080
févr. 24, 2022 1:07:20 PM org.apache.catalina.core.AprLifecycleListener init
INFOS: The APR based Apache Tomcat Native library which allows optimal performance in production environments was not found on the java.library.path: /Users/christophe/Library/Java/Extensions:/Library/Java/Extensions:/Network/Library/Java/Extensions:/System/Library/Java/Extensions:/usr/lib/java:.
févr. 24, 2022 1:07:21 PM org.apache.coyote.http11.Http11Protocol init
INFOS: Initialisation de Coyote HTTP/1.1 sur http-8080
févr. 24, 2022 1:07:21 PM org.apache.catalina.startup.Catalina load
INFOS: Initialization processed in 529 ms
févr. 24, 2022 1:07:21 PM org.apache.catalina.core.StandardService start
INFOS: Démarrage du service Catalina
févr. 24, 2022 1:07:21 PM org.apache.catalina.core.StandardEngine start
INFOS: Starting Servlet Engine: Apache Tomcat/6.0.29
févr. 24, 2022 1:07:21 PM org.apache.catalina.startup.HostConfig deployDescriptor
INFOS: Déploiement du descripteur de configuration host-manager.xml
févr. 24, 2022 1:07:21 PM org.apache.catalina.startup.HostConfig deployDescriptor
INFOS: Déploiement du descripteur de configuration manager.xml
févr. 24, 2022 1:07:21 PM org.apache.catalina.startup.HostConfig deployDirectory
INFOS: Déploiement du répertoire xtf de l'application web
févr. 24, 2022 1:07:21 PM org.apache.catalina.startup.HostConfig deployDirectory
INFOS: Déploiement du répertoire docs de l'application web
févr. 24, 2022 1:07:21 PM org.apache.catalina.startup.HostConfig deployDirectory
INFOS: Déploiement du répertoire examples de l'application web
févr. 24, 2022 1:07:21 PM org.apache.catalina.startup.HostConfig deployDirectory
INFOS: Déploiement du répertoire ROOT de l'application web
févr. 24, 2022 1:07:21 PM org.apache.coyote.http11.Http11Protocol start
INFOS: Démarrage de Coyote HTTP/1.1 sur http-8080
févr. 24, 2022 1:07:21 PM org.apache.jk.common.ChannelSocket init
INFOS: JK: ajp13 listening on /0.0.0.0:8009
févr. 24, 2022 1:07:21 PM org.apache.jk.server.JkMain start
INFOS: Jk running ID=0 time=0/13  config=null
févr. 24, 2022 1:07:21 PM org.apache.catalina.startup.Catalina start
INFOS: Server startup in 424 ms
