mai 12, 2016 3:13:49 PM org.apache.coyote.http11.Http11Protocol pause
INFOS: Suspension de Coyote HTTP/1.1 sur http-8080
mai 12, 2016 3:13:54 PM org.apache.catalina.core.StandardService stop
INFOS: Arrêt du service Catalina
mai 12, 2016 3:13:59 PM org.apache.catalina.loader.WebappClassLoader clearReferencesThreads
GRAVE: The web application [/xtf] appears to have started a thread named [Thread-9] but has failed to stop it. This is very likely to create a memory leak.
mai 12, 2016 3:13:59 PM org.apache.catalina.loader.WebappClassLoader clearThreadLocalMap
GRAVE: The web application [/xtf] created a ThreadLocal with key of type [null] (value [null]) and a value of type [org.apache.lucene.index.SegmentTermEnum] (value [org.apache.lucene.index.SegmentTermEnum@34c91176]) but failed to remove it when the web application was stopped. This is very likely to create a memory leak.
mai 12, 2016 3:13:59 PM org.apache.catalina.loader.WebappClassLoader clearThreadLocalMap
GRAVE: The web application [/xtf] created a ThreadLocal with key of type [java.lang.ThreadLocal] (value [java.lang.ThreadLocal@50f3f558]) and a value of type [org.cdlib.xtf.util.PackedByteBuf.CompressInfo] (value [org.cdlib.xtf.util.PackedByteBuf$CompressInfo@4fd9305e]) but failed to remove it when the web application was stopped. This is very likely to create a memory leak.
mai 12, 2016 3:13:59 PM org.apache.catalina.loader.WebappClassLoader clearThreadLocalMap
GRAVE: The web application [/xtf] created a ThreadLocal with key of type [null] (value [null]) and a value of type [org.apache.lucene.index.SegmentTermEnum] (value [org.apache.lucene.index.SegmentTermEnum@34957c4d]) but failed to remove it when the web application was stopped. This is very likely to create a memory leak.
mai 12, 2016 3:13:59 PM org.apache.catalina.loader.WebappClassLoader clearThreadLocalMap
GRAVE: The web application [/xtf] created a ThreadLocal with key of type [null] (value [null]) and a value of type [org.apache.lucene.index.SegmentTermEnum] (value [org.apache.lucene.index.SegmentTermEnum@4825b329]) but failed to remove it when the web application was stopped. This is very likely to create a memory leak.
mai 12, 2016 3:13:59 PM org.apache.catalina.loader.WebappClassLoader clearThreadLocalMap
GRAVE: The web application [/xtf] created a ThreadLocal with key of type [java.lang.ThreadLocal] (value [java.lang.ThreadLocal@2c7e4426]) and a value of type [org.apache.lucene.index.SegmentTermEnum] (value [org.apache.lucene.index.SegmentTermEnum@2aa3da37]) but failed to remove it when the web application was stopped. This is very likely to create a memory leak.
mai 12, 2016 3:13:59 PM org.apache.catalina.loader.WebappClassLoader clearThreadLocalMap
GRAVE: The web application [/xtf] created a ThreadLocal with key of type [null] (value [null]) and a value of type [org.apache.lucene.index.SegmentTermEnum] (value [org.apache.lucene.index.SegmentTermEnum@354bac3a]) but failed to remove it when the web application was stopped. This is very likely to create a memory leak.
mai 12, 2016 3:13:59 PM org.apache.catalina.loader.WebappClassLoader clearThreadLocalMap
GRAVE: The web application [/xtf] created a ThreadLocal with key of type [null] (value [null]) and a value of type [org.apache.lucene.index.SegmentTermEnum] (value [org.apache.lucene.index.SegmentTermEnum@5012ed41]) but failed to remove it when the web application was stopped. This is very likely to create a memory leak.
mai 12, 2016 3:13:59 PM org.apache.catalina.loader.WebappClassLoader clearThreadLocalMap
GRAVE: The web application [/xtf] created a ThreadLocal with key of type [null] (value [null]) and a value of type [org.apache.lucene.index.SegmentTermEnum] (value [org.apache.lucene.index.SegmentTermEnum@e93dc11]) but failed to remove it when the web application was stopped. This is very likely to create a memory leak.
mai 12, 2016 3:13:59 PM org.apache.catalina.loader.WebappClassLoader clearThreadLocalMap
GRAVE: The web application [/xtf] created a ThreadLocal with key of type [null] (value [null]) and a value of type [org.apache.lucene.index.SegmentTermEnum] (value [org.apache.lucene.index.SegmentTermEnum@3a55cd96]) but failed to remove it when the web application was stopped. This is very likely to create a memory leak.
mai 12, 2016 3:13:59 PM org.apache.catalina.loader.WebappClassLoader clearThreadLocalMap
GRAVE: The web application [/xtf] created a ThreadLocal with key of type [null] (value [null]) and a value of type [org.apache.lucene.index.SegmentTermEnum] (value [org.apache.lucene.index.SegmentTermEnum@52178c9a]) but failed to remove it when the web application was stopped. This is very likely to create a memory leak.
mai 12, 2016 3:13:59 PM org.apache.catalina.loader.WebappClassLoader clearThreadLocalMap
GRAVE: The web application [/xtf] created a ThreadLocal with key of type [null] (value [null]) and a value of type [org.apache.lucene.index.SegmentTermEnum] (value [org.apache.lucene.index.SegmentTermEnum@15280b7c]) but failed to remove it when the web application was stopped. This is very likely to create a memory leak.
mai 12, 2016 3:13:59 PM org.apache.catalina.loader.WebappClassLoader clearThreadLocalMap
GRAVE: The web application [/xtf] created a ThreadLocal with key of type [null] (value [null]) and a value of type [org.apache.lucene.index.SegmentTermEnum] (value [org.apache.lucene.index.SegmentTermEnum@5cb3e9c]) but failed to remove it when the web application was stopped. This is very likely to create a memory leak.
mai 12, 2016 3:13:59 PM org.apache.catalina.loader.WebappClassLoader clearThreadLocalMap
GRAVE: The web application [/xtf] created a ThreadLocal with key of type [java.lang.ThreadLocal] (value [java.lang.ThreadLocal@50f3f558]) and a value of type [org.cdlib.xtf.util.PackedByteBuf.CompressInfo] (value [org.cdlib.xtf.util.PackedByteBuf$CompressInfo@11e67ace]) but failed to remove it when the web application was stopped. This is very likely to create a memory leak.
mai 12, 2016 3:13:59 PM org.apache.catalina.loader.WebappClassLoader clearThreadLocalMap
GRAVE: The web application [/xtf] created a ThreadLocal with key of type [null] (value [null]) and a value of type [org.apache.lucene.index.SegmentTermEnum] (value [org.apache.lucene.index.SegmentTermEnum@7ffb5734]) but failed to remove it when the web application was stopped. This is very likely to create a memory leak.
mai 12, 2016 3:13:59 PM org.apache.catalina.loader.WebappClassLoader clearThreadLocalMap
GRAVE: The web application [/xtf] created a ThreadLocal with key of type [java.lang.ThreadLocal] (value [java.lang.ThreadLocal@50f3f558]) and a value of type [org.cdlib.xtf.util.PackedByteBuf.CompressInfo] (value [org.cdlib.xtf.util.PackedByteBuf$CompressInfo@2a5dc05c]) but failed to remove it when the web application was stopped. This is very likely to create a memory leak.
mai 12, 2016 3:13:59 PM org.apache.catalina.loader.WebappClassLoader clearThreadLocalMap
GRAVE: The web application [/xtf] created a ThreadLocal with key of type [null] (value [null]) and a value of type [org.apache.lucene.index.SegmentTermEnum] (value [org.apache.lucene.index.SegmentTermEnum@763e3455]) but failed to remove it when the web application was stopped. This is very likely to create a memory leak.
mai 12, 2016 3:13:59 PM org.apache.catalina.loader.WebappClassLoader clearThreadLocalMap
GRAVE: The web application [/xtf] created a ThreadLocal with key of type [java.lang.ThreadLocal] (value [java.lang.ThreadLocal@50f3f558]) and a value of type [org.cdlib.xtf.util.PackedByteBuf.CompressInfo] (value [org.cdlib.xtf.util.PackedByteBuf$CompressInfo@542c1056]) but failed to remove it when the web application was stopped. This is very likely to create a memory leak.
mai 12, 2016 3:13:59 PM org.apache.catalina.loader.WebappClassLoader clearThreadLocalMap
GRAVE: The web application [/xtf] created a ThreadLocal with key of type [java.lang.ThreadLocal] (value [java.lang.ThreadLocal@50f3f558]) and a value of type [org.cdlib.xtf.util.PackedByteBuf.CompressInfo] (value [org.cdlib.xtf.util.PackedByteBuf$CompressInfo@71cbbf10]) but failed to remove it when the web application was stopped. This is very likely to create a memory leak.
mai 12, 2016 3:13:59 PM org.apache.catalina.loader.WebappClassLoader clearThreadLocalMap
GRAVE: The web application [/xtf] created a ThreadLocal with key of type [java.lang.ThreadLocal] (value [java.lang.ThreadLocal@50f3f558]) and a value of type [org.cdlib.xtf.util.PackedByteBuf.CompressInfo] (value [org.cdlib.xtf.util.PackedByteBuf$CompressInfo@35d0ce55]) but failed to remove it when the web application was stopped. This is very likely to create a memory leak.
mai 12, 2016 3:13:59 PM org.apache.catalina.loader.WebappClassLoader clearThreadLocalMap
GRAVE: The web application [/xtf] created a ThreadLocal with key of type [java.lang.ThreadLocal] (value [java.lang.ThreadLocal@50f3f558]) and a value of type [org.cdlib.xtf.util.PackedByteBuf.CompressInfo] (value [org.cdlib.xtf.util.PackedByteBuf$CompressInfo@324bc826]) but failed to remove it when the web application was stopped. This is very likely to create a memory leak.
mai 12, 2016 3:13:59 PM org.apache.catalina.loader.WebappClassLoader clearThreadLocalMap
GRAVE: The web application [/xtf] created a ThreadLocal with key of type [java.lang.ThreadLocal] (value [java.lang.ThreadLocal@50f3f558]) and a value of type [org.cdlib.xtf.util.PackedByteBuf.CompressInfo] (value [org.cdlib.xtf.util.PackedByteBuf$CompressInfo@651c099]) but failed to remove it when the web application was stopped. This is very likely to create a memory leak.
mai 12, 2016 3:13:59 PM org.apache.catalina.loader.WebappClassLoader clearThreadLocalMap
GRAVE: The web application [/xtf] created a ThreadLocal with key of type [java.lang.ThreadLocal] (value [java.lang.ThreadLocal@50f3f558]) and a value of type [org.cdlib.xtf.util.PackedByteBuf.CompressInfo] (value [org.cdlib.xtf.util.PackedByteBuf$CompressInfo@2a4edc7c]) but failed to remove it when the web application was stopped. This is very likely to create a memory leak.
mai 12, 2016 3:13:59 PM org.apache.catalina.loader.WebappClassLoader clearThreadLocalMap
GRAVE: The web application [/xtf] created a ThreadLocal with key of type [java.lang.ThreadLocal] (value [java.lang.ThreadLocal@50f3f558]) and a value of type [org.cdlib.xtf.util.PackedByteBuf.CompressInfo] (value [org.cdlib.xtf.util.PackedByteBuf$CompressInfo@195f0d06]) but failed to remove it when the web application was stopped. This is very likely to create a memory leak.
mai 12, 2016 3:14:05 PM org.apache.coyote.http11.Http11Protocol destroy
INFOS: Arrêt de Coyote HTTP/1.1 sur http-8080
mai 12, 2016 4:21:53 PM org.apache.catalina.core.AprLifecycleListener init
INFOS: The APR based Apache Tomcat Native library which allows optimal performance in production environments was not found on the java.library.path: /Users/Christophe/Library/Java/Extensions:/Library/Java/Extensions:/Network/Library/Java/Extensions:/System/Library/Java/Extensions:/usr/lib/java:.
mai 12, 2016 4:21:59 PM org.apache.coyote.http11.Http11Protocol init
INFOS: Initialisation de Coyote HTTP/1.1 sur http-8080
mai 12, 2016 4:21:59 PM org.apache.catalina.startup.Catalina load
INFOS: Initialization processed in 6234 ms
mai 12, 2016 4:21:59 PM org.apache.catalina.core.StandardService start
INFOS: Démarrage du service Catalina
mai 12, 2016 4:21:59 PM org.apache.catalina.core.StandardEngine start
INFOS: Starting Servlet Engine: Apache Tomcat/6.0.29
mai 12, 2016 4:21:59 PM org.apache.catalina.startup.HostConfig deployDescriptor
INFOS: Déploiement du descripteur de configuration host-manager.xml
mai 12, 2016 4:22:00 PM org.apache.catalina.startup.HostConfig deployDescriptor
INFOS: Déploiement du descripteur de configuration manager.xml
mai 12, 2016 4:22:00 PM org.apache.catalina.startup.HostConfig deployDirectory
INFOS: Déploiement du répertoire docs de l'application web
mai 12, 2016 4:22:00 PM org.apache.catalina.startup.HostConfig deployDirectory
INFOS: Déploiement du répertoire examples de l'application web
mai 12, 2016 4:22:01 PM org.apache.catalina.startup.HostConfig deployDirectory
INFOS: Déploiement du répertoire ROOT de l'application web
mai 12, 2016 4:22:01 PM org.apache.catalina.startup.HostConfig deployDirectory
INFOS: Déploiement du répertoire xtf de l'application web
mai 12, 2016 4:22:01 PM org.apache.coyote.http11.Http11Protocol start
INFOS: Démarrage de Coyote HTTP/1.1 sur http-8080
mai 12, 2016 4:22:01 PM org.apache.jk.common.ChannelSocket init
INFOS: JK: ajp13 listening on /0.0.0.0:8009
mai 12, 2016 4:22:01 PM org.apache.jk.server.JkMain start
INFOS: Jk running ID=0 time=0/65  config=null
mai 12, 2016 4:22:01 PM org.apache.catalina.startup.Catalina start
INFOS: Server startup in 2841 ms
