11 nov. 2014 20:28:03 org.apache.catalina.core.AprLifecycleListener init
INFO: The APR based Apache Tomcat Native library which allows optimal performance in production environments was not found on the java.library.path: .:/Library/Java/Extensions:/System/Library/Java/Extensions:/usr/lib/java
11 nov. 2014 20:28:03 org.apache.coyote.http11.Http11Protocol init
INFO: Initialisation de Coyote HTTP/1.1 sur http-8080
11 nov. 2014 20:28:03 org.apache.catalina.startup.Catalina load
INFO: Initialization processed in 641 ms
11 nov. 2014 20:28:03 org.apache.catalina.core.StandardService start
INFO: Démarrage du service Catalina
11 nov. 2014 20:28:03 org.apache.catalina.core.StandardEngine start
INFO: Starting Servlet Engine: Apache Tomcat/6.0.29
11 nov. 2014 20:28:03 org.apache.catalina.startup.HostConfig deployDescriptor
INFO: Déploiement du descripteur de configuration host-manager.xml
11 nov. 2014 20:28:04 org.apache.catalina.startup.HostConfig deployDescriptor
INFO: Déploiement du descripteur de configuration manager.xml
11 nov. 2014 20:28:04 org.apache.catalina.startup.HostConfig deployDirectory
INFO: Déploiement du répertoire docs de l'application web
11 nov. 2014 20:28:04 org.apache.catalina.startup.HostConfig deployDirectory
INFO: Déploiement du répertoire examples de l'application web
11 nov. 2014 20:28:05 org.apache.catalina.startup.HostConfig deployDirectory
INFO: Déploiement du répertoire ROOT de l'application web
11 nov. 2014 20:28:05 org.apache.catalina.startup.HostConfig deployDirectory
INFO: Déploiement du répertoire xtf de l'application web
11 nov. 2014 20:28:05 org.apache.coyote.http11.Http11Protocol start
INFO: Démarrage de Coyote HTTP/1.1 sur http-8080
11 nov. 2014 20:28:05 org.apache.jk.common.ChannelSocket init
INFO: JK: ajp13 listening on /0.0.0.0:8009
11 nov. 2014 20:28:05 org.apache.jk.server.JkMain start
INFO: Jk running ID=0 time=1/28  config=null
11 nov. 2014 20:28:05 org.apache.catalina.startup.Catalina start
INFO: Server startup in 2062 ms
