21 févr. 2016 18:31:40 org.apache.catalina.core.AprLifecycleListener init
INFO: The APR based Apache Tomcat Native library which allows optimal performance in production environments was not found on the java.library.path: .:/Library/Java/Extensions:/System/Library/Java/Extensions:/usr/lib/java
21 févr. 2016 18:31:41 org.apache.coyote.http11.Http11Protocol init
INFO: Initialisation de Coyote HTTP/1.1 sur http-8080
21 févr. 2016 18:31:41 org.apache.catalina.startup.Catalina load
INFO: Initialization processed in 1677 ms
21 févr. 2016 18:31:41 org.apache.catalina.core.StandardService start
INFO: Démarrage du service Catalina
21 févr. 2016 18:31:41 org.apache.catalina.core.StandardEngine start
INFO: Starting Servlet Engine: Apache Tomcat/6.0.29
21 févr. 2016 18:31:41 org.apache.catalina.startup.HostConfig deployDescriptor
INFO: Déploiement du descripteur de configuration host-manager.xml
21 févr. 2016 18:31:42 org.apache.catalina.startup.HostConfig deployDescriptor
INFO: Déploiement du descripteur de configuration manager.xml
21 févr. 2016 18:31:42 org.apache.catalina.startup.HostConfig deployDirectory
INFO: Déploiement du répertoire docs de l'application web
21 févr. 2016 18:31:42 org.apache.catalina.startup.HostConfig deployDirectory
INFO: Déploiement du répertoire examples de l'application web
21 févr. 2016 18:31:43 org.apache.catalina.startup.HostConfig deployDirectory
INFO: Déploiement du répertoire ROOT de l'application web
21 févr. 2016 18:31:43 org.apache.catalina.startup.HostConfig deployDirectory
INFO: Déploiement du répertoire xtf de l'application web
21 févr. 2016 18:31:43 org.apache.coyote.http11.Http11Protocol start
INFO: Démarrage de Coyote HTTP/1.1 sur http-8080
21 févr. 2016 18:31:43 org.apache.jk.common.ChannelSocket init
INFO: JK: ajp13 listening on /0.0.0.0:8009
21 févr. 2016 18:31:43 org.apache.jk.server.JkMain start
INFO: Jk running ID=0 time=0/16  config=null
21 févr. 2016 18:31:43 org.apache.catalina.startup.Catalina start
INFO: Server startup in 2484 ms
21 févr. 2016 18:31:49 org.apache.coyote.http11.Http11Protocol pause
INFO: Suspension de Coyote HTTP/1.1 sur http-8080
21 févr. 2016 18:31:50 org.apache.catalina.core.StandardService stop
INFO: Arrêt du service Catalina
21 févr. 2016 18:31:51 org.apache.coyote.http11.Http11Protocol destroy
INFO: Arrêt de Coyote HTTP/1.1 sur http-8080
21 févr. 2016 18:40:12 org.apache.catalina.core.AprLifecycleListener init
INFO: The APR based Apache Tomcat Native library which allows optimal performance in production environments was not found on the java.library.path: .:/Library/Java/Extensions:/System/Library/Java/Extensions:/usr/lib/java
21 févr. 2016 18:40:14 org.apache.coyote.http11.Http11Protocol init
INFO: Initialisation de Coyote HTTP/1.1 sur http-8080
21 févr. 2016 18:40:14 org.apache.catalina.startup.Catalina load
INFO: Initialization processed in 3152 ms
21 févr. 2016 18:40:14 org.apache.catalina.core.StandardService start
INFO: Démarrage du service Catalina
21 févr. 2016 18:40:14 org.apache.catalina.core.StandardEngine start
INFO: Starting Servlet Engine: Apache Tomcat/6.0.29
21 févr. 2016 18:40:14 org.apache.catalina.startup.HostConfig deployDescriptor
INFO: Déploiement du descripteur de configuration host-manager.xml
21 févr. 2016 18:40:16 org.apache.catalina.startup.HostConfig deployDescriptor
INFO: Déploiement du descripteur de configuration manager.xml
21 févr. 2016 18:40:16 org.apache.catalina.startup.HostConfig deployDirectory
INFO: Déploiement du répertoire docs de l'application web
21 févr. 2016 18:40:16 org.apache.catalina.startup.HostConfig deployDirectory
INFO: Déploiement du répertoire examples de l'application web
21 févr. 2016 18:40:17 org.apache.catalina.startup.HostConfig deployDirectory
INFO: Déploiement du répertoire ROOT de l'application web
21 févr. 2016 18:40:17 org.apache.catalina.startup.HostConfig deployDirectory
INFO: Déploiement du répertoire xtf de l'application web
21 févr. 2016 18:40:17 org.apache.coyote.http11.Http11Protocol start
INFO: Démarrage de Coyote HTTP/1.1 sur http-8080
21 févr. 2016 18:40:17 org.apache.jk.common.ChannelSocket init
INFO: JK: ajp13 listening on /0.0.0.0:8009
21 févr. 2016 18:40:17 org.apache.jk.server.JkMain start
INFO: Jk running ID=0 time=0/76  config=null
21 févr. 2016 18:40:17 org.apache.catalina.startup.Catalina start
INFO: Server startup in 3561 ms
21 févr. 2016 19:00:58 org.apache.coyote.http11.Http11Protocol pause
INFO: Suspension de Coyote HTTP/1.1 sur http-8080
21 févr. 2016 19:00:59 org.apache.catalina.core.StandardService stop
INFO: Arrêt du service Catalina
21 févr. 2016 19:01:00 org.apache.catalina.loader.WebappClassLoader clearReferencesThreads
GRAVE: The web application [/xtf] appears to have started a thread named [Thread-26] but has failed to stop it. This is very likely to create a memory leak.
21 févr. 2016 19:01:00 org.apache.catalina.loader.WebappClassLoader clearThreadLocalMap
GRAVE: The web application [/xtf] created a ThreadLocal with key of type [java.lang.ThreadLocal] (value [java.lang.ThreadLocal@550a6723]) and a value of type [org.cdlib.xtf.util.PackedByteBuf.CompressInfo] (value [org.cdlib.xtf.util.PackedByteBuf$CompressInfo@1df95673]) but failed to remove it when the web application was stopped. This is very likely to create a memory leak.
21 févr. 2016 19:01:00 org.apache.catalina.loader.WebappClassLoader clearThreadLocalMap
GRAVE: The web application [/xtf] created a ThreadLocal with key of type [java.lang.ThreadLocal] (value [java.lang.ThreadLocal@5c9aa764]) and a value of type [org.apache.lucene.index.SegmentTermEnum] (value [org.apache.lucene.index.SegmentTermEnum@2d63c5bb]) but failed to remove it when the web application was stopped. This is very likely to create a memory leak.
21 févr. 2016 19:01:00 org.apache.catalina.loader.WebappClassLoader clearThreadLocalMap
GRAVE: The web application [/xtf] created a ThreadLocal with key of type [java.lang.ThreadLocal] (value [java.lang.ThreadLocal@550a6723]) and a value of type [org.cdlib.xtf.util.PackedByteBuf.CompressInfo] (value [org.cdlib.xtf.util.PackedByteBuf$CompressInfo@714a8f44]) but failed to remove it when the web application was stopped. This is very likely to create a memory leak.
21 févr. 2016 19:01:00 org.apache.catalina.loader.WebappClassLoader clearThreadLocalMap
GRAVE: The web application [/xtf] created a ThreadLocal with key of type [java.lang.ThreadLocal] (value [java.lang.ThreadLocal@550a6723]) and a value of type [org.cdlib.xtf.util.PackedByteBuf.CompressInfo] (value [org.cdlib.xtf.util.PackedByteBuf$CompressInfo@5603f377]) but failed to remove it when the web application was stopped. This is very likely to create a memory leak.
21 févr. 2016 19:01:00 org.apache.catalina.loader.WebappClassLoader clearThreadLocalMap
GRAVE: The web application [/xtf] created a ThreadLocal with key of type [java.lang.ThreadLocal] (value [java.lang.ThreadLocal@550a6723]) and a value of type [org.cdlib.xtf.util.PackedByteBuf.CompressInfo] (value [org.cdlib.xtf.util.PackedByteBuf$CompressInfo@1d6535bf]) but failed to remove it when the web application was stopped. This is very likely to create a memory leak.
21 févr. 2016 19:01:00 org.apache.coyote.http11.Http11Protocol destroy
INFO: Arrêt de Coyote HTTP/1.1 sur http-8080
