30 janv. 2015 17:28:37 org.apache.catalina.core.AprLifecycleListener init
INFO: The APR based Apache Tomcat Native library which allows optimal performance in production environments was not found on the java.library.path: .:/Library/Java/Extensions:/System/Library/Java/Extensions:/usr/lib/java
30 janv. 2015 17:28:37 org.apache.coyote.http11.Http11Protocol init
INFO: Initialisation de Coyote HTTP/1.1 sur http-8080
30 janv. 2015 17:28:37 org.apache.catalina.startup.Catalina load
INFO: Initialization processed in 936 ms
30 janv. 2015 17:28:37 org.apache.catalina.core.StandardService start
INFO: Démarrage du service Catalina
30 janv. 2015 17:28:37 org.apache.catalina.core.StandardEngine start
INFO: Starting Servlet Engine: Apache Tomcat/6.0.29
30 janv. 2015 17:28:37 org.apache.catalina.startup.HostConfig deployDescriptor
INFO: Déploiement du descripteur de configuration host-manager.xml
30 janv. 2015 17:28:38 org.apache.catalina.startup.HostConfig deployDescriptor
INFO: Déploiement du descripteur de configuration manager.xml
30 janv. 2015 17:28:38 org.apache.catalina.startup.HostConfig deployDirectory
INFO: Déploiement du répertoire docs de l'application web
30 janv. 2015 17:28:38 org.apache.catalina.startup.HostConfig deployDirectory
INFO: Déploiement du répertoire examples de l'application web
30 janv. 2015 17:28:38 org.apache.catalina.startup.HostConfig deployDirectory
INFO: Déploiement du répertoire ROOT de l'application web
30 janv. 2015 17:28:38 org.apache.catalina.startup.HostConfig deployDirectory
INFO: Déploiement du répertoire xtf de l'application web
30 janv. 2015 17:28:39 org.apache.coyote.http11.Http11Protocol start
INFO: Démarrage de Coyote HTTP/1.1 sur http-8080
30 janv. 2015 17:28:39 org.apache.jk.common.ChannelSocket init
INFO: JK: ajp13 listening on /0.0.0.0:8009
30 janv. 2015 17:28:39 org.apache.jk.server.JkMain start
INFO: Jk running ID=0 time=0/17  config=null
30 janv. 2015 17:28:39 org.apache.catalina.startup.Catalina start
INFO: Server startup in 1541 ms
30 janv. 2015 17:48:08 org.apache.coyote.http11.Http11Protocol pause
INFO: Suspension de Coyote HTTP/1.1 sur http-8080
30 janv. 2015 17:48:10 org.apache.catalina.core.StandardService stop
INFO: Arrêt du service Catalina
30 janv. 2015 17:48:10 org.apache.catalina.loader.WebappClassLoader clearReferencesThreads
GRAVE: The web application [/xtf] appears to have started a thread named [Thread-21] but has failed to stop it. This is very likely to create a memory leak.
30 janv. 2015 17:48:10 org.apache.catalina.loader.WebappClassLoader clearThreadLocalMap
GRAVE: The web application [/xtf] created a ThreadLocal with key of type [java.lang.ThreadLocal] (value [java.lang.ThreadLocal@5087c7a8]) and a value of type [org.cdlib.xtf.util.PackedByteBuf.CompressInfo] (value [org.cdlib.xtf.util.PackedByteBuf$CompressInfo@2450fe6]) but failed to remove it when the web application was stopped. This is very likely to create a memory leak.
30 janv. 2015 17:48:10 org.apache.catalina.loader.WebappClassLoader clearThreadLocalMap
GRAVE: The web application [/xtf] created a ThreadLocal with key of type [java.lang.ThreadLocal] (value [java.lang.ThreadLocal@5087c7a8]) and a value of type [org.cdlib.xtf.util.PackedByteBuf.CompressInfo] (value [org.cdlib.xtf.util.PackedByteBuf$CompressInfo@416c634]) but failed to remove it when the web application was stopped. This is very likely to create a memory leak.
30 janv. 2015 17:48:10 org.apache.catalina.loader.WebappClassLoader clearThreadLocalMap
GRAVE: The web application [/xtf] created a ThreadLocal with key of type [java.lang.ThreadLocal] (value [java.lang.ThreadLocal@732e8204]) and a value of type [org.apache.lucene.index.SegmentTermEnum] (value [org.apache.lucene.index.SegmentTermEnum@725a0faf]) but failed to remove it when the web application was stopped. This is very likely to create a memory leak.
30 janv. 2015 17:48:10 org.apache.catalina.loader.WebappClassLoader clearThreadLocalMap
GRAVE: The web application [/xtf] created a ThreadLocal with key of type [java.lang.ThreadLocal] (value [java.lang.ThreadLocal@5087c7a8]) and a value of type [org.cdlib.xtf.util.PackedByteBuf.CompressInfo] (value [org.cdlib.xtf.util.PackedByteBuf$CompressInfo@76bbe4cf]) but failed to remove it when the web application was stopped. This is very likely to create a memory leak.
30 janv. 2015 17:48:10 org.apache.catalina.loader.WebappClassLoader clearThreadLocalMap
GRAVE: The web application [/xtf] created a ThreadLocal with key of type [java.lang.ThreadLocal] (value [java.lang.ThreadLocal@732e8204]) and a value of type [org.apache.lucene.index.SegmentTermEnum] (value [org.apache.lucene.index.SegmentTermEnum@29ab0eef]) but failed to remove it when the web application was stopped. This is very likely to create a memory leak.
30 janv. 2015 17:48:10 org.apache.catalina.loader.WebappClassLoader clearThreadLocalMap
GRAVE: The web application [/xtf] created a ThreadLocal with key of type [java.lang.ThreadLocal] (value [java.lang.ThreadLocal@5087c7a8]) and a value of type [org.cdlib.xtf.util.PackedByteBuf.CompressInfo] (value [org.cdlib.xtf.util.PackedByteBuf$CompressInfo@1d618248]) but failed to remove it when the web application was stopped. This is very likely to create a memory leak.
30 janv. 2015 17:48:10 org.apache.catalina.loader.WebappClassLoader clearThreadLocalMap
GRAVE: The web application [/xtf] created a ThreadLocal with key of type [java.lang.ThreadLocal] (value [java.lang.ThreadLocal@732e8204]) and a value of type [org.apache.lucene.index.SegmentTermEnum] (value [org.apache.lucene.index.SegmentTermEnum@6cb05409]) but failed to remove it when the web application was stopped. This is very likely to create a memory leak.
30 janv. 2015 17:48:10 org.apache.coyote.http11.Http11Protocol destroy
INFO: Arrêt de Coyote HTTP/1.1 sur http-8080
