6 déc. 2014 12:11:31 org.apache.catalina.core.AprLifecycleListener init
INFO: The APR based Apache Tomcat Native library which allows optimal performance in production environments was not found on the java.library.path: .:/Library/Java/Extensions:/System/Library/Java/Extensions:/usr/lib/java
6 déc. 2014 12:11:32 org.apache.coyote.http11.Http11Protocol init
INFO: Initialisation de Coyote HTTP/1.1 sur http-8080
6 déc. 2014 12:11:32 org.apache.catalina.startup.Catalina load
INFO: Initialization processed in 902 ms
6 déc. 2014 12:11:32 org.apache.catalina.core.StandardService start
INFO: Démarrage du service Catalina
6 déc. 2014 12:11:32 org.apache.catalina.core.StandardEngine start
INFO: Starting Servlet Engine: Apache Tomcat/6.0.29
6 déc. 2014 12:11:32 org.apache.catalina.startup.HostConfig deployDescriptor
INFO: Déploiement du descripteur de configuration host-manager.xml
6 déc. 2014 12:11:32 org.apache.catalina.startup.HostConfig deployDescriptor
INFO: Déploiement du descripteur de configuration manager.xml
6 déc. 2014 12:11:32 org.apache.catalina.startup.HostConfig deployDirectory
INFO: Déploiement du répertoire docs de l'application web
6 déc. 2014 12:11:33 org.apache.catalina.startup.HostConfig deployDirectory
INFO: Déploiement du répertoire examples de l'application web
6 déc. 2014 12:11:33 org.apache.catalina.startup.HostConfig deployDirectory
INFO: Déploiement du répertoire ROOT de l'application web
6 déc. 2014 12:11:33 org.apache.catalina.startup.HostConfig deployDirectory
INFO: Déploiement du répertoire xtf de l'application web
6 déc. 2014 12:11:34 org.apache.coyote.http11.Http11Protocol start
INFO: Démarrage de Coyote HTTP/1.1 sur http-8080
6 déc. 2014 12:11:34 org.apache.jk.common.ChannelSocket init
INFO: JK: ajp13 listening on /0.0.0.0:8009
6 déc. 2014 12:11:34 org.apache.jk.server.JkMain start
INFO: Jk running ID=0 time=0/37  config=null
6 déc. 2014 12:11:34 org.apache.catalina.startup.Catalina start
INFO: Server startup in 1995 ms
6 déc. 2014 17:11:02 org.apache.catalina.core.AprLifecycleListener init
INFO: The APR based Apache Tomcat Native library which allows optimal performance in production environments was not found on the java.library.path: .:/Library/Java/Extensions:/System/Library/Java/Extensions:/usr/lib/java
6 déc. 2014 17:11:02 org.apache.coyote.http11.Http11Protocol init
INFO: Initialisation de Coyote HTTP/1.1 sur http-8080
6 déc. 2014 17:11:02 org.apache.catalina.startup.Catalina load
INFO: Initialization processed in 865 ms
6 déc. 2014 17:11:02 org.apache.catalina.core.StandardService start
INFO: Démarrage du service Catalina
6 déc. 2014 17:11:02 org.apache.catalina.core.StandardEngine start
INFO: Starting Servlet Engine: Apache Tomcat/6.0.29
6 déc. 2014 17:11:02 org.apache.catalina.startup.HostConfig deployDescriptor
INFO: Déploiement du descripteur de configuration host-manager.xml
6 déc. 2014 17:11:03 org.apache.catalina.startup.HostConfig deployDescriptor
INFO: Déploiement du descripteur de configuration manager.xml
6 déc. 2014 17:11:03 org.apache.catalina.startup.HostConfig deployDirectory
INFO: Déploiement du répertoire docs de l'application web
6 déc. 2014 17:11:03 org.apache.catalina.startup.HostConfig deployDirectory
INFO: Déploiement du répertoire examples de l'application web
6 déc. 2014 17:11:04 org.apache.catalina.startup.HostConfig deployDirectory
INFO: Déploiement du répertoire ROOT de l'application web
6 déc. 2014 17:11:04 org.apache.catalina.startup.HostConfig deployDirectory
INFO: Déploiement du répertoire xtf de l'application web
6 déc. 2014 17:11:04 org.apache.coyote.http11.Http11Protocol start
INFO: Démarrage de Coyote HTTP/1.1 sur http-8080
6 déc. 2014 17:11:04 org.apache.jk.common.ChannelSocket init
INFO: JK: ajp13 listening on /0.0.0.0:8009
6 déc. 2014 17:11:04 org.apache.jk.server.JkMain start
INFO: Jk running ID=0 time=0/26  config=null
6 déc. 2014 17:11:04 org.apache.catalina.startup.Catalina start
INFO: Server startup in 1783 ms
6 déc. 2014 17:26:25 org.apache.coyote.http11.Http11Protocol pause
INFO: Suspension de Coyote HTTP/1.1 sur http-8080
6 déc. 2014 17:26:26 org.apache.catalina.core.StandardService stop
INFO: Arrêt du service Catalina
6 déc. 2014 17:26:26 org.apache.catalina.loader.WebappClassLoader clearThreadLocalMap
GRAVE: The web application [/xtf] created a ThreadLocal with key of type [java.lang.ThreadLocal] (value [java.lang.ThreadLocal@3b8c282a]) and a value of type [org.cdlib.xtf.util.PackedByteBuf.CompressInfo] (value [org.cdlib.xtf.util.PackedByteBuf$CompressInfo@6ea0fbf0]) but failed to remove it when the web application was stopped. This is very likely to create a memory leak.
6 déc. 2014 17:26:26 org.apache.catalina.loader.WebappClassLoader clearThreadLocalMap
GRAVE: The web application [/xtf] created a ThreadLocal with key of type [java.lang.ThreadLocal] (value [java.lang.ThreadLocal@3b8c282a]) and a value of type [org.cdlib.xtf.util.PackedByteBuf.CompressInfo] (value [org.cdlib.xtf.util.PackedByteBuf$CompressInfo@afc824e]) but failed to remove it when the web application was stopped. This is very likely to create a memory leak.
6 déc. 2014 17:26:26 org.apache.catalina.loader.WebappClassLoader clearThreadLocalMap
GRAVE: The web application [/xtf] created a ThreadLocal with key of type [java.lang.ThreadLocal] (value [java.lang.ThreadLocal@3b8c282a]) and a value of type [org.cdlib.xtf.util.PackedByteBuf.CompressInfo] (value [org.cdlib.xtf.util.PackedByteBuf$CompressInfo@47ced484]) but failed to remove it when the web application was stopped. This is very likely to create a memory leak.
6 déc. 2014 17:26:26 org.apache.catalina.loader.WebappClassLoader clearThreadLocalMap
GRAVE: The web application [/xtf] created a ThreadLocal with key of type [java.lang.ThreadLocal] (value [java.lang.ThreadLocal@3b8c282a]) and a value of type [org.cdlib.xtf.util.PackedByteBuf.CompressInfo] (value [org.cdlib.xtf.util.PackedByteBuf$CompressInfo@5be24af0]) but failed to remove it when the web application was stopped. This is very likely to create a memory leak.
6 déc. 2014 17:26:27 org.apache.coyote.http11.Http11Protocol destroy
INFO: Arrêt de Coyote HTTP/1.1 sur http-8080
