15 janv. 2015 16:33:00 org.apache.catalina.core.AprLifecycleListener init
INFO: The APR based Apache Tomcat Native library which allows optimal performance in production environments was not found on the java.library.path: .:/Library/Java/Extensions:/System/Library/Java/Extensions:/usr/lib/java
15 janv. 2015 16:33:00 org.apache.coyote.http11.Http11Protocol init
INFO: Initialisation de Coyote HTTP/1.1 sur http-8080
15 janv. 2015 16:33:00 org.apache.catalina.startup.Catalina load
INFO: Initialization processed in 665 ms
15 janv. 2015 16:33:00 org.apache.catalina.core.StandardService start
INFO: Démarrage du service Catalina
15 janv. 2015 16:33:00 org.apache.catalina.core.StandardEngine start
INFO: Starting Servlet Engine: Apache Tomcat/6.0.29
15 janv. 2015 16:33:00 org.apache.catalina.startup.HostConfig deployDescriptor
INFO: Déploiement du descripteur de configuration host-manager.xml
15 janv. 2015 16:33:00 org.apache.catalina.startup.HostConfig deployDescriptor
INFO: Déploiement du descripteur de configuration manager.xml
15 janv. 2015 16:33:00 org.apache.catalina.startup.HostConfig deployDirectory
INFO: Déploiement du répertoire docs de l'application web
15 janv. 2015 16:33:00 org.apache.catalina.startup.HostConfig deployDirectory
INFO: Déploiement du répertoire examples de l'application web
15 janv. 2015 16:33:01 org.apache.catalina.startup.HostConfig deployDirectory
INFO: Déploiement du répertoire ROOT de l'application web
15 janv. 2015 16:33:01 org.apache.catalina.startup.HostConfig deployDirectory
INFO: Déploiement du répertoire xtf de l'application web
15 janv. 2015 16:33:01 org.apache.coyote.http11.Http11Protocol start
INFO: Démarrage de Coyote HTTP/1.1 sur http-8080
15 janv. 2015 16:33:01 org.apache.jk.common.ChannelSocket init
INFO: JK: ajp13 listening on /0.0.0.0:8009
15 janv. 2015 16:33:01 org.apache.jk.server.JkMain start
INFO: Jk running ID=0 time=0/30  config=null
15 janv. 2015 16:33:01 org.apache.catalina.startup.Catalina start
INFO: Server startup in 1288 ms
15 janv. 2015 16:55:51 org.apache.coyote.http11.Http11Protocol pause
INFO: Suspension de Coyote HTTP/1.1 sur http-8080
15 janv. 2015 16:55:52 org.apache.catalina.core.StandardService stop
INFO: Arrêt du service Catalina
15 janv. 2015 16:55:52 org.apache.catalina.loader.WebappClassLoader clearReferencesThreads
GRAVE: The web application [/xtf] appears to have started a thread named [Thread-32] but has failed to stop it. This is very likely to create a memory leak.
15 janv. 2015 16:55:52 org.apache.catalina.loader.WebappClassLoader clearThreadLocalMap
GRAVE: The web application [/xtf] created a ThreadLocal with key of type [java.lang.ThreadLocal] (value [java.lang.ThreadLocal@5a4b99fa]) and a value of type [org.apache.lucene.index.SegmentTermEnum] (value [org.apache.lucene.index.SegmentTermEnum@196a1a66]) but failed to remove it when the web application was stopped. This is very likely to create a memory leak.
15 janv. 2015 16:55:52 org.apache.catalina.loader.WebappClassLoader clearThreadLocalMap
GRAVE: The web application [/xtf] created a ThreadLocal with key of type [java.lang.ThreadLocal] (value [java.lang.ThreadLocal@4eb2b93]) and a value of type [org.cdlib.xtf.util.PackedByteBuf.CompressInfo] (value [org.cdlib.xtf.util.PackedByteBuf$CompressInfo@6b79c26a]) but failed to remove it when the web application was stopped. This is very likely to create a memory leak.
15 janv. 2015 16:55:52 org.apache.catalina.loader.WebappClassLoader clearThreadLocalMap
GRAVE: The web application [/xtf] created a ThreadLocal with key of type [java.lang.ThreadLocal] (value [java.lang.ThreadLocal@5a4b99fa]) and a value of type [org.apache.lucene.index.SegmentTermEnum] (value [org.apache.lucene.index.SegmentTermEnum@6caf446]) but failed to remove it when the web application was stopped. This is very likely to create a memory leak.
15 janv. 2015 16:55:52 org.apache.catalina.loader.WebappClassLoader clearThreadLocalMap
GRAVE: The web application [/xtf] created a ThreadLocal with key of type [java.lang.ThreadLocal] (value [java.lang.ThreadLocal@4eb2b93]) and a value of type [org.cdlib.xtf.util.PackedByteBuf.CompressInfo] (value [org.cdlib.xtf.util.PackedByteBuf$CompressInfo@766b2325]) but failed to remove it when the web application was stopped. This is very likely to create a memory leak.
15 janv. 2015 16:55:52 org.apache.catalina.loader.WebappClassLoader clearThreadLocalMap
GRAVE: The web application [/xtf] created a ThreadLocal with key of type [java.lang.ThreadLocal] (value [java.lang.ThreadLocal@5a4b99fa]) and a value of type [org.apache.lucene.index.SegmentTermEnum] (value [org.apache.lucene.index.SegmentTermEnum@73d08edf]) but failed to remove it when the web application was stopped. This is very likely to create a memory leak.
15 janv. 2015 16:55:52 org.apache.catalina.loader.WebappClassLoader clearThreadLocalMap
GRAVE: The web application [/xtf] created a ThreadLocal with key of type [java.lang.ThreadLocal] (value [java.lang.ThreadLocal@4eb2b93]) and a value of type [org.cdlib.xtf.util.PackedByteBuf.CompressInfo] (value [org.cdlib.xtf.util.PackedByteBuf$CompressInfo@1540de0]) but failed to remove it when the web application was stopped. This is very likely to create a memory leak.
15 janv. 2015 16:55:53 org.apache.coyote.http11.Http11Protocol destroy
INFO: Arrêt de Coyote HTTP/1.1 sur http-8080
