oct. 17, 2016 7:32:27 PM org.apache.catalina.core.AprLifecycleListener init
INFOS: The APR based Apache Tomcat Native library which allows optimal performance in production environments was not found on the java.library.path: /Users/Christophe/Library/Java/Extensions:/Library/Java/Extensions:/Network/Library/Java/Extensions:/System/Library/Java/Extensions:/usr/lib/java:.
oct. 17, 2016 7:32:30 PM org.apache.coyote.http11.Http11Protocol init
INFOS: Initialisation de Coyote HTTP/1.1 sur http-8080
oct. 17, 2016 7:32:30 PM org.apache.catalina.startup.Catalina load
INFOS: Initialization processed in 3260 ms
oct. 17, 2016 7:32:30 PM org.apache.catalina.core.StandardService start
INFOS: Démarrage du service Catalina
oct. 17, 2016 7:32:30 PM org.apache.catalina.core.StandardEngine start
INFOS: Starting Servlet Engine: Apache Tomcat/6.0.29
oct. 17, 2016 7:32:30 PM org.apache.catalina.startup.HostConfig deployDescriptor
INFOS: Déploiement du descripteur de configuration host-manager.xml
oct. 17, 2016 7:32:31 PM org.apache.catalina.startup.HostConfig deployDescriptor
INFOS: Déploiement du descripteur de configuration manager.xml
oct. 17, 2016 7:32:31 PM org.apache.catalina.startup.HostConfig deployDirectory
INFOS: Déploiement du répertoire docs de l'application web
oct. 17, 2016 7:32:31 PM org.apache.catalina.startup.HostConfig deployDirectory
INFOS: Déploiement du répertoire examples de l'application web
oct. 17, 2016 7:32:31 PM org.apache.catalina.startup.HostConfig deployDirectory
INFOS: Déploiement du répertoire ROOT de l'application web
oct. 17, 2016 7:32:31 PM org.apache.catalina.startup.HostConfig deployDirectory
INFOS: Déploiement du répertoire xtf de l'application web
oct. 17, 2016 7:32:32 PM org.apache.coyote.http11.Http11Protocol start
INFOS: Démarrage de Coyote HTTP/1.1 sur http-8080
oct. 17, 2016 7:32:32 PM org.apache.jk.common.ChannelSocket init
INFOS: JK: ajp13 listening on /0.0.0.0:8009
oct. 17, 2016 7:32:32 PM org.apache.jk.server.JkMain start
INFOS: Jk running ID=0 time=0/41  config=null
oct. 17, 2016 7:32:32 PM org.apache.catalina.startup.Catalina start
INFOS: Server startup in 2582 ms
oct. 17, 2016 9:27:39 PM org.apache.coyote.http11.Http11Protocol pause
INFOS: Suspension de Coyote HTTP/1.1 sur http-8080
oct. 17, 2016 9:27:40 PM org.apache.catalina.core.StandardService stop
INFOS: Arrêt du service Catalina
oct. 17, 2016 9:27:41 PM org.apache.catalina.loader.WebappClassLoader clearThreadLocalMap
GRAVE: The web application [/xtf] created a ThreadLocal with key of type [java.lang.ThreadLocal] (value [java.lang.ThreadLocal@e427557]) and a value of type [org.cdlib.xtf.util.PackedByteBuf.CompressInfo] (value [org.cdlib.xtf.util.PackedByteBuf$CompressInfo@232d7a65]) but failed to remove it when the web application was stopped. This is very likely to create a memory leak.
oct. 17, 2016 9:27:41 PM org.apache.catalina.loader.WebappClassLoader clearThreadLocalMap
GRAVE: The web application [/xtf] created a ThreadLocal with key of type [java.lang.ThreadLocal] (value [java.lang.ThreadLocal@e427557]) and a value of type [org.cdlib.xtf.util.PackedByteBuf.CompressInfo] (value [org.cdlib.xtf.util.PackedByteBuf$CompressInfo@293adb0f]) but failed to remove it when the web application was stopped. This is very likely to create a memory leak.
oct. 17, 2016 9:27:41 PM org.apache.catalina.loader.WebappClassLoader clearThreadLocalMap
GRAVE: The web application [/xtf] created a ThreadLocal with key of type [java.lang.ThreadLocal] (value [java.lang.ThreadLocal@e427557]) and a value of type [org.cdlib.xtf.util.PackedByteBuf.CompressInfo] (value [org.cdlib.xtf.util.PackedByteBuf$CompressInfo@228ea6b2]) but failed to remove it when the web application was stopped. This is very likely to create a memory leak.
oct. 17, 2016 9:27:41 PM org.apache.catalina.loader.WebappClassLoader clearThreadLocalMap
GRAVE: The web application [/xtf] created a ThreadLocal with key of type [java.lang.ThreadLocal] (value [java.lang.ThreadLocal@e427557]) and a value of type [org.cdlib.xtf.util.PackedByteBuf.CompressInfo] (value [org.cdlib.xtf.util.PackedByteBuf$CompressInfo@1938aec8]) but failed to remove it when the web application was stopped. This is very likely to create a memory leak.
oct. 17, 2016 9:27:41 PM org.apache.catalina.loader.WebappClassLoader clearThreadLocalMap
GRAVE: The web application [/xtf] created a ThreadLocal with key of type [java.lang.ThreadLocal] (value [java.lang.ThreadLocal@e427557]) and a value of type [org.cdlib.xtf.util.PackedByteBuf.CompressInfo] (value [org.cdlib.xtf.util.PackedByteBuf$CompressInfo@510e01d8]) but failed to remove it when the web application was stopped. This is very likely to create a memory leak.
oct. 17, 2016 9:27:42 PM org.apache.coyote.http11.Http11Protocol destroy
INFOS: Arrêt de Coyote HTTP/1.1 sur http-8080
