déc. 02, 2019 10:02:34 AM org.apache.catalina.core.AprLifecycleListener init
INFOS: The APR based Apache Tomcat Native library which allows optimal performance in production environments was not found on the java.library.path: /Users/christophe/Library/Java/Extensions:/Library/Java/Extensions:/Network/Library/Java/Extensions:/System/Library/Java/Extensions:/usr/lib/java:.
déc. 02, 2019 10:02:34 AM org.apache.coyote.http11.Http11Protocol init
INFOS: Initialisation de Coyote HTTP/1.1 sur http-8080
déc. 02, 2019 10:02:34 AM org.apache.catalina.startup.Catalina load
INFOS: Initialization processed in 518 ms
déc. 02, 2019 10:02:34 AM org.apache.catalina.core.StandardService start
INFOS: Démarrage du service Catalina
déc. 02, 2019 10:02:34 AM org.apache.catalina.core.StandardEngine start
INFOS: Starting Servlet Engine: Apache Tomcat/6.0.29
déc. 02, 2019 10:02:34 AM org.apache.catalina.startup.HostConfig deployDescriptor
INFOS: Déploiement du descripteur de configuration host-manager.xml
déc. 02, 2019 10:02:34 AM org.apache.catalina.startup.HostConfig deployDescriptor
INFOS: Déploiement du descripteur de configuration manager.xml
déc. 02, 2019 10:02:34 AM org.apache.catalina.startup.HostConfig deployDirectory
INFOS: Déploiement du répertoire xtf de l'application web
déc. 02, 2019 10:02:34 AM org.apache.catalina.startup.HostConfig deployDirectory
INFOS: Déploiement du répertoire docs de l'application web
déc. 02, 2019 10:02:34 AM org.apache.catalina.startup.HostConfig deployDirectory
INFOS: Déploiement du répertoire examples de l'application web
déc. 02, 2019 10:02:34 AM org.apache.catalina.startup.HostConfig deployDirectory
INFOS: Déploiement du répertoire ROOT de l'application web
déc. 02, 2019 10:02:35 AM org.apache.coyote.http11.Http11Protocol start
INFOS: Démarrage de Coyote HTTP/1.1 sur http-8080
déc. 02, 2019 10:02:35 AM org.apache.jk.common.ChannelSocket init
INFOS: JK: ajp13 listening on /0.0.0.0:8009
déc. 02, 2019 10:02:35 AM org.apache.jk.server.JkMain start
INFOS: Jk running ID=0 time=0/12  config=null
déc. 02, 2019 10:02:35 AM org.apache.catalina.startup.Catalina start
INFOS: Server startup in 434 ms
déc. 02, 2019 12:15:45 PM org.apache.coyote.http11.Http11Protocol pause
INFOS: Suspension de Coyote HTTP/1.1 sur http-8080
déc. 02, 2019 12:15:51 PM org.apache.catalina.core.StandardService stop
INFOS: Arrêt du service Catalina
déc. 02, 2019 12:15:51 PM org.apache.catalina.loader.WebappClassLoader clearReferencesThreads
GRAVE: The web application [/xtf] appears to have started a thread named [Thread-9] but has failed to stop it. This is very likely to create a memory leak.
déc. 02, 2019 12:15:51 PM org.apache.catalina.loader.WebappClassLoader clearThreadLocalMap
GRAVE: The web application [/xtf] created a ThreadLocal with key of type [java.lang.ThreadLocal] (value [java.lang.ThreadLocal@1c64452b]) and a value of type [org.apache.lucene.index.SegmentTermEnum] (value [org.apache.lucene.index.SegmentTermEnum@e80fe21]) but failed to remove it when the web application was stopped. This is very likely to create a memory leak.
déc. 02, 2019 12:15:51 PM org.apache.catalina.loader.WebappClassLoader clearThreadLocalMap
GRAVE: The web application [/xtf] created a ThreadLocal with key of type [java.lang.ThreadLocal] (value [java.lang.ThreadLocal@3164dbf1]) and a value of type [org.cdlib.xtf.util.PackedByteBuf.CompressInfo] (value [org.cdlib.xtf.util.PackedByteBuf$CompressInfo@368b1777]) but failed to remove it when the web application was stopped. This is very likely to create a memory leak.
déc. 02, 2019 12:15:51 PM org.apache.catalina.loader.WebappClassLoader clearThreadLocalMap
GRAVE: The web application [/xtf] created a ThreadLocal with key of type [java.lang.ThreadLocal] (value [java.lang.ThreadLocal@1c64452b]) and a value of type [org.apache.lucene.index.SegmentTermEnum] (value [org.apache.lucene.index.SegmentTermEnum@f24ee0b]) but failed to remove it when the web application was stopped. This is very likely to create a memory leak.
déc. 02, 2019 12:15:51 PM org.apache.catalina.loader.WebappClassLoader clearThreadLocalMap
GRAVE: The web application [/xtf] created a ThreadLocal with key of type [java.lang.ThreadLocal] (value [java.lang.ThreadLocal@3164dbf1]) and a value of type [org.cdlib.xtf.util.PackedByteBuf.CompressInfo] (value [org.cdlib.xtf.util.PackedByteBuf$CompressInfo@5dea18ac]) but failed to remove it when the web application was stopped. This is very likely to create a memory leak.
déc. 02, 2019 12:15:51 PM org.apache.catalina.loader.WebappClassLoader clearThreadLocalMap
GRAVE: The web application [/xtf] created a ThreadLocal with key of type [java.lang.ThreadLocal] (value [java.lang.ThreadLocal@3164dbf1]) and a value of type [org.cdlib.xtf.util.PackedByteBuf.CompressInfo] (value [org.cdlib.xtf.util.PackedByteBuf$CompressInfo@28766193]) but failed to remove it when the web application was stopped. This is very likely to create a memory leak.
déc. 02, 2019 12:15:51 PM org.apache.catalina.loader.WebappClassLoader clearThreadLocalMap
GRAVE: The web application [/xtf] created a ThreadLocal with key of type [java.lang.ThreadLocal] (value [java.lang.ThreadLocal@3164dbf1]) and a value of type [org.cdlib.xtf.util.PackedByteBuf.CompressInfo] (value [org.cdlib.xtf.util.PackedByteBuf$CompressInfo@46a8fb45]) but failed to remove it when the web application was stopped. This is very likely to create a memory leak.
déc. 02, 2019 12:15:51 PM org.apache.catalina.loader.WebappClassLoader clearThreadLocalMap
GRAVE: The web application [/xtf] created a ThreadLocal with key of type [java.lang.ThreadLocal] (value [java.lang.ThreadLocal@3164dbf1]) and a value of type [org.cdlib.xtf.util.PackedByteBuf.CompressInfo] (value [org.cdlib.xtf.util.PackedByteBuf$CompressInfo@6ed4012d]) but failed to remove it when the web application was stopped. This is very likely to create a memory leak.
déc. 02, 2019 12:15:51 PM org.apache.coyote.http11.Http11Protocol destroy
INFOS: Arrêt de Coyote HTTP/1.1 sur http-8080
