11 nov. 2015 17:25:03 org.apache.catalina.core.AprLifecycleListener init
INFO: The APR based Apache Tomcat Native library which allows optimal performance in production environments was not found on the java.library.path: .:/Library/Java/Extensions:/System/Library/Java/Extensions:/usr/lib/java
11 nov. 2015 17:25:03 org.apache.coyote.http11.Http11Protocol init
INFO: Initialisation de Coyote HTTP/1.1 sur http-8080
11 nov. 2015 17:25:03 org.apache.catalina.startup.Catalina load
INFO: Initialization processed in 664 ms
11 nov. 2015 17:25:03 org.apache.catalina.core.StandardService start
INFO: Démarrage du service Catalina
11 nov. 2015 17:25:03 org.apache.catalina.core.StandardEngine start
INFO: Starting Servlet Engine: Apache Tomcat/6.0.29
11 nov. 2015 17:25:03 org.apache.catalina.startup.HostConfig deployDescriptor
INFO: Déploiement du descripteur de configuration host-manager.xml
11 nov. 2015 17:25:04 org.apache.catalina.startup.HostConfig deployDescriptor
INFO: Déploiement du descripteur de configuration manager.xml
11 nov. 2015 17:25:04 org.apache.catalina.startup.HostConfig deployDirectory
INFO: Déploiement du répertoire docs de l'application web
11 nov. 2015 17:25:04 org.apache.catalina.startup.HostConfig deployDirectory
INFO: Déploiement du répertoire examples de l'application web
11 nov. 2015 17:25:04 org.apache.catalina.startup.HostConfig deployDirectory
INFO: Déploiement du répertoire ROOT de l'application web
11 nov. 2015 17:25:04 org.apache.catalina.startup.HostConfig deployDirectory
INFO: Déploiement du répertoire xtf de l'application web
11 nov. 2015 17:25:05 org.apache.coyote.http11.Http11Protocol start
INFO: Démarrage de Coyote HTTP/1.1 sur http-8080
11 nov. 2015 17:25:05 org.apache.jk.common.ChannelSocket init
INFO: JK: ajp13 listening on /0.0.0.0:8009
11 nov. 2015 17:25:05 org.apache.jk.server.JkMain start
INFO: Jk running ID=0 time=0/37  config=null
11 nov. 2015 17:25:05 org.apache.catalina.startup.Catalina start
INFO: Server startup in 1726 ms
11 nov. 2015 18:53:13 org.apache.coyote.http11.Http11Protocol pause
INFO: Suspension de Coyote HTTP/1.1 sur http-8080
11 nov. 2015 18:53:15 org.apache.catalina.core.StandardService stop
INFO: Arrêt du service Catalina
11 nov. 2015 18:53:15 org.apache.catalina.loader.WebappClassLoader clearThreadLocalMap
GRAVE: The web application [/xtf] created a ThreadLocal with key of type [java.lang.ThreadLocal] (value [java.lang.ThreadLocal@257ff759]) and a value of type [org.cdlib.xtf.util.PackedByteBuf.CompressInfo] (value [org.cdlib.xtf.util.PackedByteBuf$CompressInfo@7448074a]) but failed to remove it when the web application was stopped. This is very likely to create a memory leak.
11 nov. 2015 18:53:15 org.apache.catalina.loader.WebappClassLoader clearThreadLocalMap
GRAVE: The web application [/xtf] created a ThreadLocal with key of type [java.lang.ThreadLocal] (value [java.lang.ThreadLocal@257ff759]) and a value of type [org.cdlib.xtf.util.PackedByteBuf.CompressInfo] (value [org.cdlib.xtf.util.PackedByteBuf$CompressInfo@24d6c6ea]) but failed to remove it when the web application was stopped. This is very likely to create a memory leak.
11 nov. 2015 18:53:15 org.apache.catalina.loader.WebappClassLoader clearThreadLocalMap
GRAVE: The web application [/xtf] created a ThreadLocal with key of type [java.lang.ThreadLocal] (value [java.lang.ThreadLocal@257ff759]) and a value of type [org.cdlib.xtf.util.PackedByteBuf.CompressInfo] (value [org.cdlib.xtf.util.PackedByteBuf$CompressInfo@109d3f8b]) but failed to remove it when the web application was stopped. This is very likely to create a memory leak.
11 nov. 2015 18:53:15 org.apache.catalina.loader.WebappClassLoader clearThreadLocalMap
GRAVE: The web application [/xtf] created a ThreadLocal with key of type [java.lang.ThreadLocal] (value [java.lang.ThreadLocal@257ff759]) and a value of type [org.cdlib.xtf.util.PackedByteBuf.CompressInfo] (value [org.cdlib.xtf.util.PackedByteBuf$CompressInfo@43b6c732]) but failed to remove it when the web application was stopped. This is very likely to create a memory leak.
11 nov. 2015 18:53:15 org.apache.catalina.loader.WebappClassLoader clearThreadLocalMap
GRAVE: The web application [/xtf] created a ThreadLocal with key of type [java.lang.ThreadLocal] (value [java.lang.ThreadLocal@257ff759]) and a value of type [org.cdlib.xtf.util.PackedByteBuf.CompressInfo] (value [org.cdlib.xtf.util.PackedByteBuf$CompressInfo@14cfc659]) but failed to remove it when the web application was stopped. This is very likely to create a memory leak.
11 nov. 2015 18:53:15 org.apache.coyote.http11.Http11Protocol destroy
INFO: Arrêt de Coyote HTTP/1.1 sur http-8080
11 nov. 2015 18:53:35 org.apache.catalina.core.AprLifecycleListener init
INFO: The APR based Apache Tomcat Native library which allows optimal performance in production environments was not found on the java.library.path: .:/Library/Java/Extensions:/System/Library/Java/Extensions:/usr/lib/java
11 nov. 2015 18:53:35 org.apache.coyote.http11.Http11Protocol init
INFO: Initialisation de Coyote HTTP/1.1 sur http-8080
11 nov. 2015 18:53:35 org.apache.catalina.startup.Catalina load
INFO: Initialization processed in 732 ms
11 nov. 2015 18:53:35 org.apache.catalina.core.StandardService start
INFO: Démarrage du service Catalina
11 nov. 2015 18:53:35 org.apache.catalina.core.StandardEngine start
INFO: Starting Servlet Engine: Apache Tomcat/6.0.29
11 nov. 2015 18:53:35 org.apache.catalina.startup.HostConfig deployDescriptor
INFO: Déploiement du descripteur de configuration host-manager.xml
11 nov. 2015 18:53:36 org.apache.catalina.startup.HostConfig deployDescriptor
INFO: Déploiement du descripteur de configuration manager.xml
11 nov. 2015 18:53:36 org.apache.catalina.startup.HostConfig deployDirectory
INFO: Déploiement du répertoire docs de l'application web
11 nov. 2015 18:53:37 org.apache.catalina.startup.HostConfig deployDirectory
INFO: Déploiement du répertoire examples de l'application web
11 nov. 2015 18:53:37 org.apache.catalina.startup.HostConfig deployDirectory
INFO: Déploiement du répertoire ROOT de l'application web
11 nov. 2015 18:53:37 org.apache.catalina.startup.HostConfig deployDirectory
INFO: Déploiement du répertoire xtf de l'application web
11 nov. 2015 18:53:37 org.apache.coyote.http11.Http11Protocol start
INFO: Démarrage de Coyote HTTP/1.1 sur http-8080
11 nov. 2015 18:53:37 org.apache.jk.common.ChannelSocket init
INFO: JK: ajp13 listening on /0.0.0.0:8009
11 nov. 2015 18:53:37 org.apache.jk.server.JkMain start
INFO: Jk running ID=0 time=0/27  config=null
11 nov. 2015 18:53:37 org.apache.catalina.startup.Catalina start
INFO: Server startup in 2150 ms
