3 nov. 2014 09:48:38 org.apache.catalina.core.AprLifecycleListener init
INFO: The APR based Apache Tomcat Native library which allows optimal performance in production environments was not found on the java.library.path: I:\vaio_disque_dur\Users\Christophe\Documents\Musicologie\TMG\Projet 2012\TMG\xtfWorkshop\java\jre6_win\bin;.;C:\Windows\Sun\Java\bin;C:\Windows\system32;C:\Windows;I:\vaio_disque_dur\Users\Christophe\Documents\Musicologie\TMG\Projet 2012\TMG\xtfWorkshop\java\jre6_win\bin;C:\Windows\system32;C:\Windows;C:\Windows\System32\Wbem;C:\Program Files\Common Files\Roxio Shared\9.0\DLLShared\;C:\Program Files\Common Files\DivX Shared\;C:\Windows\System32\WindowsPowerShell\v1.0\;C:\Program Files\QuickTime\QTSystem\
3 nov. 2014 09:48:39 org.apache.coyote.http11.Http11Protocol init
INFO: Initialisation de Coyote HTTP/1.1 sur http-8080
3 nov. 2014 09:48:39 org.apache.catalina.startup.Catalina load
INFO: Initialization processed in 2179 ms
3 nov. 2014 09:48:40 org.apache.catalina.core.StandardService start
INFO: DÈmarrage du service Catalina
3 nov. 2014 09:48:40 org.apache.catalina.core.StandardEngine start
INFO: Starting Servlet Engine: Apache Tomcat/6.0.29
3 nov. 2014 09:48:40 org.apache.catalina.startup.HostConfig deployDescriptor
INFO: DÈploiement du descripteur de configuration host-manager.xml
3 nov. 2014 09:48:41 org.apache.catalina.startup.HostConfig deployDescriptor
INFO: DÈploiement du descripteur de configuration manager.xml
3 nov. 2014 09:48:41 org.apache.catalina.startup.HostConfig deployDirectory
INFO: DÈploiement du rÈpertoire docs de l'application web
3 nov. 2014 09:48:41 org.apache.catalina.startup.HostConfig deployDirectory
INFO: DÈploiement du rÈpertoire examples de l'application web
3 nov. 2014 09:48:42 org.apache.catalina.startup.HostConfig deployDirectory
INFO: DÈploiement du rÈpertoire ROOT de l'application web
3 nov. 2014 09:48:42 org.apache.catalina.startup.HostConfig deployDirectory
INFO: DÈploiement du rÈpertoire xtf de l'application web
3 nov. 2014 09:48:43 org.apache.coyote.http11.Http11Protocol start
INFO: DÈmarrage de Coyote HTTP/1.1 sur http-8080
3 nov. 2014 09:48:43 org.apache.jk.common.ChannelSocket init
INFO: JK: ajp13 listening on /0.0.0.0:8009
3 nov. 2014 09:48:43 org.apache.jk.server.JkMain start
INFO: Jk running ID=0 time=0/93  config=null
3 nov. 2014 09:48:44 org.apache.catalina.startup.Catalina start
INFO: Server startup in 4045 ms
3 nov. 2014 21:41:34 org.apache.catalina.core.AprLifecycleListener init
INFO: The APR based Apache Tomcat Native library which allows optimal performance in production environments was not found on the java.library.path: .:/Library/Java/Extensions:/System/Library/Java/Extensions:/usr/lib/java
3 nov. 2014 21:41:34 org.apache.coyote.http11.Http11Protocol init
INFO: Initialisation de Coyote HTTP/1.1 sur http-8080
3 nov. 2014 21:41:34 org.apache.catalina.startup.Catalina load
INFO: Initialization processed in 818 ms
3 nov. 2014 21:41:34 org.apache.catalina.core.StandardService start
INFO: Démarrage du service Catalina
3 nov. 2014 21:41:34 org.apache.catalina.core.StandardEngine start
INFO: Starting Servlet Engine: Apache Tomcat/6.0.29
3 nov. 2014 21:41:34 org.apache.catalina.startup.HostConfig deployDescriptor
INFO: Déploiement du descripteur de configuration host-manager.xml
3 nov. 2014 21:41:35 org.apache.catalina.startup.HostConfig deployDescriptor
INFO: Déploiement du descripteur de configuration manager.xml
3 nov. 2014 21:41:35 org.apache.catalina.startup.HostConfig deployDirectory
INFO: Déploiement du répertoire docs de l'application web
3 nov. 2014 21:41:35 org.apache.catalina.startup.HostConfig deployDirectory
INFO: Déploiement du répertoire examples de l'application web
3 nov. 2014 21:41:35 org.apache.catalina.startup.HostConfig deployDirectory
INFO: Déploiement du répertoire ROOT de l'application web
3 nov. 2014 21:41:35 org.apache.catalina.startup.HostConfig deployDirectory
INFO: Déploiement du répertoire xtf de l'application web
3 nov. 2014 21:41:36 org.apache.coyote.http11.Http11Protocol start
INFO: Démarrage de Coyote HTTP/1.1 sur http-8080
3 nov. 2014 21:41:36 org.apache.jk.common.ChannelSocket init
INFO: JK: ajp13 listening on /0.0.0.0:8009
3 nov. 2014 21:41:36 org.apache.jk.server.JkMain start
INFO: Jk running ID=0 time=0/47  config=null
3 nov. 2014 21:41:36 org.apache.catalina.startup.Catalina start
INFO: Server startup in 1781 ms
3 nov. 2014 22:09:23 org.apache.coyote.http11.Http11Protocol pause
INFO: Suspension de Coyote HTTP/1.1 sur http-8080
3 nov. 2014 22:09:24 org.apache.catalina.core.StandardService stop
INFO: Arrêt du service Catalina
3 nov. 2014 22:09:24 org.apache.catalina.loader.WebappClassLoader clearReferencesThreads
GRAVE: The web application [/xtf] appears to have started a thread named [Thread-61] but has failed to stop it. This is very likely to create a memory leak.
3 nov. 2014 22:09:24 org.apache.catalina.loader.WebappClassLoader clearThreadLocalMap
GRAVE: The web application [/xtf] created a ThreadLocal with key of type [java.lang.ThreadLocal] (value [java.lang.ThreadLocal@79f955b5]) and a value of type [org.cdlib.xtf.util.PackedByteBuf.CompressInfo] (value [org.cdlib.xtf.util.PackedByteBuf$CompressInfo@606a1ca2]) but failed to remove it when the web application was stopped. This is very likely to create a memory leak.
3 nov. 2014 22:09:24 org.apache.catalina.loader.WebappClassLoader clearThreadLocalMap
GRAVE: The web application [/xtf] created a ThreadLocal with key of type [java.lang.ThreadLocal] (value [java.lang.ThreadLocal@79f955b5]) and a value of type [org.cdlib.xtf.util.PackedByteBuf.CompressInfo] (value [org.cdlib.xtf.util.PackedByteBuf$CompressInfo@567e0121]) but failed to remove it when the web application was stopped. This is very likely to create a memory leak.
3 nov. 2014 22:09:24 org.apache.catalina.loader.WebappClassLoader clearThreadLocalMap
GRAVE: The web application [/xtf] created a ThreadLocal with key of type [java.lang.ThreadLocal] (value [java.lang.ThreadLocal@6a7c49e3]) and a value of type [org.apache.lucene.index.SegmentTermEnum] (value [org.apache.lucene.index.SegmentTermEnum@5d70cb3]) but failed to remove it when the web application was stopped. This is very likely to create a memory leak.
3 nov. 2014 22:09:24 org.apache.catalina.loader.WebappClassLoader clearThreadLocalMap
GRAVE: The web application [/xtf] created a ThreadLocal with key of type [java.lang.ThreadLocal] (value [java.lang.ThreadLocal@79f955b5]) and a value of type [org.cdlib.xtf.util.PackedByteBuf.CompressInfo] (value [org.cdlib.xtf.util.PackedByteBuf$CompressInfo@6982bec3]) but failed to remove it when the web application was stopped. This is very likely to create a memory leak.
3 nov. 2014 22:09:24 org.apache.catalina.loader.WebappClassLoader clearThreadLocalMap
GRAVE: The web application [/xtf] created a ThreadLocal with key of type [java.lang.ThreadLocal] (value [java.lang.ThreadLocal@79f955b5]) and a value of type [org.cdlib.xtf.util.PackedByteBuf.CompressInfo] (value [org.cdlib.xtf.util.PackedByteBuf$CompressInfo@6ba2a53]) but failed to remove it when the web application was stopped. This is very likely to create a memory leak.
3 nov. 2014 22:09:24 org.apache.coyote.http11.Http11Protocol destroy
INFO: Arrêt de Coyote HTTP/1.1 sur http-8080
