4 févr. 2016 09:29:08 org.apache.catalina.core.AprLifecycleListener init
INFO: The APR based Apache Tomcat Native library which allows optimal performance in production environments was not found on the java.library.path: .:/Library/Java/Extensions:/System/Library/Java/Extensions:/usr/lib/java
4 févr. 2016 09:29:08 org.apache.coyote.http11.Http11Protocol init
INFO: Initialisation de Coyote HTTP/1.1 sur http-8080
4 févr. 2016 09:29:08 org.apache.catalina.startup.Catalina load
INFO: Initialization processed in 1523 ms
4 févr. 2016 09:29:08 org.apache.catalina.core.StandardService start
INFO: Démarrage du service Catalina
4 févr. 2016 09:29:08 org.apache.catalina.core.StandardEngine start
INFO: Starting Servlet Engine: Apache Tomcat/6.0.29
4 févr. 2016 09:29:09 org.apache.catalina.startup.HostConfig deployDescriptor
INFO: Déploiement du descripteur de configuration host-manager.xml
4 févr. 2016 09:29:09 org.apache.catalina.startup.HostConfig deployDescriptor
INFO: Déploiement du descripteur de configuration manager.xml
4 févr. 2016 09:29:10 org.apache.catalina.startup.HostConfig deployDirectory
INFO: Déploiement du répertoire docs de l'application web
4 févr. 2016 09:29:10 org.apache.catalina.startup.HostConfig deployDirectory
INFO: Déploiement du répertoire examples de l'application web
4 févr. 2016 09:29:10 org.apache.catalina.startup.HostConfig deployDirectory
INFO: Déploiement du répertoire ROOT de l'application web
4 févr. 2016 09:29:10 org.apache.catalina.startup.HostConfig deployDirectory
INFO: Déploiement du répertoire xtf de l'application web
4 févr. 2016 09:29:12 org.apache.coyote.http11.Http11Protocol start
INFO: Démarrage de Coyote HTTP/1.1 sur http-8080
4 févr. 2016 09:29:12 org.apache.jk.common.ChannelSocket init
INFO: JK: ajp13 listening on /0.0.0.0:8009
4 févr. 2016 09:29:12 org.apache.jk.server.JkMain start
INFO: Jk running ID=0 time=0/14  config=null
4 févr. 2016 09:29:12 org.apache.catalina.startup.Catalina start
INFO: Server startup in 3702 ms
4 févr. 2016 13:40:46 org.apache.coyote.http11.Http11Protocol pause
INFO: Suspension de Coyote HTTP/1.1 sur http-8080
4 févr. 2016 13:40:47 org.apache.catalina.core.StandardService stop
INFO: Arrêt du service Catalina
4 févr. 2016 13:40:48 org.apache.catalina.loader.WebappClassLoader clearThreadLocalMap
GRAVE: The web application [/xtf] created a ThreadLocal with key of type [java.lang.ThreadLocal] (value [java.lang.ThreadLocal@77e655d8]) and a value of type [org.cdlib.xtf.util.PackedByteBuf.CompressInfo] (value [org.cdlib.xtf.util.PackedByteBuf$CompressInfo@330e1567]) but failed to remove it when the web application was stopped. This is very likely to create a memory leak.
4 févr. 2016 13:40:48 org.apache.catalina.loader.WebappClassLoader clearThreadLocalMap
GRAVE: The web application [/xtf] created a ThreadLocal with key of type [java.lang.ThreadLocal] (value [java.lang.ThreadLocal@77e655d8]) and a value of type [org.cdlib.xtf.util.PackedByteBuf.CompressInfo] (value [org.cdlib.xtf.util.PackedByteBuf$CompressInfo@619f3760]) but failed to remove it when the web application was stopped. This is very likely to create a memory leak.
4 févr. 2016 13:40:48 org.apache.catalina.loader.WebappClassLoader clearThreadLocalMap
GRAVE: The web application [/xtf] created a ThreadLocal with key of type [java.lang.ThreadLocal] (value [java.lang.ThreadLocal@77e655d8]) and a value of type [org.cdlib.xtf.util.PackedByteBuf.CompressInfo] (value [org.cdlib.xtf.util.PackedByteBuf$CompressInfo@1becb1b2]) but failed to remove it when the web application was stopped. This is very likely to create a memory leak.
4 févr. 2016 13:40:48 org.apache.catalina.loader.WebappClassLoader clearThreadLocalMap
GRAVE: The web application [/xtf] created a ThreadLocal with key of type [java.lang.ThreadLocal] (value [java.lang.ThreadLocal@77e655d8]) and a value of type [org.cdlib.xtf.util.PackedByteBuf.CompressInfo] (value [org.cdlib.xtf.util.PackedByteBuf$CompressInfo@50862b70]) but failed to remove it when the web application was stopped. This is very likely to create a memory leak.
4 févr. 2016 13:40:48 org.apache.coyote.http11.Http11Protocol destroy
INFO: Arrêt de Coyote HTTP/1.1 sur http-8080
