6 oct. 2015 12:41:53 org.apache.catalina.core.AprLifecycleListener init
INFO: The APR based Apache Tomcat Native library which allows optimal performance in production environments was not found on the java.library.path: .:/Library/Java/Extensions:/System/Library/Java/Extensions:/usr/lib/java
6 oct. 2015 12:41:54 org.apache.coyote.http11.Http11Protocol init
INFO: Initialisation de Coyote HTTP/1.1 sur http-8080
6 oct. 2015 12:41:54 org.apache.catalina.startup.Catalina load
INFO: Initialization processed in 1963 ms
6 oct. 2015 12:41:54 org.apache.catalina.core.StandardService start
INFO: Démarrage du service Catalina
6 oct. 2015 12:41:54 org.apache.catalina.core.StandardEngine start
INFO: Starting Servlet Engine: Apache Tomcat/6.0.29
6 oct. 2015 12:41:54 org.apache.catalina.startup.HostConfig deployDescriptor
INFO: Déploiement du descripteur de configuration host-manager.xml
6 oct. 2015 12:41:54 org.apache.catalina.startup.HostConfig deployDescriptor
INFO: Déploiement du descripteur de configuration manager.xml
6 oct. 2015 12:41:54 org.apache.catalina.startup.HostConfig deployDirectory
INFO: Déploiement du répertoire docs de l'application web
6 oct. 2015 12:41:55 org.apache.catalina.startup.HostConfig deployDirectory
INFO: Déploiement du répertoire examples de l'application web
6 oct. 2015 12:41:55 org.apache.catalina.startup.HostConfig deployDirectory
INFO: Déploiement du répertoire ROOT de l'application web
6 oct. 2015 12:41:55 org.apache.catalina.startup.HostConfig deployDirectory
INFO: Déploiement du répertoire xtf de l'application web
6 oct. 2015 12:41:55 org.apache.coyote.http11.Http11Protocol start
INFO: Démarrage de Coyote HTTP/1.1 sur http-8080
6 oct. 2015 12:41:55 org.apache.jk.common.ChannelSocket init
INFO: JK: ajp13 listening on /0.0.0.0:8009
6 oct. 2015 12:41:55 org.apache.jk.server.JkMain start
INFO: Jk running ID=0 time=0/15  config=null
6 oct. 2015 12:41:55 org.apache.catalina.startup.Catalina start
INFO: Server startup in 1848 ms
6 oct. 2015 18:24:44 org.apache.coyote.http11.Http11Protocol pause
INFO: Suspension de Coyote HTTP/1.1 sur http-8080
6 oct. 2015 18:24:45 org.apache.catalina.core.StandardService stop
INFO: Arrêt du service Catalina
6 oct. 2015 18:24:45 org.apache.catalina.loader.WebappClassLoader clearReferencesThreads
GRAVE: The web application [/xtf] appears to have started a thread named [Thread-19] but has failed to stop it. This is very likely to create a memory leak.
6 oct. 2015 18:24:45 org.apache.catalina.loader.WebappClassLoader clearThreadLocalMap
GRAVE: The web application [/xtf] created a ThreadLocal with key of type [null] (value [null]) and a value of type [org.apache.lucene.index.SegmentTermEnum] (value [org.apache.lucene.index.SegmentTermEnum@2bdbcfad]) but failed to remove it when the web application was stopped. This is very likely to create a memory leak.
6 oct. 2015 18:24:45 org.apache.catalina.loader.WebappClassLoader clearThreadLocalMap
GRAVE: The web application [/xtf] created a ThreadLocal with key of type [java.lang.ThreadLocal] (value [java.lang.ThreadLocal@6c1f7d59]) and a value of type [org.apache.lucene.index.SegmentTermEnum] (value [org.apache.lucene.index.SegmentTermEnum@75e9584]) but failed to remove it when the web application was stopped. This is very likely to create a memory leak.
6 oct. 2015 18:24:45 org.apache.catalina.loader.WebappClassLoader clearThreadLocalMap
GRAVE: The web application [/xtf] created a ThreadLocal with key of type [java.lang.ThreadLocal] (value [java.lang.ThreadLocal@52aa10e3]) and a value of type [org.cdlib.xtf.util.PackedByteBuf.CompressInfo] (value [org.cdlib.xtf.util.PackedByteBuf$CompressInfo@1b3ad17b]) but failed to remove it when the web application was stopped. This is very likely to create a memory leak.
6 oct. 2015 18:24:45 org.apache.catalina.loader.WebappClassLoader clearThreadLocalMap
GRAVE: The web application [/xtf] created a ThreadLocal with key of type [null] (value [null]) and a value of type [org.apache.lucene.index.SegmentTermEnum] (value [org.apache.lucene.index.SegmentTermEnum@328ef034]) but failed to remove it when the web application was stopped. This is very likely to create a memory leak.
6 oct. 2015 18:24:45 org.apache.catalina.loader.WebappClassLoader clearThreadLocalMap
GRAVE: The web application [/xtf] created a ThreadLocal with key of type [null] (value [null]) and a value of type [org.apache.lucene.index.SegmentTermEnum] (value [org.apache.lucene.index.SegmentTermEnum@463bffda]) but failed to remove it when the web application was stopped. This is very likely to create a memory leak.
6 oct. 2015 18:24:45 org.apache.catalina.loader.WebappClassLoader clearThreadLocalMap
GRAVE: The web application [/xtf] created a ThreadLocal with key of type [null] (value [null]) and a value of type [org.apache.lucene.index.SegmentTermEnum] (value [org.apache.lucene.index.SegmentTermEnum@d1a653c]) but failed to remove it when the web application was stopped. This is very likely to create a memory leak.
6 oct. 2015 18:24:45 org.apache.catalina.loader.WebappClassLoader clearThreadLocalMap
GRAVE: The web application [/xtf] created a ThreadLocal with key of type [java.lang.ThreadLocal] (value [java.lang.ThreadLocal@6c1f7d59]) and a value of type [org.apache.lucene.index.SegmentTermEnum] (value [org.apache.lucene.index.SegmentTermEnum@3fec4cdc]) but failed to remove it when the web application was stopped. This is very likely to create a memory leak.
6 oct. 2015 18:24:45 org.apache.catalina.loader.WebappClassLoader clearThreadLocalMap
GRAVE: The web application [/xtf] created a ThreadLocal with key of type [java.lang.ThreadLocal] (value [java.lang.ThreadLocal@52aa10e3]) and a value of type [org.cdlib.xtf.util.PackedByteBuf.CompressInfo] (value [org.cdlib.xtf.util.PackedByteBuf$CompressInfo@32aa204d]) but failed to remove it when the web application was stopped. This is very likely to create a memory leak.
6 oct. 2015 18:24:45 org.apache.catalina.loader.WebappClassLoader clearThreadLocalMap
GRAVE: The web application [/xtf] created a ThreadLocal with key of type [java.lang.ThreadLocal] (value [java.lang.ThreadLocal@52aa10e3]) and a value of type [org.cdlib.xtf.util.PackedByteBuf.CompressInfo] (value [org.cdlib.xtf.util.PackedByteBuf$CompressInfo@3f2eb937]) but failed to remove it when the web application was stopped. This is very likely to create a memory leak.
6 oct. 2015 18:24:45 org.apache.catalina.loader.WebappClassLoader clearThreadLocalMap
GRAVE: The web application [/xtf] created a ThreadLocal with key of type [java.lang.ThreadLocal] (value [java.lang.ThreadLocal@52aa10e3]) and a value of type [org.cdlib.xtf.util.PackedByteBuf.CompressInfo] (value [org.cdlib.xtf.util.PackedByteBuf$CompressInfo@1481ea49]) but failed to remove it when the web application was stopped. This is very likely to create a memory leak.
6 oct. 2015 18:24:45 org.apache.catalina.loader.WebappClassLoader clearThreadLocalMap
GRAVE: The web application [/xtf] created a ThreadLocal with key of type [java.lang.ThreadLocal] (value [java.lang.ThreadLocal@52aa10e3]) and a value of type [org.cdlib.xtf.util.PackedByteBuf.CompressInfo] (value [org.cdlib.xtf.util.PackedByteBuf$CompressInfo@5d3c6923]) but failed to remove it when the web application was stopped. This is very likely to create a memory leak.
6 oct. 2015 18:24:45 org.apache.catalina.loader.WebappClassLoader clearThreadLocalMap
GRAVE: The web application [/xtf] created a ThreadLocal with key of type [java.lang.ThreadLocal] (value [java.lang.ThreadLocal@52aa10e3]) and a value of type [org.cdlib.xtf.util.PackedByteBuf.CompressInfo] (value [org.cdlib.xtf.util.PackedByteBuf$CompressInfo@291aa8a7]) but failed to remove it when the web application was stopped. This is very likely to create a memory leak.
6 oct. 2015 18:24:45 org.apache.catalina.loader.WebappClassLoader clearThreadLocalMap
GRAVE: The web application [/xtf] created a ThreadLocal with key of type [java.lang.ThreadLocal] (value [java.lang.ThreadLocal@52aa10e3]) and a value of type [org.cdlib.xtf.util.PackedByteBuf.CompressInfo] (value [org.cdlib.xtf.util.PackedByteBuf$CompressInfo@15368106]) but failed to remove it when the web application was stopped. This is very likely to create a memory leak.
6 oct. 2015 18:24:46 org.apache.coyote.http11.Http11Protocol destroy
INFO: Arrêt de Coyote HTTP/1.1 sur http-8080
6 oct. 2015 20:32:40 org.apache.catalina.core.AprLifecycleListener init
INFO: The APR based Apache Tomcat Native library which allows optimal performance in production environments was not found on the java.library.path: .:/Library/Java/Extensions:/System/Library/Java/Extensions:/usr/lib/java
6 oct. 2015 20:32:41 org.apache.coyote.http11.Http11Protocol init
INFO: Initialisation de Coyote HTTP/1.1 sur http-8080
6 oct. 2015 20:32:41 org.apache.catalina.startup.Catalina load
INFO: Initialization processed in 810 ms
6 oct. 2015 20:32:41 org.apache.catalina.core.StandardService start
INFO: Démarrage du service Catalina
6 oct. 2015 20:32:41 org.apache.catalina.core.StandardEngine start
INFO: Starting Servlet Engine: Apache Tomcat/6.0.29
6 oct. 2015 20:32:41 org.apache.catalina.startup.HostConfig deployDescriptor
INFO: Déploiement du descripteur de configuration host-manager.xml
6 oct. 2015 20:32:41 org.apache.catalina.startup.HostConfig deployDescriptor
INFO: Déploiement du descripteur de configuration manager.xml
6 oct. 2015 20:32:42 org.apache.catalina.startup.HostConfig deployDirectory
INFO: Déploiement du répertoire docs de l'application web
6 oct. 2015 20:32:42 org.apache.catalina.startup.HostConfig deployDirectory
INFO: Déploiement du répertoire examples de l'application web
6 oct. 2015 20:32:42 org.apache.catalina.startup.HostConfig deployDirectory
INFO: Déploiement du répertoire ROOT de l'application web
6 oct. 2015 20:32:42 org.apache.catalina.startup.HostConfig deployDirectory
INFO: Déploiement du répertoire xtf de l'application web
6 oct. 2015 20:32:42 org.apache.coyote.http11.Http11Protocol start
INFO: Démarrage de Coyote HTTP/1.1 sur http-8080
6 oct. 2015 20:32:42 org.apache.jk.common.ChannelSocket init
INFO: JK: ajp13 listening on /0.0.0.0:8009
6 oct. 2015 20:32:42 org.apache.jk.server.JkMain start
INFO: Jk running ID=0 time=0/16  config=null
6 oct. 2015 20:32:42 org.apache.catalina.startup.Catalina start
INFO: Server startup in 1578 ms
