7 déc. 2014 11:51:09 org.apache.catalina.core.AprLifecycleListener init
INFO: The APR based Apache Tomcat Native library which allows optimal performance in production environments was not found on the java.library.path: .:/Library/Java/Extensions:/System/Library/Java/Extensions:/usr/lib/java
7 déc. 2014 11:51:09 org.apache.coyote.http11.Http11Protocol init
INFO: Initialisation de Coyote HTTP/1.1 sur http-8080
7 déc. 2014 11:51:09 org.apache.catalina.startup.Catalina load
INFO: Initialization processed in 732 ms
7 déc. 2014 11:51:09 org.apache.catalina.core.StandardService start
INFO: Démarrage du service Catalina
7 déc. 2014 11:51:09 org.apache.catalina.core.StandardEngine start
INFO: Starting Servlet Engine: Apache Tomcat/6.0.29
7 déc. 2014 11:51:09 org.apache.catalina.startup.HostConfig deployDescriptor
INFO: Déploiement du descripteur de configuration host-manager.xml
7 déc. 2014 11:51:10 org.apache.catalina.startup.HostConfig deployDescriptor
INFO: Déploiement du descripteur de configuration manager.xml
7 déc. 2014 11:51:10 org.apache.catalina.startup.HostConfig deployDirectory
INFO: Déploiement du répertoire docs de l'application web
7 déc. 2014 11:51:10 org.apache.catalina.startup.HostConfig deployDirectory
INFO: Déploiement du répertoire examples de l'application web
7 déc. 2014 11:51:11 org.apache.catalina.startup.HostConfig deployDirectory
INFO: Déploiement du répertoire ROOT de l'application web
7 déc. 2014 11:51:11 org.apache.catalina.startup.HostConfig deployDirectory
INFO: Déploiement du répertoire xtf de l'application web
7 déc. 2014 11:51:11 org.apache.coyote.http11.Http11Protocol start
INFO: Démarrage de Coyote HTTP/1.1 sur http-8080
7 déc. 2014 11:51:11 org.apache.jk.common.ChannelSocket init
INFO: JK: ajp13 listening on /0.0.0.0:8009
7 déc. 2014 11:51:11 org.apache.jk.server.JkMain start
INFO: Jk running ID=0 time=0/57  config=null
7 déc. 2014 11:51:11 org.apache.catalina.startup.Catalina start
INFO: Server startup in 1941 ms
