oct. 07, 2016 7:46:18 AM org.apache.coyote.http11.Http11Protocol pause
INFOS: Suspension de Coyote HTTP/1.1 sur http-8080
oct. 07, 2016 7:46:19 AM org.apache.catalina.core.StandardService stop
INFOS: Arrêt du service Catalina
oct. 07, 2016 7:46:20 AM org.apache.catalina.loader.WebappClassLoader clearThreadLocalMap
GRAVE: The web application [/xtf] created a ThreadLocal with key of type [java.lang.ThreadLocal] (value [java.lang.ThreadLocal@2ce82035]) and a value of type [org.cdlib.xtf.util.PackedByteBuf.CompressInfo] (value [org.cdlib.xtf.util.PackedByteBuf$CompressInfo@dd77025]) but failed to remove it when the web application was stopped. This is very likely to create a memory leak.
oct. 07, 2016 7:46:20 AM org.apache.catalina.loader.WebappClassLoader clearThreadLocalMap
GRAVE: The web application [/xtf] created a ThreadLocal with key of type [java.lang.ThreadLocal] (value [java.lang.ThreadLocal@2ce82035]) and a value of type [org.cdlib.xtf.util.PackedByteBuf.CompressInfo] (value [org.cdlib.xtf.util.PackedByteBuf$CompressInfo@1987fa18]) but failed to remove it when the web application was stopped. This is very likely to create a memory leak.
oct. 07, 2016 7:46:20 AM org.apache.catalina.loader.WebappClassLoader clearThreadLocalMap
GRAVE: The web application [/xtf] created a ThreadLocal with key of type [java.lang.ThreadLocal] (value [java.lang.ThreadLocal@2ce82035]) and a value of type [org.cdlib.xtf.util.PackedByteBuf.CompressInfo] (value [org.cdlib.xtf.util.PackedByteBuf$CompressInfo@3e9d0de1]) but failed to remove it when the web application was stopped. This is very likely to create a memory leak.
oct. 07, 2016 7:46:20 AM org.apache.catalina.loader.WebappClassLoader clearThreadLocalMap
GRAVE: The web application [/xtf] created a ThreadLocal with key of type [java.lang.ThreadLocal] (value [java.lang.ThreadLocal@2ce82035]) and a value of type [org.cdlib.xtf.util.PackedByteBuf.CompressInfo] (value [org.cdlib.xtf.util.PackedByteBuf$CompressInfo@26c725ae]) but failed to remove it when the web application was stopped. This is very likely to create a memory leak.
oct. 07, 2016 7:46:20 AM org.apache.catalina.loader.WebappClassLoader clearThreadLocalMap
GRAVE: The web application [/xtf] created a ThreadLocal with key of type [java.lang.ThreadLocal] (value [java.lang.ThreadLocal@2ce82035]) and a value of type [org.cdlib.xtf.util.PackedByteBuf.CompressInfo] (value [org.cdlib.xtf.util.PackedByteBuf$CompressInfo@10272f0b]) but failed to remove it when the web application was stopped. This is very likely to create a memory leak.
oct. 07, 2016 7:46:20 AM org.apache.catalina.loader.WebappClassLoader clearThreadLocalMap
GRAVE: The web application [/xtf] created a ThreadLocal with key of type [java.lang.ThreadLocal] (value [java.lang.ThreadLocal@2ce82035]) and a value of type [org.cdlib.xtf.util.PackedByteBuf.CompressInfo] (value [org.cdlib.xtf.util.PackedByteBuf$CompressInfo@36d6502d]) but failed to remove it when the web application was stopped. This is very likely to create a memory leak.
oct. 07, 2016 7:46:20 AM org.apache.catalina.loader.WebappClassLoader clearThreadLocalMap
GRAVE: The web application [/xtf] created a ThreadLocal with key of type [java.lang.ThreadLocal] (value [java.lang.ThreadLocal@2ce82035]) and a value of type [org.cdlib.xtf.util.PackedByteBuf.CompressInfo] (value [org.cdlib.xtf.util.PackedByteBuf$CompressInfo@6072a113]) but failed to remove it when the web application was stopped. This is very likely to create a memory leak.
oct. 07, 2016 7:46:21 AM org.apache.coyote.http11.Http11Protocol destroy
INFOS: Arrêt de Coyote HTTP/1.1 sur http-8080
oct. 07, 2016 3:11:28 PM org.apache.catalina.core.AprLifecycleListener init
INFOS: The APR based Apache Tomcat Native library which allows optimal performance in production environments was not found on the java.library.path: /Users/Christophe/Library/Java/Extensions:/Library/Java/Extensions:/Network/Library/Java/Extensions:/System/Library/Java/Extensions:/usr/lib/java:.
oct. 07, 2016 3:11:30 PM org.apache.coyote.http11.Http11Protocol init
INFOS: Initialisation de Coyote HTTP/1.1 sur http-8080
oct. 07, 2016 3:11:30 PM org.apache.catalina.startup.Catalina load
INFOS: Initialization processed in 3782 ms
oct. 07, 2016 3:11:30 PM org.apache.catalina.core.StandardService start
INFOS: Démarrage du service Catalina
oct. 07, 2016 3:11:30 PM org.apache.catalina.core.StandardEngine start
INFOS: Starting Servlet Engine: Apache Tomcat/6.0.29
oct. 07, 2016 3:11:30 PM org.apache.catalina.startup.HostConfig deployDescriptor
INFOS: Déploiement du descripteur de configuration host-manager.xml
oct. 07, 2016 3:11:32 PM org.apache.catalina.startup.HostConfig deployDescriptor
INFOS: Déploiement du descripteur de configuration manager.xml
oct. 07, 2016 3:11:32 PM org.apache.catalina.startup.HostConfig deployDirectory
INFOS: Déploiement du répertoire docs de l'application web
oct. 07, 2016 3:11:32 PM org.apache.catalina.startup.HostConfig deployDirectory
INFOS: Déploiement du répertoire examples de l'application web
oct. 07, 2016 3:11:32 PM org.apache.catalina.startup.HostConfig deployDirectory
INFOS: Déploiement du répertoire ROOT de l'application web
oct. 07, 2016 3:11:33 PM org.apache.catalina.startup.HostConfig deployDirectory
INFOS: Déploiement du répertoire xtf de l'application web
oct. 07, 2016 3:11:33 PM org.apache.coyote.http11.Http11Protocol start
INFOS: Démarrage de Coyote HTTP/1.1 sur http-8080
oct. 07, 2016 3:11:33 PM org.apache.jk.common.ChannelSocket init
INFOS: JK: ajp13 listening on /0.0.0.0:8009
oct. 07, 2016 3:11:33 PM org.apache.jk.server.JkMain start
INFOS: Jk running ID=0 time=0/50  config=null
oct. 07, 2016 3:11:33 PM org.apache.catalina.startup.Catalina start
INFOS: Server startup in 2991 ms
oct. 07, 2016 5:55:26 PM org.apache.coyote.http11.Http11Protocol pause
INFOS: Suspension de Coyote HTTP/1.1 sur http-8080
oct. 07, 2016 5:55:28 PM org.apache.catalina.core.StandardService stop
INFOS: Arrêt du service Catalina
oct. 07, 2016 5:55:29 PM org.apache.catalina.loader.WebappClassLoader clearThreadLocalMap
GRAVE: The web application [/xtf] created a ThreadLocal with key of type [java.lang.ThreadLocal] (value [java.lang.ThreadLocal@48c9fda]) and a value of type [org.cdlib.xtf.util.PackedByteBuf.CompressInfo] (value [org.cdlib.xtf.util.PackedByteBuf$CompressInfo@333942ab]) but failed to remove it when the web application was stopped. This is very likely to create a memory leak.
oct. 07, 2016 5:55:29 PM org.apache.catalina.loader.WebappClassLoader clearThreadLocalMap
GRAVE: The web application [/xtf] created a ThreadLocal with key of type [java.lang.ThreadLocal] (value [java.lang.ThreadLocal@48c9fda]) and a value of type [org.cdlib.xtf.util.PackedByteBuf.CompressInfo] (value [org.cdlib.xtf.util.PackedByteBuf$CompressInfo@5057aaa5]) but failed to remove it when the web application was stopped. This is very likely to create a memory leak.
oct. 07, 2016 5:55:29 PM org.apache.catalina.loader.WebappClassLoader clearThreadLocalMap
GRAVE: The web application [/xtf] created a ThreadLocal with key of type [java.lang.ThreadLocal] (value [java.lang.ThreadLocal@48c9fda]) and a value of type [org.cdlib.xtf.util.PackedByteBuf.CompressInfo] (value [org.cdlib.xtf.util.PackedByteBuf$CompressInfo@4811717]) but failed to remove it when the web application was stopped. This is very likely to create a memory leak.
oct. 07, 2016 5:55:29 PM org.apache.catalina.loader.WebappClassLoader clearThreadLocalMap
GRAVE: The web application [/xtf] created a ThreadLocal with key of type [java.lang.ThreadLocal] (value [java.lang.ThreadLocal@48c9fda]) and a value of type [org.cdlib.xtf.util.PackedByteBuf.CompressInfo] (value [org.cdlib.xtf.util.PackedByteBuf$CompressInfo@3620201a]) but failed to remove it when the web application was stopped. This is very likely to create a memory leak.
oct. 07, 2016 5:55:29 PM org.apache.catalina.loader.WebappClassLoader clearThreadLocalMap
GRAVE: The web application [/xtf] created a ThreadLocal with key of type [java.lang.ThreadLocal] (value [java.lang.ThreadLocal@48c9fda]) and a value of type [org.cdlib.xtf.util.PackedByteBuf.CompressInfo] (value [org.cdlib.xtf.util.PackedByteBuf$CompressInfo@4ff5106f]) but failed to remove it when the web application was stopped. This is very likely to create a memory leak.
oct. 07, 2016 5:55:29 PM org.apache.catalina.loader.WebappClassLoader clearThreadLocalMap
GRAVE: The web application [/xtf] created a ThreadLocal with key of type [java.lang.ThreadLocal] (value [java.lang.ThreadLocal@48c9fda]) and a value of type [org.cdlib.xtf.util.PackedByteBuf.CompressInfo] (value [org.cdlib.xtf.util.PackedByteBuf$CompressInfo@229a89b6]) but failed to remove it when the web application was stopped. This is very likely to create a memory leak.
oct. 07, 2016 5:55:29 PM org.apache.coyote.http11.Http11Protocol destroy
INFOS: Arrêt de Coyote HTTP/1.1 sur http-8080
