8 nov. 2014 11:10:46 org.apache.catalina.core.AprLifecycleListener init
INFO: The APR based Apache Tomcat Native library which allows optimal performance in production environments was not found on the java.library.path: .:/Library/Java/Extensions:/System/Library/Java/Extensions:/usr/lib/java
8 nov. 2014 11:10:47 org.apache.coyote.http11.Http11Protocol init
INFO: Initialisation de Coyote HTTP/1.1 sur http-8080
8 nov. 2014 11:10:47 org.apache.catalina.startup.Catalina load
INFO: Initialization processed in 706 ms
8 nov. 2014 11:10:47 org.apache.catalina.core.StandardService start
INFO: Démarrage du service Catalina
8 nov. 2014 11:10:47 org.apache.catalina.core.StandardEngine start
INFO: Starting Servlet Engine: Apache Tomcat/6.0.29
8 nov. 2014 11:10:47 org.apache.catalina.startup.HostConfig deployDescriptor
INFO: Déploiement du descripteur de configuration host-manager.xml
8 nov. 2014 11:10:47 org.apache.catalina.startup.HostConfig deployDescriptor
INFO: Déploiement du descripteur de configuration manager.xml
8 nov. 2014 11:10:47 org.apache.catalina.startup.HostConfig deployDirectory
INFO: Déploiement du répertoire docs de l'application web
8 nov. 2014 11:10:47 org.apache.catalina.startup.HostConfig deployDirectory
INFO: Déploiement du répertoire examples de l'application web
8 nov. 2014 11:10:48 org.apache.catalina.startup.HostConfig deployDirectory
INFO: Déploiement du répertoire ROOT de l'application web
8 nov. 2014 11:10:48 org.apache.catalina.startup.HostConfig deployDirectory
INFO: Déploiement du répertoire xtf de l'application web
8 nov. 2014 11:10:48 org.apache.coyote.http11.Http11Protocol start
INFO: Démarrage de Coyote HTTP/1.1 sur http-8080
8 nov. 2014 11:10:48 org.apache.jk.common.ChannelSocket init
INFO: JK: ajp13 listening on /0.0.0.0:8009
8 nov. 2014 11:10:48 org.apache.jk.server.JkMain start
INFO: Jk running ID=0 time=0/27  config=null
8 nov. 2014 11:10:48 org.apache.catalina.startup.Catalina start
INFO: Server startup in 1817 ms
8 nov. 2014 12:35:55 org.apache.coyote.http11.Http11Protocol pause
INFO: Suspension de Coyote HTTP/1.1 sur http-8080
8 nov. 2014 12:35:56 org.apache.catalina.core.StandardService stop
INFO: Arrêt du service Catalina
8 nov. 2014 12:35:57 org.apache.catalina.loader.WebappClassLoader clearThreadLocalMap
GRAVE: The web application [/xtf] created a ThreadLocal with key of type [java.lang.ThreadLocal] (value [java.lang.ThreadLocal@af80dd4]) and a value of type [org.cdlib.xtf.util.PackedByteBuf.CompressInfo] (value [org.cdlib.xtf.util.PackedByteBuf$CompressInfo@2353deec]) but failed to remove it when the web application was stopped. This is very likely to create a memory leak.
8 nov. 2014 12:35:57 org.apache.catalina.loader.WebappClassLoader clearThreadLocalMap
GRAVE: The web application [/xtf] created a ThreadLocal with key of type [java.lang.ThreadLocal] (value [java.lang.ThreadLocal@af80dd4]) and a value of type [org.cdlib.xtf.util.PackedByteBuf.CompressInfo] (value [org.cdlib.xtf.util.PackedByteBuf$CompressInfo@57506a12]) but failed to remove it when the web application was stopped. This is very likely to create a memory leak.
8 nov. 2014 12:35:57 org.apache.catalina.loader.WebappClassLoader clearThreadLocalMap
GRAVE: The web application [/xtf] created a ThreadLocal with key of type [java.lang.ThreadLocal] (value [java.lang.ThreadLocal@af80dd4]) and a value of type [org.cdlib.xtf.util.PackedByteBuf.CompressInfo] (value [org.cdlib.xtf.util.PackedByteBuf$CompressInfo@6063f086]) but failed to remove it when the web application was stopped. This is very likely to create a memory leak.
8 nov. 2014 12:35:57 org.apache.catalina.loader.WebappClassLoader clearThreadLocalMap
GRAVE: The web application [/xtf] created a ThreadLocal with key of type [java.lang.ThreadLocal] (value [java.lang.ThreadLocal@af80dd4]) and a value of type [org.cdlib.xtf.util.PackedByteBuf.CompressInfo] (value [org.cdlib.xtf.util.PackedByteBuf$CompressInfo@41441eda]) but failed to remove it when the web application was stopped. This is very likely to create a memory leak.
8 nov. 2014 12:35:57 org.apache.catalina.loader.WebappClassLoader clearThreadLocalMap
GRAVE: The web application [/xtf] created a ThreadLocal with key of type [java.lang.ThreadLocal] (value [java.lang.ThreadLocal@af80dd4]) and a value of type [org.cdlib.xtf.util.PackedByteBuf.CompressInfo] (value [org.cdlib.xtf.util.PackedByteBuf$CompressInfo@5f459baf]) but failed to remove it when the web application was stopped. This is very likely to create a memory leak.
8 nov. 2014 12:35:57 org.apache.coyote.http11.Http11Protocol destroy
INFO: Arrêt de Coyote HTTP/1.1 sur http-8080
8 nov. 2014 12:37:05 org.apache.catalina.core.AprLifecycleListener init
INFO: The APR based Apache Tomcat Native library which allows optimal performance in production environments was not found on the java.library.path: .:/Library/Java/Extensions:/System/Library/Java/Extensions:/usr/lib/java
8 nov. 2014 12:37:05 org.apache.coyote.http11.Http11Protocol init
INFO: Initialisation de Coyote HTTP/1.1 sur http-8080
8 nov. 2014 12:37:05 org.apache.catalina.startup.Catalina load
INFO: Initialization processed in 855 ms
8 nov. 2014 12:37:06 org.apache.catalina.core.StandardService start
INFO: Démarrage du service Catalina
8 nov. 2014 12:37:06 org.apache.catalina.core.StandardEngine start
INFO: Starting Servlet Engine: Apache Tomcat/6.0.29
8 nov. 2014 12:37:06 org.apache.catalina.startup.HostConfig deployDescriptor
INFO: Déploiement du descripteur de configuration host-manager.xml
8 nov. 2014 12:37:06 org.apache.catalina.startup.HostConfig deployDescriptor
INFO: Déploiement du descripteur de configuration manager.xml
8 nov. 2014 12:37:06 org.apache.catalina.startup.HostConfig deployDirectory
INFO: Déploiement du répertoire docs de l'application web
8 nov. 2014 12:37:06 org.apache.catalina.startup.HostConfig deployDirectory
INFO: Déploiement du répertoire examples de l'application web
8 nov. 2014 12:37:07 org.apache.catalina.startup.HostConfig deployDirectory
INFO: Déploiement du répertoire ROOT de l'application web
8 nov. 2014 12:37:07 org.apache.catalina.startup.HostConfig deployDirectory
INFO: Déploiement du répertoire xtf de l'application web
8 nov. 2014 12:37:07 org.apache.coyote.http11.Http11Protocol start
INFO: Démarrage de Coyote HTTP/1.1 sur http-8080
8 nov. 2014 12:37:07 org.apache.jk.common.ChannelSocket init
INFO: JK: ajp13 listening on /0.0.0.0:8009
8 nov. 2014 12:37:07 org.apache.jk.server.JkMain start
INFO: Jk running ID=0 time=0/66  config=null
8 nov. 2014 12:37:07 org.apache.catalina.startup.Catalina start
INFO: Server startup in 1652 ms
8 nov. 2014 14:27:19 org.apache.catalina.core.AprLifecycleListener init
INFO: The APR based Apache Tomcat Native library which allows optimal performance in production environments was not found on the java.library.path: .:/Library/Java/Extensions:/System/Library/Java/Extensions:/usr/lib/java
8 nov. 2014 14:27:19 org.apache.coyote.http11.Http11Protocol init
GRAVE: Erreur à l'initialisation du point de contact
java.net.BindException: Address already in use <null>:8080
	at org.apache.tomcat.util.net.JIoEndpoint.init(JIoEndpoint.java:549)
	at org.apache.coyote.http11.Http11Protocol.init(Http11Protocol.java:176)
	at org.apache.catalina.connector.Connector.initialize(Connector.java:1014)
	at org.apache.catalina.core.StandardService.initialize(StandardService.java:680)
	at org.apache.catalina.core.StandardServer.initialize(StandardServer.java:795)
	at org.apache.catalina.startup.Catalina.load(Catalina.java:524)
	at org.apache.catalina.startup.Catalina.load(Catalina.java:548)
	at sun.reflect.NativeMethodAccessorImpl.invoke0(Native Method)
	at sun.reflect.NativeMethodAccessorImpl.invoke(NativeMethodAccessorImpl.java:39)
	at sun.reflect.DelegatingMethodAccessorImpl.invoke(DelegatingMethodAccessorImpl.java:25)
	at java.lang.reflect.Method.invoke(Method.java:597)
	at org.apache.catalina.startup.Bootstrap.load(Bootstrap.java:261)
	at org.apache.catalina.startup.Bootstrap.main(Bootstrap.java:413)
Caused by: java.net.BindException: Address already in use
	at java.net.PlainSocketImpl.socketBind(Native Method)
	at java.net.PlainSocketImpl.socketBind(PlainSocketImpl.java:521)
	at java.net.PlainSocketImpl.bind(PlainSocketImpl.java:414)
	at java.net.ServerSocket.bind(ServerSocket.java:326)
	at java.net.ServerSocket.<init>(ServerSocket.java:192)
	at java.net.ServerSocket.<init>(ServerSocket.java:148)
	at org.apache.tomcat.util.net.DefaultServerSocketFactory.createSocket(DefaultServerSocketFactory.java:50)
	at org.apache.tomcat.util.net.JIoEndpoint.init(JIoEndpoint.java:538)
	... 12 more
8 nov. 2014 14:27:19 org.apache.catalina.startup.Catalina load
GRAVE: Catalina.start
LifecycleException:  L'initialisation du gestionnaire de protocole a échoué: java.net.BindException: Address already in use <null>:8080
	at org.apache.catalina.connector.Connector.initialize(Connector.java:1016)
	at org.apache.catalina.core.StandardService.initialize(StandardService.java:680)
	at org.apache.catalina.core.StandardServer.initialize(StandardServer.java:795)
	at org.apache.catalina.startup.Catalina.load(Catalina.java:524)
	at org.apache.catalina.startup.Catalina.load(Catalina.java:548)
	at sun.reflect.NativeMethodAccessorImpl.invoke0(Native Method)
	at sun.reflect.NativeMethodAccessorImpl.invoke(NativeMethodAccessorImpl.java:39)
	at sun.reflect.DelegatingMethodAccessorImpl.invoke(DelegatingMethodAccessorImpl.java:25)
	at java.lang.reflect.Method.invoke(Method.java:597)
	at org.apache.catalina.startup.Bootstrap.load(Bootstrap.java:261)
	at org.apache.catalina.startup.Bootstrap.main(Bootstrap.java:413)
8 nov. 2014 14:27:19 org.apache.catalina.startup.Catalina load
INFO: Initialization processed in 596 ms
8 nov. 2014 14:27:19 org.apache.catalina.core.StandardService start
INFO: Démarrage du service Catalina
8 nov. 2014 14:27:19 org.apache.catalina.core.StandardEngine start
INFO: Starting Servlet Engine: Apache Tomcat/6.0.29
8 nov. 2014 14:27:19 org.apache.catalina.startup.HostConfig deployDescriptor
INFO: Déploiement du descripteur de configuration host-manager.xml
8 nov. 2014 14:27:19 org.apache.catalina.startup.HostConfig deployDescriptor
INFO: Déploiement du descripteur de configuration manager.xml
8 nov. 2014 14:27:20 org.apache.catalina.startup.HostConfig deployDirectory
INFO: Déploiement du répertoire docs de l'application web
8 nov. 2014 14:27:20 org.apache.catalina.startup.HostConfig deployDirectory
INFO: Déploiement du répertoire examples de l'application web
8 nov. 2014 14:27:20 org.apache.catalina.startup.HostConfig deployDirectory
INFO: Déploiement du répertoire ROOT de l'application web
8 nov. 2014 14:27:20 org.apache.catalina.startup.HostConfig deployDirectory
INFO: Déploiement du répertoire xtf de l'application web
8 nov. 2014 14:27:20 org.apache.coyote.http11.Http11Protocol start
GRAVE: Erreur au démarrage du point de contact
java.net.BindException: Address already in use <null>:8080
	at org.apache.tomcat.util.net.JIoEndpoint.init(JIoEndpoint.java:549)
	at org.apache.tomcat.util.net.JIoEndpoint.start(JIoEndpoint.java:565)
	at org.apache.coyote.http11.Http11Protocol.start(Http11Protocol.java:203)
	at org.apache.catalina.connector.Connector.start(Connector.java:1087)
	at org.apache.catalina.core.StandardService.start(StandardService.java:534)
	at org.apache.catalina.core.StandardServer.start(StandardServer.java:710)
	at org.apache.catalina.startup.Catalina.start(Catalina.java:581)
	at sun.reflect.NativeMethodAccessorImpl.invoke0(Native Method)
	at sun.reflect.NativeMethodAccessorImpl.invoke(NativeMethodAccessorImpl.java:39)
	at sun.reflect.DelegatingMethodAccessorImpl.invoke(DelegatingMethodAccessorImpl.java:25)
	at java.lang.reflect.Method.invoke(Method.java:597)
	at org.apache.catalina.startup.Bootstrap.start(Bootstrap.java:289)
	at org.apache.catalina.startup.Bootstrap.main(Bootstrap.java:414)
Caused by: java.net.BindException: Address already in use
	at java.net.PlainSocketImpl.socketBind(Native Method)
	at java.net.PlainSocketImpl.socketBind(PlainSocketImpl.java:521)
	at java.net.PlainSocketImpl.bind(PlainSocketImpl.java:414)
	at java.net.ServerSocket.bind(ServerSocket.java:326)
	at java.net.ServerSocket.<init>(ServerSocket.java:192)
	at java.net.ServerSocket.<init>(ServerSocket.java:148)
	at org.apache.tomcat.util.net.DefaultServerSocketFactory.createSocket(DefaultServerSocketFactory.java:50)
	at org.apache.tomcat.util.net.JIoEndpoint.init(JIoEndpoint.java:538)
	... 12 more
8 nov. 2014 14:27:20 org.apache.catalina.startup.Catalina start
GRAVE: Catalina.start: 
LifecycleException:  service.getName(): "Catalina";  Le démarrage du gestionnaire de protocole a échoué: java.net.BindException: Address already in use <null>:8080
	at org.apache.catalina.connector.Connector.start(Connector.java:1094)
	at org.apache.catalina.core.StandardService.start(StandardService.java:534)
	at org.apache.catalina.core.StandardServer.start(StandardServer.java:710)
	at org.apache.catalina.startup.Catalina.start(Catalina.java:581)
	at sun.reflect.NativeMethodAccessorImpl.invoke0(Native Method)
	at sun.reflect.NativeMethodAccessorImpl.invoke(NativeMethodAccessorImpl.java:39)
	at sun.reflect.DelegatingMethodAccessorImpl.invoke(DelegatingMethodAccessorImpl.java:25)
	at java.lang.reflect.Method.invoke(Method.java:597)
	at org.apache.catalina.startup.Bootstrap.start(Bootstrap.java:289)
	at org.apache.catalina.startup.Bootstrap.main(Bootstrap.java:414)
8 nov. 2014 14:27:20 org.apache.catalina.startup.Catalina start
INFO: Server startup in 1219 ms
8 nov. 2014 14:27:20 org.apache.catalina.core.StandardServer await
GRAVE: StandardServer.await: create[8005]: 
java.net.BindException: Address already in use
	at java.net.PlainSocketImpl.socketBind(Native Method)
	at java.net.PlainSocketImpl.socketBind(PlainSocketImpl.java:521)
	at java.net.PlainSocketImpl.bind(PlainSocketImpl.java:414)
	at java.net.ServerSocket.bind(ServerSocket.java:326)
	at java.net.ServerSocket.<init>(ServerSocket.java:192)
	at org.apache.catalina.core.StandardServer.await(StandardServer.java:373)
	at org.apache.catalina.startup.Catalina.await(Catalina.java:662)
	at org.apache.catalina.startup.Catalina.start(Catalina.java:614)
	at sun.reflect.NativeMethodAccessorImpl.invoke0(Native Method)
	at sun.reflect.NativeMethodAccessorImpl.invoke(NativeMethodAccessorImpl.java:39)
	at sun.reflect.DelegatingMethodAccessorImpl.invoke(DelegatingMethodAccessorImpl.java:25)
	at java.lang.reflect.Method.invoke(Method.java:597)
	at org.apache.catalina.startup.Bootstrap.start(Bootstrap.java:289)
	at org.apache.catalina.startup.Bootstrap.main(Bootstrap.java:414)
8 nov. 2014 14:27:20 org.apache.coyote.http11.Http11Protocol pause
INFO: Suspension de Coyote HTTP/1.1 sur http-8080
8 nov. 2014 14:27:21 org.apache.catalina.core.StandardService stop
INFO: Arrêt du service Catalina
8 nov. 2014 14:27:21 org.apache.catalina.connector.MapperListener destroy
ATTENTION: Error unregistering MBeanServerDelegate
java.lang.NullPointerException
	at org.apache.catalina.connector.MapperListener.destroy(MapperListener.java:176)
	at org.apache.catalina.connector.Connector.stop(Connector.java:1135)
	at org.apache.catalina.core.StandardService.stop(StandardService.java:596)
	at org.apache.catalina.core.StandardServer.stop(StandardServer.java:744)
	at org.apache.catalina.startup.Catalina.stop(Catalina.java:648)
	at org.apache.catalina.startup.Catalina$CatalinaShutdownHook.run(Catalina.java:692)
8 nov. 2014 14:27:21 org.apache.coyote.http11.Http11Protocol destroy
INFO: Arrêt de Coyote HTTP/1.1 sur http-8080
8 nov. 2014 14:27:21 org.apache.catalina.connector.Connector stop
GRAVE: Le connecteur Coyote n'a pas été démarré
8 nov. 2014 16:21:18 org.apache.coyote.http11.Http11Protocol pause
INFO: Suspension de Coyote HTTP/1.1 sur http-8080
8 nov. 2014 16:21:20 org.apache.catalina.core.StandardService stop
INFO: Arrêt du service Catalina
8 nov. 2014 16:21:31 org.apache.catalina.core.StandardWrapper unload
INFO: Waiting for 6 instance(s) to be deallocated
8 nov. 2014 16:21:35 org.apache.catalina.core.StandardWrapper unload
INFO: Waiting for 6 instance(s) to be deallocated
8 nov. 2014 16:21:40 org.apache.catalina.core.StandardWrapper unload
INFO: Waiting for 6 instance(s) to be deallocated
8 nov. 2014 16:21:42 org.apache.catalina.loader.WebappClassLoader clearReferencesThreads
GRAVE: The web application [/xtf] is still processing a request that has yet to finish. This is very likely to create a memory leak. You can control the time allowed for requests to finish by using the unloadDelay attribute of the standard Context implementation.
8 nov. 2014 16:21:42 org.apache.catalina.loader.WebappClassLoader clearReferencesThreads
GRAVE: The web application [/xtf] is still processing a request that has yet to finish. This is very likely to create a memory leak. You can control the time allowed for requests to finish by using the unloadDelay attribute of the standard Context implementation.
8 nov. 2014 16:21:42 org.apache.catalina.loader.WebappClassLoader clearReferencesThreads
GRAVE: The web application [/xtf] is still processing a request that has yet to finish. This is very likely to create a memory leak. You can control the time allowed for requests to finish by using the unloadDelay attribute of the standard Context implementation.
8 nov. 2014 16:21:42 org.apache.catalina.loader.WebappClassLoader clearReferencesThreads
GRAVE: The web application [/xtf] is still processing a request that has yet to finish. This is very likely to create a memory leak. You can control the time allowed for requests to finish by using the unloadDelay attribute of the standard Context implementation.
8 nov. 2014 16:21:42 org.apache.catalina.loader.WebappClassLoader clearReferencesThreads
GRAVE: The web application [/xtf] is still processing a request that has yet to finish. This is very likely to create a memory leak. You can control the time allowed for requests to finish by using the unloadDelay attribute of the standard Context implementation.
8 nov. 2014 16:21:42 org.apache.catalina.loader.WebappClassLoader clearReferencesThreads
GRAVE: The web application [/xtf] appears to have started a thread named [Thread-526] but has failed to stop it. This is very likely to create a memory leak.
8 nov. 2014 16:21:42 org.apache.catalina.loader.WebappClassLoader clearReferencesThreads
GRAVE: The web application [/xtf] is still processing a request that has yet to finish. This is very likely to create a memory leak. You can control the time allowed for requests to finish by using the unloadDelay attribute of the standard Context implementation.
8 nov. 2014 16:21:42 org.apache.catalina.loader.WebappClassLoader clearThreadLocalMap
GRAVE: The web application [/xtf] created a ThreadLocal with key of type [java.lang.ThreadLocal] (value [java.lang.ThreadLocal@771fbb11]) and a value of type [org.cdlib.xtf.util.PackedByteBuf.CompressInfo] (value [org.cdlib.xtf.util.PackedByteBuf$CompressInfo@44329630]) but failed to remove it when the web application was stopped. This is very likely to create a memory leak.
8 nov. 2014 16:21:42 org.apache.catalina.loader.WebappClassLoader clearThreadLocalMap
GRAVE: The web application [/xtf] created a ThreadLocal with key of type [java.lang.ThreadLocal] (value [java.lang.ThreadLocal@771fbb11]) and a value of type [org.cdlib.xtf.util.PackedByteBuf.CompressInfo] (value [org.cdlib.xtf.util.PackedByteBuf$CompressInfo@55224c4a]) but failed to remove it when the web application was stopped. This is very likely to create a memory leak.
8 nov. 2014 16:21:42 org.apache.catalina.loader.WebappClassLoader clearThreadLocalMap
GRAVE: The web application [/xtf] created a ThreadLocal with key of type [java.lang.ThreadLocal] (value [java.lang.ThreadLocal@771fbb11]) and a value of type [org.cdlib.xtf.util.PackedByteBuf.CompressInfo] (value [org.cdlib.xtf.util.PackedByteBuf$CompressInfo@3ebeb9f0]) but failed to remove it when the web application was stopped. This is very likely to create a memory leak.
8 nov. 2014 16:21:42 org.apache.catalina.loader.WebappClassLoader clearThreadLocalMap
GRAVE: The web application [/xtf] created a ThreadLocal with key of type [java.lang.ThreadLocal] (value [java.lang.ThreadLocal@5ba15bbe]) and a value of type [org.cdlib.xtf.dynaXML.DynaXML] (value [org.cdlib.xtf.dynaXML.DynaXML@3e8e45f1]) but failed to remove it when the web application was stopped. This is very likely to create a memory leak.
8 nov. 2014 16:21:42 org.apache.catalina.loader.WebappClassLoader clearThreadLocalMap
GRAVE: The web application [/xtf] created a ThreadLocal with key of type [java.lang.ThreadLocal] (value [java.lang.ThreadLocal@6e91f14c]) and a value of type [org.cdlib.xtf.servletBase.TextServlet.RequestWrapper] (value [org.cdlib.xtf.servletBase.TextServlet$RequestWrapper@19bf3ae7]) but failed to remove it when the web application was stopped. This is very likely to create a memory leak.
8 nov. 2014 16:21:42 org.apache.catalina.loader.WebappClassLoader clearThreadLocalMap
GRAVE: The web application [/xtf] created a ThreadLocal with key of type [java.lang.ThreadLocal] (value [java.lang.ThreadLocal@771fbb11]) and a value of type [org.cdlib.xtf.util.PackedByteBuf.CompressInfo] (value [org.cdlib.xtf.util.PackedByteBuf$CompressInfo@59b420e5]) but failed to remove it when the web application was stopped. This is very likely to create a memory leak.
8 nov. 2014 16:21:42 org.apache.catalina.loader.WebappClassLoader clearThreadLocalMap
GRAVE: The web application [/xtf] created a ThreadLocal with key of type [java.lang.ThreadLocal] (value [java.lang.ThreadLocal@5ba15bbe]) and a value of type [org.cdlib.xtf.dynaXML.DynaXML] (value [org.cdlib.xtf.dynaXML.DynaXML@3e8e45f1]) but failed to remove it when the web application was stopped. This is very likely to create a memory leak.
8 nov. 2014 16:21:42 org.apache.catalina.loader.WebappClassLoader clearThreadLocalMap
GRAVE: The web application [/xtf] created a ThreadLocal with key of type [java.lang.ThreadLocal] (value [java.lang.ThreadLocal@6e91f14c]) and a value of type [org.cdlib.xtf.servletBase.TextServlet.RequestWrapper] (value [org.cdlib.xtf.servletBase.TextServlet$RequestWrapper@40dbc865]) but failed to remove it when the web application was stopped. This is very likely to create a memory leak.
8 nov. 2014 16:21:42 org.apache.catalina.loader.WebappClassLoader clearThreadLocalMap
GRAVE: The web application [/xtf] created a ThreadLocal with key of type [java.lang.ThreadLocal] (value [java.lang.ThreadLocal@1d418027]) and a value of type [org.apache.lucene.index.SegmentTermEnum] (value [org.apache.lucene.index.SegmentTermEnum@37448f72]) but failed to remove it when the web application was stopped. This is very likely to create a memory leak.
8 nov. 2014 16:21:42 org.apache.catalina.loader.WebappClassLoader clearThreadLocalMap
GRAVE: The web application [/xtf] created a ThreadLocal with key of type [java.lang.ThreadLocal] (value [java.lang.ThreadLocal@771fbb11]) and a value of type [org.cdlib.xtf.util.PackedByteBuf.CompressInfo] (value [org.cdlib.xtf.util.PackedByteBuf$CompressInfo@7625a1b6]) but failed to remove it when the web application was stopped. This is very likely to create a memory leak.
8 nov. 2014 16:21:42 org.apache.catalina.loader.WebappClassLoader clearThreadLocalMap
GRAVE: The web application [/xtf] created a ThreadLocal with key of type [java.lang.ThreadLocal] (value [java.lang.ThreadLocal@5ba15bbe]) and a value of type [org.cdlib.xtf.dynaXML.DynaXML] (value [org.cdlib.xtf.dynaXML.DynaXML@3e8e45f1]) but failed to remove it when the web application was stopped. This is very likely to create a memory leak.
8 nov. 2014 16:21:42 org.apache.catalina.loader.WebappClassLoader clearThreadLocalMap
GRAVE: The web application [/xtf] created a ThreadLocal with key of type [java.lang.ThreadLocal] (value [java.lang.ThreadLocal@6e91f14c]) and a value of type [org.cdlib.xtf.servletBase.TextServlet.RequestWrapper] (value [org.cdlib.xtf.servletBase.TextServlet$RequestWrapper@209bf053]) but failed to remove it when the web application was stopped. This is very likely to create a memory leak.
8 nov. 2014 16:21:43 org.apache.catalina.loader.WebappClassLoader clearThreadLocalMap
GRAVE: The web application [/xtf] created a ThreadLocal with key of type [java.lang.ThreadLocal] (value [java.lang.ThreadLocal@771fbb11]) and a value of type [org.cdlib.xtf.util.PackedByteBuf.CompressInfo] (value [org.cdlib.xtf.util.PackedByteBuf$CompressInfo@20ec1de7]) but failed to remove it when the web application was stopped. This is very likely to create a memory leak.
8 nov. 2014 16:21:43 org.apache.catalina.loader.WebappClassLoader clearThreadLocalMap
GRAVE: The web application [/xtf] created a ThreadLocal with key of type [java.lang.ThreadLocal] (value [java.lang.ThreadLocal@5ba15bbe]) and a value of type [org.cdlib.xtf.dynaXML.DynaXML] (value [org.cdlib.xtf.dynaXML.DynaXML@3e8e45f1]) but failed to remove it when the web application was stopped. This is very likely to create a memory leak.
8 nov. 2014 16:21:43 org.apache.catalina.loader.WebappClassLoader clearThreadLocalMap
GRAVE: The web application [/xtf] created a ThreadLocal with key of type [java.lang.ThreadLocal] (value [java.lang.ThreadLocal@6e91f14c]) and a value of type [org.cdlib.xtf.servletBase.TextServlet.RequestWrapper] (value [org.cdlib.xtf.servletBase.TextServlet$RequestWrapper@707d1a1e]) but failed to remove it when the web application was stopped. This is very likely to create a memory leak.
8 nov. 2014 16:21:43 org.apache.catalina.loader.WebappClassLoader clearThreadLocalMap
GRAVE: The web application [/xtf] created a ThreadLocal with key of type [java.lang.ThreadLocal] (value [java.lang.ThreadLocal@771fbb11]) and a value of type [org.cdlib.xtf.util.PackedByteBuf.CompressInfo] (value [org.cdlib.xtf.util.PackedByteBuf$CompressInfo@253de144]) but failed to remove it when the web application was stopped. This is very likely to create a memory leak.
8 nov. 2014 16:21:43 org.apache.catalina.loader.WebappClassLoader clearThreadLocalMap
GRAVE: The web application [/xtf] created a ThreadLocal with key of type [java.lang.ThreadLocal] (value [java.lang.ThreadLocal@5ba15bbe]) and a value of type [org.cdlib.xtf.dynaXML.DynaXML] (value [org.cdlib.xtf.dynaXML.DynaXML@3e8e45f1]) but failed to remove it when the web application was stopped. This is very likely to create a memory leak.
8 nov. 2014 16:21:43 org.apache.catalina.loader.WebappClassLoader clearThreadLocalMap
GRAVE: The web application [/xtf] created a ThreadLocal with key of type [java.lang.ThreadLocal] (value [java.lang.ThreadLocal@6e91f14c]) and a value of type [org.cdlib.xtf.servletBase.TextServlet.RequestWrapper] (value [org.cdlib.xtf.servletBase.TextServlet$RequestWrapper@1904a76]) but failed to remove it when the web application was stopped. This is very likely to create a memory leak.
8 nov. 2014 16:21:43 org.apache.catalina.loader.WebappClassLoader clearThreadLocalMap
GRAVE: The web application [/xtf] created a ThreadLocal with key of type [java.lang.ThreadLocal] (value [java.lang.ThreadLocal@771fbb11]) and a value of type [org.cdlib.xtf.util.PackedByteBuf.CompressInfo] (value [org.cdlib.xtf.util.PackedByteBuf$CompressInfo@280889c7]) but failed to remove it when the web application was stopped. This is very likely to create a memory leak.
8 nov. 2014 16:21:43 org.apache.catalina.loader.WebappClassLoader clearThreadLocalMap
GRAVE: The web application [/xtf] created a ThreadLocal with key of type [java.lang.ThreadLocal] (value [java.lang.ThreadLocal@5ba15bbe]) and a value of type [org.cdlib.xtf.dynaXML.DynaXML] (value [org.cdlib.xtf.dynaXML.DynaXML@3e8e45f1]) but failed to remove it when the web application was stopped. This is very likely to create a memory leak.
8 nov. 2014 16:21:43 org.apache.catalina.loader.WebappClassLoader clearThreadLocalMap
GRAVE: The web application [/xtf] created a ThreadLocal with key of type [java.lang.ThreadLocal] (value [java.lang.ThreadLocal@6e91f14c]) and a value of type [org.cdlib.xtf.servletBase.TextServlet.RequestWrapper] (value [org.cdlib.xtf.servletBase.TextServlet$RequestWrapper@40dedc45]) but failed to remove it when the web application was stopped. This is very likely to create a memory leak.
8 nov. 2014 16:21:43 org.apache.catalina.startup.HostConfig undeployApps
ATTENTION: Error while removing context [/xtf]
java.util.ConcurrentModificationException
	at java.util.HashMap$HashIterator.nextEntry(HashMap.java:793)
	at java.util.HashMap$EntryIterator.next(HashMap.java:834)
	at java.util.HashMap$EntryIterator.next(HashMap.java:832)
	at java.util.HashMap.putAllForCreate(HashMap.java:435)
	at java.util.HashMap.clone(HashMap.java:669)
	at org.apache.catalina.loader.WebappClassLoader.clearReferencesStaticFinal(WebappClassLoader.java:1987)
	at org.apache.catalina.loader.WebappClassLoader.clearReferences(WebappClassLoader.java:1894)
	at org.apache.catalina.loader.WebappClassLoader.stop(WebappClassLoader.java:1798)
	at org.apache.catalina.loader.WebappLoader.stop(WebappLoader.java:738)
	at org.apache.catalina.core.StandardContext.stop(StandardContext.java:4812)
	at org.apache.catalina.core.ContainerBase.removeChild(ContainerBase.java:924)
	at org.apache.catalina.startup.HostConfig.undeployApps(HostConfig.java:1319)
	at org.apache.catalina.startup.HostConfig.stop(HostConfig.java:1290)
	at org.apache.catalina.startup.HostConfig.lifecycleEvent(HostConfig.java:323)
	at org.apache.catalina.util.LifecycleSupport.fireLifecycleEvent(LifecycleSupport.java:119)
	at org.apache.catalina.core.ContainerBase.stop(ContainerBase.java:1086)
	at org.apache.catalina.core.ContainerBase.stop(ContainerBase.java:1098)
	at org.apache.catalina.core.StandardEngine.stop(StandardEngine.java:450)
	at org.apache.catalina.core.StandardService.stop(StandardService.java:587)
	at org.apache.catalina.core.StandardServer.stop(StandardServer.java:744)
	at org.apache.catalina.startup.Catalina.stop(Catalina.java:648)
	at org.apache.catalina.startup.Catalina$CatalinaShutdownHook.run(Catalina.java:692)
8 nov. 2014 16:21:48 org.apache.coyote.http11.Http11Protocol destroy
INFO: Arrêt de Coyote HTTP/1.1 sur http-8080
8 nov. 2014 16:23:39 org.apache.catalina.core.AprLifecycleListener init
INFO: The APR based Apache Tomcat Native library which allows optimal performance in production environments was not found on the java.library.path: .:/Library/Java/Extensions:/System/Library/Java/Extensions:/usr/lib/java
8 nov. 2014 16:23:39 org.apache.coyote.http11.Http11Protocol init
INFO: Initialisation de Coyote HTTP/1.1 sur http-8080
8 nov. 2014 16:23:39 org.apache.catalina.startup.Catalina load
INFO: Initialization processed in 722 ms
8 nov. 2014 16:23:39 org.apache.catalina.core.StandardService start
INFO: Démarrage du service Catalina
8 nov. 2014 16:23:39 org.apache.catalina.core.StandardEngine start
INFO: Starting Servlet Engine: Apache Tomcat/6.0.29
8 nov. 2014 16:23:39 org.apache.catalina.startup.HostConfig deployDescriptor
INFO: Déploiement du descripteur de configuration host-manager.xml
8 nov. 2014 16:23:39 org.apache.catalina.startup.HostConfig deployDescriptor
INFO: Déploiement du descripteur de configuration manager.xml
8 nov. 2014 16:23:39 org.apache.catalina.startup.HostConfig deployDirectory
INFO: Déploiement du répertoire docs de l'application web
8 nov. 2014 16:23:40 org.apache.catalina.startup.HostConfig deployDirectory
INFO: Déploiement du répertoire examples de l'application web
8 nov. 2014 16:23:40 org.apache.catalina.startup.HostConfig deployDirectory
INFO: Déploiement du répertoire ROOT de l'application web
8 nov. 2014 16:23:40 org.apache.catalina.startup.HostConfig deployDirectory
INFO: Déploiement du répertoire xtf de l'application web
8 nov. 2014 16:23:40 org.apache.coyote.http11.Http11Protocol start
INFO: Démarrage de Coyote HTTP/1.1 sur http-8080
8 nov. 2014 16:23:40 org.apache.jk.common.ChannelSocket init
INFO: JK: ajp13 listening on /0.0.0.0:8009
8 nov. 2014 16:23:40 org.apache.jk.server.JkMain start
INFO: Jk running ID=0 time=0/46  config=null
8 nov. 2014 16:23:40 org.apache.catalina.startup.Catalina start
INFO: Server startup in 1523 ms
8 nov. 2014 17:15:42 org.apache.coyote.http11.Http11Protocol pause
INFO: Suspension de Coyote HTTP/1.1 sur http-8080
8 nov. 2014 17:15:43 org.apache.catalina.core.StandardService stop
INFO: Arrêt du service Catalina
8 nov. 2014 17:15:43 org.apache.catalina.loader.WebappClassLoader clearThreadLocalMap
GRAVE: The web application [/xtf] created a ThreadLocal with key of type [java.lang.ThreadLocal] (value [java.lang.ThreadLocal@292662df]) and a value of type [org.cdlib.xtf.util.PackedByteBuf.CompressInfo] (value [org.cdlib.xtf.util.PackedByteBuf$CompressInfo@17253394]) but failed to remove it when the web application was stopped. This is very likely to create a memory leak.
8 nov. 2014 17:15:43 org.apache.catalina.loader.WebappClassLoader clearThreadLocalMap
GRAVE: The web application [/xtf] created a ThreadLocal with key of type [java.lang.ThreadLocal] (value [java.lang.ThreadLocal@292662df]) and a value of type [org.cdlib.xtf.util.PackedByteBuf.CompressInfo] (value [org.cdlib.xtf.util.PackedByteBuf$CompressInfo@b5d456b]) but failed to remove it when the web application was stopped. This is very likely to create a memory leak.
8 nov. 2014 17:15:43 org.apache.catalina.loader.WebappClassLoader clearThreadLocalMap
GRAVE: The web application [/xtf] created a ThreadLocal with key of type [java.lang.ThreadLocal] (value [java.lang.ThreadLocal@292662df]) and a value of type [org.cdlib.xtf.util.PackedByteBuf.CompressInfo] (value [org.cdlib.xtf.util.PackedByteBuf$CompressInfo@187879a1]) but failed to remove it when the web application was stopped. This is very likely to create a memory leak.
8 nov. 2014 17:15:43 org.apache.catalina.loader.WebappClassLoader clearThreadLocalMap
GRAVE: The web application [/xtf] created a ThreadLocal with key of type [java.lang.ThreadLocal] (value [java.lang.ThreadLocal@292662df]) and a value of type [org.cdlib.xtf.util.PackedByteBuf.CompressInfo] (value [org.cdlib.xtf.util.PackedByteBuf$CompressInfo@d794594]) but failed to remove it when the web application was stopped. This is very likely to create a memory leak.
8 nov. 2014 17:15:44 org.apache.coyote.http11.Http11Protocol destroy
INFO: Arrêt de Coyote HTTP/1.1 sur http-8080
