févr. 02, 2022 1:40:45 PM org.apache.coyote.http11.Http11Protocol pause
INFOS: Suspension de Coyote HTTP/1.1 sur http-8080
févr. 02, 2022 1:40:46 PM org.apache.catalina.core.StandardService stop
INFOS: Arrêt du service Catalina
févr. 02, 2022 1:40:46 PM org.apache.catalina.loader.WebappClassLoader clearThreadLocalMap
GRAVE: The web application [/xtf] created a ThreadLocal with key of type [java.lang.ThreadLocal] (value [java.lang.ThreadLocal@3089053]) and a value of type [org.cdlib.xtf.util.PackedByteBuf.CompressInfo] (value [org.cdlib.xtf.util.PackedByteBuf$CompressInfo@30594590]) but failed to remove it when the web application was stopped. This is very likely to create a memory leak.
févr. 02, 2022 1:40:46 PM org.apache.catalina.loader.WebappClassLoader clearThreadLocalMap
GRAVE: The web application [/xtf] created a ThreadLocal with key of type [java.lang.ThreadLocal] (value [java.lang.ThreadLocal@3089053]) and a value of type [org.cdlib.xtf.util.PackedByteBuf.CompressInfo] (value [org.cdlib.xtf.util.PackedByteBuf$CompressInfo@2b84575e]) but failed to remove it when the web application was stopped. This is very likely to create a memory leak.
févr. 02, 2022 1:40:46 PM org.apache.catalina.loader.WebappClassLoader clearThreadLocalMap
GRAVE: The web application [/xtf] created a ThreadLocal with key of type [java.lang.ThreadLocal] (value [java.lang.ThreadLocal@3089053]) and a value of type [org.cdlib.xtf.util.PackedByteBuf.CompressInfo] (value [org.cdlib.xtf.util.PackedByteBuf$CompressInfo@34d4bccd]) but failed to remove it when the web application was stopped. This is very likely to create a memory leak.
févr. 02, 2022 1:40:46 PM org.apache.catalina.loader.WebappClassLoader clearThreadLocalMap
GRAVE: The web application [/xtf] created a ThreadLocal with key of type [java.lang.ThreadLocal] (value [java.lang.ThreadLocal@3089053]) and a value of type [org.cdlib.xtf.util.PackedByteBuf.CompressInfo] (value [org.cdlib.xtf.util.PackedByteBuf$CompressInfo@4b476018]) but failed to remove it when the web application was stopped. This is very likely to create a memory leak.
févr. 02, 2022 1:40:46 PM org.apache.catalina.loader.WebappClassLoader clearThreadLocalMap
GRAVE: The web application [/xtf] created a ThreadLocal with key of type [java.lang.ThreadLocal] (value [java.lang.ThreadLocal@3089053]) and a value of type [org.cdlib.xtf.util.PackedByteBuf.CompressInfo] (value [org.cdlib.xtf.util.PackedByteBuf$CompressInfo@31c8d925]) but failed to remove it when the web application was stopped. This is very likely to create a memory leak.
févr. 02, 2022 1:40:46 PM org.apache.coyote.http11.Http11Protocol destroy
INFOS: Arrêt de Coyote HTTP/1.1 sur http-8080
févr. 02, 2022 9:03:37 PM org.apache.catalina.core.AprLifecycleListener init
INFOS: The APR based Apache Tomcat Native library which allows optimal performance in production environments was not found on the java.library.path: /Users/christophe/Library/Java/Extensions:/Library/Java/Extensions:/Network/Library/Java/Extensions:/System/Library/Java/Extensions:/usr/lib/java:.
févr. 02, 2022 9:03:38 PM org.apache.coyote.http11.Http11Protocol init
INFOS: Initialisation de Coyote HTTP/1.1 sur http-8080
févr. 02, 2022 9:03:38 PM org.apache.catalina.startup.Catalina load
INFOS: Initialization processed in 691 ms
févr. 02, 2022 9:03:38 PM org.apache.catalina.core.StandardService start
INFOS: Démarrage du service Catalina
févr. 02, 2022 9:03:38 PM org.apache.catalina.core.StandardEngine start
INFOS: Starting Servlet Engine: Apache Tomcat/6.0.29
févr. 02, 2022 9:03:38 PM org.apache.catalina.startup.HostConfig deployDescriptor
INFOS: Déploiement du descripteur de configuration host-manager.xml
févr. 02, 2022 9:03:38 PM org.apache.catalina.startup.HostConfig deployDescriptor
INFOS: Déploiement du descripteur de configuration manager.xml
févr. 02, 2022 9:03:38 PM org.apache.catalina.startup.HostConfig deployDirectory
INFOS: Déploiement du répertoire xtf de l'application web
févr. 02, 2022 9:03:38 PM org.apache.catalina.startup.HostConfig deployDirectory
INFOS: Déploiement du répertoire docs de l'application web
févr. 02, 2022 9:03:38 PM org.apache.catalina.startup.HostConfig deployDirectory
INFOS: Déploiement du répertoire examples de l'application web
févr. 02, 2022 9:03:38 PM org.apache.catalina.startup.HostConfig deployDirectory
INFOS: Déploiement du répertoire ROOT de l'application web
févr. 02, 2022 9:03:38 PM org.apache.coyote.http11.Http11Protocol start
INFOS: Démarrage de Coyote HTTP/1.1 sur http-8080
févr. 02, 2022 9:03:38 PM org.apache.jk.common.ChannelSocket init
INFOS: JK: ajp13 listening on /0.0.0.0:8009
févr. 02, 2022 9:03:38 PM org.apache.jk.server.JkMain start
INFOS: Jk running ID=0 time=0/15  config=null
févr. 02, 2022 9:03:38 PM org.apache.catalina.startup.Catalina start
INFOS: Server startup in 459 ms
