6 nov. 2014 11:39:14 org.apache.catalina.core.AprLifecycleListener init
INFO: The APR based Apache Tomcat Native library which allows optimal performance in production environments was not found on the java.library.path: I:\vaio_disque_dur\Users\Christophe\Documents\Musicologie\TMG\Projet 2012\TMG\xtfWorkshop\java\jre6_win\bin;.;C:\Windows\Sun\Java\bin;C:\Windows\system32;C:\Windows;I:\vaio_disque_dur\Users\Christophe\Documents\Musicologie\TMG\Projet 2012\TMG\xtfWorkshop\java\jre6_win\bin;C:\Windows\system32;C:\Windows;C:\Windows\System32\Wbem;C:\Program Files\Common Files\Roxio Shared\9.0\DLLShared\;C:\Program Files\Common Files\DivX Shared\;C:\Windows\System32\WindowsPowerShell\v1.0\;C:\Program Files\QuickTime\QTSystem\
6 nov. 2014 11:39:15 org.apache.coyote.http11.Http11Protocol init
INFO: Initialisation de Coyote HTTP/1.1 sur http-8080
6 nov. 2014 11:39:15 org.apache.catalina.startup.Catalina load
INFO: Initialization processed in 3177 ms
6 nov. 2014 11:39:16 org.apache.catalina.core.StandardService start
INFO: DÈmarrage du service Catalina
6 nov. 2014 11:39:16 org.apache.catalina.core.StandardEngine start
INFO: Starting Servlet Engine: Apache Tomcat/6.0.29
6 nov. 2014 11:39:16 org.apache.catalina.startup.HostConfig deployDescriptor
INFO: DÈploiement du descripteur de configuration host-manager.xml
6 nov. 2014 11:39:17 org.apache.catalina.startup.HostConfig deployDescriptor
INFO: DÈploiement du descripteur de configuration manager.xml
6 nov. 2014 11:39:18 org.apache.catalina.startup.HostConfig deployDirectory
INFO: DÈploiement du rÈpertoire docs de l'application web
6 nov. 2014 11:39:18 org.apache.catalina.startup.HostConfig deployDirectory
INFO: DÈploiement du rÈpertoire examples de l'application web
6 nov. 2014 11:39:18 org.apache.catalina.startup.HostConfig deployDirectory
INFO: DÈploiement du rÈpertoire ROOT de l'application web
6 nov. 2014 11:39:18 org.apache.catalina.startup.HostConfig deployDirectory
INFO: DÈploiement du rÈpertoire xtf de l'application web
6 nov. 2014 11:39:19 org.apache.coyote.http11.Http11Protocol start
INFO: DÈmarrage de Coyote HTTP/1.1 sur http-8080
6 nov. 2014 11:39:20 org.apache.jk.common.ChannelSocket init
INFO: JK: ajp13 listening on /0.0.0.0:8009
6 nov. 2014 11:39:20 org.apache.jk.server.JkMain start
INFO: Jk running ID=0 time=0/119  config=null
6 nov. 2014 11:39:20 org.apache.catalina.startup.Catalina start
INFO: Server startup in 4442 ms
6 nov. 2014 23:26:52 org.apache.catalina.core.AprLifecycleListener init
INFO: The APR based Apache Tomcat Native library which allows optimal performance in production environments was not found on the java.library.path: .:/Library/Java/Extensions:/System/Library/Java/Extensions:/usr/lib/java
6 nov. 2014 23:26:53 org.apache.coyote.http11.Http11Protocol init
INFO: Initialisation de Coyote HTTP/1.1 sur http-8080
6 nov. 2014 23:26:53 org.apache.catalina.startup.Catalina load
INFO: Initialization processed in 951 ms
6 nov. 2014 23:26:53 org.apache.catalina.core.StandardService start
INFO: Démarrage du service Catalina
6 nov. 2014 23:26:53 org.apache.catalina.core.StandardEngine start
INFO: Starting Servlet Engine: Apache Tomcat/6.0.29
6 nov. 2014 23:26:53 org.apache.catalina.startup.HostConfig deployDescriptor
INFO: Déploiement du descripteur de configuration host-manager.xml
6 nov. 2014 23:26:53 org.apache.catalina.startup.HostConfig deployDescriptor
INFO: Déploiement du descripteur de configuration manager.xml
6 nov. 2014 23:26:53 org.apache.catalina.startup.HostConfig deployDirectory
INFO: Déploiement du répertoire docs de l'application web
6 nov. 2014 23:26:53 org.apache.catalina.startup.HostConfig deployDirectory
INFO: Déploiement du répertoire examples de l'application web
6 nov. 2014 23:26:54 org.apache.catalina.startup.HostConfig deployDirectory
INFO: Déploiement du répertoire ROOT de l'application web
6 nov. 2014 23:26:54 org.apache.catalina.startup.HostConfig deployDirectory
INFO: Déploiement du répertoire xtf de l'application web
6 nov. 2014 23:26:55 org.apache.coyote.http11.Http11Protocol start
INFO: Démarrage de Coyote HTTP/1.1 sur http-8080
6 nov. 2014 23:26:55 org.apache.jk.common.ChannelSocket init
INFO: JK: ajp13 listening on /0.0.0.0:8009
6 nov. 2014 23:26:55 org.apache.jk.server.JkMain start
INFO: Jk running ID=0 time=0/54  config=null
6 nov. 2014 23:26:55 org.apache.catalina.startup.Catalina start
INFO: Server startup in 2831 ms
6 nov. 2014 23:32:06 org.apache.coyote.http11.Http11Protocol pause
INFO: Suspension de Coyote HTTP/1.1 sur http-8080
6 nov. 2014 23:32:07 org.apache.catalina.core.StandardService stop
INFO: Arrêt du service Catalina
6 nov. 2014 23:32:08 org.apache.catalina.loader.WebappClassLoader clearThreadLocalMap
GRAVE: The web application [/xtf] created a ThreadLocal with key of type [java.lang.ThreadLocal] (value [java.lang.ThreadLocal@3faa7a6a]) and a value of type [org.cdlib.xtf.util.PackedByteBuf.CompressInfo] (value [org.cdlib.xtf.util.PackedByteBuf$CompressInfo@514ae5cd]) but failed to remove it when the web application was stopped. This is very likely to create a memory leak.
6 nov. 2014 23:32:08 org.apache.catalina.loader.WebappClassLoader clearThreadLocalMap
GRAVE: The web application [/xtf] created a ThreadLocal with key of type [java.lang.ThreadLocal] (value [java.lang.ThreadLocal@3faa7a6a]) and a value of type [org.cdlib.xtf.util.PackedByteBuf.CompressInfo] (value [org.cdlib.xtf.util.PackedByteBuf$CompressInfo@c351f6d]) but failed to remove it when the web application was stopped. This is very likely to create a memory leak.
6 nov. 2014 23:32:08 org.apache.catalina.loader.WebappClassLoader clearThreadLocalMap
GRAVE: The web application [/xtf] created a ThreadLocal with key of type [java.lang.ThreadLocal] (value [java.lang.ThreadLocal@3faa7a6a]) and a value of type [org.cdlib.xtf.util.PackedByteBuf.CompressInfo] (value [org.cdlib.xtf.util.PackedByteBuf$CompressInfo@73a2335d]) but failed to remove it when the web application was stopped. This is very likely to create a memory leak.
6 nov. 2014 23:32:08 org.apache.catalina.loader.WebappClassLoader clearThreadLocalMap
GRAVE: The web application [/xtf] created a ThreadLocal with key of type [java.lang.ThreadLocal] (value [java.lang.ThreadLocal@3faa7a6a]) and a value of type [org.cdlib.xtf.util.PackedByteBuf.CompressInfo] (value [org.cdlib.xtf.util.PackedByteBuf$CompressInfo@1dda59fa]) but failed to remove it when the web application was stopped. This is very likely to create a memory leak.
6 nov. 2014 23:32:09 org.apache.coyote.http11.Http11Protocol destroy
INFO: Arrêt de Coyote HTTP/1.1 sur http-8080
