nov. 20, 2015 9:15:54 AM org.apache.catalina.core.AprLifecycleListener init
INFOS: The APR based Apache Tomcat Native library which allows optimal performance in production environments was not found on the java.library.path: /Users/tmg/Library/Java/Extensions:/Library/Java/Extensions:/Network/Library/Java/Extensions:/System/Library/Java/Extensions:/usr/lib/java:.
nov. 20, 2015 9:15:57 AM org.apache.coyote.http11.Http11Protocol init
INFOS: Initialisation de Coyote HTTP/1.1 sur http-8080
nov. 20, 2015 9:15:57 AM org.apache.catalina.startup.Catalina load
INFOS: Initialization processed in 3775 ms
nov. 20, 2015 9:15:57 AM org.apache.catalina.core.StandardService start
INFOS: D√©marrage du service Catalina
nov. 20, 2015 9:15:57 AM org.apache.catalina.core.StandardEngine start
INFOS: Starting Servlet Engine: Apache Tomcat/6.0.29
nov. 20, 2015 9:15:57 AM org.apache.catalina.startup.HostConfig deployDescriptor
INFOS: D√©ploiement du descripteur de configuration host-manager.xml
nov. 20, 2015 9:15:59 AM org.apache.catalina.startup.HostConfig deployDescriptor
INFOS: D√©ploiement du descripteur de configuration manager.xml
nov. 20, 2015 9:15:59 AM org.apache.catalina.startup.HostConfig deployDirectory
INFOS: D√©ploiement du r√©pertoire docs de l'application web
nov. 20, 2015 9:15:59 AM org.apache.catalina.startup.HostConfig deployDirectory
INFOS: D√©ploiement du r√©pertoire examples de l'application web
nov. 20, 2015 9:15:59 AM org.apache.catalina.startup.HostConfig deployDirectory
INFOS: D√©ploiement du r√©pertoire ROOT de l'application web
nov. 20, 2015 9:15:59 AM org.apache.catalina.startup.HostConfig deployDirectory
INFOS: D√©ploiement du r√©pertoire xtf de l'application web
nov. 20, 2015 9:16:00 AM org.apache.coyote.http11.Http11Protocol start
INFOS: D√©marrage de Coyote HTTP/1.1 sur http-8080
nov. 20, 2015 9:16:00 AM org.apache.jk.common.ChannelSocket init
INFOS: JK: ajp13 listening on /0.0.0.0:8009
nov. 20, 2015 9:16:00 AM org.apache.jk.server.JkMain start
INFOS: Jk running ID=0 time=0/51  config=null
nov. 20, 2015 9:16:00 AM org.apache.catalina.startup.Catalina start
INFOS: Server startup in 2526 ms
nov. 20, 2015 11:34:50 AM org.apache.coyote.http11.Http11Protocol pause
INFOS: Suspension de Coyote HTTP/1.1 sur http-8080
nov. 20, 2015 11:34:51 AM org.apache.catalina.core.StandardService stop
INFOS: Arr√™t du service Catalina
nov. 20, 2015 11:34:52 AM org.apache.catalina.loader.WebappClassLoader clearThreadLocalMap
GRAVE: The web application [/xtf] created a ThreadLocal with key of type [java.lang.ThreadLocal] (value [java.lang.ThreadLocal@1291a153]) and a value of type [org.cdlib.xtf.util.PackedByteBuf.CompressInfo] (value [org.cdlib.xtf.util.PackedByteBuf$CompressInfo@3bc5e3bd]) but failed to remove it when the web application was stopped. This is very likely to create a memory leak.
nov. 20, 2015 11:34:52 AM org.apache.catalina.loader.WebappClassLoader clearThreadLocalMap
GRAVE: The web application [/xtf] created a ThreadLocal with key of type [null] (value [null]) and a value of type [org.apache.lucene.index.SegmentTermEnum] (value [org.apache.lucene.index.SegmentTermEnum@3ee6356d]) but failed to remove it when the web application was stopped. This is very likely to create a memory leak.
nov. 20, 2015 11:34:52 AM org.apache.catalina.loader.WebappClassLoader clearThreadLocalMap
GRAVE: The web application [/xtf] created a ThreadLocal with key of type [null] (value [null]) and a value of type [org.apache.lucene.index.SegmentTermEnum] (value [org.apache.lucene.index.SegmentTermEnum@42388e35]) but failed to remove it when the web application was stopped. This is very likely to create a memory leak.
nov. 20, 2015 11:34:52 AM org.apache.catalina.loader.WebappClassLoader clearThreadLocalMap
GRAVE: The web application [/xtf] created a ThreadLocal with key of type [null] (value [null]) and a value of type [org.apache.lucene.index.SegmentTermEnum] (value [org.apache.lucene.index.SegmentTermEnum@6c572517]) but failed to remove it when the web application was stopped. This is very likely to create a memory leak.
nov. 20, 2015 11:34:52 AM org.apache.catalina.loader.WebappClassLoader clearThreadLocalMap
GRAVE: The web application [/xtf] created a ThreadLocal with key of type [java.lang.ThreadLocal] (value [java.lang.ThreadLocal@1291a153]) and a value of type [org.cdlib.xtf.util.PackedByteBuf.CompressInfo] (value [org.cdlib.xtf.util.PackedByteBuf$CompressInfo@789beb2b]) but failed to remove it when the web application was stopped. This is very likely to create a memory leak.
nov. 20, 2015 11:34:52 AM org.apache.catalina.loader.WebappClassLoader clearThreadLocalMap
GRAVE: The web application [/xtf] created a ThreadLocal with key of type [null] (value [null]) and a value of type [org.apache.lucene.index.SegmentTermEnum] (value [org.apache.lucene.index.SegmentTermEnum@7759e408]) but failed to remove it when the web application was stopped. This is very likely to create a memory leak.
nov. 20, 2015 11:34:52 AM org.apache.catalina.loader.WebappClassLoader clearThreadLocalMap
GRAVE: The web application [/xtf] created a ThreadLocal with key of type [null] (value [null]) and a value of type [org.apache.lucene.index.SegmentTermEnum] (value [org.apache.lucene.index.SegmentTermEnum@711685f0]) but failed to remove it when the web application was stopped. This is very likely to create a memory leak.
nov. 20, 2015 11:34:52 AM org.apache.catalina.loader.WebappClassLoader clearThreadLocalMap
GRAVE: The web application [/xtf] created a ThreadLocal with key of type [java.lang.ThreadLocal] (value [java.lang.ThreadLocal@1291a153]) and a value of type [org.cdlib.xtf.util.PackedByteBuf.CompressInfo] (value [org.cdlib.xtf.util.PackedByteBuf$CompressInfo@243c6958]) but failed to remove it when the web application was stopped. This is very likely to create a memory leak.
nov. 20, 2015 11:34:52 AM org.apache.catalina.loader.WebappClassLoader clearThreadLocalMap
GRAVE: The web application [/xtf] created a ThreadLocal with key of type [null] (value [null]) and a value of type [org.apache.lucene.index.SegmentTermEnum] (value [org.apache.lucene.index.SegmentTermEnum@3d91c47]) but failed to remove it when the web application was stopped. This is very likely to create a memory leak.
nov. 20, 2015 11:34:52 AM org.apache.catalina.loader.WebappClassLoader clearThreadLocalMap
GRAVE: The web application [/xtf] created a ThreadLocal with key of type [null] (value [null]) and a value of type [org.apache.lucene.index.SegmentTermEnum] (value [org.apache.lucene.index.SegmentTermEnum@3b18c190]) but failed to remove it when the web application was stopped. This is very likely to create a memory leak.
nov. 20, 2015 11:34:52 AM org.apache.catalina.loader.WebappClassLoader clearThreadLocalMap
GRAVE: The web application [/xtf] created a ThreadLocal with key of type [java.lang.ThreadLocal] (value [java.lang.ThreadLocal@1291a153]) and a value of type [org.cdlib.xtf.util.PackedByteBuf.CompressInfo] (value [org.cdlib.xtf.util.PackedByteBuf$CompressInfo@7ee4ea06]) but failed to remove it when the web application was stopped. This is very likely to create a memory leak.
nov. 20, 2015 11:34:52 AM org.apache.catalina.loader.WebappClassLoader clearThreadLocalMap
GRAVE: The web application [/xtf] created a ThreadLocal with key of type [java.lang.ThreadLocal] (value [java.lang.ThreadLocal@1291a153]) and a value of type [org.cdlib.xtf.util.PackedByteBuf.CompressInfo] (value [org.cdlib.xtf.util.PackedByteBuf$CompressInfo@39553a2b]) but failed to remove it when the web application was stopped. This is very likely to create a memory leak.
nov. 20, 2015 11:34:52 AM org.apache.catalina.loader.WebappClassLoader clearThreadLocalMap
GRAVE: The web application [/xtf] created a ThreadLocal with key of type [null] (value [null]) and a value of type [org.apache.lucene.index.SegmentTermEnum] (value [org.apache.lucene.index.SegmentTermEnum@72a53262]) but failed to remove it when the web application was stopped. This is very likely to create a memory leak.
nov. 20, 2015 11:34:52 AM org.apache.catalina.loader.WebappClassLoader clearThreadLocalMap
GRAVE: The web application [/xtf] created a ThreadLocal with key of type [null] (value [null]) and a value of type [org.apache.lucene.index.SegmentTermEnum] (value [org.apache.lucene.index.SegmentTermEnum@fcc69e7]) but failed to remove it when the web application was stopped. This is very likely to create a memory leak.
nov. 20, 2015 11:34:52 AM org.apache.coyote.http11.Http11Protocol destroy
INFOS: Arr√™t de Coyote HTTP/1.1 sur http-8080
nov. 20, 2015 11:36:11 AM org.apache.catalina.core.AprLifecycleListener init
INFOS: The APR based Apache Tomcat Native library which allows optimal performance in production environments was not found on the java.library.path: /Users/tmg/Library/Java/Extensions:/Library/Java/Extensions:/Network/Library/Java/Extensions:/System/Library/Java/Extensions:/usr/lib/java:.
nov. 20, 2015 11:36:12 AM org.apache.coyote.http11.Http11Protocol init
INFOS: Initialisation de Coyote HTTP/1.1 sur http-8080
nov. 20, 2015 11:36:12 AM org.apache.catalina.startup.Catalina load
INFOS: Initialization processed in 1997 ms
nov. 20, 2015 11:36:13 AM org.apache.catalina.core.StandardService start
INFOS: D√©marrage du service Catalina
nov. 20, 2015 11:36:13 AM org.apache.catalina.core.StandardEngine start
INFOS: Starting Servlet Engine: Apache Tomcat/6.0.29
nov. 20, 2015 11:36:13 AM org.apache.catalina.startup.HostConfig deployDescriptor
INFOS: D√©ploiement du descripteur de configuration host-manager.xml
nov. 20, 2015 11:36:13 AM org.apache.catalina.startup.HostConfig deployDescriptor
INFOS: D√©ploiement du descripteur de configuration manager.xml
nov. 20, 2015 11:36:13 AM org.apache.catalina.startup.HostConfig deployDirectory
INFOS: D√©ploiement du r√©pertoire docs de l'application web
nov. 20, 2015 11:36:13 AM org.apache.catalina.startup.HostConfig deployDirectory
INFOS: D√©ploiement du r√©pertoire examples de l'application web
nov. 20, 2015 11:36:14 AM org.apache.catalina.startup.HostConfig deployDirectory
INFOS: D√©ploiement du r√©pertoire ROOT de l'application web
nov. 20, 2015 11:36:14 AM org.apache.catalina.startup.HostConfig deployDirectory
INFOS: D√©ploiement du r√©pertoire xtf de l'application web
nov. 20, 2015 11:36:14 AM org.apache.coyote.http11.Http11Protocol start
INFOS: D√©marrage de Coyote HTTP/1.1 sur http-8080
nov. 20, 2015 11:36:15 AM org.apache.jk.common.ChannelSocket init
INFOS: JK: ajp13 listening on /0.0.0.0:8009
nov. 20, 2015 11:36:15 AM org.apache.jk.server.JkMain start
INFOS: Jk running ID=0 time=0/271  config=null
nov. 20, 2015 11:36:15 AM org.apache.catalina.startup.Catalina start
INFOS: Server startup in 2297 ms
20 nov. 2015 11:40:20 org.apache.coyote.http11.Http11Protocol pause
INFO: Suspension de Coyote HTTP/1.1 sur http-8080
20 nov. 2015 11:40:22 org.apache.catalina.core.StandardService stop
INFO: Arrêt du service Catalina
20 nov. 2015 11:40:22 org.apache.catalina.loader.WebappClassLoader clearThreadLocalMap
GRAVE: The web application [/xtf] created a ThreadLocal with key of type [java.lang.ThreadLocal] (value [java.lang.ThreadLocal@5f7a8d0]) and a value of type [org.cdlib.xtf.util.PackedByteBuf.CompressInfo] (value [org.cdlib.xtf.util.PackedByteBuf$CompressInfo@466bf2bf]) but failed to remove it when the web application was stopped. This is very likely to create a memory leak.
20 nov. 2015 11:40:22 org.apache.catalina.loader.WebappClassLoader clearThreadLocalMap
GRAVE: The web application [/xtf] created a ThreadLocal with key of type [java.lang.ThreadLocal] (value [java.lang.ThreadLocal@5f7a8d0]) and a value of type [org.cdlib.xtf.util.PackedByteBuf.CompressInfo] (value [org.cdlib.xtf.util.PackedByteBuf$CompressInfo@590dfdb7]) but failed to remove it when the web application was stopped. This is very likely to create a memory leak.
20 nov. 2015 11:40:22 org.apache.catalina.loader.WebappClassLoader clearThreadLocalMap
GRAVE: The web application [/xtf] created a ThreadLocal with key of type [java.lang.ThreadLocal] (value [java.lang.ThreadLocal@5f7a8d0]) and a value of type [org.cdlib.xtf.util.PackedByteBuf.CompressInfo] (value [org.cdlib.xtf.util.PackedByteBuf$CompressInfo@258c270e]) but failed to remove it when the web application was stopped. This is very likely to create a memory leak.
20 nov. 2015 11:40:22 org.apache.catalina.loader.WebappClassLoader clearThreadLocalMap
GRAVE: The web application [/xtf] created a ThreadLocal with key of type [null] (value [null]) and a value of type [org.apache.lucene.index.SegmentTermEnum] (value [org.apache.lucene.index.SegmentTermEnum@14581b64]) but failed to remove it when the web application was stopped. This is very likely to create a memory leak.
20 nov. 2015 11:40:22 org.apache.catalina.loader.WebappClassLoader clearThreadLocalMap
GRAVE: The web application [/xtf] created a ThreadLocal with key of type [java.lang.ThreadLocal] (value [java.lang.ThreadLocal@5f7a8d0]) and a value of type [org.cdlib.xtf.util.PackedByteBuf.CompressInfo] (value [org.cdlib.xtf.util.PackedByteBuf$CompressInfo@246e4cab]) but failed to remove it when the web application was stopped. This is very likely to create a memory leak.
20 nov. 2015 11:40:22 org.apache.catalina.loader.WebappClassLoader clearThreadLocalMap
GRAVE: The web application [/xtf] created a ThreadLocal with key of type [java.lang.ThreadLocal] (value [java.lang.ThreadLocal@5f7a8d0]) and a value of type [org.cdlib.xtf.util.PackedByteBuf.CompressInfo] (value [org.cdlib.xtf.util.PackedByteBuf$CompressInfo@456b813c]) but failed to remove it when the web application was stopped. This is very likely to create a memory leak.
20 nov. 2015 11:40:22 org.apache.catalina.loader.WebappClassLoader clearThreadLocalMap
GRAVE: The web application [/xtf] created a ThreadLocal with key of type [java.lang.ThreadLocal] (value [java.lang.ThreadLocal@5f7a8d0]) and a value of type [org.cdlib.xtf.util.PackedByteBuf.CompressInfo] (value [org.cdlib.xtf.util.PackedByteBuf$CompressInfo@14f1adbf]) but failed to remove it when the web application was stopped. This is very likely to create a memory leak.
20 nov. 2015 11:40:22 org.apache.catalina.loader.WebappClassLoader clearThreadLocalMap
GRAVE: The web application [/xtf] created a ThreadLocal with key of type [null] (value [null]) and a value of type [org.apache.lucene.index.SegmentTermEnum] (value [org.apache.lucene.index.SegmentTermEnum@6c5e157]) but failed to remove it when the web application was stopped. This is very likely to create a memory leak.
20 nov. 2015 11:40:22 org.apache.catalina.loader.WebappClassLoader clearThreadLocalMap
GRAVE: The web application [/xtf] created a ThreadLocal with key of type [java.lang.ThreadLocal] (value [java.lang.ThreadLocal@5f7a8d0]) and a value of type [org.cdlib.xtf.util.PackedByteBuf.CompressInfo] (value [org.cdlib.xtf.util.PackedByteBuf$CompressInfo@294d1a3a]) but failed to remove it when the web application was stopped. This is very likely to create a memory leak.
20 nov. 2015 11:40:22 org.apache.catalina.loader.WebappClassLoader clearThreadLocalMap
GRAVE: The web application [/xtf] created a ThreadLocal with key of type [java.lang.ThreadLocal] (value [java.lang.ThreadLocal@5f7a8d0]) and a value of type [org.cdlib.xtf.util.PackedByteBuf.CompressInfo] (value [org.cdlib.xtf.util.PackedByteBuf$CompressInfo@4f4eb05]) but failed to remove it when the web application was stopped. This is very likely to create a memory leak.
20 nov. 2015 11:40:23 org.apache.coyote.http11.Http11Protocol destroy
INFO: Arrêt de Coyote HTTP/1.1 sur http-8080
nov. 20, 2015 11:48:50 AM org.apache.catalina.core.AprLifecycleListener init
INFOS: The APR based Apache Tomcat Native library which allows optimal performance in production environments was not found on the java.library.path: /Users/tmg/Library/Java/Extensions:/Library/Java/Extensions:/Network/Library/Java/Extensions:/System/Library/Java/Extensions:/usr/lib/java:.
nov. 20, 2015 11:48:50 AM org.apache.coyote.http11.Http11Protocol init
INFOS: Initialisation de Coyote HTTP/1.1 sur http-8080
nov. 20, 2015 11:48:50 AM org.apache.catalina.startup.Catalina load
INFOS: Initialization processed in 458 ms
nov. 20, 2015 11:48:50 AM org.apache.catalina.core.StandardService start
INFOS: D√©marrage du service Catalina
nov. 20, 2015 11:48:50 AM org.apache.catalina.core.StandardEngine start
INFOS: Starting Servlet Engine: Apache Tomcat/6.0.29
nov. 20, 2015 11:48:50 AM org.apache.catalina.startup.HostConfig deployDescriptor
INFOS: D√©ploiement du descripteur de configuration host-manager.xml
nov. 20, 2015 11:48:50 AM org.apache.catalina.startup.HostConfig deployDescriptor
INFOS: D√©ploiement du descripteur de configuration manager.xml
nov. 20, 2015 11:48:50 AM org.apache.catalina.startup.HostConfig deployDirectory
INFOS: D√©ploiement du r√©pertoire docs de l'application web
nov. 20, 2015 11:48:51 AM org.apache.catalina.startup.HostConfig deployDirectory
INFOS: D√©ploiement du r√©pertoire examples de l'application web
nov. 20, 2015 11:48:51 AM org.apache.catalina.startup.HostConfig deployDirectory
INFOS: D√©ploiement du r√©pertoire ROOT de l'application web
nov. 20, 2015 11:48:51 AM org.apache.catalina.startup.HostConfig deployDirectory
INFOS: D√©ploiement du r√©pertoire xtf de l'application web
nov. 20, 2015 11:48:51 AM org.apache.coyote.http11.Http11Protocol start
INFOS: D√©marrage de Coyote HTTP/1.1 sur http-8080
nov. 20, 2015 11:48:51 AM org.apache.jk.common.ChannelSocket init
INFOS: JK: ajp13 listening on /0.0.0.0:8009
nov. 20, 2015 11:48:51 AM org.apache.jk.server.JkMain start
INFOS: Jk running ID=0 time=0/17  config=null
nov. 20, 2015 11:48:51 AM org.apache.catalina.startup.Catalina start
INFOS: Server startup in 563 ms
nov. 20, 2015 11:49:21 AM org.apache.coyote.http11.Http11Protocol pause
INFOS: Suspension de Coyote HTTP/1.1 sur http-8080
nov. 20, 2015 11:49:23 AM org.apache.catalina.core.StandardService stop
INFOS: Arr√™t du service Catalina
nov. 20, 2015 11:49:23 AM org.apache.catalina.loader.WebappClassLoader clearReferencesThreads
GRAVE: The web application [/xtf] appears to have started a thread named [Thread-9] but has failed to stop it. This is very likely to create a memory leak.
nov. 20, 2015 11:49:23 AM org.apache.coyote.http11.Http11Protocol destroy
INFOS: Arr√™t de Coyote HTTP/1.1 sur http-8080
nov. 20, 2015 11:49:27 AM org.apache.catalina.core.AprLifecycleListener init
INFOS: The APR based Apache Tomcat Native library which allows optimal performance in production environments was not found on the java.library.path: /Users/tmg/Library/Java/Extensions:/Library/Java/Extensions:/Network/Library/Java/Extensions:/System/Library/Java/Extensions:/usr/lib/java:.
nov. 20, 2015 11:49:27 AM org.apache.coyote.http11.Http11Protocol init
INFOS: Initialisation de Coyote HTTP/1.1 sur http-8080
nov. 20, 2015 11:49:27 AM org.apache.catalina.startup.Catalina load
INFOS: Initialization processed in 440 ms
nov. 20, 2015 11:49:27 AM org.apache.catalina.core.StandardService start
INFOS: D√©marrage du service Catalina
nov. 20, 2015 11:49:27 AM org.apache.catalina.core.StandardEngine start
INFOS: Starting Servlet Engine: Apache Tomcat/6.0.29
nov. 20, 2015 11:49:27 AM org.apache.catalina.startup.HostConfig deployDescriptor
INFOS: D√©ploiement du descripteur de configuration host-manager.xml
nov. 20, 2015 11:49:27 AM org.apache.catalina.startup.HostConfig deployDescriptor
INFOS: D√©ploiement du descripteur de configuration manager.xml
nov. 20, 2015 11:49:27 AM org.apache.catalina.startup.HostConfig deployDirectory
INFOS: D√©ploiement du r√©pertoire docs de l'application web
nov. 20, 2015 11:49:27 AM org.apache.catalina.startup.HostConfig deployDirectory
INFOS: D√©ploiement du r√©pertoire examples de l'application web
nov. 20, 2015 11:49:27 AM org.apache.catalina.startup.HostConfig deployDirectory
INFOS: D√©ploiement du r√©pertoire ROOT de l'application web
nov. 20, 2015 11:49:27 AM org.apache.catalina.startup.HostConfig deployDirectory
INFOS: D√©ploiement du r√©pertoire xtf de l'application web
nov. 20, 2015 11:49:27 AM org.apache.coyote.http11.Http11Protocol start
INFOS: D√©marrage de Coyote HTTP/1.1 sur http-8080
nov. 20, 2015 11:49:27 AM org.apache.jk.common.ChannelSocket init
INFOS: JK: ajp13 listening on /0.0.0.0:8009
nov. 20, 2015 11:49:27 AM org.apache.jk.server.JkMain start
INFOS: Jk running ID=0 time=0/15  config=null
nov. 20, 2015 11:49:27 AM org.apache.catalina.startup.Catalina start
INFOS: Server startup in 571 ms
nov. 20, 2015 1:03:24 PM org.apache.coyote.http11.Http11Protocol pause
INFOS: Suspension de Coyote HTTP/1.1 sur http-8080
nov. 20, 2015 1:03:25 PM org.apache.catalina.core.StandardService stop
INFOS: Arr√™t du service Catalina
nov. 20, 2015 1:03:25 PM org.apache.catalina.loader.WebappClassLoader clearReferencesThreads
GRAVE: The web application [/xtf] appears to have started a thread named [Thread-9] but has failed to stop it. This is very likely to create a memory leak.
nov. 20, 2015 1:03:25 PM org.apache.catalina.loader.WebappClassLoader clearThreadLocalMap
GRAVE: The web application [/xtf] created a ThreadLocal with key of type [null] (value [null]) and a value of type [org.apache.lucene.index.SegmentTermEnum] (value [org.apache.lucene.index.SegmentTermEnum@1ce008]) but failed to remove it when the web application was stopped. This is very likely to create a memory leak.
nov. 20, 2015 1:03:25 PM org.apache.catalina.loader.WebappClassLoader clearThreadLocalMap
GRAVE: The web application [/xtf] created a ThreadLocal with key of type [java.lang.ThreadLocal] (value [java.lang.ThreadLocal@5fec1c68]) and a value of type [org.cdlib.xtf.util.PackedByteBuf.CompressInfo] (value [org.cdlib.xtf.util.PackedByteBuf$CompressInfo@594f4b1d]) but failed to remove it when the web application was stopped. This is very likely to create a memory leak.
nov. 20, 2015 1:03:25 PM org.apache.catalina.loader.WebappClassLoader clearThreadLocalMap
GRAVE: The web application [/xtf] created a ThreadLocal with key of type [null] (value [null]) and a value of type [org.apache.lucene.index.SegmentTermEnum] (value [org.apache.lucene.index.SegmentTermEnum@667f0300]) but failed to remove it when the web application was stopped. This is very likely to create a memory leak.
nov. 20, 2015 1:03:25 PM org.apache.catalina.loader.WebappClassLoader clearThreadLocalMap
GRAVE: The web application [/xtf] created a ThreadLocal with key of type [null] (value [null]) and a value of type [org.apache.lucene.index.SegmentTermEnum] (value [org.apache.lucene.index.SegmentTermEnum@545b396d]) but failed to remove it when the web application was stopped. This is very likely to create a memory leak.
nov. 20, 2015 1:03:25 PM org.apache.catalina.loader.WebappClassLoader clearThreadLocalMap
GRAVE: The web application [/xtf] created a ThreadLocal with key of type [null] (value [null]) and a value of type [org.apache.lucene.index.SegmentTermEnum] (value [org.apache.lucene.index.SegmentTermEnum@4d757ced]) but failed to remove it when the web application was stopped. This is very likely to create a memory leak.
nov. 20, 2015 1:03:25 PM org.apache.catalina.loader.WebappClassLoader clearThreadLocalMap
GRAVE: The web application [/xtf] created a ThreadLocal with key of type [null] (value [null]) and a value of type [org.apache.lucene.index.SegmentTermEnum] (value [org.apache.lucene.index.SegmentTermEnum@6ec1c1fd]) but failed to remove it when the web application was stopped. This is very likely to create a memory leak.
nov. 20, 2015 1:03:25 PM org.apache.catalina.loader.WebappClassLoader clearThreadLocalMap
GRAVE: The web application [/xtf] created a ThreadLocal with key of type [null] (value [null]) and a value of type [org.apache.lucene.index.SegmentTermEnum] (value [org.apache.lucene.index.SegmentTermEnum@70b8b826]) but failed to remove it when the web application was stopped. This is very likely to create a memory leak.
nov. 20, 2015 1:03:25 PM org.apache.catalina.loader.WebappClassLoader clearThreadLocalMap
GRAVE: The web application [/xtf] created a ThreadLocal with key of type [java.lang.ThreadLocal] (value [java.lang.ThreadLocal@7da5670d]) and a value of type [org.apache.lucene.index.SegmentTermEnum] (value [org.apache.lucene.index.SegmentTermEnum@1bd1ee40]) but failed to remove it when the web application was stopped. This is very likely to create a memory leak.
nov. 20, 2015 1:03:25 PM org.apache.catalina.loader.WebappClassLoader clearThreadLocalMap
GRAVE: The web application [/xtf] created a ThreadLocal with key of type [java.lang.ThreadLocal] (value [java.lang.ThreadLocal@7bff1aee]) and a value of type [org.apache.lucene.index.SegmentTermEnum] (value [org.apache.lucene.index.SegmentTermEnum@4eb3e43f]) but failed to remove it when the web application was stopped. This is very likely to create a memory leak.
nov. 20, 2015 1:03:25 PM org.apache.catalina.loader.WebappClassLoader clearThreadLocalMap
GRAVE: The web application [/xtf] created a ThreadLocal with key of type [null] (value [null]) and a value of type [org.apache.lucene.index.SegmentTermEnum] (value [org.apache.lucene.index.SegmentTermEnum@18787feb]) but failed to remove it when the web application was stopped. This is very likely to create a memory leak.
nov. 20, 2015 1:03:25 PM org.apache.catalina.loader.WebappClassLoader clearThreadLocalMap
GRAVE: The web application [/xtf] created a ThreadLocal with key of type [java.lang.ThreadLocal] (value [java.lang.ThreadLocal@5fec1c68]) and a value of type [org.cdlib.xtf.util.PackedByteBuf.CompressInfo] (value [org.cdlib.xtf.util.PackedByteBuf$CompressInfo@ccf314a]) but failed to remove it when the web application was stopped. This is very likely to create a memory leak.
nov. 20, 2015 1:03:25 PM org.apache.catalina.loader.WebappClassLoader clearThreadLocalMap
GRAVE: The web application [/xtf] created a ThreadLocal with key of type [null] (value [null]) and a value of type [org.apache.lucene.index.SegmentTermEnum] (value [org.apache.lucene.index.SegmentTermEnum@f647257]) but failed to remove it when the web application was stopped. This is very likely to create a memory leak.
nov. 20, 2015 1:03:25 PM org.apache.catalina.loader.WebappClassLoader clearThreadLocalMap
GRAVE: The web application [/xtf] created a ThreadLocal with key of type [java.lang.ThreadLocal] (value [java.lang.ThreadLocal@5fec1c68]) and a value of type [org.cdlib.xtf.util.PackedByteBuf.CompressInfo] (value [org.cdlib.xtf.util.PackedByteBuf$CompressInfo@5e27ed98]) but failed to remove it when the web application was stopped. This is very likely to create a memory leak.
nov. 20, 2015 1:03:25 PM org.apache.catalina.loader.WebappClassLoader clearThreadLocalMap
GRAVE: The web application [/xtf] created a ThreadLocal with key of type [null] (value [null]) and a value of type [org.apache.lucene.index.SegmentTermEnum] (value [org.apache.lucene.index.SegmentTermEnum@57b4690]) but failed to remove it when the web application was stopped. This is very likely to create a memory leak.
nov. 20, 2015 1:03:25 PM org.apache.catalina.loader.WebappClassLoader clearThreadLocalMap
GRAVE: The web application [/xtf] created a ThreadLocal with key of type [null] (value [null]) and a value of type [org.apache.lucene.index.SegmentTermEnum] (value [org.apache.lucene.index.SegmentTermEnum@704b7214]) but failed to remove it when the web application was stopped. This is very likely to create a memory leak.
nov. 20, 2015 1:03:25 PM org.apache.catalina.loader.WebappClassLoader clearThreadLocalMap
GRAVE: The web application [/xtf] created a ThreadLocal with key of type [java.lang.ThreadLocal] (value [java.lang.ThreadLocal@5fec1c68]) and a value of type [org.cdlib.xtf.util.PackedByteBuf.CompressInfo] (value [org.cdlib.xtf.util.PackedByteBuf$CompressInfo@5c115080]) but failed to remove it when the web application was stopped. This is very likely to create a memory leak.
nov. 20, 2015 1:03:25 PM org.apache.coyote.http11.Http11Protocol destroy
INFOS: Arr√™t de Coyote HTTP/1.1 sur http-8080
20 nov. 2015 16:53:17 org.apache.catalina.core.AprLifecycleListener init
INFO: The APR based Apache Tomcat Native library which allows optimal performance in production environments was not found on the java.library.path: .:/Library/Java/Extensions:/System/Library/Java/Extensions:/usr/lib/java
20 nov. 2015 16:53:18 org.apache.coyote.http11.Http11Protocol init
INFO: Initialisation de Coyote HTTP/1.1 sur http-8080
20 nov. 2015 16:53:18 org.apache.catalina.startup.Catalina load
INFO: Initialization processed in 909 ms
20 nov. 2015 16:53:18 org.apache.catalina.core.StandardService start
INFO: Démarrage du service Catalina
20 nov. 2015 16:53:18 org.apache.catalina.core.StandardEngine start
INFO: Starting Servlet Engine: Apache Tomcat/6.0.29
20 nov. 2015 16:53:18 org.apache.catalina.startup.HostConfig deployDescriptor
INFO: Déploiement du descripteur de configuration host-manager.xml
20 nov. 2015 16:53:19 org.apache.catalina.startup.HostConfig deployDescriptor
INFO: Déploiement du descripteur de configuration manager.xml
20 nov. 2015 16:53:19 org.apache.catalina.startup.HostConfig deployDirectory
INFO: Déploiement du répertoire docs de l'application web
20 nov. 2015 16:53:19 org.apache.catalina.startup.HostConfig deployDirectory
INFO: Déploiement du répertoire examples de l'application web
20 nov. 2015 16:53:20 org.apache.catalina.startup.HostConfig deployDirectory
INFO: Déploiement du répertoire ROOT de l'application web
20 nov. 2015 16:53:20 org.apache.catalina.startup.HostConfig deployDirectory
INFO: Déploiement du répertoire xtf de l'application web
20 nov. 2015 16:53:20 org.apache.coyote.http11.Http11Protocol start
INFO: Démarrage de Coyote HTTP/1.1 sur http-8080
20 nov. 2015 16:53:20 org.apache.jk.common.ChannelSocket init
INFO: JK: ajp13 listening on /0.0.0.0:8009
20 nov. 2015 16:53:20 org.apache.jk.server.JkMain start
INFO: Jk running ID=0 time=0/81  config=null
20 nov. 2015 16:53:20 org.apache.catalina.startup.Catalina start
INFO: Server startup in 2655 ms
20 nov. 2015 17:24:42 org.apache.coyote.http11.Http11Protocol pause
INFO: Suspension de Coyote HTTP/1.1 sur http-8080
20 nov. 2015 17:24:43 org.apache.catalina.core.StandardService stop
INFO: Arrêt du service Catalina
20 nov. 2015 17:24:44 org.apache.catalina.loader.WebappClassLoader clearReferencesThreads
GRAVE: The web application [/xtf] appears to have started a thread named [Thread-21] but has failed to stop it. This is very likely to create a memory leak.
20 nov. 2015 17:24:44 org.apache.catalina.loader.WebappClassLoader clearThreadLocalMap
GRAVE: The web application [/xtf] created a ThreadLocal with key of type [java.lang.ThreadLocal] (value [java.lang.ThreadLocal@229db918]) and a value of type [org.cdlib.xtf.util.PackedByteBuf.CompressInfo] (value [org.cdlib.xtf.util.PackedByteBuf$CompressInfo@20e2e869]) but failed to remove it when the web application was stopped. This is very likely to create a memory leak.
20 nov. 2015 17:24:44 org.apache.catalina.loader.WebappClassLoader clearThreadLocalMap
GRAVE: The web application [/xtf] created a ThreadLocal with key of type [java.lang.ThreadLocal] (value [java.lang.ThreadLocal@229db918]) and a value of type [org.cdlib.xtf.util.PackedByteBuf.CompressInfo] (value [org.cdlib.xtf.util.PackedByteBuf$CompressInfo@1108565d]) but failed to remove it when the web application was stopped. This is very likely to create a memory leak.
20 nov. 2015 17:24:44 org.apache.catalina.loader.WebappClassLoader clearThreadLocalMap
GRAVE: The web application [/xtf] created a ThreadLocal with key of type [null] (value [null]) and a value of type [org.apache.lucene.index.SegmentTermEnum] (value [org.apache.lucene.index.SegmentTermEnum@3a5dfc67]) but failed to remove it when the web application was stopped. This is very likely to create a memory leak.
20 nov. 2015 17:24:44 org.apache.catalina.loader.WebappClassLoader clearThreadLocalMap
GRAVE: The web application [/xtf] created a ThreadLocal with key of type [java.lang.ThreadLocal] (value [java.lang.ThreadLocal@229db918]) and a value of type [org.cdlib.xtf.util.PackedByteBuf.CompressInfo] (value [org.cdlib.xtf.util.PackedByteBuf$CompressInfo@7065ec20]) but failed to remove it when the web application was stopped. This is very likely to create a memory leak.
20 nov. 2015 17:24:44 org.apache.catalina.loader.WebappClassLoader clearThreadLocalMap
GRAVE: The web application [/xtf] created a ThreadLocal with key of type [java.lang.ThreadLocal] (value [java.lang.ThreadLocal@229db918]) and a value of type [org.cdlib.xtf.util.PackedByteBuf.CompressInfo] (value [org.cdlib.xtf.util.PackedByteBuf$CompressInfo@33716286]) but failed to remove it when the web application was stopped. This is very likely to create a memory leak.
20 nov. 2015 17:24:44 org.apache.catalina.loader.WebappClassLoader clearThreadLocalMap
GRAVE: The web application [/xtf] created a ThreadLocal with key of type [java.lang.ThreadLocal] (value [java.lang.ThreadLocal@58fb65cc]) and a value of type [org.apache.lucene.index.SegmentTermEnum] (value [org.apache.lucene.index.SegmentTermEnum@60d861b7]) but failed to remove it when the web application was stopped. This is very likely to create a memory leak.
20 nov. 2015 17:24:44 org.apache.catalina.loader.WebappClassLoader clearThreadLocalMap
GRAVE: The web application [/xtf] created a ThreadLocal with key of type [java.lang.ThreadLocal] (value [java.lang.ThreadLocal@1df7670d]) and a value of type [org.apache.lucene.index.SegmentTermEnum] (value [org.apache.lucene.index.SegmentTermEnum@5d8e95d9]) but failed to remove it when the web application was stopped. This is very likely to create a memory leak.
20 nov. 2015 17:24:45 org.apache.coyote.http11.Http11Protocol destroy
INFO: Arrêt de Coyote HTTP/1.1 sur http-8080
20 nov. 2015 17:25:18 org.apache.catalina.core.AprLifecycleListener init
INFO: The APR based Apache Tomcat Native library which allows optimal performance in production environments was not found on the java.library.path: .:/Library/Java/Extensions:/System/Library/Java/Extensions:/usr/lib/java
20 nov. 2015 17:25:19 org.apache.coyote.http11.Http11Protocol init
INFO: Initialisation de Coyote HTTP/1.1 sur http-8080
20 nov. 2015 17:25:19 org.apache.catalina.startup.Catalina load
INFO: Initialization processed in 776 ms
20 nov. 2015 17:25:19 org.apache.catalina.core.StandardService start
INFO: Démarrage du service Catalina
20 nov. 2015 17:25:19 org.apache.catalina.core.StandardEngine start
INFO: Starting Servlet Engine: Apache Tomcat/6.0.29
20 nov. 2015 17:25:19 org.apache.catalina.startup.HostConfig deployDescriptor
INFO: Déploiement du descripteur de configuration host-manager.xml
20 nov. 2015 17:25:19 org.apache.catalina.startup.HostConfig deployDescriptor
INFO: Déploiement du descripteur de configuration manager.xml
20 nov. 2015 17:25:19 org.apache.catalina.startup.HostConfig deployDirectory
INFO: Déploiement du répertoire docs de l'application web
20 nov. 2015 17:25:19 org.apache.catalina.startup.HostConfig deployDirectory
INFO: Déploiement du répertoire examples de l'application web
20 nov. 2015 17:25:20 org.apache.catalina.startup.HostConfig deployDirectory
INFO: Déploiement du répertoire ROOT de l'application web
20 nov. 2015 17:25:20 org.apache.catalina.startup.HostConfig deployDirectory
INFO: Déploiement du répertoire xtf de l'application web
20 nov. 2015 17:25:20 org.apache.coyote.http11.Http11Protocol start
INFO: Démarrage de Coyote HTTP/1.1 sur http-8080
20 nov. 2015 17:25:20 org.apache.jk.common.ChannelSocket init
INFO: JK: ajp13 listening on /0.0.0.0:8009
20 nov. 2015 17:25:20 org.apache.jk.server.JkMain start
INFO: Jk running ID=0 time=0/18  config=null
20 nov. 2015 17:25:20 org.apache.catalina.startup.Catalina start
INFO: Server startup in 1774 ms
20 nov. 2015 18:40:16 org.apache.coyote.http11.Http11Protocol pause
INFO: Suspension de Coyote HTTP/1.1 sur http-8080
20 nov. 2015 18:40:17 org.apache.catalina.core.StandardService stop
INFO: Arrêt du service Catalina
20 nov. 2015 18:40:17 org.apache.catalina.loader.WebappClassLoader clearThreadLocalMap
GRAVE: The web application [/xtf] created a ThreadLocal with key of type [java.lang.ThreadLocal] (value [java.lang.ThreadLocal@6a5c775d]) and a value of type [org.cdlib.xtf.util.PackedByteBuf.CompressInfo] (value [org.cdlib.xtf.util.PackedByteBuf$CompressInfo@5ca0b138]) but failed to remove it when the web application was stopped. This is very likely to create a memory leak.
20 nov. 2015 18:40:17 org.apache.catalina.loader.WebappClassLoader clearThreadLocalMap
GRAVE: The web application [/xtf] created a ThreadLocal with key of type [java.lang.ThreadLocal] (value [java.lang.ThreadLocal@6a5c775d]) and a value of type [org.cdlib.xtf.util.PackedByteBuf.CompressInfo] (value [org.cdlib.xtf.util.PackedByteBuf$CompressInfo@39d3030a]) but failed to remove it when the web application was stopped. This is very likely to create a memory leak.
20 nov. 2015 18:40:17 org.apache.catalina.loader.WebappClassLoader clearThreadLocalMap
GRAVE: The web application [/xtf] created a ThreadLocal with key of type [java.lang.ThreadLocal] (value [java.lang.ThreadLocal@6a5c775d]) and a value of type [org.cdlib.xtf.util.PackedByteBuf.CompressInfo] (value [org.cdlib.xtf.util.PackedByteBuf$CompressInfo@4c6ca32e]) but failed to remove it when the web application was stopped. This is very likely to create a memory leak.
20 nov. 2015 18:40:17 org.apache.catalina.loader.WebappClassLoader clearThreadLocalMap
GRAVE: The web application [/xtf] created a ThreadLocal with key of type [java.lang.ThreadLocal] (value [java.lang.ThreadLocal@6a5c775d]) and a value of type [org.cdlib.xtf.util.PackedByteBuf.CompressInfo] (value [org.cdlib.xtf.util.PackedByteBuf$CompressInfo@704d4834]) but failed to remove it when the web application was stopped. This is very likely to create a memory leak.
20 nov. 2015 18:40:17 org.apache.catalina.loader.WebappClassLoader clearThreadLocalMap
GRAVE: The web application [/xtf] created a ThreadLocal with key of type [java.lang.ThreadLocal] (value [java.lang.ThreadLocal@6a5c775d]) and a value of type [org.cdlib.xtf.util.PackedByteBuf.CompressInfo] (value [org.cdlib.xtf.util.PackedByteBuf$CompressInfo@61bf8785]) but failed to remove it when the web application was stopped. This is very likely to create a memory leak.
20 nov. 2015 18:40:17 org.apache.catalina.loader.WebappClassLoader clearThreadLocalMap
GRAVE: The web application [/xtf] created a ThreadLocal with key of type [java.lang.ThreadLocal] (value [java.lang.ThreadLocal@6a5c775d]) and a value of type [org.cdlib.xtf.util.PackedByteBuf.CompressInfo] (value [org.cdlib.xtf.util.PackedByteBuf$CompressInfo@655a5ee5]) but failed to remove it when the web application was stopped. This is very likely to create a memory leak.
20 nov. 2015 18:40:18 org.apache.coyote.http11.Http11Protocol destroy
INFO: Arrêt de Coyote HTTP/1.1 sur http-8080
20 nov. 2015 19:11:50 org.apache.catalina.core.AprLifecycleListener init
INFO: The APR based Apache Tomcat Native library which allows optimal performance in production environments was not found on the java.library.path: .:/Library/Java/Extensions:/System/Library/Java/Extensions:/usr/lib/java
20 nov. 2015 19:11:51 org.apache.coyote.http11.Http11Protocol init
INFO: Initialisation de Coyote HTTP/1.1 sur http-8080
20 nov. 2015 19:11:51 org.apache.catalina.startup.Catalina load
INFO: Initialization processed in 786 ms
20 nov. 2015 19:11:51 org.apache.catalina.core.StandardService start
INFO: Démarrage du service Catalina
20 nov. 2015 19:11:51 org.apache.catalina.core.StandardEngine start
INFO: Starting Servlet Engine: Apache Tomcat/6.0.29
20 nov. 2015 19:11:51 org.apache.catalina.startup.HostConfig deployDescriptor
INFO: Déploiement du descripteur de configuration host-manager.xml
20 nov. 2015 19:11:51 org.apache.catalina.startup.HostConfig deployDescriptor
INFO: Déploiement du descripteur de configuration manager.xml
20 nov. 2015 19:11:51 org.apache.catalina.startup.HostConfig deployDirectory
INFO: Déploiement du répertoire docs de l'application web
20 nov. 2015 19:11:51 org.apache.catalina.startup.HostConfig deployDirectory
INFO: Déploiement du répertoire examples de l'application web
20 nov. 2015 19:11:52 org.apache.catalina.startup.HostConfig deployDirectory
INFO: Déploiement du répertoire ROOT de l'application web
20 nov. 2015 19:11:52 org.apache.catalina.startup.HostConfig deployDirectory
INFO: Déploiement du répertoire xtf de l'application web
20 nov. 2015 19:11:53 org.apache.coyote.http11.Http11Protocol start
INFO: Démarrage de Coyote HTTP/1.1 sur http-8080
20 nov. 2015 19:11:53 org.apache.jk.common.ChannelSocket init
INFO: JK: ajp13 listening on /0.0.0.0:8009
20 nov. 2015 19:11:53 org.apache.jk.server.JkMain start
INFO: Jk running ID=0 time=0/48  config=null
20 nov. 2015 19:11:53 org.apache.catalina.startup.Catalina start
INFO: Server startup in 2229 ms
