30 nov. 2014 18:24:45 org.apache.catalina.core.AprLifecycleListener init
INFO: The APR based Apache Tomcat Native library which allows optimal performance in production environments was not found on the java.library.path: .:/Library/Java/Extensions:/System/Library/Java/Extensions:/usr/lib/java
30 nov. 2014 18:24:45 org.apache.coyote.http11.Http11Protocol init
INFO: Initialisation de Coyote HTTP/1.1 sur http-8080
30 nov. 2014 18:24:45 org.apache.catalina.startup.Catalina load
INFO: Initialization processed in 957 ms
30 nov. 2014 18:24:45 org.apache.catalina.core.StandardService start
INFO: Démarrage du service Catalina
30 nov. 2014 18:24:45 org.apache.catalina.core.StandardEngine start
INFO: Starting Servlet Engine: Apache Tomcat/6.0.29
30 nov. 2014 18:24:45 org.apache.catalina.startup.HostConfig deployDescriptor
INFO: Déploiement du descripteur de configuration host-manager.xml
30 nov. 2014 18:24:46 org.apache.catalina.startup.HostConfig deployDescriptor
INFO: Déploiement du descripteur de configuration manager.xml
30 nov. 2014 18:24:46 org.apache.catalina.startup.HostConfig deployDirectory
INFO: Déploiement du répertoire docs de l'application web
30 nov. 2014 18:24:46 org.apache.catalina.startup.HostConfig deployDirectory
INFO: Déploiement du répertoire examples de l'application web
30 nov. 2014 18:24:47 org.apache.catalina.startup.HostConfig deployDirectory
INFO: Déploiement du répertoire ROOT de l'application web
30 nov. 2014 18:24:47 org.apache.catalina.startup.HostConfig deployDirectory
INFO: Déploiement du répertoire xtf de l'application web
30 nov. 2014 18:24:47 org.apache.coyote.http11.Http11Protocol start
INFO: Démarrage de Coyote HTTP/1.1 sur http-8080
30 nov. 2014 18:24:47 org.apache.jk.common.ChannelSocket init
INFO: JK: ajp13 listening on /0.0.0.0:8009
30 nov. 2014 18:24:47 org.apache.jk.server.JkMain start
INFO: Jk running ID=0 time=0/47  config=null
30 nov. 2014 18:24:47 org.apache.catalina.startup.Catalina start
INFO: Server startup in 2178 ms
30 nov. 2014 18:32:37 org.apache.catalina.core.AprLifecycleListener init
INFO: The APR based Apache Tomcat Native library which allows optimal performance in production environments was not found on the java.library.path: .:/Library/Java/Extensions:/System/Library/Java/Extensions:/usr/lib/java
30 nov. 2014 18:32:38 org.apache.coyote.http11.Http11Protocol init
INFO: Initialisation de Coyote HTTP/1.1 sur http-8080
30 nov. 2014 18:32:38 org.apache.catalina.startup.Catalina load
INFO: Initialization processed in 955 ms
30 nov. 2014 18:32:38 org.apache.catalina.core.StandardService start
INFO: Démarrage du service Catalina
30 nov. 2014 18:32:38 org.apache.catalina.core.StandardEngine start
INFO: Starting Servlet Engine: Apache Tomcat/6.0.29
30 nov. 2014 18:32:38 org.apache.catalina.startup.HostConfig deployDescriptor
INFO: Déploiement du descripteur de configuration host-manager.xml
30 nov. 2014 18:32:38 org.apache.catalina.startup.HostConfig deployDescriptor
INFO: Déploiement du descripteur de configuration manager.xml
30 nov. 2014 18:32:38 org.apache.catalina.startup.HostConfig deployDirectory
INFO: Déploiement du répertoire docs de l'application web
30 nov. 2014 18:32:38 org.apache.catalina.startup.HostConfig deployDirectory
INFO: Déploiement du répertoire examples de l'application web
30 nov. 2014 18:32:39 org.apache.catalina.startup.HostConfig deployDirectory
INFO: Déploiement du répertoire ROOT de l'application web
30 nov. 2014 18:32:39 org.apache.catalina.startup.HostConfig deployDirectory
INFO: Déploiement du répertoire xtf de l'application web
30 nov. 2014 18:32:39 org.apache.coyote.http11.Http11Protocol start
INFO: Démarrage de Coyote HTTP/1.1 sur http-8080
30 nov. 2014 18:32:39 org.apache.jk.common.ChannelSocket init
INFO: JK: ajp13 listening on /0.0.0.0:8009
30 nov. 2014 18:32:39 org.apache.jk.server.JkMain start
INFO: Jk running ID=0 time=0/28  config=null
30 nov. 2014 18:32:39 org.apache.catalina.startup.Catalina start
INFO: Server startup in 1675 ms
