18 oct. 2015 19:57:10 org.apache.catalina.core.AprLifecycleListener init
INFO: The APR based Apache Tomcat Native library which allows optimal performance in production environments was not found on the java.library.path: .:/Library/Java/Extensions:/System/Library/Java/Extensions:/usr/lib/java
18 oct. 2015 19:57:10 org.apache.coyote.http11.Http11Protocol init
INFO: Initialisation de Coyote HTTP/1.1 sur http-8080
18 oct. 2015 19:57:10 org.apache.catalina.startup.Catalina load
INFO: Initialization processed in 865 ms
18 oct. 2015 19:57:10 org.apache.catalina.core.StandardService start
INFO: Démarrage du service Catalina
18 oct. 2015 19:57:10 org.apache.catalina.core.StandardEngine start
INFO: Starting Servlet Engine: Apache Tomcat/6.0.29
18 oct. 2015 19:57:10 org.apache.catalina.startup.HostConfig deployDescriptor
INFO: Déploiement du descripteur de configuration host-manager.xml
18 oct. 2015 19:57:11 org.apache.catalina.startup.HostConfig deployDescriptor
INFO: Déploiement du descripteur de configuration manager.xml
18 oct. 2015 19:57:11 org.apache.catalina.startup.HostConfig deployDirectory
INFO: Déploiement du répertoire docs de l'application web
18 oct. 2015 19:57:11 org.apache.catalina.startup.HostConfig deployDirectory
INFO: Déploiement du répertoire examples de l'application web
18 oct. 2015 19:57:11 org.apache.catalina.startup.HostConfig deployDirectory
INFO: Déploiement du répertoire ROOT de l'application web
18 oct. 2015 19:57:12 org.apache.catalina.startup.HostConfig deployDirectory
INFO: Déploiement du répertoire xtf de l'application web
18 oct. 2015 19:57:12 org.apache.coyote.http11.Http11Protocol start
INFO: Démarrage de Coyote HTTP/1.1 sur http-8080
18 oct. 2015 19:57:12 org.apache.jk.common.ChannelSocket init
INFO: JK: ajp13 listening on /0.0.0.0:8009
18 oct. 2015 19:57:12 org.apache.jk.server.JkMain start
INFO: Jk running ID=0 time=0/14  config=null
18 oct. 2015 19:57:12 org.apache.catalina.startup.Catalina start
INFO: Server startup in 1824 ms
18 oct. 2015 19:59:10 org.apache.coyote.http11.Http11Protocol pause
INFO: Suspension de Coyote HTTP/1.1 sur http-8080
18 oct. 2015 19:59:11 org.apache.catalina.core.StandardService stop
INFO: Arrêt du service Catalina
18 oct. 2015 19:59:11 org.apache.catalina.loader.WebappClassLoader clearThreadLocalMap
GRAVE: The web application [/xtf] created a ThreadLocal with key of type [java.lang.ThreadLocal] (value [java.lang.ThreadLocal@538526aa]) and a value of type [org.cdlib.xtf.util.PackedByteBuf.CompressInfo] (value [org.cdlib.xtf.util.PackedByteBuf$CompressInfo@4aad8dbc]) but failed to remove it when the web application was stopped. This is very likely to create a memory leak.
18 oct. 2015 19:59:11 org.apache.catalina.loader.WebappClassLoader clearThreadLocalMap
GRAVE: The web application [/xtf] created a ThreadLocal with key of type [java.lang.ThreadLocal] (value [java.lang.ThreadLocal@538526aa]) and a value of type [org.cdlib.xtf.util.PackedByteBuf.CompressInfo] (value [org.cdlib.xtf.util.PackedByteBuf$CompressInfo@483457f1]) but failed to remove it when the web application was stopped. This is very likely to create a memory leak.
18 oct. 2015 19:59:11 org.apache.catalina.loader.WebappClassLoader clearThreadLocalMap
GRAVE: The web application [/xtf] created a ThreadLocal with key of type [java.lang.ThreadLocal] (value [java.lang.ThreadLocal@538526aa]) and a value of type [org.cdlib.xtf.util.PackedByteBuf.CompressInfo] (value [org.cdlib.xtf.util.PackedByteBuf$CompressInfo@6479b43f]) but failed to remove it when the web application was stopped. This is very likely to create a memory leak.
18 oct. 2015 19:59:11 org.apache.catalina.loader.WebappClassLoader clearThreadLocalMap
GRAVE: The web application [/xtf] created a ThreadLocal with key of type [java.lang.ThreadLocal] (value [java.lang.ThreadLocal@538526aa]) and a value of type [org.cdlib.xtf.util.PackedByteBuf.CompressInfo] (value [org.cdlib.xtf.util.PackedByteBuf$CompressInfo@7228c7a1]) but failed to remove it when the web application was stopped. This is very likely to create a memory leak.
18 oct. 2015 19:59:11 org.apache.coyote.http11.Http11Protocol destroy
INFO: Arrêt de Coyote HTTP/1.1 sur http-8080
18 oct. 2015 19:59:29 org.apache.catalina.core.AprLifecycleListener init
INFO: The APR based Apache Tomcat Native library which allows optimal performance in production environments was not found on the java.library.path: .:/Library/Java/Extensions:/System/Library/Java/Extensions:/usr/lib/java
18 oct. 2015 19:59:29 org.apache.coyote.http11.Http11Protocol init
INFO: Initialisation de Coyote HTTP/1.1 sur http-8080
18 oct. 2015 19:59:29 org.apache.catalina.startup.Catalina load
INFO: Initialization processed in 506 ms
18 oct. 2015 19:59:29 org.apache.catalina.core.StandardService start
INFO: Démarrage du service Catalina
18 oct. 2015 19:59:29 org.apache.catalina.core.StandardEngine start
INFO: Starting Servlet Engine: Apache Tomcat/6.0.29
18 oct. 2015 19:59:29 org.apache.catalina.startup.HostConfig deployDescriptor
INFO: Déploiement du descripteur de configuration host-manager.xml
18 oct. 2015 19:59:29 org.apache.catalina.startup.HostConfig deployDescriptor
INFO: Déploiement du descripteur de configuration manager.xml
18 oct. 2015 19:59:29 org.apache.catalina.startup.HostConfig deployDirectory
INFO: Déploiement du répertoire docs de l'application web
18 oct. 2015 19:59:29 org.apache.catalina.startup.HostConfig deployDirectory
INFO: Déploiement du répertoire examples de l'application web
18 oct. 2015 19:59:30 org.apache.catalina.startup.HostConfig deployDirectory
INFO: Déploiement du répertoire ROOT de l'application web
18 oct. 2015 19:59:30 org.apache.catalina.startup.HostConfig deployDirectory
INFO: Déploiement du répertoire xtf de l'application web
18 oct. 2015 19:59:30 org.apache.coyote.http11.Http11Protocol start
INFO: Démarrage de Coyote HTTP/1.1 sur http-8080
18 oct. 2015 19:59:30 org.apache.jk.common.ChannelSocket init
INFO: JK: ajp13 listening on /0.0.0.0:8009
18 oct. 2015 19:59:30 org.apache.jk.server.JkMain start
INFO: Jk running ID=0 time=0/14  config=null
18 oct. 2015 19:59:30 org.apache.catalina.startup.Catalina start
INFO: Server startup in 988 ms
