2 déc. 2015 15:50:55 org.apache.catalina.core.AprLifecycleListener init
INFO: The APR based Apache Tomcat Native library which allows optimal performance in production environments was not found on the java.library.path: .:/Library/Java/Extensions:/System/Library/Java/Extensions:/usr/lib/java
2 déc. 2015 15:50:56 org.apache.coyote.http11.Http11Protocol init
INFO: Initialisation de Coyote HTTP/1.1 sur http-8080
2 déc. 2015 15:50:56 org.apache.catalina.startup.Catalina load
INFO: Initialization processed in 1355 ms
2 déc. 2015 15:50:56 org.apache.catalina.core.StandardService start
INFO: Démarrage du service Catalina
2 déc. 2015 15:50:56 org.apache.catalina.core.StandardEngine start
INFO: Starting Servlet Engine: Apache Tomcat/6.0.29
2 déc. 2015 15:50:56 org.apache.catalina.startup.HostConfig deployDescriptor
INFO: Déploiement du descripteur de configuration host-manager.xml
2 déc. 2015 15:50:57 org.apache.catalina.startup.HostConfig deployDescriptor
INFO: Déploiement du descripteur de configuration manager.xml
2 déc. 2015 15:50:57 org.apache.catalina.startup.HostConfig deployDirectory
INFO: Déploiement du répertoire docs de l'application web
2 déc. 2015 15:50:57 org.apache.catalina.startup.HostConfig deployDirectory
INFO: Déploiement du répertoire examples de l'application web
2 déc. 2015 15:50:57 org.apache.catalina.startup.HostConfig deployDirectory
INFO: Déploiement du répertoire ROOT de l'application web
2 déc. 2015 15:50:57 org.apache.catalina.startup.HostConfig deployDirectory
INFO: Déploiement du répertoire xtf de l'application web
2 déc. 2015 15:50:58 org.apache.coyote.http11.Http11Protocol start
INFO: Démarrage de Coyote HTTP/1.1 sur http-8080
2 déc. 2015 15:50:58 org.apache.jk.common.ChannelSocket init
INFO: JK: ajp13 listening on /0.0.0.0:8009
2 déc. 2015 15:50:58 org.apache.jk.server.JkMain start
INFO: Jk running ID=0 time=0/33  config=null
2 déc. 2015 15:50:58 org.apache.catalina.startup.Catalina start
INFO: Server startup in 2336 ms
2 déc. 2015 21:19:59 org.apache.coyote.http11.Http11Protocol pause
INFO: Suspension de Coyote HTTP/1.1 sur http-8080
2 déc. 2015 21:20:01 org.apache.catalina.core.StandardService stop
INFO: Arrêt du service Catalina
2 déc. 2015 21:20:01 org.apache.catalina.loader.WebappClassLoader clearThreadLocalMap
GRAVE: The web application [/xtf] created a ThreadLocal with key of type [java.lang.ThreadLocal] (value [java.lang.ThreadLocal@604c442b]) and a value of type [org.cdlib.xtf.util.PackedByteBuf.CompressInfo] (value [org.cdlib.xtf.util.PackedByteBuf$CompressInfo@2f0f9471]) but failed to remove it when the web application was stopped. This is very likely to create a memory leak.
2 déc. 2015 21:20:01 org.apache.catalina.loader.WebappClassLoader clearThreadLocalMap
GRAVE: The web application [/xtf] created a ThreadLocal with key of type [java.lang.ThreadLocal] (value [java.lang.ThreadLocal@604c442b]) and a value of type [org.cdlib.xtf.util.PackedByteBuf.CompressInfo] (value [org.cdlib.xtf.util.PackedByteBuf$CompressInfo@27da9eda]) but failed to remove it when the web application was stopped. This is very likely to create a memory leak.
2 déc. 2015 21:20:01 org.apache.catalina.loader.WebappClassLoader clearThreadLocalMap
GRAVE: The web application [/xtf] created a ThreadLocal with key of type [java.lang.ThreadLocal] (value [java.lang.ThreadLocal@604c442b]) and a value of type [org.cdlib.xtf.util.PackedByteBuf.CompressInfo] (value [org.cdlib.xtf.util.PackedByteBuf$CompressInfo@1f30ea7]) but failed to remove it when the web application was stopped. This is very likely to create a memory leak.
2 déc. 2015 21:20:01 org.apache.catalina.loader.WebappClassLoader clearThreadLocalMap
GRAVE: The web application [/xtf] created a ThreadLocal with key of type [java.lang.ThreadLocal] (value [java.lang.ThreadLocal@604c442b]) and a value of type [org.cdlib.xtf.util.PackedByteBuf.CompressInfo] (value [org.cdlib.xtf.util.PackedByteBuf$CompressInfo@7c46f6f0]) but failed to remove it when the web application was stopped. This is very likely to create a memory leak.
2 déc. 2015 21:20:01 org.apache.catalina.loader.WebappClassLoader clearThreadLocalMap
GRAVE: The web application [/xtf] created a ThreadLocal with key of type [java.lang.ThreadLocal] (value [java.lang.ThreadLocal@604c442b]) and a value of type [org.cdlib.xtf.util.PackedByteBuf.CompressInfo] (value [org.cdlib.xtf.util.PackedByteBuf$CompressInfo@16fe464e]) but failed to remove it when the web application was stopped. This is very likely to create a memory leak.
2 déc. 2015 21:20:01 org.apache.catalina.loader.WebappClassLoader clearThreadLocalMap
GRAVE: The web application [/xtf] created a ThreadLocal with key of type [java.lang.ThreadLocal] (value [java.lang.ThreadLocal@604c442b]) and a value of type [org.cdlib.xtf.util.PackedByteBuf.CompressInfo] (value [org.cdlib.xtf.util.PackedByteBuf$CompressInfo@fb9b6ad]) but failed to remove it when the web application was stopped. This is very likely to create a memory leak.
2 déc. 2015 21:20:01 org.apache.catalina.loader.WebappClassLoader clearThreadLocalMap
GRAVE: The web application [/xtf] created a ThreadLocal with key of type [java.lang.ThreadLocal] (value [java.lang.ThreadLocal@604c442b]) and a value of type [org.cdlib.xtf.util.PackedByteBuf.CompressInfo] (value [org.cdlib.xtf.util.PackedByteBuf$CompressInfo@69881feb]) but failed to remove it when the web application was stopped. This is very likely to create a memory leak.
2 déc. 2015 21:20:02 org.apache.coyote.http11.Http11Protocol destroy
INFO: Arrêt de Coyote HTTP/1.1 sur http-8080
