13 nov. 2014 14:33:15 org.apache.catalina.core.AprLifecycleListener init
INFO: The APR based Apache Tomcat Native library which allows optimal performance in production environments was not found on the java.library.path: .:/Library/Java/Extensions:/System/Library/Java/Extensions:/usr/lib/java
13 nov. 2014 14:33:16 org.apache.coyote.http11.Http11Protocol init
INFO: Initialisation de Coyote HTTP/1.1 sur http-8080
13 nov. 2014 14:33:16 org.apache.catalina.startup.Catalina load
INFO: Initialization processed in 968 ms
13 nov. 2014 14:33:16 org.apache.catalina.core.StandardService start
INFO: Démarrage du service Catalina
13 nov. 2014 14:33:16 org.apache.catalina.core.StandardEngine start
INFO: Starting Servlet Engine: Apache Tomcat/6.0.29
13 nov. 2014 14:33:16 org.apache.catalina.startup.HostConfig deployDescriptor
INFO: Déploiement du descripteur de configuration host-manager.xml
13 nov. 2014 14:33:17 org.apache.catalina.startup.HostConfig deployDescriptor
INFO: Déploiement du descripteur de configuration manager.xml
13 nov. 2014 14:33:17 org.apache.catalina.startup.HostConfig deployDirectory
INFO: Déploiement du répertoire docs de l'application web
13 nov. 2014 14:33:17 org.apache.catalina.startup.HostConfig deployDirectory
INFO: Déploiement du répertoire examples de l'application web
13 nov. 2014 14:33:17 org.apache.catalina.startup.HostConfig deployDirectory
INFO: Déploiement du répertoire ROOT de l'application web
13 nov. 2014 14:33:17 org.apache.catalina.startup.HostConfig deployDirectory
INFO: Déploiement du répertoire xtf de l'application web
13 nov. 2014 14:33:18 org.apache.coyote.http11.Http11Protocol start
INFO: Démarrage de Coyote HTTP/1.1 sur http-8080
13 nov. 2014 14:33:18 org.apache.jk.common.ChannelSocket init
INFO: JK: ajp13 listening on /0.0.0.0:8009
13 nov. 2014 14:33:18 org.apache.jk.server.JkMain start
INFO: Jk running ID=0 time=0/37  config=null
13 nov. 2014 14:33:18 org.apache.catalina.startup.Catalina start
INFO: Server startup in 2106 ms
13 nov. 2014 15:06:49 org.apache.coyote.http11.Http11Protocol pause
INFO: Suspension de Coyote HTTP/1.1 sur http-8080
13 nov. 2014 15:06:51 org.apache.catalina.core.StandardService stop
INFO: Arrêt du service Catalina
13 nov. 2014 15:06:51 org.apache.catalina.loader.WebappClassLoader clearReferencesThreads
GRAVE: The web application [/xtf] appears to have started a thread named [Thread-78] but has failed to stop it. This is very likely to create a memory leak.
13 nov. 2014 15:06:51 org.apache.catalina.loader.WebappClassLoader clearThreadLocalMap
GRAVE: The web application [/xtf] created a ThreadLocal with key of type [java.lang.ThreadLocal] (value [java.lang.ThreadLocal@1fc1b26c]) and a value of type [org.cdlib.xtf.util.PackedByteBuf.CompressInfo] (value [org.cdlib.xtf.util.PackedByteBuf$CompressInfo@65a8e0bd]) but failed to remove it when the web application was stopped. This is very likely to create a memory leak.
13 nov. 2014 15:06:51 org.apache.catalina.loader.WebappClassLoader clearThreadLocalMap
GRAVE: The web application [/xtf] created a ThreadLocal with key of type [java.lang.ThreadLocal] (value [java.lang.ThreadLocal@323acc6f]) and a value of type [org.apache.lucene.index.SegmentTermEnum] (value [org.apache.lucene.index.SegmentTermEnum@3243a52c]) but failed to remove it when the web application was stopped. This is very likely to create a memory leak.
13 nov. 2014 15:06:51 org.apache.catalina.loader.WebappClassLoader clearThreadLocalMap
GRAVE: The web application [/xtf] created a ThreadLocal with key of type [java.lang.ThreadLocal] (value [java.lang.ThreadLocal@1fc1b26c]) and a value of type [org.cdlib.xtf.util.PackedByteBuf.CompressInfo] (value [org.cdlib.xtf.util.PackedByteBuf$CompressInfo@7711057b]) but failed to remove it when the web application was stopped. This is very likely to create a memory leak.
13 nov. 2014 15:06:51 org.apache.catalina.loader.WebappClassLoader clearThreadLocalMap
GRAVE: The web application [/xtf] created a ThreadLocal with key of type [java.lang.ThreadLocal] (value [java.lang.ThreadLocal@323acc6f]) and a value of type [org.apache.lucene.index.SegmentTermEnum] (value [org.apache.lucene.index.SegmentTermEnum@7e7f0b4e]) but failed to remove it when the web application was stopped. This is very likely to create a memory leak.
13 nov. 2014 15:06:51 org.apache.catalina.loader.WebappClassLoader clearThreadLocalMap
GRAVE: The web application [/xtf] created a ThreadLocal with key of type [java.lang.ThreadLocal] (value [java.lang.ThreadLocal@1fc1b26c]) and a value of type [org.cdlib.xtf.util.PackedByteBuf.CompressInfo] (value [org.cdlib.xtf.util.PackedByteBuf$CompressInfo@46bf6ec3]) but failed to remove it when the web application was stopped. This is very likely to create a memory leak.
13 nov. 2014 15:06:51 org.apache.catalina.loader.WebappClassLoader clearThreadLocalMap
GRAVE: The web application [/xtf] created a ThreadLocal with key of type [java.lang.ThreadLocal] (value [java.lang.ThreadLocal@323acc6f]) and a value of type [org.apache.lucene.index.SegmentTermEnum] (value [org.apache.lucene.index.SegmentTermEnum@4200e87e]) but failed to remove it when the web application was stopped. This is very likely to create a memory leak.
13 nov. 2014 15:06:52 org.apache.coyote.http11.Http11Protocol destroy
INFO: Arrêt de Coyote HTTP/1.1 sur http-8080
13 nov. 2014 15:31:36 org.apache.catalina.core.AprLifecycleListener init
INFO: The APR based Apache Tomcat Native library which allows optimal performance in production environments was not found on the java.library.path: .:/Library/Java/Extensions:/System/Library/Java/Extensions:/usr/lib/java
13 nov. 2014 15:31:37 org.apache.coyote.http11.Http11Protocol init
INFO: Initialisation de Coyote HTTP/1.1 sur http-8080
13 nov. 2014 15:31:37 org.apache.catalina.startup.Catalina load
INFO: Initialization processed in 928 ms
13 nov. 2014 15:31:37 org.apache.catalina.core.StandardService start
INFO: Démarrage du service Catalina
13 nov. 2014 15:31:37 org.apache.catalina.core.StandardEngine start
INFO: Starting Servlet Engine: Apache Tomcat/6.0.29
13 nov. 2014 15:31:37 org.apache.catalina.startup.HostConfig deployDescriptor
INFO: Déploiement du descripteur de configuration host-manager.xml
13 nov. 2014 15:31:37 org.apache.catalina.startup.HostConfig deployDescriptor
INFO: Déploiement du descripteur de configuration manager.xml
13 nov. 2014 15:31:38 org.apache.catalina.startup.HostConfig deployDirectory
INFO: Déploiement du répertoire docs de l'application web
13 nov. 2014 15:31:38 org.apache.catalina.startup.HostConfig deployDirectory
INFO: Déploiement du répertoire examples de l'application web
13 nov. 2014 15:31:38 org.apache.catalina.startup.HostConfig deployDirectory
INFO: Déploiement du répertoire ROOT de l'application web
13 nov. 2014 15:31:38 org.apache.catalina.startup.HostConfig deployDirectory
INFO: Déploiement du répertoire xtf de l'application web
13 nov. 2014 15:31:39 org.apache.coyote.http11.Http11Protocol start
INFO: Démarrage de Coyote HTTP/1.1 sur http-8080
13 nov. 2014 15:31:39 org.apache.jk.common.ChannelSocket init
INFO: JK: ajp13 listening on /0.0.0.0:8009
13 nov. 2014 15:31:39 org.apache.jk.server.JkMain start
INFO: Jk running ID=0 time=0/95  config=null
13 nov. 2014 15:31:39 org.apache.catalina.startup.Catalina start
INFO: Server startup in 2241 ms
13 nov. 2014 19:03:09 org.apache.coyote.http11.Http11Protocol pause
INFO: Suspension de Coyote HTTP/1.1 sur http-8080
13 nov. 2014 19:03:11 org.apache.catalina.core.StandardService stop
INFO: Arrêt du service Catalina
13 nov. 2014 19:03:11 org.apache.catalina.loader.WebappClassLoader clearReferencesThreads
GRAVE: The web application [/xtf] appears to have started a thread named [Thread-55] but has failed to stop it. This is very likely to create a memory leak.
13 nov. 2014 19:03:11 org.apache.catalina.loader.WebappClassLoader clearThreadLocalMap
GRAVE: The web application [/xtf] created a ThreadLocal with key of type [null] (value [null]) and a value of type [org.apache.lucene.index.SegmentTermEnum] (value [org.apache.lucene.index.SegmentTermEnum@43507d1b]) but failed to remove it when the web application was stopped. This is very likely to create a memory leak.
13 nov. 2014 19:03:11 org.apache.catalina.loader.WebappClassLoader clearThreadLocalMap
GRAVE: The web application [/xtf] created a ThreadLocal with key of type [java.lang.ThreadLocal] (value [java.lang.ThreadLocal@59459a23]) and a value of type [org.cdlib.xtf.util.PackedByteBuf.CompressInfo] (value [org.cdlib.xtf.util.PackedByteBuf$CompressInfo@688a9d9e]) but failed to remove it when the web application was stopped. This is very likely to create a memory leak.
13 nov. 2014 19:03:11 org.apache.catalina.loader.WebappClassLoader clearThreadLocalMap
GRAVE: The web application [/xtf] created a ThreadLocal with key of type [null] (value [null]) and a value of type [org.apache.lucene.index.SegmentTermEnum] (value [org.apache.lucene.index.SegmentTermEnum@647225b0]) but failed to remove it when the web application was stopped. This is very likely to create a memory leak.
13 nov. 2014 19:03:11 org.apache.catalina.loader.WebappClassLoader clearThreadLocalMap
GRAVE: The web application [/xtf] created a ThreadLocal with key of type [java.lang.ThreadLocal] (value [java.lang.ThreadLocal@2087955]) and a value of type [org.apache.lucene.index.SegmentTermEnum] (value [org.apache.lucene.index.SegmentTermEnum@7a55bc7d]) but failed to remove it when the web application was stopped. This is very likely to create a memory leak.
13 nov. 2014 19:03:11 org.apache.catalina.loader.WebappClassLoader clearThreadLocalMap
GRAVE: The web application [/xtf] created a ThreadLocal with key of type [null] (value [null]) and a value of type [org.apache.lucene.index.SegmentTermEnum] (value [org.apache.lucene.index.SegmentTermEnum@12c9f14a]) but failed to remove it when the web application was stopped. This is very likely to create a memory leak.
13 nov. 2014 19:03:11 org.apache.catalina.loader.WebappClassLoader clearThreadLocalMap
GRAVE: The web application [/xtf] created a ThreadLocal with key of type [java.lang.ThreadLocal] (value [java.lang.ThreadLocal@59459a23]) and a value of type [org.cdlib.xtf.util.PackedByteBuf.CompressInfo] (value [org.cdlib.xtf.util.PackedByteBuf$CompressInfo@8003ae9]) but failed to remove it when the web application was stopped. This is very likely to create a memory leak.
13 nov. 2014 19:03:11 org.apache.catalina.loader.WebappClassLoader clearThreadLocalMap
GRAVE: The web application [/xtf] created a ThreadLocal with key of type [null] (value [null]) and a value of type [org.apache.lucene.index.SegmentTermEnum] (value [org.apache.lucene.index.SegmentTermEnum@471b9b19]) but failed to remove it when the web application was stopped. This is very likely to create a memory leak.
13 nov. 2014 19:03:11 org.apache.catalina.loader.WebappClassLoader clearThreadLocalMap
GRAVE: The web application [/xtf] created a ThreadLocal with key of type [java.lang.ThreadLocal] (value [java.lang.ThreadLocal@2087955]) and a value of type [org.apache.lucene.index.SegmentTermEnum] (value [org.apache.lucene.index.SegmentTermEnum@6563aac7]) but failed to remove it when the web application was stopped. This is very likely to create a memory leak.
13 nov. 2014 19:03:11 org.apache.catalina.loader.WebappClassLoader clearThreadLocalMap
GRAVE: The web application [/xtf] created a ThreadLocal with key of type [null] (value [null]) and a value of type [org.apache.lucene.index.SegmentTermEnum] (value [org.apache.lucene.index.SegmentTermEnum@726122d1]) but failed to remove it when the web application was stopped. This is very likely to create a memory leak.
13 nov. 2014 19:03:11 org.apache.catalina.loader.WebappClassLoader clearThreadLocalMap
GRAVE: The web application [/xtf] created a ThreadLocal with key of type [java.lang.ThreadLocal] (value [java.lang.ThreadLocal@59459a23]) and a value of type [org.cdlib.xtf.util.PackedByteBuf.CompressInfo] (value [org.cdlib.xtf.util.PackedByteBuf$CompressInfo@47350201]) but failed to remove it when the web application was stopped. This is very likely to create a memory leak.
13 nov. 2014 19:03:11 org.apache.catalina.loader.WebappClassLoader clearThreadLocalMap
GRAVE: The web application [/xtf] created a ThreadLocal with key of type [null] (value [null]) and a value of type [org.apache.lucene.index.SegmentTermEnum] (value [org.apache.lucene.index.SegmentTermEnum@6916b42c]) but failed to remove it when the web application was stopped. This is very likely to create a memory leak.
13 nov. 2014 19:03:11 org.apache.catalina.loader.WebappClassLoader clearThreadLocalMap
GRAVE: The web application [/xtf] created a ThreadLocal with key of type [java.lang.ThreadLocal] (value [java.lang.ThreadLocal@2087955]) and a value of type [org.apache.lucene.index.SegmentTermEnum] (value [org.apache.lucene.index.SegmentTermEnum@518eea9a]) but failed to remove it when the web application was stopped. This is very likely to create a memory leak.
13 nov. 2014 19:03:11 org.apache.catalina.loader.WebappClassLoader clearThreadLocalMap
GRAVE: The web application [/xtf] created a ThreadLocal with key of type [null] (value [null]) and a value of type [org.apache.lucene.index.SegmentTermEnum] (value [org.apache.lucene.index.SegmentTermEnum@7dcc4e4a]) but failed to remove it when the web application was stopped. This is very likely to create a memory leak.
13 nov. 2014 19:03:11 org.apache.catalina.loader.WebappClassLoader clearThreadLocalMap
GRAVE: The web application [/xtf] created a ThreadLocal with key of type [java.lang.ThreadLocal] (value [java.lang.ThreadLocal@2087955]) and a value of type [org.apache.lucene.index.SegmentTermEnum] (value [org.apache.lucene.index.SegmentTermEnum@70281ccb]) but failed to remove it when the web application was stopped. This is very likely to create a memory leak.
13 nov. 2014 19:03:12 org.apache.coyote.http11.Http11Protocol destroy
INFO: Arrêt de Coyote HTTP/1.1 sur http-8080
13 nov. 2014 22:51:09 org.apache.catalina.core.AprLifecycleListener init
INFO: The APR based Apache Tomcat Native library which allows optimal performance in production environments was not found on the java.library.path: .:/Library/Java/Extensions:/System/Library/Java/Extensions:/usr/lib/java
13 nov. 2014 22:51:09 org.apache.coyote.http11.Http11Protocol init
INFO: Initialisation de Coyote HTTP/1.1 sur http-8080
13 nov. 2014 22:51:09 org.apache.catalina.startup.Catalina load
INFO: Initialization processed in 908 ms
13 nov. 2014 22:51:10 org.apache.catalina.core.StandardService start
INFO: Démarrage du service Catalina
13 nov. 2014 22:51:10 org.apache.catalina.core.StandardEngine start
INFO: Starting Servlet Engine: Apache Tomcat/6.0.29
13 nov. 2014 22:51:10 org.apache.catalina.startup.HostConfig deployDescriptor
INFO: Déploiement du descripteur de configuration host-manager.xml
13 nov. 2014 22:51:10 org.apache.catalina.startup.HostConfig deployDescriptor
INFO: Déploiement du descripteur de configuration manager.xml
13 nov. 2014 22:51:10 org.apache.catalina.startup.HostConfig deployDirectory
INFO: Déploiement du répertoire docs de l'application web
13 nov. 2014 22:51:10 org.apache.catalina.startup.HostConfig deployDirectory
INFO: Déploiement du répertoire examples de l'application web
13 nov. 2014 22:51:11 org.apache.catalina.startup.HostConfig deployDirectory
INFO: Déploiement du répertoire ROOT de l'application web
13 nov. 2014 22:51:11 org.apache.catalina.startup.HostConfig deployDirectory
INFO: Déploiement du répertoire xtf de l'application web
13 nov. 2014 22:51:12 org.apache.coyote.http11.Http11Protocol start
INFO: Démarrage de Coyote HTTP/1.1 sur http-8080
13 nov. 2014 22:51:12 org.apache.jk.common.ChannelSocket init
INFO: JK: ajp13 listening on /0.0.0.0:8009
13 nov. 2014 22:51:12 org.apache.jk.server.JkMain start
INFO: Jk running ID=0 time=0/39  config=null
13 nov. 2014 22:51:12 org.apache.catalina.startup.Catalina start
INFO: Server startup in 2173 ms
13 nov. 2014 23:07:49 org.apache.coyote.http11.Http11Protocol pause
INFO: Suspension de Coyote HTTP/1.1 sur http-8080
13 nov. 2014 23:07:50 org.apache.catalina.core.StandardService stop
INFO: Arrêt du service Catalina
13 nov. 2014 23:07:50 org.apache.catalina.loader.WebappClassLoader clearReferencesThreads
GRAVE: The web application [/xtf] appears to have started a thread named [Thread-21] but has failed to stop it. This is very likely to create a memory leak.
13 nov. 2014 23:07:50 org.apache.catalina.loader.WebappClassLoader clearThreadLocalMap
GRAVE: The web application [/xtf] created a ThreadLocal with key of type [java.lang.ThreadLocal] (value [java.lang.ThreadLocal@62a541e5]) and a value of type [org.cdlib.xtf.util.PackedByteBuf.CompressInfo] (value [org.cdlib.xtf.util.PackedByteBuf$CompressInfo@4f8953fb]) but failed to remove it when the web application was stopped. This is very likely to create a memory leak.
13 nov. 2014 23:07:50 org.apache.catalina.loader.WebappClassLoader clearThreadLocalMap
GRAVE: The web application [/xtf] created a ThreadLocal with key of type [java.lang.ThreadLocal] (value [java.lang.ThreadLocal@40e8ac88]) and a value of type [org.apache.lucene.index.SegmentTermEnum] (value [org.apache.lucene.index.SegmentTermEnum@6b973602]) but failed to remove it when the web application was stopped. This is very likely to create a memory leak.
13 nov. 2014 23:07:50 org.apache.catalina.loader.WebappClassLoader clearThreadLocalMap
GRAVE: The web application [/xtf] created a ThreadLocal with key of type [java.lang.ThreadLocal] (value [java.lang.ThreadLocal@62a541e5]) and a value of type [org.cdlib.xtf.util.PackedByteBuf.CompressInfo] (value [org.cdlib.xtf.util.PackedByteBuf$CompressInfo@145af47d]) but failed to remove it when the web application was stopped. This is very likely to create a memory leak.
13 nov. 2014 23:07:50 org.apache.catalina.loader.WebappClassLoader clearThreadLocalMap
GRAVE: The web application [/xtf] created a ThreadLocal with key of type [java.lang.ThreadLocal] (value [java.lang.ThreadLocal@40e8ac88]) and a value of type [org.apache.lucene.index.SegmentTermEnum] (value [org.apache.lucene.index.SegmentTermEnum@5f6944fb]) but failed to remove it when the web application was stopped. This is very likely to create a memory leak.
13 nov. 2014 23:07:50 org.apache.catalina.loader.WebappClassLoader clearThreadLocalMap
GRAVE: The web application [/xtf] created a ThreadLocal with key of type [java.lang.ThreadLocal] (value [java.lang.ThreadLocal@62a541e5]) and a value of type [org.cdlib.xtf.util.PackedByteBuf.CompressInfo] (value [org.cdlib.xtf.util.PackedByteBuf$CompressInfo@782febac]) but failed to remove it when the web application was stopped. This is very likely to create a memory leak.
13 nov. 2014 23:07:50 org.apache.catalina.loader.WebappClassLoader clearThreadLocalMap
GRAVE: The web application [/xtf] created a ThreadLocal with key of type [java.lang.ThreadLocal] (value [java.lang.ThreadLocal@40e8ac88]) and a value of type [org.apache.lucene.index.SegmentTermEnum] (value [org.apache.lucene.index.SegmentTermEnum@1219a6d9]) but failed to remove it when the web application was stopped. This is very likely to create a memory leak.
13 nov. 2014 23:07:50 org.apache.catalina.loader.WebappClassLoader clearThreadLocalMap
GRAVE: The web application [/xtf] created a ThreadLocal with key of type [java.lang.ThreadLocal] (value [java.lang.ThreadLocal@62a541e5]) and a value of type [org.cdlib.xtf.util.PackedByteBuf.CompressInfo] (value [org.cdlib.xtf.util.PackedByteBuf$CompressInfo@5218f9d7]) but failed to remove it when the web application was stopped. This is very likely to create a memory leak.
13 nov. 2014 23:07:50 org.apache.catalina.loader.WebappClassLoader clearThreadLocalMap
GRAVE: The web application [/xtf] created a ThreadLocal with key of type [java.lang.ThreadLocal] (value [java.lang.ThreadLocal@40e8ac88]) and a value of type [org.apache.lucene.index.SegmentTermEnum] (value [org.apache.lucene.index.SegmentTermEnum@65babc5c]) but failed to remove it when the web application was stopped. This is very likely to create a memory leak.
13 nov. 2014 23:07:50 org.apache.catalina.loader.WebappClassLoader clearThreadLocalMap
GRAVE: The web application [/xtf] created a ThreadLocal with key of type [java.lang.ThreadLocal] (value [java.lang.ThreadLocal@62a541e5]) and a value of type [org.cdlib.xtf.util.PackedByteBuf.CompressInfo] (value [org.cdlib.xtf.util.PackedByteBuf$CompressInfo@46a47031]) but failed to remove it when the web application was stopped. This is very likely to create a memory leak.
13 nov. 2014 23:07:50 org.apache.catalina.loader.WebappClassLoader clearThreadLocalMap
GRAVE: The web application [/xtf] created a ThreadLocal with key of type [java.lang.ThreadLocal] (value [java.lang.ThreadLocal@40e8ac88]) and a value of type [org.apache.lucene.index.SegmentTermEnum] (value [org.apache.lucene.index.SegmentTermEnum@55c1c532]) but failed to remove it when the web application was stopped. This is very likely to create a memory leak.
13 nov. 2014 23:07:50 org.apache.catalina.loader.WebappClassLoader clearThreadLocalMap
GRAVE: The web application [/xtf] created a ThreadLocal with key of type [java.lang.ThreadLocal] (value [java.lang.ThreadLocal@62a541e5]) and a value of type [org.cdlib.xtf.util.PackedByteBuf.CompressInfo] (value [org.cdlib.xtf.util.PackedByteBuf$CompressInfo@2479819a]) but failed to remove it when the web application was stopped. This is very likely to create a memory leak.
13 nov. 2014 23:07:50 org.apache.catalina.loader.WebappClassLoader clearThreadLocalMap
GRAVE: The web application [/xtf] created a ThreadLocal with key of type [java.lang.ThreadLocal] (value [java.lang.ThreadLocal@40e8ac88]) and a value of type [org.apache.lucene.index.SegmentTermEnum] (value [org.apache.lucene.index.SegmentTermEnum@252bb82b]) but failed to remove it when the web application was stopped. This is very likely to create a memory leak.
13 nov. 2014 23:07:50 org.apache.coyote.http11.Http11Protocol destroy
INFO: Arrêt de Coyote HTTP/1.1 sur http-8080
