27 nov. 2014 17:17:24 org.apache.catalina.core.AprLifecycleListener init
INFO: The APR based Apache Tomcat Native library which allows optimal performance in production environments was not found on the java.library.path: .:/Library/Java/Extensions:/System/Library/Java/Extensions:/usr/lib/java
27 nov. 2014 17:17:24 org.apache.coyote.http11.Http11Protocol init
INFO: Initialisation de Coyote HTTP/1.1 sur http-8080
27 nov. 2014 17:17:24 org.apache.catalina.startup.Catalina load
INFO: Initialization processed in 822 ms
27 nov. 2014 17:17:24 org.apache.catalina.core.StandardService start
INFO: Démarrage du service Catalina
27 nov. 2014 17:17:24 org.apache.catalina.core.StandardEngine start
INFO: Starting Servlet Engine: Apache Tomcat/6.0.29
27 nov. 2014 17:17:24 org.apache.catalina.startup.HostConfig deployDescriptor
INFO: Déploiement du descripteur de configuration host-manager.xml
27 nov. 2014 17:17:25 org.apache.catalina.startup.HostConfig deployDescriptor
INFO: Déploiement du descripteur de configuration manager.xml
27 nov. 2014 17:17:25 org.apache.catalina.startup.HostConfig deployDirectory
INFO: Déploiement du répertoire docs de l'application web
27 nov. 2014 17:17:25 org.apache.catalina.startup.HostConfig deployDirectory
INFO: Déploiement du répertoire examples de l'application web
27 nov. 2014 17:17:26 org.apache.catalina.startup.HostConfig deployDirectory
INFO: Déploiement du répertoire ROOT de l'application web
27 nov. 2014 17:17:26 org.apache.catalina.startup.HostConfig deployDirectory
INFO: Déploiement du répertoire xtf de l'application web
27 nov. 2014 17:17:26 org.apache.coyote.http11.Http11Protocol start
INFO: Démarrage de Coyote HTTP/1.1 sur http-8080
27 nov. 2014 17:17:26 org.apache.jk.common.ChannelSocket init
INFO: JK: ajp13 listening on /0.0.0.0:8009
27 nov. 2014 17:17:26 org.apache.jk.server.JkMain start
INFO: Jk running ID=0 time=0/26  config=null
27 nov. 2014 17:17:26 org.apache.catalina.startup.Catalina start
INFO: Server startup in 1647 ms
27 nov. 2014 18:11:39 org.apache.coyote.http11.Http11Protocol pause
INFO: Suspension de Coyote HTTP/1.1 sur http-8080
27 nov. 2014 18:11:40 org.apache.catalina.core.StandardService stop
INFO: Arrêt du service Catalina
27 nov. 2014 18:11:40 org.apache.catalina.loader.WebappClassLoader clearReferencesThreads
GRAVE: The web application [/xtf] appears to have started a thread named [Thread-17] but has failed to stop it. This is very likely to create a memory leak.
27 nov. 2014 18:11:40 org.apache.catalina.loader.WebappClassLoader clearThreadLocalMap
GRAVE: The web application [/xtf] created a ThreadLocal with key of type [java.lang.ThreadLocal] (value [java.lang.ThreadLocal@320e64a7]) and a value of type [org.cdlib.xtf.util.PackedByteBuf.CompressInfo] (value [org.cdlib.xtf.util.PackedByteBuf$CompressInfo@4ef2299d]) but failed to remove it when the web application was stopped. This is very likely to create a memory leak.
27 nov. 2014 18:11:40 org.apache.catalina.loader.WebappClassLoader clearThreadLocalMap
GRAVE: The web application [/xtf] created a ThreadLocal with key of type [null] (value [null]) and a value of type [org.apache.lucene.index.SegmentTermEnum] (value [org.apache.lucene.index.SegmentTermEnum@7c8a2ae8]) but failed to remove it when the web application was stopped. This is very likely to create a memory leak.
27 nov. 2014 18:11:40 org.apache.catalina.loader.WebappClassLoader clearThreadLocalMap
GRAVE: The web application [/xtf] created a ThreadLocal with key of type [null] (value [null]) and a value of type [org.apache.lucene.index.SegmentTermEnum] (value [org.apache.lucene.index.SegmentTermEnum@53072538]) but failed to remove it when the web application was stopped. This is very likely to create a memory leak.
27 nov. 2014 18:11:40 org.apache.catalina.loader.WebappClassLoader clearThreadLocalMap
GRAVE: The web application [/xtf] created a ThreadLocal with key of type [java.lang.ThreadLocal] (value [java.lang.ThreadLocal@7a1caa1d]) and a value of type [org.apache.lucene.index.SegmentTermEnum] (value [org.apache.lucene.index.SegmentTermEnum@6fe4948c]) but failed to remove it when the web application was stopped. This is very likely to create a memory leak.
27 nov. 2014 18:11:40 org.apache.catalina.loader.WebappClassLoader clearThreadLocalMap
GRAVE: The web application [/xtf] created a ThreadLocal with key of type [java.lang.ThreadLocal] (value [java.lang.ThreadLocal@7d4acb8]) and a value of type [org.apache.lucene.index.SegmentTermEnum] (value [org.apache.lucene.index.SegmentTermEnum@1b97680c]) but failed to remove it when the web application was stopped. This is very likely to create a memory leak.
27 nov. 2014 18:11:40 org.apache.catalina.loader.WebappClassLoader clearThreadLocalMap
GRAVE: The web application [/xtf] created a ThreadLocal with key of type [java.lang.ThreadLocal] (value [java.lang.ThreadLocal@712ff9fa]) and a value of type [org.apache.lucene.index.SegmentTermEnum] (value [org.apache.lucene.index.SegmentTermEnum@4c4c624]) but failed to remove it when the web application was stopped. This is very likely to create a memory leak.
27 nov. 2014 18:11:40 org.apache.catalina.loader.WebappClassLoader clearThreadLocalMap
GRAVE: The web application [/xtf] created a ThreadLocal with key of type [java.lang.ThreadLocal] (value [java.lang.ThreadLocal@12ac67ee]) and a value of type [org.apache.lucene.index.SegmentTermEnum] (value [org.apache.lucene.index.SegmentTermEnum@74db43d5]) but failed to remove it when the web application was stopped. This is very likely to create a memory leak.
27 nov. 2014 18:11:40 org.apache.catalina.loader.WebappClassLoader clearThreadLocalMap
GRAVE: The web application [/xtf] created a ThreadLocal with key of type [java.lang.ThreadLocal] (value [java.lang.ThreadLocal@674290e2]) and a value of type [org.apache.lucene.index.SegmentTermEnum] (value [org.apache.lucene.index.SegmentTermEnum@43361a64]) but failed to remove it when the web application was stopped. This is very likely to create a memory leak.
27 nov. 2014 18:11:40 org.apache.catalina.loader.WebappClassLoader clearThreadLocalMap
GRAVE: The web application [/xtf] created a ThreadLocal with key of type [null] (value [null]) and a value of type [org.apache.lucene.index.SegmentTermEnum] (value [org.apache.lucene.index.SegmentTermEnum@14febdb5]) but failed to remove it when the web application was stopped. This is very likely to create a memory leak.
27 nov. 2014 18:11:40 org.apache.catalina.loader.WebappClassLoader clearThreadLocalMap
GRAVE: The web application [/xtf] created a ThreadLocal with key of type [java.lang.ThreadLocal] (value [java.lang.ThreadLocal@6058c0d7]) and a value of type [org.apache.lucene.index.SegmentTermEnum] (value [org.apache.lucene.index.SegmentTermEnum@62dc94ab]) but failed to remove it when the web application was stopped. This is very likely to create a memory leak.
27 nov. 2014 18:11:40 org.apache.catalina.loader.WebappClassLoader clearThreadLocalMap
GRAVE: The web application [/xtf] created a ThreadLocal with key of type [java.lang.ThreadLocal] (value [java.lang.ThreadLocal@7fa49941]) and a value of type [org.apache.lucene.index.SegmentTermEnum] (value [org.apache.lucene.index.SegmentTermEnum@f49bbdf]) but failed to remove it when the web application was stopped. This is very likely to create a memory leak.
27 nov. 2014 18:11:40 org.apache.catalina.loader.WebappClassLoader clearThreadLocalMap
GRAVE: The web application [/xtf] created a ThreadLocal with key of type [null] (value [null]) and a value of type [org.apache.lucene.index.SegmentTermEnum] (value [org.apache.lucene.index.SegmentTermEnum@31cd3550]) but failed to remove it when the web application was stopped. This is very likely to create a memory leak.
27 nov. 2014 18:11:40 org.apache.catalina.loader.WebappClassLoader clearThreadLocalMap
GRAVE: The web application [/xtf] created a ThreadLocal with key of type [null] (value [null]) and a value of type [org.apache.lucene.index.SegmentTermEnum] (value [org.apache.lucene.index.SegmentTermEnum@176730bb]) but failed to remove it when the web application was stopped. This is very likely to create a memory leak.
27 nov. 2014 18:11:40 org.apache.catalina.loader.WebappClassLoader clearThreadLocalMap
GRAVE: The web application [/xtf] created a ThreadLocal with key of type [null] (value [null]) and a value of type [org.apache.lucene.index.SegmentTermEnum] (value [org.apache.lucene.index.SegmentTermEnum@77b050fd]) but failed to remove it when the web application was stopped. This is very likely to create a memory leak.
27 nov. 2014 18:11:40 org.apache.catalina.loader.WebappClassLoader clearThreadLocalMap
GRAVE: The web application [/xtf] created a ThreadLocal with key of type [null] (value [null]) and a value of type [org.apache.lucene.index.SegmentTermEnum] (value [org.apache.lucene.index.SegmentTermEnum@58954f6e]) but failed to remove it when the web application was stopped. This is very likely to create a memory leak.
27 nov. 2014 18:11:40 org.apache.catalina.loader.WebappClassLoader clearThreadLocalMap
GRAVE: The web application [/xtf] created a ThreadLocal with key of type [java.lang.ThreadLocal] (value [java.lang.ThreadLocal@320e64a7]) and a value of type [org.cdlib.xtf.util.PackedByteBuf.CompressInfo] (value [org.cdlib.xtf.util.PackedByteBuf$CompressInfo@3291ec31]) but failed to remove it when the web application was stopped. This is very likely to create a memory leak.
27 nov. 2014 18:11:40 org.apache.catalina.loader.WebappClassLoader clearThreadLocalMap
GRAVE: The web application [/xtf] created a ThreadLocal with key of type [null] (value [null]) and a value of type [org.apache.lucene.index.SegmentTermEnum] (value [org.apache.lucene.index.SegmentTermEnum@a299ee7]) but failed to remove it when the web application was stopped. This is very likely to create a memory leak.
27 nov. 2014 18:11:40 org.apache.catalina.loader.WebappClassLoader clearThreadLocalMap
GRAVE: The web application [/xtf] created a ThreadLocal with key of type [null] (value [null]) and a value of type [org.apache.lucene.index.SegmentTermEnum] (value [org.apache.lucene.index.SegmentTermEnum@327f54e7]) but failed to remove it when the web application was stopped. This is very likely to create a memory leak.
27 nov. 2014 18:11:40 org.apache.catalina.loader.WebappClassLoader clearThreadLocalMap
GRAVE: The web application [/xtf] created a ThreadLocal with key of type [null] (value [null]) and a value of type [org.apache.lucene.index.SegmentTermEnum] (value [org.apache.lucene.index.SegmentTermEnum@459f2397]) but failed to remove it when the web application was stopped. This is very likely to create a memory leak.
27 nov. 2014 18:11:40 org.apache.catalina.loader.WebappClassLoader clearThreadLocalMap
GRAVE: The web application [/xtf] created a ThreadLocal with key of type [java.lang.ThreadLocal] (value [java.lang.ThreadLocal@320e64a7]) and a value of type [org.cdlib.xtf.util.PackedByteBuf.CompressInfo] (value [org.cdlib.xtf.util.PackedByteBuf$CompressInfo@52d9b236]) but failed to remove it when the web application was stopped. This is very likely to create a memory leak.
27 nov. 2014 18:11:40 org.apache.catalina.loader.WebappClassLoader clearThreadLocalMap
GRAVE: The web application [/xtf] created a ThreadLocal with key of type [null] (value [null]) and a value of type [org.apache.lucene.index.SegmentTermEnum] (value [org.apache.lucene.index.SegmentTermEnum@524321b8]) but failed to remove it when the web application was stopped. This is very likely to create a memory leak.
27 nov. 2014 18:11:40 org.apache.catalina.loader.WebappClassLoader clearThreadLocalMap
GRAVE: The web application [/xtf] created a ThreadLocal with key of type [java.lang.ThreadLocal] (value [java.lang.ThreadLocal@320e64a7]) and a value of type [org.cdlib.xtf.util.PackedByteBuf.CompressInfo] (value [org.cdlib.xtf.util.PackedByteBuf$CompressInfo@355ae139]) but failed to remove it when the web application was stopped. This is very likely to create a memory leak.
27 nov. 2014 18:11:40 org.apache.catalina.loader.WebappClassLoader clearThreadLocalMap
GRAVE: The web application [/xtf] created a ThreadLocal with key of type [null] (value [null]) and a value of type [org.apache.lucene.index.SegmentTermEnum] (value [org.apache.lucene.index.SegmentTermEnum@6178808c]) but failed to remove it when the web application was stopped. This is very likely to create a memory leak.
27 nov. 2014 18:11:40 org.apache.catalina.loader.WebappClassLoader clearThreadLocalMap
GRAVE: The web application [/xtf] created a ThreadLocal with key of type [java.lang.ThreadLocal] (value [java.lang.ThreadLocal@320e64a7]) and a value of type [org.cdlib.xtf.util.PackedByteBuf.CompressInfo] (value [org.cdlib.xtf.util.PackedByteBuf$CompressInfo@2e3f9952]) but failed to remove it when the web application was stopped. This is very likely to create a memory leak.
27 nov. 2014 18:11:40 org.apache.catalina.loader.WebappClassLoader clearThreadLocalMap
GRAVE: The web application [/xtf] created a ThreadLocal with key of type [null] (value [null]) and a value of type [org.apache.lucene.index.SegmentTermEnum] (value [org.apache.lucene.index.SegmentTermEnum@516aee36]) but failed to remove it when the web application was stopped. This is very likely to create a memory leak.
27 nov. 2014 18:11:40 org.apache.coyote.http11.Http11Protocol destroy
INFO: Arrêt de Coyote HTTP/1.1 sur http-8080
27 nov. 2014 18:12:39 org.apache.catalina.core.AprLifecycleListener init
INFO: The APR based Apache Tomcat Native library which allows optimal performance in production environments was not found on the java.library.path: .:/Library/Java/Extensions:/System/Library/Java/Extensions:/usr/lib/java
27 nov. 2014 18:12:39 org.apache.coyote.http11.Http11Protocol init
INFO: Initialisation de Coyote HTTP/1.1 sur http-8080
27 nov. 2014 18:12:39 org.apache.catalina.startup.Catalina load
INFO: Initialization processed in 729 ms
27 nov. 2014 18:12:39 org.apache.catalina.core.StandardService start
INFO: Démarrage du service Catalina
27 nov. 2014 18:12:39 org.apache.catalina.core.StandardEngine start
INFO: Starting Servlet Engine: Apache Tomcat/6.0.29
27 nov. 2014 18:12:39 org.apache.catalina.startup.HostConfig deployDescriptor
INFO: Déploiement du descripteur de configuration host-manager.xml
27 nov. 2014 18:12:40 org.apache.catalina.startup.HostConfig deployDescriptor
INFO: Déploiement du descripteur de configuration manager.xml
27 nov. 2014 18:12:40 org.apache.catalina.startup.HostConfig deployDirectory
INFO: Déploiement du répertoire docs de l'application web
27 nov. 2014 18:12:40 org.apache.catalina.startup.HostConfig deployDirectory
INFO: Déploiement du répertoire examples de l'application web
27 nov. 2014 18:12:40 org.apache.catalina.startup.HostConfig deployDirectory
INFO: Déploiement du répertoire ROOT de l'application web
27 nov. 2014 18:12:40 org.apache.catalina.startup.HostConfig deployDirectory
INFO: Déploiement du répertoire xtf de l'application web
27 nov. 2014 18:12:40 org.apache.coyote.http11.Http11Protocol start
INFO: Démarrage de Coyote HTTP/1.1 sur http-8080
27 nov. 2014 18:12:41 org.apache.jk.common.ChannelSocket init
INFO: JK: ajp13 listening on /0.0.0.0:8009
27 nov. 2014 18:12:41 org.apache.jk.server.JkMain start
INFO: Jk running ID=0 time=0/82  config=null
27 nov. 2014 18:12:41 org.apache.catalina.startup.Catalina start
INFO: Server startup in 1511 ms
27 nov. 2014 19:01:54 org.apache.coyote.http11.Http11Protocol pause
INFO: Suspension de Coyote HTTP/1.1 sur http-8080
27 nov. 2014 19:01:55 org.apache.catalina.core.StandardService stop
INFO: Arrêt du service Catalina
27 nov. 2014 19:01:55 org.apache.catalina.loader.WebappClassLoader clearThreadLocalMap
GRAVE: The web application [/xtf] created a ThreadLocal with key of type [java.lang.ThreadLocal] (value [java.lang.ThreadLocal@61e076f3]) and a value of type [org.cdlib.xtf.util.PackedByteBuf.CompressInfo] (value [org.cdlib.xtf.util.PackedByteBuf$CompressInfo@57a17db8]) but failed to remove it when the web application was stopped. This is very likely to create a memory leak.
27 nov. 2014 19:01:55 org.apache.catalina.loader.WebappClassLoader clearThreadLocalMap
GRAVE: The web application [/xtf] created a ThreadLocal with key of type [java.lang.ThreadLocal] (value [java.lang.ThreadLocal@61e076f3]) and a value of type [org.cdlib.xtf.util.PackedByteBuf.CompressInfo] (value [org.cdlib.xtf.util.PackedByteBuf$CompressInfo@2b44e7fa]) but failed to remove it when the web application was stopped. This is very likely to create a memory leak.
27 nov. 2014 19:01:55 org.apache.catalina.loader.WebappClassLoader clearThreadLocalMap
GRAVE: The web application [/xtf] created a ThreadLocal with key of type [java.lang.ThreadLocal] (value [java.lang.ThreadLocal@61e076f3]) and a value of type [org.cdlib.xtf.util.PackedByteBuf.CompressInfo] (value [org.cdlib.xtf.util.PackedByteBuf$CompressInfo@38d9e447]) but failed to remove it when the web application was stopped. This is very likely to create a memory leak.
27 nov. 2014 19:01:55 org.apache.coyote.http11.Http11Protocol destroy
INFO: Arrêt de Coyote HTTP/1.1 sur http-8080
