10 nov. 2014 16:28:23 org.apache.catalina.core.AprLifecycleListener init
INFO: The APR based Apache Tomcat Native library which allows optimal performance in production environments was not found on the java.library.path: I:\vaio_disque_dur\Users\Christophe\Documents\Musicologie\TMG\Projet 2012\TMG\xtfWorkshop\java\jre6_win\bin;.;C:\Windows\Sun\Java\bin;C:\Windows\system32;C:\Windows;I:\vaio_disque_dur\Users\Christophe\Documents\Musicologie\TMG\Projet 2012\TMG\xtfWorkshop\java\jre6_win\bin;C:\Windows\system32;C:\Windows;C:\Windows\System32\Wbem;C:\Program Files\Common Files\Roxio Shared\9.0\DLLShared\;C:\Program Files\Common Files\DivX Shared\;C:\Windows\System32\WindowsPowerShell\v1.0\;C:\Program Files\QuickTime\QTSystem\
10 nov. 2014 16:28:24 org.apache.coyote.http11.Http11Protocol init
INFO: Initialisation de Coyote HTTP/1.1 sur http-8080
10 nov. 2014 16:28:24 org.apache.catalina.startup.Catalina load
INFO: Initialization processed in 2710 ms
10 nov. 2014 16:28:24 org.apache.catalina.core.StandardService start
INFO: DÈmarrage du service Catalina
10 nov. 2014 16:28:24 org.apache.catalina.core.StandardEngine start
INFO: Starting Servlet Engine: Apache Tomcat/6.0.29
10 nov. 2014 16:28:24 org.apache.catalina.startup.HostConfig deployDescriptor
INFO: DÈploiement du descripteur de configuration host-manager.xml
10 nov. 2014 16:28:26 org.apache.catalina.startup.HostConfig deployDescriptor
INFO: DÈploiement du descripteur de configuration manager.xml
10 nov. 2014 16:28:27 org.apache.catalina.startup.HostConfig deployDirectory
INFO: DÈploiement du rÈpertoire docs de l'application web
10 nov. 2014 16:28:27 org.apache.catalina.startup.HostConfig deployDirectory
INFO: DÈploiement du rÈpertoire examples de l'application web
10 nov. 2014 16:28:28 org.apache.catalina.startup.HostConfig deployDirectory
INFO: DÈploiement du rÈpertoire ROOT de l'application web
10 nov. 2014 16:28:29 org.apache.catalina.startup.HostConfig deployDirectory
INFO: DÈploiement du rÈpertoire xtf de l'application web
10 nov. 2014 16:28:30 org.apache.coyote.http11.Http11Protocol start
INFO: DÈmarrage de Coyote HTTP/1.1 sur http-8080
10 nov. 2014 16:28:30 org.apache.jk.common.ChannelSocket init
INFO: JK: ajp13 listening on /0.0.0.0:8009
10 nov. 2014 16:28:30 org.apache.jk.server.JkMain start
INFO: Jk running ID=0 time=0/114  config=null
10 nov. 2014 16:28:30 org.apache.catalina.startup.Catalina start
INFO: Server startup in 5769 ms
10 nov. 2014 20:53:57 org.apache.catalina.core.AprLifecycleListener init
INFO: The APR based Apache Tomcat Native library which allows optimal performance in production environments was not found on the java.library.path: .:/Library/Java/Extensions:/System/Library/Java/Extensions:/usr/lib/java
10 nov. 2014 20:53:57 org.apache.coyote.http11.Http11Protocol init
INFO: Initialisation de Coyote HTTP/1.1 sur http-8080
10 nov. 2014 20:53:57 org.apache.catalina.startup.Catalina load
INFO: Initialization processed in 916 ms
10 nov. 2014 20:53:57 org.apache.catalina.core.StandardService start
INFO: Démarrage du service Catalina
10 nov. 2014 20:53:57 org.apache.catalina.core.StandardEngine start
INFO: Starting Servlet Engine: Apache Tomcat/6.0.29
10 nov. 2014 20:53:57 org.apache.catalina.startup.HostConfig deployDescriptor
INFO: Déploiement du descripteur de configuration host-manager.xml
10 nov. 2014 20:53:58 org.apache.catalina.startup.HostConfig deployDescriptor
INFO: Déploiement du descripteur de configuration manager.xml
10 nov. 2014 20:53:58 org.apache.catalina.startup.HostConfig deployDirectory
INFO: Déploiement du répertoire docs de l'application web
10 nov. 2014 20:53:58 org.apache.catalina.startup.HostConfig deployDirectory
INFO: Déploiement du répertoire examples de l'application web
10 nov. 2014 20:53:59 org.apache.catalina.startup.HostConfig deployDirectory
INFO: Déploiement du répertoire ROOT de l'application web
10 nov. 2014 20:53:59 org.apache.catalina.startup.HostConfig deployDirectory
INFO: Déploiement du répertoire xtf de l'application web
10 nov. 2014 20:53:59 org.apache.coyote.http11.Http11Protocol start
INFO: Démarrage de Coyote HTTP/1.1 sur http-8080
10 nov. 2014 20:53:59 org.apache.jk.common.ChannelSocket init
INFO: JK: ajp13 listening on /0.0.0.0:8009
10 nov. 2014 20:53:59 org.apache.jk.server.JkMain start
INFO: Jk running ID=0 time=0/18  config=null
10 nov. 2014 20:53:59 org.apache.catalina.startup.Catalina start
INFO: Server startup in 1607 ms
10 nov. 2014 21:59:16 org.apache.coyote.http11.Http11Protocol pause
INFO: Suspension de Coyote HTTP/1.1 sur http-8080
10 nov. 2014 21:59:17 org.apache.catalina.core.StandardService stop
INFO: Arrêt du service Catalina
10 nov. 2014 21:59:17 org.apache.catalina.loader.WebappClassLoader clearThreadLocalMap
GRAVE: The web application [/xtf] created a ThreadLocal with key of type [java.lang.ThreadLocal] (value [java.lang.ThreadLocal@3993cb40]) and a value of type [org.cdlib.xtf.util.PackedByteBuf.CompressInfo] (value [org.cdlib.xtf.util.PackedByteBuf$CompressInfo@1604f448]) but failed to remove it when the web application was stopped. This is very likely to create a memory leak.
10 nov. 2014 21:59:17 org.apache.catalina.loader.WebappClassLoader clearThreadLocalMap
GRAVE: The web application [/xtf] created a ThreadLocal with key of type [java.lang.ThreadLocal] (value [java.lang.ThreadLocal@3993cb40]) and a value of type [org.cdlib.xtf.util.PackedByteBuf.CompressInfo] (value [org.cdlib.xtf.util.PackedByteBuf$CompressInfo@1f41ae43]) but failed to remove it when the web application was stopped. This is very likely to create a memory leak.
10 nov. 2014 21:59:17 org.apache.catalina.loader.WebappClassLoader clearThreadLocalMap
GRAVE: The web application [/xtf] created a ThreadLocal with key of type [java.lang.ThreadLocal] (value [java.lang.ThreadLocal@3993cb40]) and a value of type [org.cdlib.xtf.util.PackedByteBuf.CompressInfo] (value [org.cdlib.xtf.util.PackedByteBuf$CompressInfo@1117c0bd]) but failed to remove it when the web application was stopped. This is very likely to create a memory leak.
10 nov. 2014 21:59:17 org.apache.catalina.loader.WebappClassLoader clearThreadLocalMap
GRAVE: The web application [/xtf] created a ThreadLocal with key of type [java.lang.ThreadLocal] (value [java.lang.ThreadLocal@3993cb40]) and a value of type [org.cdlib.xtf.util.PackedByteBuf.CompressInfo] (value [org.cdlib.xtf.util.PackedByteBuf$CompressInfo@2e6ec10f]) but failed to remove it when the web application was stopped. This is very likely to create a memory leak.
10 nov. 2014 21:59:17 org.apache.catalina.loader.WebappClassLoader clearThreadLocalMap
GRAVE: The web application [/xtf] created a ThreadLocal with key of type [java.lang.ThreadLocal] (value [java.lang.ThreadLocal@3993cb40]) and a value of type [org.cdlib.xtf.util.PackedByteBuf.CompressInfo] (value [org.cdlib.xtf.util.PackedByteBuf$CompressInfo@6944d799]) but failed to remove it when the web application was stopped. This is very likely to create a memory leak.
10 nov. 2014 21:59:18 org.apache.coyote.http11.Http11Protocol destroy
INFO: Arrêt de Coyote HTTP/1.1 sur http-8080
