avr. 04, 2019 10:36:22 AM org.apache.catalina.core.AprLifecycleListener init
INFOS: The APR based Apache Tomcat Native library which allows optimal performance in production environments was not found on the java.library.path: /Users/christophe/Library/Java/Extensions:/Library/Java/Extensions:/Network/Library/Java/Extensions:/System/Library/Java/Extensions:/usr/lib/java:.
avr. 04, 2019 10:36:23 AM org.apache.coyote.http11.Http11Protocol init
INFOS: Initialisation de Coyote HTTP/1.1 sur http-8080
avr. 04, 2019 10:36:23 AM org.apache.catalina.startup.Catalina load
INFOS: Initialization processed in 462 ms
avr. 04, 2019 10:36:23 AM org.apache.catalina.core.StandardService start
INFOS: Démarrage du service Catalina
avr. 04, 2019 10:36:23 AM org.apache.catalina.core.StandardEngine start
INFOS: Starting Servlet Engine: Apache Tomcat/6.0.29
avr. 04, 2019 10:36:23 AM org.apache.catalina.startup.HostConfig deployDescriptor
INFOS: Déploiement du descripteur de configuration host-manager.xml
avr. 04, 2019 10:36:23 AM org.apache.catalina.startup.HostConfig deployDescriptor
INFOS: Déploiement du descripteur de configuration manager.xml
avr. 04, 2019 10:36:23 AM org.apache.catalina.startup.HostConfig deployDirectory
INFOS: Déploiement du répertoire xtf de l'application web
avr. 04, 2019 10:36:23 AM org.apache.catalina.startup.HostConfig deployDirectory
INFOS: Déploiement du répertoire docs de l'application web
avr. 04, 2019 10:36:23 AM org.apache.catalina.startup.HostConfig deployDirectory
INFOS: Déploiement du répertoire examples de l'application web
avr. 04, 2019 10:36:23 AM org.apache.catalina.startup.HostConfig deployDirectory
INFOS: Déploiement du répertoire ROOT de l'application web
avr. 04, 2019 10:36:23 AM org.apache.coyote.http11.Http11Protocol start
INFOS: Démarrage de Coyote HTTP/1.1 sur http-8080
avr. 04, 2019 10:36:23 AM org.apache.jk.common.ChannelSocket init
INFOS: JK: ajp13 listening on /0.0.0.0:8009
avr. 04, 2019 10:36:23 AM org.apache.jk.server.JkMain start
INFOS: Jk running ID=0 time=0/12  config=null
avr. 04, 2019 10:36:23 AM org.apache.catalina.startup.Catalina start
INFOS: Server startup in 437 ms
avr. 04, 2019 3:08:51 PM org.apache.coyote.http11.Http11Protocol pause
INFOS: Suspension de Coyote HTTP/1.1 sur http-8080
avr. 04, 2019 3:08:58 PM org.apache.catalina.core.StandardService stop
INFOS: Arrêt du service Catalina
avr. 04, 2019 3:08:58 PM org.apache.catalina.loader.WebappClassLoader clearReferencesThreads
GRAVE: The web application [/xtf] appears to have started a thread named [Thread-9] but has failed to stop it. This is very likely to create a memory leak.
avr. 04, 2019 3:08:58 PM org.apache.catalina.loader.WebappClassLoader clearThreadLocalMap
GRAVE: The web application [/xtf] created a ThreadLocal with key of type [java.lang.ThreadLocal] (value [java.lang.ThreadLocal@4948aeb5]) and a value of type [org.cdlib.xtf.util.PackedByteBuf.CompressInfo] (value [org.cdlib.xtf.util.PackedByteBuf$CompressInfo@1a119cf9]) but failed to remove it when the web application was stopped. This is very likely to create a memory leak.
avr. 04, 2019 3:08:58 PM org.apache.catalina.loader.WebappClassLoader clearThreadLocalMap
GRAVE: The web application [/xtf] created a ThreadLocal with key of type [null] (value [null]) and a value of type [org.apache.lucene.index.SegmentTermEnum] (value [org.apache.lucene.index.SegmentTermEnum@16a0b408]) but failed to remove it when the web application was stopped. This is very likely to create a memory leak.
avr. 04, 2019 3:08:58 PM org.apache.catalina.loader.WebappClassLoader clearThreadLocalMap
GRAVE: The web application [/xtf] created a ThreadLocal with key of type [java.lang.ThreadLocal] (value [java.lang.ThreadLocal@30450183]) and a value of type [org.apache.lucene.index.SegmentTermEnum] (value [org.apache.lucene.index.SegmentTermEnum@24fcc44d]) but failed to remove it when the web application was stopped. This is very likely to create a memory leak.
avr. 04, 2019 3:08:58 PM org.apache.catalina.loader.WebappClassLoader clearThreadLocalMap
GRAVE: The web application [/xtf] created a ThreadLocal with key of type [java.lang.ThreadLocal] (value [java.lang.ThreadLocal@321c627f]) and a value of type [org.apache.lucene.index.SegmentTermEnum] (value [org.apache.lucene.index.SegmentTermEnum@210f90c0]) but failed to remove it when the web application was stopped. This is very likely to create a memory leak.
avr. 04, 2019 3:08:58 PM org.apache.catalina.loader.WebappClassLoader clearThreadLocalMap
GRAVE: The web application [/xtf] created a ThreadLocal with key of type [java.lang.ThreadLocal] (value [java.lang.ThreadLocal@4948aeb5]) and a value of type [org.cdlib.xtf.util.PackedByteBuf.CompressInfo] (value [org.cdlib.xtf.util.PackedByteBuf$CompressInfo@39dec47b]) but failed to remove it when the web application was stopped. This is very likely to create a memory leak.
avr. 04, 2019 3:08:58 PM org.apache.catalina.loader.WebappClassLoader clearThreadLocalMap
GRAVE: The web application [/xtf] created a ThreadLocal with key of type [null] (value [null]) and a value of type [org.apache.lucene.index.SegmentTermEnum] (value [org.apache.lucene.index.SegmentTermEnum@7bc2a1a1]) but failed to remove it when the web application was stopped. This is very likely to create a memory leak.
avr. 04, 2019 3:08:58 PM org.apache.catalina.loader.WebappClassLoader clearThreadLocalMap
GRAVE: The web application [/xtf] created a ThreadLocal with key of type [java.lang.ThreadLocal] (value [java.lang.ThreadLocal@30450183]) and a value of type [org.apache.lucene.index.SegmentTermEnum] (value [org.apache.lucene.index.SegmentTermEnum@2a1c3b3c]) but failed to remove it when the web application was stopped. This is very likely to create a memory leak.
avr. 04, 2019 3:08:58 PM org.apache.catalina.loader.WebappClassLoader clearThreadLocalMap
GRAVE: The web application [/xtf] created a ThreadLocal with key of type [java.lang.ThreadLocal] (value [java.lang.ThreadLocal@4948aeb5]) and a value of type [org.cdlib.xtf.util.PackedByteBuf.CompressInfo] (value [org.cdlib.xtf.util.PackedByteBuf$CompressInfo@77c8372f]) but failed to remove it when the web application was stopped. This is very likely to create a memory leak.
avr. 04, 2019 3:08:58 PM org.apache.catalina.loader.WebappClassLoader clearThreadLocalMap
GRAVE: The web application [/xtf] created a ThreadLocal with key of type [java.lang.ThreadLocal] (value [java.lang.ThreadLocal@4948aeb5]) and a value of type [org.cdlib.xtf.util.PackedByteBuf.CompressInfo] (value [org.cdlib.xtf.util.PackedByteBuf$CompressInfo@387ac8b1]) but failed to remove it when the web application was stopped. This is very likely to create a memory leak.
avr. 04, 2019 3:08:58 PM org.apache.catalina.loader.WebappClassLoader clearThreadLocalMap
GRAVE: The web application [/xtf] created a ThreadLocal with key of type [java.lang.ThreadLocal] (value [java.lang.ThreadLocal@4948aeb5]) and a value of type [org.cdlib.xtf.util.PackedByteBuf.CompressInfo] (value [org.cdlib.xtf.util.PackedByteBuf$CompressInfo@56dbb9b6]) but failed to remove it when the web application was stopped. This is very likely to create a memory leak.
avr. 04, 2019 3:08:58 PM org.apache.coyote.http11.Http11Protocol destroy
INFOS: Arrêt de Coyote HTTP/1.1 sur http-8080
avr. 04, 2019 7:26:00 PM org.apache.catalina.core.AprLifecycleListener init
INFOS: The APR based Apache Tomcat Native library which allows optimal performance in production environments was not found on the java.library.path: /Users/christophe/Library/Java/Extensions:/Library/Java/Extensions:/Network/Library/Java/Extensions:/System/Library/Java/Extensions:/usr/lib/java:.
avr. 04, 2019 7:26:00 PM org.apache.coyote.http11.Http11Protocol init
INFOS: Initialisation de Coyote HTTP/1.1 sur http-8080
avr. 04, 2019 7:26:00 PM org.apache.catalina.startup.Catalina load
INFOS: Initialization processed in 499 ms
avr. 04, 2019 7:26:00 PM org.apache.catalina.core.StandardService start
INFOS: Démarrage du service Catalina
avr. 04, 2019 7:26:00 PM org.apache.catalina.core.StandardEngine start
INFOS: Starting Servlet Engine: Apache Tomcat/6.0.29
avr. 04, 2019 7:26:00 PM org.apache.catalina.startup.HostConfig deployDescriptor
INFOS: Déploiement du descripteur de configuration host-manager.xml
avr. 04, 2019 7:26:00 PM org.apache.catalina.startup.HostConfig deployDescriptor
INFOS: Déploiement du descripteur de configuration manager.xml
avr. 04, 2019 7:26:01 PM org.apache.catalina.startup.HostConfig deployDirectory
INFOS: Déploiement du répertoire xtf de l'application web
avr. 04, 2019 7:26:01 PM org.apache.catalina.startup.HostConfig deployDirectory
INFOS: Déploiement du répertoire docs de l'application web
avr. 04, 2019 7:26:01 PM org.apache.catalina.startup.HostConfig deployDirectory
INFOS: Déploiement du répertoire examples de l'application web
avr. 04, 2019 7:26:01 PM org.apache.catalina.startup.HostConfig deployDirectory
INFOS: Déploiement du répertoire ROOT de l'application web
avr. 04, 2019 7:26:01 PM org.apache.coyote.http11.Http11Protocol start
INFOS: Démarrage de Coyote HTTP/1.1 sur http-8080
avr. 04, 2019 7:26:01 PM org.apache.jk.common.ChannelSocket init
INFOS: JK: ajp13 listening on /0.0.0.0:8009
avr. 04, 2019 7:26:01 PM org.apache.jk.server.JkMain start
INFOS: Jk running ID=0 time=0/13  config=null
avr. 04, 2019 7:26:01 PM org.apache.catalina.startup.Catalina start
INFOS: Server startup in 455 ms
avr. 04, 2019 9:20:38 PM org.apache.coyote.http11.Http11Protocol pause
INFOS: Suspension de Coyote HTTP/1.1 sur http-8080
avr. 04, 2019 9:20:44 PM org.apache.catalina.core.StandardService stop
INFOS: Arrêt du service Catalina
avr. 04, 2019 9:20:44 PM org.apache.catalina.loader.WebappClassLoader clearReferencesThreads
GRAVE: The web application [/xtf] appears to have started a thread named [Thread-9] but has failed to stop it. This is very likely to create a memory leak.
avr. 04, 2019 9:20:44 PM org.apache.catalina.loader.WebappClassLoader clearThreadLocalMap
GRAVE: The web application [/xtf] created a ThreadLocal with key of type [java.lang.ThreadLocal] (value [java.lang.ThreadLocal@4057868]) and a value of type [org.cdlib.xtf.util.PackedByteBuf.CompressInfo] (value [org.cdlib.xtf.util.PackedByteBuf$CompressInfo@9159750]) but failed to remove it when the web application was stopped. This is very likely to create a memory leak.
avr. 04, 2019 9:20:44 PM org.apache.catalina.loader.WebappClassLoader clearThreadLocalMap
GRAVE: The web application [/xtf] created a ThreadLocal with key of type [null] (value [null]) and a value of type [org.apache.lucene.index.SegmentTermEnum] (value [org.apache.lucene.index.SegmentTermEnum@1559c02c]) but failed to remove it when the web application was stopped. This is very likely to create a memory leak.
avr. 04, 2019 9:20:44 PM org.apache.catalina.loader.WebappClassLoader clearThreadLocalMap
GRAVE: The web application [/xtf] created a ThreadLocal with key of type [java.lang.ThreadLocal] (value [java.lang.ThreadLocal@15a75786]) and a value of type [org.apache.lucene.index.SegmentTermEnum] (value [org.apache.lucene.index.SegmentTermEnum@58f0a464]) but failed to remove it when the web application was stopped. This is very likely to create a memory leak.
avr. 04, 2019 9:20:44 PM org.apache.catalina.loader.WebappClassLoader clearThreadLocalMap
GRAVE: The web application [/xtf] created a ThreadLocal with key of type [java.lang.ThreadLocal] (value [java.lang.ThreadLocal@15a75786]) and a value of type [org.apache.lucene.index.SegmentTermEnum] (value [org.apache.lucene.index.SegmentTermEnum@7dfa173d]) but failed to remove it when the web application was stopped. This is very likely to create a memory leak.
avr. 04, 2019 9:20:44 PM org.apache.catalina.loader.WebappClassLoader clearThreadLocalMap
GRAVE: The web application [/xtf] created a ThreadLocal with key of type [java.lang.ThreadLocal] (value [java.lang.ThreadLocal@4057868]) and a value of type [org.cdlib.xtf.util.PackedByteBuf.CompressInfo] (value [org.cdlib.xtf.util.PackedByteBuf$CompressInfo@2679f00e]) but failed to remove it when the web application was stopped. This is very likely to create a memory leak.
avr. 04, 2019 9:20:44 PM org.apache.catalina.loader.WebappClassLoader clearThreadLocalMap
GRAVE: The web application [/xtf] created a ThreadLocal with key of type [java.lang.ThreadLocal] (value [java.lang.ThreadLocal@4057868]) and a value of type [org.cdlib.xtf.util.PackedByteBuf.CompressInfo] (value [org.cdlib.xtf.util.PackedByteBuf$CompressInfo@94d8820]) but failed to remove it when the web application was stopped. This is very likely to create a memory leak.
avr. 04, 2019 9:20:44 PM org.apache.catalina.loader.WebappClassLoader clearThreadLocalMap
GRAVE: The web application [/xtf] created a ThreadLocal with key of type [java.lang.ThreadLocal] (value [java.lang.ThreadLocal@4057868]) and a value of type [org.cdlib.xtf.util.PackedByteBuf.CompressInfo] (value [org.cdlib.xtf.util.PackedByteBuf$CompressInfo@5443dee9]) but failed to remove it when the web application was stopped. This is very likely to create a memory leak.
avr. 04, 2019 9:20:44 PM org.apache.coyote.http11.Http11Protocol destroy
INFOS: Arrêt de Coyote HTTP/1.1 sur http-8080
