15 janv. 2016 09:03:16 org.apache.catalina.core.AprLifecycleListener init
INFO: The APR based Apache Tomcat Native library which allows optimal performance in production environments was not found on the java.library.path: .:/Library/Java/Extensions:/System/Library/Java/Extensions:/usr/lib/java
15 janv. 2016 09:03:16 org.apache.coyote.http11.Http11Protocol init
INFO: Initialisation de Coyote HTTP/1.1 sur http-8080
15 janv. 2016 09:03:16 org.apache.catalina.startup.Catalina load
INFO: Initialization processed in 1700 ms
15 janv. 2016 09:03:17 org.apache.catalina.core.StandardService start
INFO: Démarrage du service Catalina
15 janv. 2016 09:03:17 org.apache.catalina.core.StandardEngine start
INFO: Starting Servlet Engine: Apache Tomcat/6.0.29
15 janv. 2016 09:03:17 org.apache.catalina.startup.HostConfig deployDescriptor
INFO: Déploiement du descripteur de configuration host-manager.xml
15 janv. 2016 09:03:17 org.apache.catalina.startup.HostConfig deployDescriptor
INFO: Déploiement du descripteur de configuration manager.xml
15 janv. 2016 09:03:18 org.apache.catalina.startup.HostConfig deployDirectory
INFO: Déploiement du répertoire docs de l'application web
15 janv. 2016 09:03:18 org.apache.catalina.startup.HostConfig deployDirectory
INFO: Déploiement du répertoire examples de l'application web
15 janv. 2016 09:03:18 org.apache.catalina.startup.HostConfig deployDirectory
INFO: Déploiement du répertoire ROOT de l'application web
15 janv. 2016 09:03:18 org.apache.catalina.startup.HostConfig deployDirectory
INFO: Déploiement du répertoire xtf de l'application web
15 janv. 2016 09:03:18 org.apache.coyote.http11.Http11Protocol start
INFO: Démarrage de Coyote HTTP/1.1 sur http-8080
15 janv. 2016 09:03:19 org.apache.jk.common.ChannelSocket init
INFO: JK: ajp13 listening on /0.0.0.0:8009
15 janv. 2016 09:03:19 org.apache.jk.server.JkMain start
INFO: Jk running ID=0 time=0/15  config=null
15 janv. 2016 09:03:19 org.apache.catalina.startup.Catalina start
INFO: Server startup in 2138 ms
15 janv. 2016 10:06:05 org.apache.coyote.http11.Http11Protocol pause
INFO: Suspension de Coyote HTTP/1.1 sur http-8080
15 janv. 2016 10:06:06 org.apache.catalina.core.StandardService stop
INFO: Arrêt du service Catalina
15 janv. 2016 10:06:07 org.apache.catalina.loader.WebappClassLoader clearReferencesThreads
GRAVE: The web application [/xtf] appears to have started a thread named [Thread-29] but has failed to stop it. This is very likely to create a memory leak.
15 janv. 2016 10:06:07 org.apache.catalina.loader.WebappClassLoader clearThreadLocalMap
GRAVE: The web application [/xtf] created a ThreadLocal with key of type [java.lang.ThreadLocal] (value [java.lang.ThreadLocal@6c89db9a]) and a value of type [org.apache.lucene.index.SegmentTermEnum] (value [org.apache.lucene.index.SegmentTermEnum@4eb09321]) but failed to remove it when the web application was stopped. This is very likely to create a memory leak.
15 janv. 2016 10:06:07 org.apache.catalina.loader.WebappClassLoader clearThreadLocalMap
GRAVE: The web application [/xtf] created a ThreadLocal with key of type [java.lang.ThreadLocal] (value [java.lang.ThreadLocal@2a8b83e3]) and a value of type [org.cdlib.xtf.util.PackedByteBuf.CompressInfo] (value [org.cdlib.xtf.util.PackedByteBuf$CompressInfo@2d7fc1e7]) but failed to remove it when the web application was stopped. This is very likely to create a memory leak.
15 janv. 2016 10:06:07 org.apache.catalina.loader.WebappClassLoader clearThreadLocalMap
GRAVE: The web application [/xtf] created a ThreadLocal with key of type [java.lang.ThreadLocal] (value [java.lang.ThreadLocal@6c89db9a]) and a value of type [org.apache.lucene.index.SegmentTermEnum] (value [org.apache.lucene.index.SegmentTermEnum@1e933c07]) but failed to remove it when the web application was stopped. This is very likely to create a memory leak.
15 janv. 2016 10:06:07 org.apache.catalina.loader.WebappClassLoader clearThreadLocalMap
GRAVE: The web application [/xtf] created a ThreadLocal with key of type [java.lang.ThreadLocal] (value [java.lang.ThreadLocal@2a8b83e3]) and a value of type [org.cdlib.xtf.util.PackedByteBuf.CompressInfo] (value [org.cdlib.xtf.util.PackedByteBuf$CompressInfo@5449ff3f]) but failed to remove it when the web application was stopped. This is very likely to create a memory leak.
15 janv. 2016 10:06:07 org.apache.catalina.loader.WebappClassLoader clearThreadLocalMap
GRAVE: The web application [/xtf] created a ThreadLocal with key of type [java.lang.ThreadLocal] (value [java.lang.ThreadLocal@2a8b83e3]) and a value of type [org.cdlib.xtf.util.PackedByteBuf.CompressInfo] (value [org.cdlib.xtf.util.PackedByteBuf$CompressInfo@4614ac54]) but failed to remove it when the web application was stopped. This is very likely to create a memory leak.
15 janv. 2016 10:06:07 org.apache.catalina.loader.WebappClassLoader clearThreadLocalMap
GRAVE: The web application [/xtf] created a ThreadLocal with key of type [java.lang.ThreadLocal] (value [java.lang.ThreadLocal@6c89db9a]) and a value of type [org.apache.lucene.index.SegmentTermEnum] (value [org.apache.lucene.index.SegmentTermEnum@773de2bd]) but failed to remove it when the web application was stopped. This is very likely to create a memory leak.
15 janv. 2016 10:06:07 org.apache.catalina.loader.WebappClassLoader clearThreadLocalMap
GRAVE: The web application [/xtf] created a ThreadLocal with key of type [java.lang.ThreadLocal] (value [java.lang.ThreadLocal@2a8b83e3]) and a value of type [org.cdlib.xtf.util.PackedByteBuf.CompressInfo] (value [org.cdlib.xtf.util.PackedByteBuf$CompressInfo@7ff12373]) but failed to remove it when the web application was stopped. This is very likely to create a memory leak.
15 janv. 2016 10:06:07 org.apache.catalina.loader.WebappClassLoader clearThreadLocalMap
GRAVE: The web application [/xtf] created a ThreadLocal with key of type [java.lang.ThreadLocal] (value [java.lang.ThreadLocal@6c89db9a]) and a value of type [org.apache.lucene.index.SegmentTermEnum] (value [org.apache.lucene.index.SegmentTermEnum@304e94a4]) but failed to remove it when the web application was stopped. This is very likely to create a memory leak.
15 janv. 2016 10:06:07 org.apache.catalina.loader.WebappClassLoader clearThreadLocalMap
GRAVE: The web application [/xtf] created a ThreadLocal with key of type [java.lang.ThreadLocal] (value [java.lang.ThreadLocal@2a8b83e3]) and a value of type [org.cdlib.xtf.util.PackedByteBuf.CompressInfo] (value [org.cdlib.xtf.util.PackedByteBuf$CompressInfo@7700b3c2]) but failed to remove it when the web application was stopped. This is very likely to create a memory leak.
15 janv. 2016 10:06:07 org.apache.coyote.http11.Http11Protocol destroy
INFO: Arrêt de Coyote HTTP/1.1 sur http-8080
15 janv. 2016 13:35:53 org.apache.catalina.core.AprLifecycleListener init
INFO: The APR based Apache Tomcat Native library which allows optimal performance in production environments was not found on the java.library.path: .:/Library/Java/Extensions:/System/Library/Java/Extensions:/usr/lib/java
15 janv. 2016 13:35:53 org.apache.coyote.http11.Http11Protocol init
INFO: Initialisation de Coyote HTTP/1.1 sur http-8080
15 janv. 2016 13:35:53 org.apache.catalina.startup.Catalina load
INFO: Initialization processed in 1288 ms
15 janv. 2016 13:35:53 org.apache.catalina.core.StandardService start
INFO: Démarrage du service Catalina
15 janv. 2016 13:35:53 org.apache.catalina.core.StandardEngine start
INFO: Starting Servlet Engine: Apache Tomcat/6.0.29
15 janv. 2016 13:35:53 org.apache.catalina.startup.HostConfig deployDescriptor
INFO: Déploiement du descripteur de configuration host-manager.xml
15 janv. 2016 13:35:54 org.apache.catalina.startup.HostConfig deployDescriptor
INFO: Déploiement du descripteur de configuration manager.xml
15 janv. 2016 13:35:54 org.apache.catalina.startup.HostConfig deployDirectory
INFO: Déploiement du répertoire docs de l'application web
15 janv. 2016 13:35:54 org.apache.catalina.startup.HostConfig deployDirectory
INFO: Déploiement du répertoire examples de l'application web
15 janv. 2016 13:35:55 org.apache.catalina.startup.HostConfig deployDirectory
INFO: Déploiement du répertoire ROOT de l'application web
15 janv. 2016 13:35:55 org.apache.catalina.startup.HostConfig deployDirectory
INFO: Déploiement du répertoire xtf de l'application web
15 janv. 2016 13:35:56 org.apache.coyote.http11.Http11Protocol start
INFO: Démarrage de Coyote HTTP/1.1 sur http-8080
15 janv. 2016 13:35:56 org.apache.jk.common.ChannelSocket init
INFO: JK: ajp13 listening on /0.0.0.0:8009
15 janv. 2016 13:35:56 org.apache.jk.server.JkMain start
INFO: Jk running ID=0 time=0/123  config=null
15 janv. 2016 13:35:56 org.apache.catalina.startup.Catalina start
INFO: Server startup in 2669 ms
15 janv. 2016 19:58:16 org.apache.coyote.http11.Http11Protocol pause
INFO: Suspension de Coyote HTTP/1.1 sur http-8080
15 janv. 2016 19:58:18 org.apache.catalina.core.StandardService stop
INFO: Arrêt du service Catalina
15 janv. 2016 19:58:18 org.apache.catalina.loader.WebappClassLoader clearReferencesThreads
GRAVE: The web application [/xtf] appears to have started a thread named [Thread-66] but has failed to stop it. This is very likely to create a memory leak.
15 janv. 2016 19:58:18 org.apache.catalina.loader.WebappClassLoader clearThreadLocalMap
GRAVE: The web application [/xtf] created a ThreadLocal with key of type [java.lang.ThreadLocal] (value [java.lang.ThreadLocal@1f3c5cc8]) and a value of type [org.apache.lucene.index.SegmentTermEnum] (value [org.apache.lucene.index.SegmentTermEnum@33ef5e7d]) but failed to remove it when the web application was stopped. This is very likely to create a memory leak.
15 janv. 2016 19:58:18 org.apache.catalina.loader.WebappClassLoader clearThreadLocalMap
GRAVE: The web application [/xtf] created a ThreadLocal with key of type [java.lang.ThreadLocal] (value [java.lang.ThreadLocal@28247b2e]) and a value of type [org.cdlib.xtf.util.PackedByteBuf.CompressInfo] (value [org.cdlib.xtf.util.PackedByteBuf$CompressInfo@73131d98]) but failed to remove it when the web application was stopped. This is very likely to create a memory leak.
15 janv. 2016 19:58:18 org.apache.catalina.loader.WebappClassLoader clearThreadLocalMap
GRAVE: The web application [/xtf] created a ThreadLocal with key of type [java.lang.ThreadLocal] (value [java.lang.ThreadLocal@1f3c5cc8]) and a value of type [org.apache.lucene.index.SegmentTermEnum] (value [org.apache.lucene.index.SegmentTermEnum@6bfc212d]) but failed to remove it when the web application was stopped. This is very likely to create a memory leak.
15 janv. 2016 19:58:18 org.apache.catalina.loader.WebappClassLoader clearThreadLocalMap
GRAVE: The web application [/xtf] created a ThreadLocal with key of type [java.lang.ThreadLocal] (value [java.lang.ThreadLocal@28247b2e]) and a value of type [org.cdlib.xtf.util.PackedByteBuf.CompressInfo] (value [org.cdlib.xtf.util.PackedByteBuf$CompressInfo@75e648bd]) but failed to remove it when the web application was stopped. This is very likely to create a memory leak.
15 janv. 2016 19:58:18 org.apache.catalina.loader.WebappClassLoader clearThreadLocalMap
GRAVE: The web application [/xtf] created a ThreadLocal with key of type [java.lang.ThreadLocal] (value [java.lang.ThreadLocal@1f3c5cc8]) and a value of type [org.apache.lucene.index.SegmentTermEnum] (value [org.apache.lucene.index.SegmentTermEnum@61b1acc3]) but failed to remove it when the web application was stopped. This is very likely to create a memory leak.
15 janv. 2016 19:58:18 org.apache.catalina.loader.WebappClassLoader clearThreadLocalMap
GRAVE: The web application [/xtf] created a ThreadLocal with key of type [java.lang.ThreadLocal] (value [java.lang.ThreadLocal@28247b2e]) and a value of type [org.cdlib.xtf.util.PackedByteBuf.CompressInfo] (value [org.cdlib.xtf.util.PackedByteBuf$CompressInfo@57c56850]) but failed to remove it when the web application was stopped. This is very likely to create a memory leak.
15 janv. 2016 19:58:18 org.apache.catalina.loader.WebappClassLoader clearThreadLocalMap
GRAVE: The web application [/xtf] created a ThreadLocal with key of type [java.lang.ThreadLocal] (value [java.lang.ThreadLocal@1f3c5cc8]) and a value of type [org.apache.lucene.index.SegmentTermEnum] (value [org.apache.lucene.index.SegmentTermEnum@61438934]) but failed to remove it when the web application was stopped. This is very likely to create a memory leak.
15 janv. 2016 19:58:18 org.apache.catalina.loader.WebappClassLoader clearThreadLocalMap
GRAVE: The web application [/xtf] created a ThreadLocal with key of type [java.lang.ThreadLocal] (value [java.lang.ThreadLocal@28247b2e]) and a value of type [org.cdlib.xtf.util.PackedByteBuf.CompressInfo] (value [org.cdlib.xtf.util.PackedByteBuf$CompressInfo@18e4e6cf]) but failed to remove it when the web application was stopped. This is very likely to create a memory leak.
15 janv. 2016 19:58:18 org.apache.catalina.loader.WebappClassLoader clearThreadLocalMap
GRAVE: The web application [/xtf] created a ThreadLocal with key of type [java.lang.ThreadLocal] (value [java.lang.ThreadLocal@1f3c5cc8]) and a value of type [org.apache.lucene.index.SegmentTermEnum] (value [org.apache.lucene.index.SegmentTermEnum@5bed2ccd]) but failed to remove it when the web application was stopped. This is very likely to create a memory leak.
15 janv. 2016 19:58:18 org.apache.catalina.loader.WebappClassLoader clearThreadLocalMap
GRAVE: The web application [/xtf] created a ThreadLocal with key of type [java.lang.ThreadLocal] (value [java.lang.ThreadLocal@28247b2e]) and a value of type [org.cdlib.xtf.util.PackedByteBuf.CompressInfo] (value [org.cdlib.xtf.util.PackedByteBuf$CompressInfo@301875e1]) but failed to remove it when the web application was stopped. This is very likely to create a memory leak.
15 janv. 2016 19:58:18 org.apache.catalina.loader.WebappClassLoader clearThreadLocalMap
GRAVE: The web application [/xtf] created a ThreadLocal with key of type [java.lang.ThreadLocal] (value [java.lang.ThreadLocal@28247b2e]) and a value of type [org.cdlib.xtf.util.PackedByteBuf.CompressInfo] (value [org.cdlib.xtf.util.PackedByteBuf$CompressInfo@15e31f72]) but failed to remove it when the web application was stopped. This is very likely to create a memory leak.
15 janv. 2016 19:58:19 org.apache.coyote.http11.Http11Protocol destroy
INFO: Arrêt de Coyote HTTP/1.1 sur http-8080
