18 nov. 2014 14:21:07 org.apache.catalina.core.AprLifecycleListener init
INFO: The APR based Apache Tomcat Native library which allows optimal performance in production environments was not found on the java.library.path: .:/Library/Java/Extensions:/System/Library/Java/Extensions:/usr/lib/java
18 nov. 2014 14:21:07 org.apache.coyote.http11.Http11Protocol init
INFO: Initialisation de Coyote HTTP/1.1 sur http-8080
18 nov. 2014 14:21:07 org.apache.catalina.startup.Catalina load
INFO: Initialization processed in 944 ms
18 nov. 2014 14:21:07 org.apache.catalina.core.StandardService start
INFO: Démarrage du service Catalina
18 nov. 2014 14:21:07 org.apache.catalina.core.StandardEngine start
INFO: Starting Servlet Engine: Apache Tomcat/6.0.29
18 nov. 2014 14:21:07 org.apache.catalina.startup.HostConfig deployDescriptor
INFO: Déploiement du descripteur de configuration host-manager.xml
18 nov. 2014 14:21:08 org.apache.catalina.startup.HostConfig deployDescriptor
INFO: Déploiement du descripteur de configuration manager.xml
18 nov. 2014 14:21:08 org.apache.catalina.startup.HostConfig deployDirectory
INFO: Déploiement du répertoire docs de l'application web
18 nov. 2014 14:21:08 org.apache.catalina.startup.HostConfig deployDirectory
INFO: Déploiement du répertoire examples de l'application web
18 nov. 2014 14:21:08 org.apache.catalina.startup.HostConfig deployDirectory
INFO: Déploiement du répertoire ROOT de l'application web
18 nov. 2014 14:21:08 org.apache.catalina.startup.HostConfig deployDirectory
INFO: Déploiement du répertoire xtf de l'application web
18 nov. 2014 14:21:09 org.apache.coyote.http11.Http11Protocol start
INFO: Démarrage de Coyote HTTP/1.1 sur http-8080
18 nov. 2014 14:21:09 org.apache.jk.common.ChannelSocket init
INFO: JK: ajp13 listening on /0.0.0.0:8009
18 nov. 2014 14:21:09 org.apache.jk.server.JkMain start
INFO: Jk running ID=0 time=0/34  config=null
18 nov. 2014 14:21:09 org.apache.catalina.startup.Catalina start
INFO: Server startup in 1994 ms
18 nov. 2014 19:11:07 org.apache.coyote.http11.Http11Protocol pause
INFO: Suspension de Coyote HTTP/1.1 sur http-8080
18 nov. 2014 19:11:09 org.apache.catalina.core.StandardService stop
INFO: Arrêt du service Catalina
18 nov. 2014 19:11:09 org.apache.catalina.loader.WebappClassLoader clearReferencesThreads
GRAVE: The web application [/xtf] appears to have started a thread named [Thread-396] but has failed to stop it. This is very likely to create a memory leak.
18 nov. 2014 19:11:09 org.apache.catalina.loader.WebappClassLoader clearThreadLocalMap
GRAVE: The web application [/xtf] created a ThreadLocal with key of type [java.lang.ThreadLocal] (value [java.lang.ThreadLocal@36073852]) and a value of type [org.cdlib.xtf.util.PackedByteBuf.CompressInfo] (value [org.cdlib.xtf.util.PackedByteBuf$CompressInfo@1402ab34]) but failed to remove it when the web application was stopped. This is very likely to create a memory leak.
18 nov. 2014 19:11:09 org.apache.catalina.loader.WebappClassLoader clearThreadLocalMap
GRAVE: The web application [/xtf] created a ThreadLocal with key of type [null] (value [null]) and a value of type [org.apache.lucene.index.SegmentTermEnum] (value [org.apache.lucene.index.SegmentTermEnum@3b35ed2f]) but failed to remove it when the web application was stopped. This is very likely to create a memory leak.
18 nov. 2014 19:11:09 org.apache.catalina.loader.WebappClassLoader clearThreadLocalMap
GRAVE: The web application [/xtf] created a ThreadLocal with key of type [null] (value [null]) and a value of type [org.apache.lucene.index.SegmentTermEnum] (value [org.apache.lucene.index.SegmentTermEnum@5166c707]) but failed to remove it when the web application was stopped. This is very likely to create a memory leak.
18 nov. 2014 19:11:09 org.apache.catalina.loader.WebappClassLoader clearThreadLocalMap
GRAVE: The web application [/xtf] created a ThreadLocal with key of type [null] (value [null]) and a value of type [org.apache.lucene.index.SegmentTermEnum] (value [org.apache.lucene.index.SegmentTermEnum@3294c651]) but failed to remove it when the web application was stopped. This is very likely to create a memory leak.
18 nov. 2014 19:11:09 org.apache.catalina.loader.WebappClassLoader clearThreadLocalMap
GRAVE: The web application [/xtf] created a ThreadLocal with key of type [java.lang.ThreadLocal] (value [java.lang.ThreadLocal@36073852]) and a value of type [org.cdlib.xtf.util.PackedByteBuf.CompressInfo] (value [org.cdlib.xtf.util.PackedByteBuf$CompressInfo@456809c8]) but failed to remove it when the web application was stopped. This is very likely to create a memory leak.
18 nov. 2014 19:11:09 org.apache.catalina.loader.WebappClassLoader clearThreadLocalMap
GRAVE: The web application [/xtf] created a ThreadLocal with key of type [null] (value [null]) and a value of type [org.apache.lucene.index.SegmentTermEnum] (value [org.apache.lucene.index.SegmentTermEnum@315a4d11]) but failed to remove it when the web application was stopped. This is very likely to create a memory leak.
18 nov. 2014 19:11:09 org.apache.catalina.loader.WebappClassLoader clearThreadLocalMap
GRAVE: The web application [/xtf] created a ThreadLocal with key of type [null] (value [null]) and a value of type [org.apache.lucene.index.SegmentTermEnum] (value [org.apache.lucene.index.SegmentTermEnum@1f79b067]) but failed to remove it when the web application was stopped. This is very likely to create a memory leak.
18 nov. 2014 19:11:09 org.apache.catalina.loader.WebappClassLoader clearThreadLocalMap
GRAVE: The web application [/xtf] created a ThreadLocal with key of type [null] (value [null]) and a value of type [org.apache.lucene.index.SegmentTermEnum] (value [org.apache.lucene.index.SegmentTermEnum@6e2c4a55]) but failed to remove it when the web application was stopped. This is very likely to create a memory leak.
18 nov. 2014 19:11:09 org.apache.catalina.loader.WebappClassLoader clearThreadLocalMap
GRAVE: The web application [/xtf] created a ThreadLocal with key of type [null] (value [null]) and a value of type [org.apache.lucene.index.SegmentTermEnum] (value [org.apache.lucene.index.SegmentTermEnum@1dc44af5]) but failed to remove it when the web application was stopped. This is very likely to create a memory leak.
18 nov. 2014 19:11:09 org.apache.catalina.loader.WebappClassLoader clearThreadLocalMap
GRAVE: The web application [/xtf] created a ThreadLocal with key of type [java.lang.ThreadLocal] (value [java.lang.ThreadLocal@36073852]) and a value of type [org.cdlib.xtf.util.PackedByteBuf.CompressInfo] (value [org.cdlib.xtf.util.PackedByteBuf$CompressInfo@42152a17]) but failed to remove it when the web application was stopped. This is very likely to create a memory leak.
18 nov. 2014 19:11:09 org.apache.catalina.loader.WebappClassLoader clearThreadLocalMap
GRAVE: The web application [/xtf] created a ThreadLocal with key of type [java.lang.ThreadLocal] (value [java.lang.ThreadLocal@36073852]) and a value of type [org.cdlib.xtf.util.PackedByteBuf.CompressInfo] (value [org.cdlib.xtf.util.PackedByteBuf$CompressInfo@7b7e6de5]) but failed to remove it when the web application was stopped. This is very likely to create a memory leak.
18 nov. 2014 19:11:09 org.apache.catalina.loader.WebappClassLoader clearThreadLocalMap
GRAVE: The web application [/xtf] created a ThreadLocal with key of type [null] (value [null]) and a value of type [org.apache.lucene.index.SegmentTermEnum] (value [org.apache.lucene.index.SegmentTermEnum@296114ba]) but failed to remove it when the web application was stopped. This is very likely to create a memory leak.
18 nov. 2014 19:11:09 org.apache.catalina.loader.WebappClassLoader clearThreadLocalMap
GRAVE: The web application [/xtf] created a ThreadLocal with key of type [null] (value [null]) and a value of type [org.apache.lucene.index.SegmentTermEnum] (value [org.apache.lucene.index.SegmentTermEnum@2497d48f]) but failed to remove it when the web application was stopped. This is very likely to create a memory leak.
18 nov. 2014 19:11:09 org.apache.catalina.loader.WebappClassLoader clearThreadLocalMap
GRAVE: The web application [/xtf] created a ThreadLocal with key of type [null] (value [null]) and a value of type [org.apache.lucene.index.SegmentTermEnum] (value [org.apache.lucene.index.SegmentTermEnum@6c040b0d]) but failed to remove it when the web application was stopped. This is very likely to create a memory leak.
18 nov. 2014 19:11:09 org.apache.catalina.loader.WebappClassLoader clearThreadLocalMap
GRAVE: The web application [/xtf] created a ThreadLocal with key of type [null] (value [null]) and a value of type [org.apache.lucene.index.SegmentTermEnum] (value [org.apache.lucene.index.SegmentTermEnum@7d71b9e1]) but failed to remove it when the web application was stopped. This is very likely to create a memory leak.
18 nov. 2014 19:11:09 org.apache.catalina.loader.WebappClassLoader clearThreadLocalMap
GRAVE: The web application [/xtf] created a ThreadLocal with key of type [null] (value [null]) and a value of type [org.apache.lucene.index.SegmentTermEnum] (value [org.apache.lucene.index.SegmentTermEnum@3562a31e]) but failed to remove it when the web application was stopped. This is very likely to create a memory leak.
18 nov. 2014 19:11:09 org.apache.catalina.loader.WebappClassLoader clearThreadLocalMap
GRAVE: The web application [/xtf] created a ThreadLocal with key of type [null] (value [null]) and a value of type [org.apache.lucene.index.SegmentTermEnum] (value [org.apache.lucene.index.SegmentTermEnum@5ec321f3]) but failed to remove it when the web application was stopped. This is very likely to create a memory leak.
18 nov. 2014 19:11:09 org.apache.catalina.loader.WebappClassLoader clearThreadLocalMap
GRAVE: The web application [/xtf] created a ThreadLocal with key of type [java.lang.ThreadLocal] (value [java.lang.ThreadLocal@5cea091f]) and a value of type [org.apache.lucene.index.SegmentTermEnum] (value [org.apache.lucene.index.SegmentTermEnum@8fd01e1]) but failed to remove it when the web application was stopped. This is very likely to create a memory leak.
18 nov. 2014 19:11:09 org.apache.catalina.loader.WebappClassLoader clearThreadLocalMap
GRAVE: The web application [/xtf] created a ThreadLocal with key of type [null] (value [null]) and a value of type [org.apache.lucene.index.SegmentTermEnum] (value [org.apache.lucene.index.SegmentTermEnum@1a865f63]) but failed to remove it when the web application was stopped. This is very likely to create a memory leak.
18 nov. 2014 19:11:09 org.apache.catalina.loader.WebappClassLoader clearThreadLocalMap
GRAVE: The web application [/xtf] created a ThreadLocal with key of type [null] (value [null]) and a value of type [org.apache.lucene.index.SegmentTermEnum] (value [org.apache.lucene.index.SegmentTermEnum@6be06a2f]) but failed to remove it when the web application was stopped. This is very likely to create a memory leak.
18 nov. 2014 19:11:09 org.apache.catalina.loader.WebappClassLoader clearThreadLocalMap
GRAVE: The web application [/xtf] created a ThreadLocal with key of type [java.lang.ThreadLocal] (value [java.lang.ThreadLocal@36073852]) and a value of type [org.cdlib.xtf.util.PackedByteBuf.CompressInfo] (value [org.cdlib.xtf.util.PackedByteBuf$CompressInfo@5a5b6afd]) but failed to remove it when the web application was stopped. This is very likely to create a memory leak.
18 nov. 2014 19:11:09 org.apache.catalina.loader.WebappClassLoader clearThreadLocalMap
GRAVE: The web application [/xtf] created a ThreadLocal with key of type [java.lang.ThreadLocal] (value [java.lang.ThreadLocal@36073852]) and a value of type [org.cdlib.xtf.util.PackedByteBuf.CompressInfo] (value [org.cdlib.xtf.util.PackedByteBuf$CompressInfo@27cd3663]) but failed to remove it when the web application was stopped. This is very likely to create a memory leak.
18 nov. 2014 19:11:10 org.apache.coyote.http11.Http11Protocol destroy
INFO: Arrêt de Coyote HTTP/1.1 sur http-8080
