18 f思r. 2016 16:43:54 org.apache.catalina.core.AprLifecycleListener init
INFO: The APR based Apache Tomcat Native library which allows optimal performance in production environments was not found on the java.library.path: .:/Library/Java/Extensions:/System/Library/Java/Extensions:/usr/lib/java
18 f思r. 2016 16:43:55 org.apache.coyote.http11.Http11Protocol init
INFO: Initialisation de Coyote HTTP/1.1 sur http-8080
18 f思r. 2016 16:43:55 org.apache.catalina.startup.Catalina load
INFO: Initialization processed in 1491 ms
18 f思r. 2016 16:43:55 org.apache.catalina.core.StandardService start
INFO: D士arrage du service Catalina
18 f思r. 2016 16:43:55 org.apache.catalina.core.StandardEngine start
INFO: Starting Servlet Engine: Apache Tomcat/6.0.29
18 f思r. 2016 16:43:55 org.apache.catalina.startup.HostConfig deployDescriptor
INFO: D姿loiement du descripteur de configuration host-manager.xml
18 f思r. 2016 16:43:55 org.apache.catalina.startup.HostConfig deployDescriptor
INFO: D姿loiement du descripteur de configuration manager.xml
18 f思r. 2016 16:43:56 org.apache.catalina.startup.HostConfig deployDirectory
INFO: D姿loiement du r姿ertoire docs de l'application web
18 f思r. 2016 16:43:56 org.apache.catalina.startup.HostConfig deployDirectory
INFO: D姿loiement du r姿ertoire examples de l'application web
18 f思r. 2016 16:43:56 org.apache.catalina.startup.HostConfig deployDirectory
INFO: D姿loiement du r姿ertoire ROOT de l'application web
18 f思r. 2016 16:43:56 org.apache.catalina.startup.HostConfig deployDirectory
INFO: D姿loiement du r姿ertoire xtf de l'application web
18 f思r. 2016 16:43:56 org.apache.coyote.http11.Http11Protocol start
INFO: D士arrage de Coyote HTTP/1.1 sur http-8080
18 f思r. 2016 16:43:57 org.apache.jk.common.ChannelSocket init
INFO: JK: ajp13 listening on /0.0.0.0:8009
18 f思r. 2016 16:43:57 org.apache.jk.server.JkMain start
INFO: Jk running ID=0 time=0/17  config=null
18 f思r. 2016 16:43:57 org.apache.catalina.startup.Catalina start
INFO: Server startup in 2014 ms
18 f思r. 2016 21:31:42 org.apache.coyote.http11.Http11Protocol pause
INFO: Suspension de Coyote HTTP/1.1 sur http-8080
18 f思r. 2016 21:31:44 org.apache.catalina.core.StandardService stop
INFO: Arr腎 du service Catalina
18 f思r. 2016 21:31:46 org.apache.catalina.loader.WebappClassLoader clearReferencesThreads
GRAVE: The web application [/xtf] appears to have started a thread named [Thread-17] but has failed to stop it. This is very likely to create a memory leak.
18 f思r. 2016 21:31:46 org.apache.catalina.loader.WebappClassLoader clearThreadLocalMap
GRAVE: The web application [/xtf] created a ThreadLocal with key of type [java.lang.ThreadLocal] (value [java.lang.ThreadLocal@2941e53f]) and a value of type [org.cdlib.xtf.util.PackedByteBuf.CompressInfo] (value [org.cdlib.xtf.util.PackedByteBuf$CompressInfo@2531a042]) but failed to remove it when the web application was stopped. This is very likely to create a memory leak.
18 f思r. 2016 21:31:46 org.apache.catalina.loader.WebappClassLoader clearThreadLocalMap
GRAVE: The web application [/xtf] created a ThreadLocal with key of type [java.lang.ThreadLocal] (value [java.lang.ThreadLocal@5d106021]) and a value of type [org.apache.lucene.index.SegmentTermEnum] (value [org.apache.lucene.index.SegmentTermEnum@5e174642]) but failed to remove it when the web application was stopped. This is very likely to create a memory leak.
18 f思r. 2016 21:31:46 org.apache.catalina.loader.WebappClassLoader clearThreadLocalMap
GRAVE: The web application [/xtf] created a ThreadLocal with key of type [java.lang.ThreadLocal] (value [java.lang.ThreadLocal@2941e53f]) and a value of type [org.cdlib.xtf.util.PackedByteBuf.CompressInfo] (value [org.cdlib.xtf.util.PackedByteBuf$CompressInfo@4a05c750]) but failed to remove it when the web application was stopped. This is very likely to create a memory leak.
18 f思r. 2016 21:31:46 org.apache.catalina.loader.WebappClassLoader clearThreadLocalMap
GRAVE: The web application [/xtf] created a ThreadLocal with key of type [java.lang.ThreadLocal] (value [java.lang.ThreadLocal@5d106021]) and a value of type [org.apache.lucene.index.SegmentTermEnum] (value [org.apache.lucene.index.SegmentTermEnum@41607b27]) but failed to remove it when the web application was stopped. This is very likely to create a memory leak.
18 f思r. 2016 21:31:46 org.apache.catalina.loader.WebappClassLoader clearThreadLocalMap
GRAVE: The web application [/xtf] created a ThreadLocal with key of type [java.lang.ThreadLocal] (value [java.lang.ThreadLocal@2941e53f]) and a value of type [org.cdlib.xtf.util.PackedByteBuf.CompressInfo] (value [org.cdlib.xtf.util.PackedByteBuf$CompressInfo@25355ef9]) but failed to remove it when the web application was stopped. This is very likely to create a memory leak.
18 f思r. 2016 21:31:46 org.apache.catalina.loader.WebappClassLoader clearThreadLocalMap
GRAVE: The web application [/xtf] created a ThreadLocal with key of type [java.lang.ThreadLocal] (value [java.lang.ThreadLocal@5d106021]) and a value of type [org.apache.lucene.index.SegmentTermEnum] (value [org.apache.lucene.index.SegmentTermEnum@52ee4084]) but failed to remove it when the web application was stopped. This is very likely to create a memory leak.
18 f思r. 2016 21:31:46 org.apache.catalina.loader.WebappClassLoader clearThreadLocalMap
GRAVE: The web application [/xtf] created a ThreadLocal with key of type [java.lang.ThreadLocal] (value [java.lang.ThreadLocal@2941e53f]) and a value of type [org.cdlib.xtf.util.PackedByteBuf.CompressInfo] (value [org.cdlib.xtf.util.PackedByteBuf$CompressInfo@17cdc4a5]) but failed to remove it when the web application was stopped. This is very likely to create a memory leak.
18 f思r. 2016 21:31:46 org.apache.catalina.loader.WebappClassLoader clearThreadLocalMap
GRAVE: The web application [/xtf] created a ThreadLocal with key of type [java.lang.ThreadLocal] (value [java.lang.ThreadLocal@2941e53f]) and a value of type [org.cdlib.xtf.util.PackedByteBuf.CompressInfo] (value [org.cdlib.xtf.util.PackedByteBuf$CompressInfo@462938d8]) but failed to remove it when the web application was stopped. This is very likely to create a memory leak.
18 f思r. 2016 21:31:46 org.apache.catalina.loader.WebappClassLoader clearThreadLocalMap
GRAVE: The web application [/xtf] created a ThreadLocal with key of type [java.lang.ThreadLocal] (value [java.lang.ThreadLocal@5d106021]) and a value of type [org.apache.lucene.index.SegmentTermEnum] (value [org.apache.lucene.index.SegmentTermEnum@3c5310e4]) but failed to remove it when the web application was stopped. This is very likely to create a memory leak.
18 f思r. 2016 21:31:46 org.apache.catalina.loader.WebappClassLoader clearThreadLocalMap
GRAVE: The web application [/xtf] created a ThreadLocal with key of type [java.lang.ThreadLocal] (value [java.lang.ThreadLocal@2941e53f]) and a value of type [org.cdlib.xtf.util.PackedByteBuf.CompressInfo] (value [org.cdlib.xtf.util.PackedByteBuf$CompressInfo@717a07ac]) but failed to remove it when the web application was stopped. This is very likely to create a memory leak.
18 f思r. 2016 21:31:46 org.apache.catalina.loader.WebappClassLoader clearThreadLocalMap
GRAVE: The web application [/xtf] created a ThreadLocal with key of type [java.lang.ThreadLocal] (value [java.lang.ThreadLocal@5d106021]) and a value of type [org.apache.lucene.index.SegmentTermEnum] (value [org.apache.lucene.index.SegmentTermEnum@28de768]) but failed to remove it when the web application was stopped. This is very likely to create a memory leak.
18 f思r. 2016 21:31:46 org.apache.catalina.loader.WebappClassLoader clearThreadLocalMap
GRAVE: The web application [/xtf] created a ThreadLocal with key of type [java.lang.ThreadLocal] (value [java.lang.ThreadLocal@2941e53f]) and a value of type [org.cdlib.xtf.util.PackedByteBuf.CompressInfo] (value [org.cdlib.xtf.util.PackedByteBuf$CompressInfo@32535e27]) but failed to remove it when the web application was stopped. This is very likely to create a memory leak.
18 f思r. 2016 21:31:46 org.apache.catalina.loader.WebappClassLoader clearThreadLocalMap
GRAVE: The web application [/xtf] created a ThreadLocal with key of type [java.lang.ThreadLocal] (value [java.lang.ThreadLocal@5d106021]) and a value of type [org.apache.lucene.index.SegmentTermEnum] (value [org.apache.lucene.index.SegmentTermEnum@7f4a6c40]) but failed to remove it when the web application was stopped. This is very likely to create a memory leak.
18 f思r. 2016 21:31:47 org.apache.coyote.http11.Http11Protocol destroy
INFO: Arr腎 de Coyote HTTP/1.1 sur http-8080
