19 nov. 2015 11:59:02 org.apache.catalina.core.AprLifecycleListener init
INFO: The APR based Apache Tomcat Native library which allows optimal performance in production environments was not found on the java.library.path: .:/Library/Java/Extensions:/System/Library/Java/Extensions:/usr/lib/java
19 nov. 2015 11:59:02 org.apache.coyote.http11.Http11Protocol init
INFO: Initialisation de Coyote HTTP/1.1 sur http-8080
19 nov. 2015 11:59:02 org.apache.catalina.startup.Catalina load
INFO: Initialization processed in 1042 ms
19 nov. 2015 11:59:02 org.apache.catalina.core.StandardService start
INFO: Démarrage du service Catalina
19 nov. 2015 11:59:02 org.apache.catalina.core.StandardEngine start
INFO: Starting Servlet Engine: Apache Tomcat/6.0.29
19 nov. 2015 11:59:02 org.apache.catalina.startup.HostConfig deployDescriptor
INFO: Déploiement du descripteur de configuration host-manager.xml
19 nov. 2015 11:59:03 org.apache.catalina.startup.HostConfig deployDescriptor
INFO: Déploiement du descripteur de configuration manager.xml
19 nov. 2015 11:59:03 org.apache.catalina.startup.HostConfig deployDirectory
INFO: Déploiement du répertoire docs de l'application web
19 nov. 2015 11:59:04 org.apache.catalina.startup.HostConfig deployDirectory
INFO: Déploiement du répertoire examples de l'application web
19 nov. 2015 11:59:04 org.apache.catalina.startup.HostConfig deployDirectory
INFO: Déploiement du répertoire ROOT de l'application web
19 nov. 2015 11:59:04 org.apache.catalina.startup.HostConfig deployDirectory
INFO: Déploiement du répertoire xtf de l'application web
19 nov. 2015 11:59:04 org.apache.coyote.http11.Http11Protocol start
INFO: Démarrage de Coyote HTTP/1.1 sur http-8080
19 nov. 2015 11:59:04 org.apache.jk.common.ChannelSocket init
INFO: JK: ajp13 listening on /0.0.0.0:8009
19 nov. 2015 11:59:04 org.apache.jk.server.JkMain start
INFO: Jk running ID=0 time=0/39  config=null
19 nov. 2015 11:59:04 org.apache.catalina.startup.Catalina start
INFO: Server startup in 2275 ms
19 nov. 2015 14:04:00 org.apache.coyote.http11.Http11Protocol pause
INFO: Suspension de Coyote HTTP/1.1 sur http-8080
19 nov. 2015 14:04:01 org.apache.catalina.core.StandardService stop
INFO: Arrêt du service Catalina
19 nov. 2015 14:04:02 org.apache.catalina.loader.WebappClassLoader clearReferencesThreads
GRAVE: The web application [/xtf] appears to have started a thread named [Thread-16] but has failed to stop it. This is very likely to create a memory leak.
19 nov. 2015 14:04:02 org.apache.catalina.loader.WebappClassLoader clearThreadLocalMap
GRAVE: The web application [/xtf] created a ThreadLocal with key of type [java.lang.ThreadLocal] (value [java.lang.ThreadLocal@ee107d9]) and a value of type [org.cdlib.xtf.util.PackedByteBuf.CompressInfo] (value [org.cdlib.xtf.util.PackedByteBuf$CompressInfo@57ca3f30]) but failed to remove it when the web application was stopped. This is very likely to create a memory leak.
19 nov. 2015 14:04:02 org.apache.catalina.loader.WebappClassLoader clearThreadLocalMap
GRAVE: The web application [/xtf] created a ThreadLocal with key of type [null] (value [null]) and a value of type [org.apache.lucene.index.SegmentTermEnum] (value [org.apache.lucene.index.SegmentTermEnum@1efa9557]) but failed to remove it when the web application was stopped. This is very likely to create a memory leak.
19 nov. 2015 14:04:02 org.apache.catalina.loader.WebappClassLoader clearThreadLocalMap
GRAVE: The web application [/xtf] created a ThreadLocal with key of type [null] (value [null]) and a value of type [org.apache.lucene.index.SegmentTermEnum] (value [org.apache.lucene.index.SegmentTermEnum@556292a4]) but failed to remove it when the web application was stopped. This is very likely to create a memory leak.
19 nov. 2015 14:04:02 org.apache.catalina.loader.WebappClassLoader clearThreadLocalMap
GRAVE: The web application [/xtf] created a ThreadLocal with key of type [null] (value [null]) and a value of type [org.apache.lucene.index.SegmentTermEnum] (value [org.apache.lucene.index.SegmentTermEnum@3a8978c7]) but failed to remove it when the web application was stopped. This is very likely to create a memory leak.
19 nov. 2015 14:04:02 org.apache.catalina.loader.WebappClassLoader clearThreadLocalMap
GRAVE: The web application [/xtf] created a ThreadLocal with key of type [java.lang.ThreadLocal] (value [java.lang.ThreadLocal@17586ed7]) and a value of type [org.apache.lucene.index.SegmentTermEnum] (value [org.apache.lucene.index.SegmentTermEnum@2ed4f13a]) but failed to remove it when the web application was stopped. This is very likely to create a memory leak.
19 nov. 2015 14:04:02 org.apache.catalina.loader.WebappClassLoader clearThreadLocalMap
GRAVE: The web application [/xtf] created a ThreadLocal with key of type [java.lang.ThreadLocal] (value [java.lang.ThreadLocal@ee107d9]) and a value of type [org.cdlib.xtf.util.PackedByteBuf.CompressInfo] (value [org.cdlib.xtf.util.PackedByteBuf$CompressInfo@1e292edb]) but failed to remove it when the web application was stopped. This is very likely to create a memory leak.
19 nov. 2015 14:04:02 org.apache.catalina.loader.WebappClassLoader clearThreadLocalMap
GRAVE: The web application [/xtf] created a ThreadLocal with key of type [java.lang.ThreadLocal] (value [java.lang.ThreadLocal@ee107d9]) and a value of type [org.cdlib.xtf.util.PackedByteBuf.CompressInfo] (value [org.cdlib.xtf.util.PackedByteBuf$CompressInfo@21c33b55]) but failed to remove it when the web application was stopped. This is very likely to create a memory leak.
19 nov. 2015 14:04:02 org.apache.catalina.loader.WebappClassLoader clearThreadLocalMap
GRAVE: The web application [/xtf] created a ThreadLocal with key of type [java.lang.ThreadLocal] (value [java.lang.ThreadLocal@ee107d9]) and a value of type [org.cdlib.xtf.util.PackedByteBuf.CompressInfo] (value [org.cdlib.xtf.util.PackedByteBuf$CompressInfo@186c5ac4]) but failed to remove it when the web application was stopped. This is very likely to create a memory leak.
19 nov. 2015 14:04:03 org.apache.coyote.http11.Http11Protocol destroy
INFO: Arrêt de Coyote HTTP/1.1 sur http-8080
