27 nov. 2015 09:20:05 org.apache.coyote.http11.Http11Protocol pause
INFO: Suspension de Coyote HTTP/1.1 sur http-8080
27 nov. 2015 09:20:07 org.apache.catalina.core.StandardService stop
INFO: Arrêt du service Catalina
27 nov. 2015 09:20:09 org.apache.catalina.loader.WebappClassLoader clearReferencesThreads
GRAVE: The web application [/xtf] appears to have started a thread named [Thread-288] but has failed to stop it. This is very likely to create a memory leak.
27 nov. 2015 09:20:09 org.apache.catalina.loader.WebappClassLoader clearThreadLocalMap
GRAVE: The web application [/xtf] created a ThreadLocal with key of type [null] (value [null]) and a value of type [org.apache.lucene.index.SegmentTermEnum] (value [org.apache.lucene.index.SegmentTermEnum@552ee43b]) but failed to remove it when the web application was stopped. This is very likely to create a memory leak.
27 nov. 2015 09:20:09 org.apache.catalina.loader.WebappClassLoader clearThreadLocalMap
GRAVE: The web application [/xtf] created a ThreadLocal with key of type [java.lang.ThreadLocal] (value [java.lang.ThreadLocal@798a092d]) and a value of type [org.cdlib.xtf.util.PackedByteBuf.CompressInfo] (value [org.cdlib.xtf.util.PackedByteBuf$CompressInfo@5560a7b1]) but failed to remove it when the web application was stopped. This is very likely to create a memory leak.
27 nov. 2015 09:20:09 org.apache.catalina.loader.WebappClassLoader clearThreadLocalMap
GRAVE: The web application [/xtf] created a ThreadLocal with key of type [null] (value [null]) and a value of type [org.apache.lucene.index.SegmentTermEnum] (value [org.apache.lucene.index.SegmentTermEnum@3ca18141]) but failed to remove it when the web application was stopped. This is very likely to create a memory leak.
27 nov. 2015 09:20:09 org.apache.catalina.loader.WebappClassLoader clearThreadLocalMap
GRAVE: The web application [/xtf] created a ThreadLocal with key of type [java.lang.ThreadLocal] (value [java.lang.ThreadLocal@798a092d]) and a value of type [org.cdlib.xtf.util.PackedByteBuf.CompressInfo] (value [org.cdlib.xtf.util.PackedByteBuf$CompressInfo@f2cf180]) but failed to remove it when the web application was stopped. This is very likely to create a memory leak.
27 nov. 2015 09:20:09 org.apache.catalina.loader.WebappClassLoader clearThreadLocalMap
GRAVE: The web application [/xtf] created a ThreadLocal with key of type [java.lang.ThreadLocal] (value [java.lang.ThreadLocal@798a092d]) and a value of type [org.cdlib.xtf.util.PackedByteBuf.CompressInfo] (value [org.cdlib.xtf.util.PackedByteBuf$CompressInfo@4fa31248]) but failed to remove it when the web application was stopped. This is very likely to create a memory leak.
27 nov. 2015 09:20:09 org.apache.catalina.loader.WebappClassLoader clearThreadLocalMap
GRAVE: The web application [/xtf] created a ThreadLocal with key of type [java.lang.ThreadLocal] (value [java.lang.ThreadLocal@798a092d]) and a value of type [org.cdlib.xtf.util.PackedByteBuf.CompressInfo] (value [org.cdlib.xtf.util.PackedByteBuf$CompressInfo@5b055dd0]) but failed to remove it when the web application was stopped. This is very likely to create a memory leak.
27 nov. 2015 09:20:09 org.apache.catalina.loader.WebappClassLoader clearThreadLocalMap
GRAVE: The web application [/xtf] created a ThreadLocal with key of type [java.lang.ThreadLocal] (value [java.lang.ThreadLocal@798a092d]) and a value of type [org.cdlib.xtf.util.PackedByteBuf.CompressInfo] (value [org.cdlib.xtf.util.PackedByteBuf$CompressInfo@3d52315f]) but failed to remove it when the web application was stopped. This is very likely to create a memory leak.
27 nov. 2015 09:20:09 org.apache.catalina.loader.WebappClassLoader clearThreadLocalMap
GRAVE: The web application [/xtf] created a ThreadLocal with key of type [null] (value [null]) and a value of type [org.apache.lucene.index.SegmentTermEnum] (value [org.apache.lucene.index.SegmentTermEnum@5f27736c]) but failed to remove it when the web application was stopped. This is very likely to create a memory leak.
27 nov. 2015 09:20:09 org.apache.catalina.loader.WebappClassLoader clearThreadLocalMap
GRAVE: The web application [/xtf] created a ThreadLocal with key of type [java.lang.ThreadLocal] (value [java.lang.ThreadLocal@798a092d]) and a value of type [org.cdlib.xtf.util.PackedByteBuf.CompressInfo] (value [org.cdlib.xtf.util.PackedByteBuf$CompressInfo@170ae842]) but failed to remove it when the web application was stopped. This is very likely to create a memory leak.
27 nov. 2015 09:20:09 org.apache.catalina.loader.WebappClassLoader clearThreadLocalMap
GRAVE: The web application [/xtf] created a ThreadLocal with key of type [java.lang.ThreadLocal] (value [java.lang.ThreadLocal@798a092d]) and a value of type [org.cdlib.xtf.util.PackedByteBuf.CompressInfo] (value [org.cdlib.xtf.util.PackedByteBuf$CompressInfo@4d1650df]) but failed to remove it when the web application was stopped. This is very likely to create a memory leak.
27 nov. 2015 09:20:09 org.apache.catalina.loader.WebappClassLoader clearThreadLocalMap
GRAVE: The web application [/xtf] created a ThreadLocal with key of type [java.lang.ThreadLocal] (value [java.lang.ThreadLocal@74178802]) and a value of type [org.apache.lucene.index.SegmentTermEnum] (value [org.apache.lucene.index.SegmentTermEnum@34e276d9]) but failed to remove it when the web application was stopped. This is very likely to create a memory leak.
27 nov. 2015 09:20:09 org.apache.catalina.loader.WebappClassLoader clearThreadLocalMap
GRAVE: The web application [/xtf] created a ThreadLocal with key of type [java.lang.ThreadLocal] (value [java.lang.ThreadLocal@798a092d]) and a value of type [org.cdlib.xtf.util.PackedByteBuf.CompressInfo] (value [org.cdlib.xtf.util.PackedByteBuf$CompressInfo@7fe8bbae]) but failed to remove it when the web application was stopped. This is very likely to create a memory leak.
27 nov. 2015 09:20:11 org.apache.coyote.http11.Http11Protocol destroy
INFO: Arrêt de Coyote HTTP/1.1 sur http-8080
27 nov. 2015 10:14:55 org.apache.catalina.core.AprLifecycleListener init
INFO: The APR based Apache Tomcat Native library which allows optimal performance in production environments was not found on the java.library.path: .:/Library/Java/Extensions:/System/Library/Java/Extensions:/usr/lib/java
27 nov. 2015 10:14:55 org.apache.coyote.http11.Http11Protocol init
INFO: Initialisation de Coyote HTTP/1.1 sur http-8080
27 nov. 2015 10:14:55 org.apache.catalina.startup.Catalina load
INFO: Initialization processed in 1421 ms
27 nov. 2015 10:14:56 org.apache.catalina.core.StandardService start
INFO: Démarrage du service Catalina
27 nov. 2015 10:14:56 org.apache.catalina.core.StandardEngine start
INFO: Starting Servlet Engine: Apache Tomcat/6.0.29
27 nov. 2015 10:14:56 org.apache.catalina.startup.HostConfig deployDescriptor
INFO: Déploiement du descripteur de configuration host-manager.xml
27 nov. 2015 10:14:56 org.apache.catalina.startup.HostConfig deployDescriptor
INFO: Déploiement du descripteur de configuration manager.xml
27 nov. 2015 10:14:56 org.apache.catalina.startup.HostConfig deployDirectory
INFO: Déploiement du répertoire docs de l'application web
27 nov. 2015 10:14:56 org.apache.catalina.startup.HostConfig deployDirectory
INFO: Déploiement du répertoire examples de l'application web
27 nov. 2015 10:14:57 org.apache.catalina.startup.HostConfig deployDirectory
INFO: Déploiement du répertoire ROOT de l'application web
27 nov. 2015 10:14:57 org.apache.catalina.startup.HostConfig deployDirectory
INFO: Déploiement du répertoire xtf de l'application web
27 nov. 2015 10:14:57 org.apache.coyote.http11.Http11Protocol start
INFO: Démarrage de Coyote HTTP/1.1 sur http-8080
27 nov. 2015 10:14:57 org.apache.jk.common.ChannelSocket init
INFO: JK: ajp13 listening on /0.0.0.0:8009
27 nov. 2015 10:14:57 org.apache.jk.server.JkMain start
INFO: Jk running ID=0 time=0/16  config=null
27 nov. 2015 10:14:57 org.apache.catalina.startup.Catalina start
INFO: Server startup in 1649 ms
27 nov. 2015 14:42:40 org.apache.coyote.http11.Http11Protocol pause
INFO: Suspension de Coyote HTTP/1.1 sur http-8080
27 nov. 2015 14:42:41 org.apache.catalina.core.StandardService stop
INFO: Arrêt du service Catalina
27 nov. 2015 14:42:42 org.apache.catalina.loader.WebappClassLoader clearReferencesThreads
GRAVE: The web application [/xtf] appears to have started a thread named [Thread-48] but has failed to stop it. This is very likely to create a memory leak.
27 nov. 2015 14:42:42 org.apache.catalina.loader.WebappClassLoader clearThreadLocalMap
GRAVE: The web application [/xtf] created a ThreadLocal with key of type [java.lang.ThreadLocal] (value [java.lang.ThreadLocal@48abe515]) and a value of type [org.apache.lucene.index.SegmentTermEnum] (value [org.apache.lucene.index.SegmentTermEnum@d4ceaf9]) but failed to remove it when the web application was stopped. This is very likely to create a memory leak.
27 nov. 2015 14:42:42 org.apache.catalina.loader.WebappClassLoader clearThreadLocalMap
GRAVE: The web application [/xtf] created a ThreadLocal with key of type [java.lang.ThreadLocal] (value [java.lang.ThreadLocal@34d68841]) and a value of type [org.cdlib.xtf.util.PackedByteBuf.CompressInfo] (value [org.cdlib.xtf.util.PackedByteBuf$CompressInfo@561e3f39]) but failed to remove it when the web application was stopped. This is very likely to create a memory leak.
27 nov. 2015 14:42:42 org.apache.catalina.loader.WebappClassLoader clearThreadLocalMap
GRAVE: The web application [/xtf] created a ThreadLocal with key of type [java.lang.ThreadLocal] (value [java.lang.ThreadLocal@34d68841]) and a value of type [org.cdlib.xtf.util.PackedByteBuf.CompressInfo] (value [org.cdlib.xtf.util.PackedByteBuf$CompressInfo@5bc8e35a]) but failed to remove it when the web application was stopped. This is very likely to create a memory leak.
27 nov. 2015 14:42:42 org.apache.catalina.loader.WebappClassLoader clearThreadLocalMap
GRAVE: The web application [/xtf] created a ThreadLocal with key of type [java.lang.ThreadLocal] (value [java.lang.ThreadLocal@34d68841]) and a value of type [org.cdlib.xtf.util.PackedByteBuf.CompressInfo] (value [org.cdlib.xtf.util.PackedByteBuf$CompressInfo@61c658c9]) but failed to remove it when the web application was stopped. This is very likely to create a memory leak.
27 nov. 2015 14:42:42 org.apache.catalina.loader.WebappClassLoader clearThreadLocalMap
GRAVE: The web application [/xtf] created a ThreadLocal with key of type [java.lang.ThreadLocal] (value [java.lang.ThreadLocal@48abe515]) and a value of type [org.apache.lucene.index.SegmentTermEnum] (value [org.apache.lucene.index.SegmentTermEnum@24ef2645]) but failed to remove it when the web application was stopped. This is very likely to create a memory leak.
27 nov. 2015 14:42:42 org.apache.catalina.loader.WebappClassLoader clearThreadLocalMap
GRAVE: The web application [/xtf] created a ThreadLocal with key of type [java.lang.ThreadLocal] (value [java.lang.ThreadLocal@34d68841]) and a value of type [org.cdlib.xtf.util.PackedByteBuf.CompressInfo] (value [org.cdlib.xtf.util.PackedByteBuf$CompressInfo@50b98ef4]) but failed to remove it when the web application was stopped. This is very likely to create a memory leak.
27 nov. 2015 14:42:42 org.apache.catalina.loader.WebappClassLoader clearThreadLocalMap
GRAVE: The web application [/xtf] created a ThreadLocal with key of type [java.lang.ThreadLocal] (value [java.lang.ThreadLocal@34d68841]) and a value of type [org.cdlib.xtf.util.PackedByteBuf.CompressInfo] (value [org.cdlib.xtf.util.PackedByteBuf$CompressInfo@46585e93]) but failed to remove it when the web application was stopped. This is very likely to create a memory leak.
27 nov. 2015 14:42:42 org.apache.catalina.loader.WebappClassLoader clearThreadLocalMap
GRAVE: The web application [/xtf] created a ThreadLocal with key of type [java.lang.ThreadLocal] (value [java.lang.ThreadLocal@53a928f9]) and a value of type [org.apache.lucene.index.SegmentTermEnum] (value [org.apache.lucene.index.SegmentTermEnum@6c11e58]) but failed to remove it when the web application was stopped. This is very likely to create a memory leak.
27 nov. 2015 14:42:42 org.apache.catalina.loader.WebappClassLoader clearThreadLocalMap
GRAVE: The web application [/xtf] created a ThreadLocal with key of type [java.lang.ThreadLocal] (value [java.lang.ThreadLocal@34d68841]) and a value of type [org.cdlib.xtf.util.PackedByteBuf.CompressInfo] (value [org.cdlib.xtf.util.PackedByteBuf$CompressInfo@70af26de]) but failed to remove it when the web application was stopped. This is very likely to create a memory leak.
27 nov. 2015 14:42:42 org.apache.catalina.loader.WebappClassLoader clearThreadLocalMap
GRAVE: The web application [/xtf] created a ThreadLocal with key of type [java.lang.ThreadLocal] (value [java.lang.ThreadLocal@34d68841]) and a value of type [org.cdlib.xtf.util.PackedByteBuf.CompressInfo] (value [org.cdlib.xtf.util.PackedByteBuf$CompressInfo@7b20f29d]) but failed to remove it when the web application was stopped. This is very likely to create a memory leak.
27 nov. 2015 14:42:42 org.apache.coyote.http11.Http11Protocol destroy
INFO: Arrêt de Coyote HTTP/1.1 sur http-8080
27 nov. 2015 14:43:58 org.apache.catalina.core.AprLifecycleListener init
INFO: The APR based Apache Tomcat Native library which allows optimal performance in production environments was not found on the java.library.path: .:/Library/Java/Extensions:/System/Library/Java/Extensions:/usr/lib/java
27 nov. 2015 14:43:59 org.apache.coyote.http11.Http11Protocol init
INFO: Initialisation de Coyote HTTP/1.1 sur http-8080
27 nov. 2015 14:43:59 org.apache.catalina.startup.Catalina load
INFO: Initialization processed in 876 ms
27 nov. 2015 14:43:59 org.apache.catalina.core.StandardService start
INFO: Démarrage du service Catalina
27 nov. 2015 14:43:59 org.apache.catalina.core.StandardEngine start
INFO: Starting Servlet Engine: Apache Tomcat/6.0.29
27 nov. 2015 14:43:59 org.apache.catalina.startup.HostConfig deployDescriptor
INFO: Déploiement du descripteur de configuration host-manager.xml
27 nov. 2015 14:43:59 org.apache.catalina.startup.HostConfig deployDescriptor
INFO: Déploiement du descripteur de configuration manager.xml
27 nov. 2015 14:43:59 org.apache.catalina.startup.HostConfig deployDirectory
INFO: Déploiement du répertoire docs de l'application web
27 nov. 2015 14:43:59 org.apache.catalina.startup.HostConfig deployDirectory
INFO: Déploiement du répertoire examples de l'application web
27 nov. 2015 14:44:00 org.apache.catalina.startup.HostConfig deployDirectory
INFO: Déploiement du répertoire ROOT de l'application web
27 nov. 2015 14:44:00 org.apache.catalina.startup.HostConfig deployDirectory
INFO: Déploiement du répertoire xtf de l'application web
27 nov. 2015 14:44:00 org.apache.coyote.http11.Http11Protocol start
INFO: Démarrage de Coyote HTTP/1.1 sur http-8080
27 nov. 2015 14:44:00 org.apache.jk.common.ChannelSocket init
INFO: JK: ajp13 listening on /0.0.0.0:8009
27 nov. 2015 14:44:00 org.apache.jk.server.JkMain start
INFO: Jk running ID=0 time=0/16  config=null
27 nov. 2015 14:44:00 org.apache.catalina.startup.Catalina start
INFO: Server startup in 1466 ms
27 nov. 2015 18:26:36 org.apache.coyote.http11.Http11Protocol pause
INFO: Suspension de Coyote HTTP/1.1 sur http-8080
27 nov. 2015 18:26:38 org.apache.catalina.core.StandardService stop
INFO: Arrêt du service Catalina
27 nov. 2015 18:26:41 org.apache.catalina.loader.WebappClassLoader clearReferencesThreads
GRAVE: The web application [/xtf] appears to have started a thread named [Thread-70] but has failed to stop it. This is very likely to create a memory leak.
27 nov. 2015 18:26:41 org.apache.catalina.loader.WebappClassLoader clearThreadLocalMap
GRAVE: The web application [/xtf] created a ThreadLocal with key of type [java.lang.ThreadLocal] (value [java.lang.ThreadLocal@36b4f5a]) and a value of type [org.cdlib.xtf.util.PackedByteBuf.CompressInfo] (value [org.cdlib.xtf.util.PackedByteBuf$CompressInfo@7a269f76]) but failed to remove it when the web application was stopped. This is very likely to create a memory leak.
27 nov. 2015 18:26:41 org.apache.catalina.loader.WebappClassLoader clearThreadLocalMap
GRAVE: The web application [/xtf] created a ThreadLocal with key of type [java.lang.ThreadLocal] (value [java.lang.ThreadLocal@36b4f5a]) and a value of type [org.cdlib.xtf.util.PackedByteBuf.CompressInfo] (value [org.cdlib.xtf.util.PackedByteBuf$CompressInfo@7daf3aa0]) but failed to remove it when the web application was stopped. This is very likely to create a memory leak.
27 nov. 2015 18:26:41 org.apache.catalina.loader.WebappClassLoader clearThreadLocalMap
GRAVE: The web application [/xtf] created a ThreadLocal with key of type [java.lang.ThreadLocal] (value [java.lang.ThreadLocal@7b321ed6]) and a value of type [org.apache.lucene.index.SegmentTermEnum] (value [org.apache.lucene.index.SegmentTermEnum@1786b2ca]) but failed to remove it when the web application was stopped. This is very likely to create a memory leak.
27 nov. 2015 18:26:41 org.apache.catalina.loader.WebappClassLoader clearThreadLocalMap
GRAVE: The web application [/xtf] created a ThreadLocal with key of type [java.lang.ThreadLocal] (value [java.lang.ThreadLocal@36b4f5a]) and a value of type [org.cdlib.xtf.util.PackedByteBuf.CompressInfo] (value [org.cdlib.xtf.util.PackedByteBuf$CompressInfo@c43f7d7]) but failed to remove it when the web application was stopped. This is very likely to create a memory leak.
27 nov. 2015 18:26:41 org.apache.catalina.loader.WebappClassLoader clearThreadLocalMap
GRAVE: The web application [/xtf] created a ThreadLocal with key of type [java.lang.ThreadLocal] (value [java.lang.ThreadLocal@7b321ed6]) and a value of type [org.apache.lucene.index.SegmentTermEnum] (value [org.apache.lucene.index.SegmentTermEnum@42444a8b]) but failed to remove it when the web application was stopped. This is very likely to create a memory leak.
27 nov. 2015 18:26:41 org.apache.catalina.loader.WebappClassLoader clearThreadLocalMap
GRAVE: The web application [/xtf] created a ThreadLocal with key of type [java.lang.ThreadLocal] (value [java.lang.ThreadLocal@36b4f5a]) and a value of type [org.cdlib.xtf.util.PackedByteBuf.CompressInfo] (value [org.cdlib.xtf.util.PackedByteBuf$CompressInfo@117a0daa]) but failed to remove it when the web application was stopped. This is very likely to create a memory leak.
27 nov. 2015 18:26:45 org.apache.coyote.http11.Http11Protocol destroy
INFO: Arrêt de Coyote HTTP/1.1 sur http-8080
27 nov. 2015 18:32:07 org.apache.catalina.core.AprLifecycleListener init
INFO: The APR based Apache Tomcat Native library which allows optimal performance in production environments was not found on the java.library.path: .:/Library/Java/Extensions:/System/Library/Java/Extensions:/usr/lib/java
27 nov. 2015 18:32:08 org.apache.coyote.http11.Http11Protocol init
INFO: Initialisation de Coyote HTTP/1.1 sur http-8080
27 nov. 2015 18:32:08 org.apache.catalina.startup.Catalina load
INFO: Initialization processed in 1166 ms
27 nov. 2015 18:32:08 org.apache.catalina.core.StandardService start
INFO: Démarrage du service Catalina
27 nov. 2015 18:32:08 org.apache.catalina.core.StandardEngine start
INFO: Starting Servlet Engine: Apache Tomcat/6.0.29
27 nov. 2015 18:32:08 org.apache.catalina.startup.HostConfig deployDescriptor
INFO: Déploiement du descripteur de configuration host-manager.xml
27 nov. 2015 18:32:09 org.apache.catalina.startup.HostConfig deployDescriptor
INFO: Déploiement du descripteur de configuration manager.xml
27 nov. 2015 18:32:09 org.apache.catalina.startup.HostConfig deployDirectory
INFO: Déploiement du répertoire docs de l'application web
27 nov. 2015 18:32:09 org.apache.catalina.startup.HostConfig deployDirectory
INFO: Déploiement du répertoire examples de l'application web
27 nov. 2015 18:32:09 org.apache.catalina.startup.HostConfig deployDirectory
INFO: Déploiement du répertoire ROOT de l'application web
27 nov. 2015 18:32:09 org.apache.catalina.startup.HostConfig deployDirectory
INFO: Déploiement du répertoire xtf de l'application web
27 nov. 2015 18:32:10 org.apache.coyote.http11.Http11Protocol start
INFO: Démarrage de Coyote HTTP/1.1 sur http-8080
27 nov. 2015 18:32:10 org.apache.jk.common.ChannelSocket init
INFO: JK: ajp13 listening on /0.0.0.0:8009
27 nov. 2015 18:32:10 org.apache.jk.server.JkMain start
INFO: Jk running ID=0 time=0/17  config=null
27 nov. 2015 18:32:10 org.apache.catalina.startup.Catalina start
INFO: Server startup in 2749 ms
27 nov. 2015 19:07:08 org.apache.catalina.core.ContainerBase$ContainerBackgroundProcessor processChildren
GRAVE: Exception invoking periodic operation: 
java.lang.OutOfMemoryError: Java heap space
	at java.util.Arrays.copyOf(Arrays.java:2786)
	at java.lang.StringCoding.safeTrim(StringCoding.java:64)
	at java.lang.StringCoding.access$300(StringCoding.java:34)
	at java.lang.StringCoding$StringEncoder.encode(StringCoding.java:251)
	at java.lang.StringCoding.encode(StringCoding.java:272)
	at java.lang.String.getBytes(String.java:946)
	at java.io.UnixFileSystem.getBooleanAttributes0(Native Method)
	at java.io.UnixFileSystem.getBooleanAttributes(UnixFileSystem.java:228)
	at java.io.File.exists(File.java:733)
	at org.apache.catalina.startup.HostConfig.checkResources(HostConfig.java:1113)
	at org.apache.catalina.startup.HostConfig.check(HostConfig.java:1342)
	at org.apache.catalina.startup.HostConfig.lifecycleEvent(HostConfig.java:303)
	at org.apache.catalina.util.LifecycleSupport.fireLifecycleEvent(LifecycleSupport.java:119)
	at org.apache.catalina.core.ContainerBase.backgroundProcess(ContainerBase.java:1337)
	at org.apache.catalina.core.ContainerBase$ContainerBackgroundProcessor.processChildren(ContainerBase.java:1601)
	at org.apache.catalina.core.ContainerBase$ContainerBackgroundProcessor.processChildren(ContainerBase.java:1610)
	at org.apache.catalina.core.ContainerBase$ContainerBackgroundProcessor.run(ContainerBase.java:1590)
	at java.lang.Thread.run(Thread.java:695)
27 nov. 2015 21:24:05 org.apache.coyote.http11.Http11Protocol pause
INFO: Suspension de Coyote HTTP/1.1 sur http-8080
27 nov. 2015 21:24:06 org.apache.catalina.core.StandardService stop
INFO: Arrêt du service Catalina
27 nov. 2015 21:24:07 org.apache.catalina.loader.WebappClassLoader clearThreadLocalMap
GRAVE: The web application [/xtf] created a ThreadLocal with key of type [java.lang.ThreadLocal] (value [java.lang.ThreadLocal@d5119b5]) and a value of type [org.apache.lucene.index.SegmentTermEnum] (value [org.apache.lucene.index.SegmentTermEnum@476ec0e7]) but failed to remove it when the web application was stopped. This is very likely to create a memory leak.
27 nov. 2015 21:24:07 org.apache.catalina.loader.WebappClassLoader clearThreadLocalMap
GRAVE: The web application [/xtf] created a ThreadLocal with key of type [java.lang.ThreadLocal] (value [java.lang.ThreadLocal@383aa254]) and a value of type [org.cdlib.xtf.util.PackedByteBuf.CompressInfo] (value [org.cdlib.xtf.util.PackedByteBuf$CompressInfo@117755a3]) but failed to remove it when the web application was stopped. This is very likely to create a memory leak.
27 nov. 2015 21:24:07 org.apache.catalina.loader.WebappClassLoader clearThreadLocalMap
GRAVE: The web application [/xtf] created a ThreadLocal with key of type [java.lang.ThreadLocal] (value [java.lang.ThreadLocal@d5119b5]) and a value of type [org.apache.lucene.index.SegmentTermEnum] (value [org.apache.lucene.index.SegmentTermEnum@3197494a]) but failed to remove it when the web application was stopped. This is very likely to create a memory leak.
27 nov. 2015 21:24:07 org.apache.catalina.loader.WebappClassLoader clearThreadLocalMap
GRAVE: The web application [/xtf] created a ThreadLocal with key of type [java.lang.ThreadLocal] (value [java.lang.ThreadLocal@383aa254]) and a value of type [org.cdlib.xtf.util.PackedByteBuf.CompressInfo] (value [org.cdlib.xtf.util.PackedByteBuf$CompressInfo@434cb2b5]) but failed to remove it when the web application was stopped. This is very likely to create a memory leak.
27 nov. 2015 21:24:07 org.apache.catalina.loader.WebappClassLoader clearThreadLocalMap
GRAVE: The web application [/xtf] created a ThreadLocal with key of type [java.lang.ThreadLocal] (value [java.lang.ThreadLocal@383aa254]) and a value of type [org.cdlib.xtf.util.PackedByteBuf.CompressInfo] (value [org.cdlib.xtf.util.PackedByteBuf$CompressInfo@6068ab97]) but failed to remove it when the web application was stopped. This is very likely to create a memory leak.
27 nov. 2015 21:24:07 org.apache.catalina.loader.WebappClassLoader clearThreadLocalMap
GRAVE: The web application [/xtf] created a ThreadLocal with key of type [java.lang.ThreadLocal] (value [java.lang.ThreadLocal@d5119b5]) and a value of type [org.apache.lucene.index.SegmentTermEnum] (value [org.apache.lucene.index.SegmentTermEnum@77d977f3]) but failed to remove it when the web application was stopped. This is very likely to create a memory leak.
27 nov. 2015 21:24:07 org.apache.catalina.loader.WebappClassLoader clearThreadLocalMap
GRAVE: The web application [/xtf] created a ThreadLocal with key of type [java.lang.ThreadLocal] (value [java.lang.ThreadLocal@383aa254]) and a value of type [org.cdlib.xtf.util.PackedByteBuf.CompressInfo] (value [org.cdlib.xtf.util.PackedByteBuf$CompressInfo@66522ffd]) but failed to remove it when the web application was stopped. This is very likely to create a memory leak.
27 nov. 2015 21:24:07 org.apache.catalina.loader.WebappClassLoader clearThreadLocalMap
GRAVE: The web application [/xtf] created a ThreadLocal with key of type [java.lang.ThreadLocal] (value [java.lang.ThreadLocal@383aa254]) and a value of type [org.cdlib.xtf.util.PackedByteBuf.CompressInfo] (value [org.cdlib.xtf.util.PackedByteBuf$CompressInfo@1dccbf86]) but failed to remove it when the web application was stopped. This is very likely to create a memory leak.
27 nov. 2015 21:24:07 org.apache.coyote.http11.Http11Protocol destroy
INFO: Arrêt de Coyote HTTP/1.1 sur http-8080
27 nov. 2015 21:26:08 org.apache.catalina.core.AprLifecycleListener init
INFO: The APR based Apache Tomcat Native library which allows optimal performance in production environments was not found on the java.library.path: .:/Library/Java/Extensions:/System/Library/Java/Extensions:/usr/lib/java
27 nov. 2015 21:26:08 org.apache.coyote.http11.Http11Protocol init
INFO: Initialisation de Coyote HTTP/1.1 sur http-8080
27 nov. 2015 21:26:08 org.apache.catalina.startup.Catalina load
INFO: Initialization processed in 912 ms
27 nov. 2015 21:26:08 org.apache.catalina.core.StandardService start
INFO: Démarrage du service Catalina
27 nov. 2015 21:26:08 org.apache.catalina.core.StandardEngine start
INFO: Starting Servlet Engine: Apache Tomcat/6.0.29
27 nov. 2015 21:26:08 org.apache.catalina.startup.HostConfig deployDescriptor
INFO: Déploiement du descripteur de configuration host-manager.xml
27 nov. 2015 21:26:09 org.apache.catalina.startup.HostConfig deployDescriptor
INFO: Déploiement du descripteur de configuration manager.xml
27 nov. 2015 21:26:09 org.apache.catalina.startup.HostConfig deployDirectory
INFO: Déploiement du répertoire docs de l'application web
27 nov. 2015 21:26:09 org.apache.catalina.startup.HostConfig deployDirectory
INFO: Déploiement du répertoire examples de l'application web
27 nov. 2015 21:26:10 org.apache.catalina.startup.HostConfig deployDirectory
INFO: Déploiement du répertoire ROOT de l'application web
27 nov. 2015 21:26:10 org.apache.catalina.startup.HostConfig deployDirectory
INFO: Déploiement du répertoire xtf de l'application web
27 nov. 2015 21:26:10 org.apache.coyote.http11.Http11Protocol start
INFO: Démarrage de Coyote HTTP/1.1 sur http-8080
27 nov. 2015 21:26:10 org.apache.jk.common.ChannelSocket init
INFO: JK: ajp13 listening on /0.0.0.0:8009
27 nov. 2015 21:26:10 org.apache.jk.server.JkMain start
INFO: Jk running ID=0 time=0/35  config=null
27 nov. 2015 21:26:10 org.apache.catalina.startup.Catalina start
INFO: Server startup in 1793 ms
