27 janv. 2016 10:27:40 org.apache.catalina.core.AprLifecycleListener init
INFO: The APR based Apache Tomcat Native library which allows optimal performance in production environments was not found on the java.library.path: .:/Library/Java/Extensions:/System/Library/Java/Extensions:/usr/lib/java
27 janv. 2016 10:27:41 org.apache.coyote.http11.Http11Protocol init
INFO: Initialisation de Coyote HTTP/1.1 sur http-8080
27 janv. 2016 10:27:41 org.apache.catalina.startup.Catalina load
INFO: Initialization processed in 1233 ms
27 janv. 2016 10:27:41 org.apache.catalina.core.StandardService start
INFO: Démarrage du service Catalina
27 janv. 2016 10:27:41 org.apache.catalina.core.StandardEngine start
INFO: Starting Servlet Engine: Apache Tomcat/6.0.29
27 janv. 2016 10:27:41 org.apache.catalina.startup.HostConfig deployDescriptor
INFO: Déploiement du descripteur de configuration host-manager.xml
27 janv. 2016 10:27:41 org.apache.catalina.startup.HostConfig deployDescriptor
INFO: Déploiement du descripteur de configuration manager.xml
27 janv. 2016 10:27:42 org.apache.catalina.startup.HostConfig deployDirectory
INFO: Déploiement du répertoire docs de l'application web
27 janv. 2016 10:27:42 org.apache.catalina.startup.HostConfig deployDirectory
INFO: Déploiement du répertoire examples de l'application web
27 janv. 2016 10:27:42 org.apache.catalina.startup.HostConfig deployDirectory
INFO: Déploiement du répertoire ROOT de l'application web
27 janv. 2016 10:27:42 org.apache.catalina.startup.HostConfig deployDirectory
INFO: Déploiement du répertoire xtf de l'application web
27 janv. 2016 10:27:42 org.apache.coyote.http11.Http11Protocol start
INFO: Démarrage de Coyote HTTP/1.1 sur http-8080
27 janv. 2016 10:27:43 org.apache.jk.common.ChannelSocket init
INFO: JK: ajp13 listening on /0.0.0.0:8009
27 janv. 2016 10:27:43 org.apache.jk.server.JkMain start
INFO: Jk running ID=0 time=0/15  config=null
27 janv. 2016 10:27:43 org.apache.catalina.startup.Catalina start
INFO: Server startup in 2014 ms
