nov. 18, 2019 2:27:02 PM org.apache.catalina.core.AprLifecycleListener init
INFOS: The APR based Apache Tomcat Native library which allows optimal performance in production environments was not found on the java.library.path: /Users/christophe/Library/Java/Extensions:/Library/Java/Extensions:/Network/Library/Java/Extensions:/System/Library/Java/Extensions:/usr/lib/java:.
nov. 18, 2019 2:27:02 PM org.apache.coyote.http11.Http11Protocol init
INFOS: Initialisation de Coyote HTTP/1.1 sur http-8080
nov. 18, 2019 2:27:02 PM org.apache.catalina.startup.Catalina load
INFOS: Initialization processed in 446 ms
nov. 18, 2019 2:27:02 PM org.apache.catalina.core.StandardService start
INFOS: Démarrage du service Catalina
nov. 18, 2019 2:27:02 PM org.apache.catalina.core.StandardEngine start
INFOS: Starting Servlet Engine: Apache Tomcat/6.0.29
nov. 18, 2019 2:27:02 PM org.apache.catalina.startup.HostConfig deployDescriptor
INFOS: Déploiement du descripteur de configuration host-manager.xml
nov. 18, 2019 2:27:02 PM org.apache.catalina.startup.HostConfig deployDescriptor
INFOS: Déploiement du descripteur de configuration manager.xml
nov. 18, 2019 2:27:02 PM org.apache.catalina.startup.HostConfig deployDirectory
INFOS: Déploiement du répertoire xtf de l'application web
nov. 18, 2019 2:27:02 PM org.apache.catalina.startup.HostConfig deployDirectory
INFOS: Déploiement du répertoire docs de l'application web
nov. 18, 2019 2:27:02 PM org.apache.catalina.startup.HostConfig deployDirectory
INFOS: Déploiement du répertoire examples de l'application web
nov. 18, 2019 2:27:02 PM org.apache.catalina.startup.HostConfig deployDirectory
INFOS: Déploiement du répertoire ROOT de l'application web
nov. 18, 2019 2:27:02 PM org.apache.coyote.http11.Http11Protocol start
INFOS: Démarrage de Coyote HTTP/1.1 sur http-8080
nov. 18, 2019 2:27:02 PM org.apache.jk.common.ChannelSocket init
INFOS: JK: ajp13 listening on /0.0.0.0:8009
nov. 18, 2019 2:27:02 PM org.apache.jk.server.JkMain start
INFOS: Jk running ID=0 time=0/12  config=null
nov. 18, 2019 2:27:02 PM org.apache.catalina.startup.Catalina start
INFOS: Server startup in 394 ms
nov. 18, 2019 3:25:32 PM org.apache.coyote.http11.Http11Protocol pause
INFOS: Suspension de Coyote HTTP/1.1 sur http-8080
nov. 18, 2019 3:25:38 PM org.apache.catalina.core.StandardService stop
INFOS: Arrêt du service Catalina
nov. 18, 2019 3:25:38 PM org.apache.catalina.loader.WebappClassLoader clearReferencesThreads
GRAVE: The web application [/xtf] appears to have started a thread named [Thread-11] but has failed to stop it. This is very likely to create a memory leak.
nov. 18, 2019 3:25:38 PM org.apache.catalina.loader.WebappClassLoader clearThreadLocalMap
GRAVE: The web application [/xtf] created a ThreadLocal with key of type [java.lang.ThreadLocal] (value [java.lang.ThreadLocal@45954c12]) and a value of type [org.cdlib.xtf.util.PackedByteBuf.CompressInfo] (value [org.cdlib.xtf.util.PackedByteBuf$CompressInfo@1c12fd44]) but failed to remove it when the web application was stopped. This is very likely to create a memory leak.
nov. 18, 2019 3:25:38 PM org.apache.catalina.loader.WebappClassLoader clearThreadLocalMap
GRAVE: The web application [/xtf] created a ThreadLocal with key of type [java.lang.ThreadLocal] (value [java.lang.ThreadLocal@79d173f8]) and a value of type [org.apache.lucene.index.SegmentTermEnum] (value [org.apache.lucene.index.SegmentTermEnum@50ba7c63]) but failed to remove it when the web application was stopped. This is very likely to create a memory leak.
nov. 18, 2019 3:25:38 PM org.apache.catalina.loader.WebappClassLoader clearThreadLocalMap
GRAVE: The web application [/xtf] created a ThreadLocal with key of type [java.lang.ThreadLocal] (value [java.lang.ThreadLocal@45954c12]) and a value of type [org.cdlib.xtf.util.PackedByteBuf.CompressInfo] (value [org.cdlib.xtf.util.PackedByteBuf$CompressInfo@1b33407e]) but failed to remove it when the web application was stopped. This is very likely to create a memory leak.
nov. 18, 2019 3:25:38 PM org.apache.catalina.loader.WebappClassLoader clearThreadLocalMap
GRAVE: The web application [/xtf] created a ThreadLocal with key of type [java.lang.ThreadLocal] (value [java.lang.ThreadLocal@45954c12]) and a value of type [org.cdlib.xtf.util.PackedByteBuf.CompressInfo] (value [org.cdlib.xtf.util.PackedByteBuf$CompressInfo@10407681]) but failed to remove it when the web application was stopped. This is very likely to create a memory leak.
nov. 18, 2019 3:25:38 PM org.apache.catalina.loader.WebappClassLoader clearThreadLocalMap
GRAVE: The web application [/xtf] created a ThreadLocal with key of type [java.lang.ThreadLocal] (value [java.lang.ThreadLocal@45954c12]) and a value of type [org.cdlib.xtf.util.PackedByteBuf.CompressInfo] (value [org.cdlib.xtf.util.PackedByteBuf$CompressInfo@627c89c2]) but failed to remove it when the web application was stopped. This is very likely to create a memory leak.
nov. 18, 2019 3:25:38 PM org.apache.coyote.http11.Http11Protocol destroy
INFOS: Arrêt de Coyote HTTP/1.1 sur http-8080
