19 avr. 2014 14:42:32 org.apache.catalina.core.AprLifecycleListener init
INFO: The APR based Apache Tomcat Native library which allows optimal performance in production environments was not found on the java.library.path: C:\Users\Christophe\Documents\Musicologie\TMG\Projet 2012\TMG\xtfWorkshop\java\jre6_win\bin;.;C:\Windows\Sun\Java\bin;C:\Windows\system32;C:\Windows;C:\Users\Christophe\Documents\Musicologie\TMG\Projet 2012\TMG\xtfWorkshop\java\jre6_win\bin;C:\Windows\system32;C:\Windows;C:\Windows\System32\Wbem;C:\Program Files\Common Files\Roxio Shared\9.0\DLLShared\;C:\Program Files\Common Files\DivX Shared\;C:\Windows\System32\WindowsPowerShell\v1.0\;C:\Program Files\QuickTime\QTSystem\
19 avr. 2014 14:42:36 org.apache.coyote.http11.Http11Protocol init
INFO: Initialisation de Coyote HTTP/1.1 sur http-8080
19 avr. 2014 14:42:36 org.apache.catalina.startup.Catalina load
INFO: Initialization processed in 6015 ms
19 avr. 2014 14:42:36 org.apache.catalina.core.StandardService start
INFO: Démarrage du service Catalina
19 avr. 2014 14:42:36 org.apache.catalina.core.StandardEngine start
INFO: Starting Servlet Engine: Apache Tomcat/6.0.29
19 avr. 2014 14:42:36 org.apache.catalina.startup.HostConfig deployDescriptor
INFO: Déploiement du descripteur de configuration host-manager.xml
19 avr. 2014 14:42:39 org.apache.catalina.startup.HostConfig deployDescriptor
INFO: Déploiement du descripteur de configuration manager.xml
19 avr. 2014 14:42:39 org.apache.catalina.startup.HostConfig deployDirectory
INFO: Déploiement du répertoire docs de l'application web
19 avr. 2014 14:42:40 org.apache.catalina.startup.HostConfig deployDirectory
INFO: Déploiement du répertoire examples de l'application web
19 avr. 2014 14:42:41 org.apache.catalina.startup.HostConfig deployDirectory
INFO: Déploiement du répertoire ROOT de l'application web
19 avr. 2014 14:42:41 org.apache.catalina.startup.HostConfig deployDirectory
INFO: Déploiement du répertoire xtf de l'application web
19 avr. 2014 14:42:44 org.apache.coyote.http11.Http11Protocol start
INFO: Démarrage de Coyote HTTP/1.1 sur http-8080
19 avr. 2014 14:42:44 org.apache.jk.common.ChannelSocket init
INFO: JK: ajp13 listening on /0.0.0.0:8009
19 avr. 2014 14:42:44 org.apache.jk.server.JkMain start
INFO: Jk running ID=0 time=0/187  config=null
19 avr. 2014 14:42:44 org.apache.catalina.startup.Catalina start
INFO: Server startup in 8672 ms
19 avr. 2014 23:12:45 org.apache.catalina.core.AprLifecycleListener init
INFO: The APR based Apache Tomcat Native library which allows optimal performance in production environments was not found on the java.library.path: C:\Users\Christophe\Documents\Musicologie\TMG\Projet 2012\TMG\xtfWorkshop\java\jre6_win\bin;.;C:\Windows\Sun\Java\bin;C:\Windows\system32;C:\Windows;C:\Users\Christophe\Documents\Musicologie\TMG\Projet 2012\TMG\xtfWorkshop\java\jre6_win\bin;C:\Windows\system32;C:\Windows;C:\Windows\System32\Wbem;C:\Program Files\Common Files\Roxio Shared\9.0\DLLShared\;C:\Program Files\Common Files\DivX Shared\;C:\Windows\System32\WindowsPowerShell\v1.0\;C:\Program Files\QuickTime\QTSystem\
19 avr. 2014 23:12:46 org.apache.coyote.http11.Http11Protocol init
INFO: Initialisation de Coyote HTTP/1.1 sur http-8080
19 avr. 2014 23:12:46 org.apache.catalina.startup.Catalina load
INFO: Initialization processed in 1724 ms
19 avr. 2014 23:12:46 org.apache.catalina.core.StandardService start
INFO: Démarrage du service Catalina
19 avr. 2014 23:12:46 org.apache.catalina.core.StandardEngine start
INFO: Starting Servlet Engine: Apache Tomcat/6.0.29
19 avr. 2014 23:12:46 org.apache.catalina.startup.HostConfig deployDescriptor
INFO: Déploiement du descripteur de configuration host-manager.xml
19 avr. 2014 23:12:47 org.apache.catalina.startup.HostConfig deployDescriptor
INFO: Déploiement du descripteur de configuration manager.xml
19 avr. 2014 23:12:47 org.apache.catalina.startup.HostConfig deployDirectory
INFO: Déploiement du répertoire docs de l'application web
19 avr. 2014 23:12:47 org.apache.catalina.startup.HostConfig deployDirectory
INFO: Déploiement du répertoire examples de l'application web
19 avr. 2014 23:12:48 org.apache.catalina.startup.HostConfig deployDirectory
INFO: Déploiement du répertoire ROOT de l'application web
19 avr. 2014 23:12:49 org.apache.catalina.startup.HostConfig deployDirectory
INFO: Déploiement du répertoire xtf de l'application web
19 avr. 2014 23:12:49 org.apache.coyote.http11.Http11Protocol start
INFO: Démarrage de Coyote HTTP/1.1 sur http-8080
19 avr. 2014 23:12:49 org.apache.jk.common.ChannelSocket init
INFO: JK: ajp13 listening on /0.0.0.0:8009
19 avr. 2014 23:12:49 org.apache.jk.server.JkMain start
INFO: Jk running ID=0 time=0/78  config=null
19 avr. 2014 23:12:49 org.apache.catalina.startup.Catalina start
INFO: Server startup in 3801 ms
