11 f思r. 2016 11:05:30 org.apache.catalina.core.AprLifecycleListener init
INFO: The APR based Apache Tomcat Native library which allows optimal performance in production environments was not found on the java.library.path: .:/Library/Java/Extensions:/System/Library/Java/Extensions:/usr/lib/java
11 f思r. 2016 11:05:31 org.apache.coyote.http11.Http11Protocol init
INFO: Initialisation de Coyote HTTP/1.1 sur http-8080
11 f思r. 2016 11:05:31 org.apache.catalina.startup.Catalina load
INFO: Initialization processed in 1398 ms
11 f思r. 2016 11:05:31 org.apache.catalina.core.StandardService start
INFO: D士arrage du service Catalina
11 f思r. 2016 11:05:31 org.apache.catalina.core.StandardEngine start
INFO: Starting Servlet Engine: Apache Tomcat/6.0.29
11 f思r. 2016 11:05:31 org.apache.catalina.startup.HostConfig deployDescriptor
INFO: D姿loiement du descripteur de configuration host-manager.xml
11 f思r. 2016 11:05:32 org.apache.catalina.startup.HostConfig deployDescriptor
INFO: D姿loiement du descripteur de configuration manager.xml
11 f思r. 2016 11:05:32 org.apache.catalina.startup.HostConfig deployDirectory
INFO: D姿loiement du r姿ertoire docs de l'application web
11 f思r. 2016 11:05:32 org.apache.catalina.startup.HostConfig deployDirectory
INFO: D姿loiement du r姿ertoire examples de l'application web
11 f思r. 2016 11:05:33 org.apache.catalina.startup.HostConfig deployDirectory
INFO: D姿loiement du r姿ertoire ROOT de l'application web
11 f思r. 2016 11:05:33 org.apache.catalina.startup.HostConfig deployDirectory
INFO: D姿loiement du r姿ertoire xtf de l'application web
11 f思r. 2016 11:05:33 org.apache.coyote.http11.Http11Protocol start
INFO: D士arrage de Coyote HTTP/1.1 sur http-8080
11 f思r. 2016 11:05:33 org.apache.jk.common.ChannelSocket init
INFO: JK: ajp13 listening on /0.0.0.0:8009
11 f思r. 2016 11:05:33 org.apache.jk.server.JkMain start
INFO: Jk running ID=0 time=0/34  config=null
11 f思r. 2016 11:05:33 org.apache.catalina.startup.Catalina start
INFO: Server startup in 2559 ms
11 f思r. 2016 15:04:17 org.apache.coyote.http11.Http11Protocol pause
INFO: Suspension de Coyote HTTP/1.1 sur http-8080
11 f思r. 2016 15:04:19 org.apache.catalina.core.StandardService stop
INFO: Arr腎 du service Catalina
11 f思r. 2016 15:04:20 org.apache.catalina.loader.WebappClassLoader clearReferencesThreads
GRAVE: The web application [/xtf] appears to have started a thread named [Thread-525] but has failed to stop it. This is very likely to create a memory leak.
11 f思r. 2016 15:04:20 org.apache.catalina.loader.WebappClassLoader clearThreadLocalMap
GRAVE: The web application [/xtf] created a ThreadLocal with key of type [null] (value [null]) and a value of type [org.apache.lucene.index.SegmentTermEnum] (value [org.apache.lucene.index.SegmentTermEnum@4d12e6ef]) but failed to remove it when the web application was stopped. This is very likely to create a memory leak.
11 f思r. 2016 15:04:20 org.apache.catalina.loader.WebappClassLoader clearThreadLocalMap
GRAVE: The web application [/xtf] created a ThreadLocal with key of type [java.lang.ThreadLocal] (value [java.lang.ThreadLocal@13f77c71]) and a value of type [org.cdlib.xtf.util.PackedByteBuf.CompressInfo] (value [org.cdlib.xtf.util.PackedByteBuf$CompressInfo@5d0ae8f4]) but failed to remove it when the web application was stopped. This is very likely to create a memory leak.
11 f思r. 2016 15:04:20 org.apache.catalina.loader.WebappClassLoader clearThreadLocalMap
GRAVE: The web application [/xtf] created a ThreadLocal with key of type [java.lang.ThreadLocal] (value [java.lang.ThreadLocal@13f77c71]) and a value of type [org.cdlib.xtf.util.PackedByteBuf.CompressInfo] (value [org.cdlib.xtf.util.PackedByteBuf$CompressInfo@77441ae4]) but failed to remove it when the web application was stopped. This is very likely to create a memory leak.
11 f思r. 2016 15:04:20 org.apache.catalina.loader.WebappClassLoader clearThreadLocalMap
GRAVE: The web application [/xtf] created a ThreadLocal with key of type [java.lang.ThreadLocal] (value [java.lang.ThreadLocal@13f77c71]) and a value of type [org.cdlib.xtf.util.PackedByteBuf.CompressInfo] (value [org.cdlib.xtf.util.PackedByteBuf$CompressInfo@1841abe8]) but failed to remove it when the web application was stopped. This is very likely to create a memory leak.
11 f思r. 2016 15:04:20 org.apache.catalina.loader.WebappClassLoader clearThreadLocalMap
GRAVE: The web application [/xtf] created a ThreadLocal with key of type [null] (value [null]) and a value of type [org.apache.lucene.index.SegmentTermEnum] (value [org.apache.lucene.index.SegmentTermEnum@7f7d18c8]) but failed to remove it when the web application was stopped. This is very likely to create a memory leak.
11 f思r. 2016 15:04:20 org.apache.catalina.loader.WebappClassLoader clearThreadLocalMap
GRAVE: The web application [/xtf] created a ThreadLocal with key of type [java.lang.ThreadLocal] (value [java.lang.ThreadLocal@13f77c71]) and a value of type [org.cdlib.xtf.util.PackedByteBuf.CompressInfo] (value [org.cdlib.xtf.util.PackedByteBuf$CompressInfo@6de633db]) but failed to remove it when the web application was stopped. This is very likely to create a memory leak.
11 f思r. 2016 15:04:20 org.apache.catalina.loader.WebappClassLoader clearThreadLocalMap
GRAVE: The web application [/xtf] created a ThreadLocal with key of type [null] (value [null]) and a value of type [org.apache.lucene.index.SegmentTermEnum] (value [org.apache.lucene.index.SegmentTermEnum@2456a73b]) but failed to remove it when the web application was stopped. This is very likely to create a memory leak.
11 f思r. 2016 15:04:20 org.apache.catalina.loader.WebappClassLoader clearThreadLocalMap
GRAVE: The web application [/xtf] created a ThreadLocal with key of type [null] (value [null]) and a value of type [org.apache.lucene.index.SegmentTermEnum] (value [org.apache.lucene.index.SegmentTermEnum@34fd2520]) but failed to remove it when the web application was stopped. This is very likely to create a memory leak.
11 f思r. 2016 15:04:20 org.apache.catalina.loader.WebappClassLoader clearThreadLocalMap
GRAVE: The web application [/xtf] created a ThreadLocal with key of type [null] (value [null]) and a value of type [org.apache.lucene.index.SegmentTermEnum] (value [org.apache.lucene.index.SegmentTermEnum@5790730d]) but failed to remove it when the web application was stopped. This is very likely to create a memory leak.
11 f思r. 2016 15:04:20 org.apache.catalina.loader.WebappClassLoader clearThreadLocalMap
GRAVE: The web application [/xtf] created a ThreadLocal with key of type [java.lang.ThreadLocal] (value [java.lang.ThreadLocal@13f77c71]) and a value of type [org.cdlib.xtf.util.PackedByteBuf.CompressInfo] (value [org.cdlib.xtf.util.PackedByteBuf$CompressInfo@4c718764]) but failed to remove it when the web application was stopped. This is very likely to create a memory leak.
11 f思r. 2016 15:04:20 org.apache.catalina.loader.WebappClassLoader clearThreadLocalMap
GRAVE: The web application [/xtf] created a ThreadLocal with key of type [null] (value [null]) and a value of type [org.apache.lucene.index.SegmentTermEnum] (value [org.apache.lucene.index.SegmentTermEnum@316fdd71]) but failed to remove it when the web application was stopped. This is very likely to create a memory leak.
11 f思r. 2016 15:04:20 org.apache.catalina.loader.WebappClassLoader clearThreadLocalMap
GRAVE: The web application [/xtf] created a ThreadLocal with key of type [java.lang.ThreadLocal] (value [java.lang.ThreadLocal@13f77c71]) and a value of type [org.cdlib.xtf.util.PackedByteBuf.CompressInfo] (value [org.cdlib.xtf.util.PackedByteBuf$CompressInfo@27333f12]) but failed to remove it when the web application was stopped. This is very likely to create a memory leak.
11 f思r. 2016 15:04:20 org.apache.catalina.loader.WebappClassLoader clearThreadLocalMap
GRAVE: The web application [/xtf] created a ThreadLocal with key of type [java.lang.ThreadLocal] (value [java.lang.ThreadLocal@13f77c71]) and a value of type [org.cdlib.xtf.util.PackedByteBuf.CompressInfo] (value [org.cdlib.xtf.util.PackedByteBuf$CompressInfo@1571cad9]) but failed to remove it when the web application was stopped. This is very likely to create a memory leak.
11 f思r. 2016 15:04:20 org.apache.catalina.loader.WebappClassLoader clearThreadLocalMap
GRAVE: The web application [/xtf] created a ThreadLocal with key of type [java.lang.ThreadLocal] (value [java.lang.ThreadLocal@13f77c71]) and a value of type [org.cdlib.xtf.util.PackedByteBuf.CompressInfo] (value [org.cdlib.xtf.util.PackedByteBuf$CompressInfo@61bc778e]) but failed to remove it when the web application was stopped. This is very likely to create a memory leak.
11 f思r. 2016 15:04:20 org.apache.catalina.loader.WebappClassLoader clearThreadLocalMap
GRAVE: The web application [/xtf] created a ThreadLocal with key of type [java.lang.ThreadLocal] (value [java.lang.ThreadLocal@13f77c71]) and a value of type [org.cdlib.xtf.util.PackedByteBuf.CompressInfo] (value [org.cdlib.xtf.util.PackedByteBuf$CompressInfo@1c4d3dc3]) but failed to remove it when the web application was stopped. This is very likely to create a memory leak.
11 f思r. 2016 15:04:20 org.apache.catalina.loader.WebappClassLoader clearThreadLocalMap
GRAVE: The web application [/xtf] created a ThreadLocal with key of type [null] (value [null]) and a value of type [org.apache.lucene.index.SegmentTermEnum] (value [org.apache.lucene.index.SegmentTermEnum@1311dbb9]) but failed to remove it when the web application was stopped. This is very likely to create a memory leak.
11 f思r. 2016 15:04:20 org.apache.catalina.loader.WebappClassLoader clearThreadLocalMap
GRAVE: The web application [/xtf] created a ThreadLocal with key of type [null] (value [null]) and a value of type [org.apache.lucene.index.SegmentTermEnum] (value [org.apache.lucene.index.SegmentTermEnum@79705876]) but failed to remove it when the web application was stopped. This is very likely to create a memory leak.
11 f思r. 2016 15:04:20 org.apache.catalina.loader.WebappClassLoader clearThreadLocalMap
GRAVE: The web application [/xtf] created a ThreadLocal with key of type [java.lang.ThreadLocal] (value [java.lang.ThreadLocal@3ebfe943]) and a value of type [org.apache.lucene.index.SegmentTermEnum] (value [org.apache.lucene.index.SegmentTermEnum@296b4de4]) but failed to remove it when the web application was stopped. This is very likely to create a memory leak.
11 f思r. 2016 15:04:21 org.apache.coyote.http11.Http11Protocol destroy
INFO: Arr腎 de Coyote HTTP/1.1 sur http-8080
