1 févr. 2016 19:37:26 org.apache.catalina.core.AprLifecycleListener init
INFO: The APR based Apache Tomcat Native library which allows optimal performance in production environments was not found on the java.library.path: .:/Library/Java/Extensions:/System/Library/Java/Extensions:/usr/lib/java
1 févr. 2016 19:37:27 org.apache.coyote.http11.Http11Protocol init
INFO: Initialisation de Coyote HTTP/1.1 sur http-8080
1 févr. 2016 19:37:27 org.apache.catalina.startup.Catalina load
INFO: Initialization processed in 2809 ms
1 févr. 2016 19:37:27 org.apache.catalina.core.StandardService start
INFO: Démarrage du service Catalina
1 févr. 2016 19:37:27 org.apache.catalina.core.StandardEngine start
INFO: Starting Servlet Engine: Apache Tomcat/6.0.29
1 févr. 2016 19:37:27 org.apache.catalina.startup.HostConfig deployDescriptor
INFO: Déploiement du descripteur de configuration host-manager.xml
1 févr. 2016 19:37:29 org.apache.catalina.startup.HostConfig deployDescriptor
INFO: Déploiement du descripteur de configuration manager.xml
1 févr. 2016 19:37:29 org.apache.catalina.startup.HostConfig deployDirectory
INFO: Déploiement du répertoire docs de l'application web
1 févr. 2016 19:37:29 org.apache.catalina.startup.HostConfig deployDirectory
INFO: Déploiement du répertoire examples de l'application web
1 févr. 2016 19:37:30 org.apache.catalina.startup.HostConfig deployDirectory
INFO: Déploiement du répertoire ROOT de l'application web
1 févr. 2016 19:37:30 org.apache.catalina.startup.HostConfig deployDirectory
INFO: Déploiement du répertoire xtf de l'application web
1 févr. 2016 19:37:31 org.apache.coyote.http11.Http11Protocol start
INFO: Démarrage de Coyote HTTP/1.1 sur http-8080
1 févr. 2016 19:37:31 org.apache.jk.common.ChannelSocket init
INFO: JK: ajp13 listening on /0.0.0.0:8009
1 févr. 2016 19:37:31 org.apache.jk.server.JkMain start
INFO: Jk running ID=0 time=0/19  config=null
1 févr. 2016 19:37:31 org.apache.catalina.startup.Catalina start
INFO: Server startup in 3821 ms
