13 mai 2014 08:50:28 org.apache.catalina.core.AprLifecycleListener init
INFO: The APR based Apache Tomcat Native library which allows optimal performance in production environments was not found on the java.library.path: C:\Users\Christophe\Documents\Musicologie\TMG\Projet 2012\TMG\xtfWorkshop\java\jre6_win\bin;.;C:\Windows\Sun\Java\bin;C:\Windows\system32;C:\Windows;C:\Users\Christophe\Documents\Musicologie\TMG\Projet 2012\TMG\xtfWorkshop\java\jre6_win\bin;C:\Windows\system32;C:\Windows;C:\Windows\System32\Wbem;C:\Program Files\Common Files\Roxio Shared\9.0\DLLShared\;C:\Program Files\Common Files\DivX Shared\;C:\Windows\System32\WindowsPowerShell\v1.0\;C:\Program Files\QuickTime\QTSystem\
13 mai 2014 08:50:29 org.apache.coyote.http11.Http11Protocol init
INFO: Initialisation de Coyote HTTP/1.1 sur http-8080
13 mai 2014 08:50:29 org.apache.catalina.startup.Catalina load
INFO: Initialization processed in 2319 ms
13 mai 2014 08:50:30 org.apache.catalina.core.StandardService start
INFO: Démarrage du service Catalina
13 mai 2014 08:50:30 org.apache.catalina.core.StandardEngine start
INFO: Starting Servlet Engine: Apache Tomcat/6.0.29
13 mai 2014 08:50:30 org.apache.catalina.startup.HostConfig deployDescriptor
INFO: Déploiement du descripteur de configuration host-manager.xml
13 mai 2014 08:50:31 org.apache.catalina.startup.HostConfig deployDescriptor
INFO: Déploiement du descripteur de configuration manager.xml
13 mai 2014 08:50:31 org.apache.catalina.startup.HostConfig deployDirectory
INFO: Déploiement du répertoire docs de l'application web
13 mai 2014 08:50:31 org.apache.catalina.startup.HostConfig deployDirectory
INFO: Déploiement du répertoire examples de l'application web
13 mai 2014 08:50:32 org.apache.catalina.startup.HostConfig deployDirectory
INFO: Déploiement du répertoire ROOT de l'application web
13 mai 2014 08:50:33 org.apache.catalina.startup.HostConfig deployDirectory
INFO: Déploiement du répertoire xtf de l'application web
13 mai 2014 08:50:33 org.apache.coyote.http11.Http11Protocol start
INFO: Démarrage de Coyote HTTP/1.1 sur http-8080
13 mai 2014 08:50:34 org.apache.jk.common.ChannelSocket init
INFO: JK: ajp13 listening on /0.0.0.0:8009
13 mai 2014 08:50:34 org.apache.jk.server.JkMain start
INFO: Jk running ID=0 time=0/109  config=null
13 mai 2014 08:50:34 org.apache.catalina.startup.Catalina start
INFO: Server startup in 4262 ms
13 mai 2014 09:59:57 org.apache.tomcat.util.http.Parameters processParameters
ATTENTION: Parameters: Invalid chunk '' ignored.
13 mai 2014 11:16:44 org.apache.catalina.core.AprLifecycleListener init
INFO: The APR based Apache Tomcat Native library which allows optimal performance in production environments was not found on the java.library.path: C:\Users\Christophe\Documents\Musicologie\TMG\Projet 2012\TMG\xtfWorkshop\java\jre6_win\bin;.;C:\Windows\Sun\Java\bin;C:\Windows\system32;C:\Windows;C:\Users\Christophe\Documents\Musicologie\TMG\Projet 2012\TMG\xtfWorkshop\java\jre6_win\bin;C:\Windows\system32;C:\Windows;C:\Windows\System32\Wbem;C:\Program Files\Common Files\Roxio Shared\9.0\DLLShared\;C:\Program Files\Common Files\DivX Shared\;C:\Windows\System32\WindowsPowerShell\v1.0\;C:\Program Files\QuickTime\QTSystem\
13 mai 2014 11:16:45 org.apache.coyote.http11.Http11Protocol init
INFO: Initialisation de Coyote HTTP/1.1 sur http-8080
13 mai 2014 11:16:45 org.apache.catalina.startup.Catalina load
INFO: Initialization processed in 1722 ms
13 mai 2014 11:16:45 org.apache.catalina.core.StandardService start
INFO: Démarrage du service Catalina
13 mai 2014 11:16:45 org.apache.catalina.core.StandardEngine start
INFO: Starting Servlet Engine: Apache Tomcat/6.0.29
13 mai 2014 11:16:45 org.apache.catalina.startup.HostConfig deployDescriptor
INFO: Déploiement du descripteur de configuration host-manager.xml
13 mai 2014 11:16:46 org.apache.catalina.startup.HostConfig deployDescriptor
INFO: Déploiement du descripteur de configuration manager.xml
13 mai 2014 11:16:46 org.apache.catalina.startup.HostConfig deployDirectory
INFO: Déploiement du répertoire docs de l'application web
13 mai 2014 11:16:47 org.apache.catalina.startup.HostConfig deployDirectory
INFO: Déploiement du répertoire examples de l'application web
13 mai 2014 11:16:47 org.apache.catalina.startup.HostConfig deployDirectory
INFO: Déploiement du répertoire ROOT de l'application web
13 mai 2014 11:16:47 org.apache.catalina.startup.HostConfig deployDirectory
INFO: Déploiement du répertoire xtf de l'application web
13 mai 2014 11:16:48 org.apache.coyote.http11.Http11Protocol start
INFO: Démarrage de Coyote HTTP/1.1 sur http-8080
13 mai 2014 11:16:48 org.apache.jk.common.ChannelSocket init
INFO: JK: ajp13 listening on /0.0.0.0:8009
13 mai 2014 11:16:48 org.apache.jk.server.JkMain start
INFO: Jk running ID=0 time=0/78  config=null
13 mai 2014 11:16:48 org.apache.catalina.startup.Catalina start
INFO: Server startup in 2827 ms
13 mai 2014 20:56:50 org.apache.catalina.core.AprLifecycleListener init
INFO: The APR based Apache Tomcat Native library which allows optimal performance in production environments was not found on the java.library.path: C:\Users\Christophe\Documents\Musicologie\TMG\Projet 2012\TMG\xtfWorkshop\java\jre6_win\bin;.;C:\Windows\Sun\Java\bin;C:\Windows\system32;C:\Windows;C:\Users\Christophe\Documents\Musicologie\TMG\Projet 2012\TMG\xtfWorkshop\java\jre6_win\bin;C:\Windows\system32;C:\Windows;C:\Windows\System32\Wbem;C:\Program Files\Common Files\Roxio Shared\9.0\DLLShared\;C:\Program Files\Common Files\DivX Shared\;C:\Windows\System32\WindowsPowerShell\v1.0\;C:\Program Files\QuickTime\QTSystem\
13 mai 2014 20:56:51 org.apache.coyote.http11.Http11Protocol init
INFO: Initialisation de Coyote HTTP/1.1 sur http-8080
13 mai 2014 20:56:51 org.apache.catalina.startup.Catalina load
INFO: Initialization processed in 2381 ms
13 mai 2014 20:56:51 org.apache.catalina.core.StandardService start
INFO: Démarrage du service Catalina
13 mai 2014 20:56:51 org.apache.catalina.core.StandardEngine start
INFO: Starting Servlet Engine: Apache Tomcat/6.0.29
13 mai 2014 20:56:51 org.apache.catalina.startup.HostConfig deployDescriptor
INFO: Déploiement du descripteur de configuration host-manager.xml
13 mai 2014 20:56:52 org.apache.catalina.startup.HostConfig deployDescriptor
INFO: Déploiement du descripteur de configuration manager.xml
13 mai 2014 20:56:53 org.apache.catalina.startup.HostConfig deployDirectory
INFO: Déploiement du répertoire docs de l'application web
13 mai 2014 20:56:53 org.apache.catalina.startup.HostConfig deployDirectory
INFO: Déploiement du répertoire examples de l'application web
13 mai 2014 20:56:54 org.apache.catalina.startup.HostConfig deployDirectory
INFO: Déploiement du répertoire ROOT de l'application web
13 mai 2014 20:56:54 org.apache.catalina.startup.HostConfig deployDirectory
INFO: Déploiement du répertoire xtf de l'application web
13 mai 2014 20:56:54 org.apache.coyote.http11.Http11Protocol start
INFO: Démarrage de Coyote HTTP/1.1 sur http-8080
13 mai 2014 20:56:54 org.apache.jk.common.ChannelSocket init
INFO: JK: ajp13 listening on /0.0.0.0:8009
13 mai 2014 20:56:54 org.apache.jk.server.JkMain start
INFO: Jk running ID=0 time=0/94  config=null
13 mai 2014 20:56:54 org.apache.catalina.startup.Catalina start
INFO: Server startup in 3469 ms
