28 déc. 2015 10:53:22 org.apache.catalina.core.AprLifecycleListener init
INFO: The APR based Apache Tomcat Native library which allows optimal performance in production environments was not found on the java.library.path: .:/Library/Java/Extensions:/System/Library/Java/Extensions:/usr/lib/java
28 déc. 2015 10:53:22 org.apache.coyote.http11.Http11Protocol init
INFO: Initialisation de Coyote HTTP/1.1 sur http-8080
28 déc. 2015 10:53:22 org.apache.catalina.startup.Catalina load
INFO: Initialization processed in 798 ms
28 déc. 2015 10:53:22 org.apache.catalina.core.StandardService start
INFO: Démarrage du service Catalina
28 déc. 2015 10:53:22 org.apache.catalina.core.StandardEngine start
INFO: Starting Servlet Engine: Apache Tomcat/6.0.29
28 déc. 2015 10:53:22 org.apache.catalina.startup.HostConfig deployDescriptor
INFO: Déploiement du descripteur de configuration host-manager.xml
28 déc. 2015 10:53:23 org.apache.catalina.startup.HostConfig deployDescriptor
INFO: Déploiement du descripteur de configuration manager.xml
28 déc. 2015 10:53:23 org.apache.catalina.startup.HostConfig deployDirectory
INFO: Déploiement du répertoire docs de l'application web
28 déc. 2015 10:53:23 org.apache.catalina.startup.HostConfig deployDirectory
INFO: Déploiement du répertoire examples de l'application web
28 déc. 2015 10:53:23 org.apache.catalina.startup.HostConfig deployDirectory
INFO: Déploiement du répertoire ROOT de l'application web
28 déc. 2015 10:53:23 org.apache.catalina.startup.HostConfig deployDirectory
INFO: Déploiement du répertoire xtf de l'application web
28 déc. 2015 10:53:23 org.apache.coyote.http11.Http11Protocol start
INFO: Démarrage de Coyote HTTP/1.1 sur http-8080
28 déc. 2015 10:53:23 org.apache.jk.common.ChannelSocket init
INFO: JK: ajp13 listening on /0.0.0.0:8009
28 déc. 2015 10:53:23 org.apache.jk.server.JkMain start
INFO: Jk running ID=0 time=0/15  config=null
28 déc. 2015 10:53:23 org.apache.catalina.startup.Catalina start
INFO: Server startup in 1293 ms
28 déc. 2015 20:05:41 org.apache.coyote.http11.Http11Protocol pause
INFO: Suspension de Coyote HTTP/1.1 sur http-8080
28 déc. 2015 20:05:43 org.apache.catalina.core.StandardService stop
INFO: Arrêt du service Catalina
28 déc. 2015 20:05:43 org.apache.catalina.loader.WebappClassLoader clearReferencesThreads
GRAVE: The web application [/xtf] appears to have started a thread named [Thread-31] but has failed to stop it. This is very likely to create a memory leak.
28 déc. 2015 20:05:43 org.apache.catalina.loader.WebappClassLoader clearThreadLocalMap
GRAVE: The web application [/xtf] created a ThreadLocal with key of type [java.lang.ThreadLocal] (value [java.lang.ThreadLocal@194e4c9a]) and a value of type [org.apache.lucene.index.SegmentTermEnum] (value [org.apache.lucene.index.SegmentTermEnum@63871f70]) but failed to remove it when the web application was stopped. This is very likely to create a memory leak.
28 déc. 2015 20:05:43 org.apache.catalina.loader.WebappClassLoader clearThreadLocalMap
GRAVE: The web application [/xtf] created a ThreadLocal with key of type [java.lang.ThreadLocal] (value [java.lang.ThreadLocal@3c21251c]) and a value of type [org.cdlib.xtf.util.PackedByteBuf.CompressInfo] (value [org.cdlib.xtf.util.PackedByteBuf$CompressInfo@240b701b]) but failed to remove it when the web application was stopped. This is very likely to create a memory leak.
28 déc. 2015 20:05:43 org.apache.catalina.loader.WebappClassLoader clearThreadLocalMap
GRAVE: The web application [/xtf] created a ThreadLocal with key of type [java.lang.ThreadLocal] (value [java.lang.ThreadLocal@3c21251c]) and a value of type [org.cdlib.xtf.util.PackedByteBuf.CompressInfo] (value [org.cdlib.xtf.util.PackedByteBuf$CompressInfo@6aed0f19]) but failed to remove it when the web application was stopped. This is very likely to create a memory leak.
28 déc. 2015 20:05:43 org.apache.catalina.loader.WebappClassLoader clearThreadLocalMap
GRAVE: The web application [/xtf] created a ThreadLocal with key of type [java.lang.ThreadLocal] (value [java.lang.ThreadLocal@194e4c9a]) and a value of type [org.apache.lucene.index.SegmentTermEnum] (value [org.apache.lucene.index.SegmentTermEnum@717a6926]) but failed to remove it when the web application was stopped. This is very likely to create a memory leak.
28 déc. 2015 20:05:43 org.apache.catalina.loader.WebappClassLoader clearThreadLocalMap
GRAVE: The web application [/xtf] created a ThreadLocal with key of type [java.lang.ThreadLocal] (value [java.lang.ThreadLocal@3c21251c]) and a value of type [org.cdlib.xtf.util.PackedByteBuf.CompressInfo] (value [org.cdlib.xtf.util.PackedByteBuf$CompressInfo@1b8d77fe]) but failed to remove it when the web application was stopped. This is very likely to create a memory leak.
28 déc. 2015 20:05:43 org.apache.catalina.loader.WebappClassLoader clearThreadLocalMap
GRAVE: The web application [/xtf] created a ThreadLocal with key of type [java.lang.ThreadLocal] (value [java.lang.ThreadLocal@3c21251c]) and a value of type [org.cdlib.xtf.util.PackedByteBuf.CompressInfo] (value [org.cdlib.xtf.util.PackedByteBuf$CompressInfo@64c0d2d3]) but failed to remove it when the web application was stopped. This is very likely to create a memory leak.
28 déc. 2015 20:05:43 org.apache.catalina.loader.WebappClassLoader clearThreadLocalMap
GRAVE: The web application [/xtf] created a ThreadLocal with key of type [java.lang.ThreadLocal] (value [java.lang.ThreadLocal@3c21251c]) and a value of type [org.cdlib.xtf.util.PackedByteBuf.CompressInfo] (value [org.cdlib.xtf.util.PackedByteBuf$CompressInfo@2f514e52]) but failed to remove it when the web application was stopped. This is very likely to create a memory leak.
28 déc. 2015 20:05:43 org.apache.catalina.loader.WebappClassLoader clearThreadLocalMap
GRAVE: The web application [/xtf] created a ThreadLocal with key of type [java.lang.ThreadLocal] (value [java.lang.ThreadLocal@3c21251c]) and a value of type [org.cdlib.xtf.util.PackedByteBuf.CompressInfo] (value [org.cdlib.xtf.util.PackedByteBuf$CompressInfo@2ed01c3]) but failed to remove it when the web application was stopped. This is very likely to create a memory leak.
28 déc. 2015 20:05:44 org.apache.coyote.http11.Http11Protocol destroy
INFO: Arrêt de Coyote HTTP/1.1 sur http-8080
