11 mars 2015 19:33:34 org.apache.catalina.core.AprLifecycleListener init
INFO: The APR based Apache Tomcat Native library which allows optimal performance in production environments was not found on the java.library.path: .:/Library/Java/Extensions:/System/Library/Java/Extensions:/usr/lib/java
11 mars 2015 19:33:34 org.apache.coyote.http11.Http11Protocol init
INFO: Initialisation de Coyote HTTP/1.1 sur http-8080
11 mars 2015 19:33:34 org.apache.catalina.startup.Catalina load
INFO: Initialization processed in 1078 ms
11 mars 2015 19:33:34 org.apache.catalina.core.StandardService start
INFO: Démarrage du service Catalina
11 mars 2015 19:33:34 org.apache.catalina.core.StandardEngine start
INFO: Starting Servlet Engine: Apache Tomcat/6.0.29
11 mars 2015 19:33:34 org.apache.catalina.startup.HostConfig deployDescriptor
INFO: Déploiement du descripteur de configuration host-manager.xml
11 mars 2015 19:33:35 org.apache.catalina.startup.HostConfig deployDescriptor
INFO: Déploiement du descripteur de configuration manager.xml
11 mars 2015 19:33:35 org.apache.catalina.startup.HostConfig deployDirectory
INFO: Déploiement du répertoire docs de l'application web
11 mars 2015 19:33:35 org.apache.catalina.startup.HostConfig deployDirectory
INFO: Déploiement du répertoire examples de l'application web
11 mars 2015 19:33:36 org.apache.catalina.startup.HostConfig deployDirectory
INFO: Déploiement du répertoire ROOT de l'application web
11 mars 2015 19:33:36 org.apache.catalina.startup.HostConfig deployDirectory
INFO: Déploiement du répertoire xtf de l'application web
11 mars 2015 19:33:36 org.apache.coyote.http11.Http11Protocol start
INFO: Démarrage de Coyote HTTP/1.1 sur http-8080
11 mars 2015 19:33:36 org.apache.jk.common.ChannelSocket init
INFO: JK: ajp13 listening on /0.0.0.0:8009
11 mars 2015 19:33:36 org.apache.jk.server.JkMain start
INFO: Jk running ID=0 time=0/19  config=null
11 mars 2015 19:33:36 org.apache.catalina.startup.Catalina start
INFO: Server startup in 2210 ms
11 mars 2015 19:45:47 org.apache.coyote.http11.Http11Protocol pause
INFO: Suspension de Coyote HTTP/1.1 sur http-8080
11 mars 2015 19:45:48 org.apache.catalina.core.StandardService stop
INFO: Arrêt du service Catalina
11 mars 2015 19:45:49 org.apache.catalina.loader.WebappClassLoader clearReferencesThreads
GRAVE: The web application [/xtf] appears to have started a thread named [Thread-18] but has failed to stop it. This is very likely to create a memory leak.
11 mars 2015 19:45:49 org.apache.catalina.loader.WebappClassLoader clearThreadLocalMap
GRAVE: The web application [/xtf] created a ThreadLocal with key of type [java.lang.ThreadLocal] (value [java.lang.ThreadLocal@1a06f956]) and a value of type [org.apache.lucene.index.SegmentTermEnum] (value [org.apache.lucene.index.SegmentTermEnum@3fdb8a73]) but failed to remove it when the web application was stopped. This is very likely to create a memory leak.
11 mars 2015 19:45:49 org.apache.catalina.loader.WebappClassLoader clearThreadLocalMap
GRAVE: The web application [/xtf] created a ThreadLocal with key of type [java.lang.ThreadLocal] (value [java.lang.ThreadLocal@665ea4c5]) and a value of type [org.cdlib.xtf.util.PackedByteBuf.CompressInfo] (value [org.cdlib.xtf.util.PackedByteBuf$CompressInfo@6a92e96c]) but failed to remove it when the web application was stopped. This is very likely to create a memory leak.
11 mars 2015 19:45:49 org.apache.catalina.loader.WebappClassLoader clearThreadLocalMap
GRAVE: The web application [/xtf] created a ThreadLocal with key of type [java.lang.ThreadLocal] (value [java.lang.ThreadLocal@665ea4c5]) and a value of type [org.cdlib.xtf.util.PackedByteBuf.CompressInfo] (value [org.cdlib.xtf.util.PackedByteBuf$CompressInfo@531ae81d]) but failed to remove it when the web application was stopped. This is very likely to create a memory leak.
11 mars 2015 19:45:49 org.apache.catalina.loader.WebappClassLoader clearThreadLocalMap
GRAVE: The web application [/xtf] created a ThreadLocal with key of type [java.lang.ThreadLocal] (value [java.lang.ThreadLocal@665ea4c5]) and a value of type [org.cdlib.xtf.util.PackedByteBuf.CompressInfo] (value [org.cdlib.xtf.util.PackedByteBuf$CompressInfo@b7cf28b]) but failed to remove it when the web application was stopped. This is very likely to create a memory leak.
11 mars 2015 19:45:49 org.apache.coyote.http11.Http11Protocol destroy
INFO: Arrêt de Coyote HTTP/1.1 sur http-8080
11 mars 2015 19:47:38 org.apache.catalina.core.AprLifecycleListener init
INFO: The APR based Apache Tomcat Native library which allows optimal performance in production environments was not found on the java.library.path: .:/Library/Java/Extensions:/System/Library/Java/Extensions:/usr/lib/java
11 mars 2015 19:47:39 org.apache.coyote.http11.Http11Protocol init
INFO: Initialisation de Coyote HTTP/1.1 sur http-8080
11 mars 2015 19:47:39 org.apache.catalina.startup.Catalina load
INFO: Initialization processed in 885 ms
11 mars 2015 19:47:39 org.apache.catalina.core.StandardService start
INFO: Démarrage du service Catalina
11 mars 2015 19:47:39 org.apache.catalina.core.StandardEngine start
INFO: Starting Servlet Engine: Apache Tomcat/6.0.29
11 mars 2015 19:47:39 org.apache.catalina.startup.HostConfig deployDescriptor
INFO: Déploiement du descripteur de configuration host-manager.xml
11 mars 2015 19:47:39 org.apache.catalina.startup.HostConfig deployDescriptor
INFO: Déploiement du descripteur de configuration manager.xml
11 mars 2015 19:47:39 org.apache.catalina.startup.HostConfig deployDirectory
INFO: Déploiement du répertoire docs de l'application web
11 mars 2015 19:47:39 org.apache.catalina.startup.HostConfig deployDirectory
INFO: Déploiement du répertoire examples de l'application web
11 mars 2015 19:47:40 org.apache.catalina.startup.HostConfig deployDirectory
INFO: Déploiement du répertoire ROOT de l'application web
11 mars 2015 19:47:40 org.apache.catalina.startup.HostConfig deployDirectory
INFO: Déploiement du répertoire xtf de l'application web
11 mars 2015 19:47:40 org.apache.coyote.http11.Http11Protocol start
INFO: Démarrage de Coyote HTTP/1.1 sur http-8080
11 mars 2015 19:47:40 org.apache.jk.common.ChannelSocket init
INFO: JK: ajp13 listening on /0.0.0.0:8009
11 mars 2015 19:47:40 org.apache.jk.server.JkMain start
INFO: Jk running ID=0 time=0/78  config=null
11 mars 2015 19:47:40 org.apache.catalina.startup.Catalina start
INFO: Server startup in 1678 ms
11 mars 2015 19:49:40 org.apache.coyote.http11.Http11Protocol pause
INFO: Suspension de Coyote HTTP/1.1 sur http-8080
11 mars 2015 19:49:41 org.apache.catalina.core.StandardService stop
INFO: Arrêt du service Catalina
11 mars 2015 19:49:41 org.apache.catalina.loader.WebappClassLoader clearReferencesThreads
GRAVE: The web application [/xtf] appears to have started a thread named [Thread-18] but has failed to stop it. This is very likely to create a memory leak.
11 mars 2015 19:49:41 org.apache.catalina.loader.WebappClassLoader clearThreadLocalMap
GRAVE: The web application [/xtf] created a ThreadLocal with key of type [java.lang.ThreadLocal] (value [java.lang.ThreadLocal@5e5edf72]) and a value of type [org.cdlib.xtf.util.PackedByteBuf.CompressInfo] (value [org.cdlib.xtf.util.PackedByteBuf$CompressInfo@269fe5c5]) but failed to remove it when the web application was stopped. This is very likely to create a memory leak.
11 mars 2015 19:49:41 org.apache.catalina.loader.WebappClassLoader clearThreadLocalMap
GRAVE: The web application [/xtf] created a ThreadLocal with key of type [java.lang.ThreadLocal] (value [java.lang.ThreadLocal@4ba5fc52]) and a value of type [org.apache.lucene.index.SegmentTermEnum] (value [org.apache.lucene.index.SegmentTermEnum@7e58924a]) but failed to remove it when the web application was stopped. This is very likely to create a memory leak.
11 mars 2015 19:49:41 org.apache.catalina.loader.WebappClassLoader clearThreadLocalMap
GRAVE: The web application [/xtf] created a ThreadLocal with key of type [java.lang.ThreadLocal] (value [java.lang.ThreadLocal@5e5edf72]) and a value of type [org.cdlib.xtf.util.PackedByteBuf.CompressInfo] (value [org.cdlib.xtf.util.PackedByteBuf$CompressInfo@68ec7913]) but failed to remove it when the web application was stopped. This is very likely to create a memory leak.
11 mars 2015 19:49:41 org.apache.catalina.loader.WebappClassLoader clearThreadLocalMap
GRAVE: The web application [/xtf] created a ThreadLocal with key of type [java.lang.ThreadLocal] (value [java.lang.ThreadLocal@4ba5fc52]) and a value of type [org.apache.lucene.index.SegmentTermEnum] (value [org.apache.lucene.index.SegmentTermEnum@7d010435]) but failed to remove it when the web application was stopped. This is very likely to create a memory leak.
11 mars 2015 19:49:41 org.apache.catalina.loader.WebappClassLoader clearThreadLocalMap
GRAVE: The web application [/xtf] created a ThreadLocal with key of type [java.lang.ThreadLocal] (value [java.lang.ThreadLocal@5e5edf72]) and a value of type [org.cdlib.xtf.util.PackedByteBuf.CompressInfo] (value [org.cdlib.xtf.util.PackedByteBuf$CompressInfo@4dbb73b0]) but failed to remove it when the web application was stopped. This is very likely to create a memory leak.
11 mars 2015 19:49:41 org.apache.catalina.loader.WebappClassLoader clearThreadLocalMap
GRAVE: The web application [/xtf] created a ThreadLocal with key of type [java.lang.ThreadLocal] (value [java.lang.ThreadLocal@4ba5fc52]) and a value of type [org.apache.lucene.index.SegmentTermEnum] (value [org.apache.lucene.index.SegmentTermEnum@4da84fae]) but failed to remove it when the web application was stopped. This is very likely to create a memory leak.
11 mars 2015 19:49:41 org.apache.catalina.loader.WebappClassLoader clearThreadLocalMap
GRAVE: The web application [/xtf] created a ThreadLocal with key of type [java.lang.ThreadLocal] (value [java.lang.ThreadLocal@5e5edf72]) and a value of type [org.cdlib.xtf.util.PackedByteBuf.CompressInfo] (value [org.cdlib.xtf.util.PackedByteBuf$CompressInfo@65075056]) but failed to remove it when the web application was stopped. This is very likely to create a memory leak.
11 mars 2015 19:49:41 org.apache.catalina.loader.WebappClassLoader clearThreadLocalMap
GRAVE: The web application [/xtf] created a ThreadLocal with key of type [java.lang.ThreadLocal] (value [java.lang.ThreadLocal@4ba5fc52]) and a value of type [org.apache.lucene.index.SegmentTermEnum] (value [org.apache.lucene.index.SegmentTermEnum@432b71eb]) but failed to remove it when the web application was stopped. This is very likely to create a memory leak.
11 mars 2015 19:49:41 org.apache.coyote.http11.Http11Protocol destroy
INFO: Arrêt de Coyote HTTP/1.1 sur http-8080
11 mars 2015 20:27:42 org.apache.catalina.core.AprLifecycleListener init
INFO: The APR based Apache Tomcat Native library which allows optimal performance in production environments was not found on the java.library.path: .:/Library/Java/Extensions:/System/Library/Java/Extensions:/usr/lib/java
11 mars 2015 20:27:42 org.apache.coyote.http11.Http11Protocol init
INFO: Initialisation de Coyote HTTP/1.1 sur http-8080
11 mars 2015 20:27:42 org.apache.catalina.startup.Catalina load
INFO: Initialization processed in 1004 ms
11 mars 2015 20:27:42 org.apache.catalina.core.StandardService start
INFO: Démarrage du service Catalina
11 mars 2015 20:27:42 org.apache.catalina.core.StandardEngine start
INFO: Starting Servlet Engine: Apache Tomcat/6.0.29
11 mars 2015 20:27:42 org.apache.catalina.startup.HostConfig deployDescriptor
INFO: Déploiement du descripteur de configuration host-manager.xml
11 mars 2015 20:27:43 org.apache.catalina.startup.HostConfig deployDescriptor
INFO: Déploiement du descripteur de configuration manager.xml
11 mars 2015 20:27:43 org.apache.catalina.startup.HostConfig deployDirectory
INFO: Déploiement du répertoire docs de l'application web
11 mars 2015 20:27:43 org.apache.catalina.startup.HostConfig deployDirectory
INFO: Déploiement du répertoire examples de l'application web
11 mars 2015 20:27:44 org.apache.catalina.startup.HostConfig deployDirectory
INFO: Déploiement du répertoire ROOT de l'application web
11 mars 2015 20:27:44 org.apache.catalina.startup.HostConfig deployDirectory
INFO: Déploiement du répertoire xtf de l'application web
11 mars 2015 20:27:44 org.apache.coyote.http11.Http11Protocol start
INFO: Démarrage de Coyote HTTP/1.1 sur http-8080
11 mars 2015 20:27:44 org.apache.jk.common.ChannelSocket init
INFO: JK: ajp13 listening on /0.0.0.0:8009
11 mars 2015 20:27:44 org.apache.jk.server.JkMain start
INFO: Jk running ID=0 time=0/119  config=null
11 mars 2015 20:27:44 org.apache.catalina.startup.Catalina start
INFO: Server startup in 2012 ms
11 mars 2015 21:21:07 org.apache.coyote.http11.Http11Protocol pause
INFO: Suspension de Coyote HTTP/1.1 sur http-8080
11 mars 2015 21:21:08 org.apache.catalina.core.StandardService stop
INFO: Arrêt du service Catalina
11 mars 2015 21:21:09 org.apache.catalina.loader.WebappClassLoader clearReferencesThreads
GRAVE: The web application [/xtf] appears to have started a thread named [Thread-42] but has failed to stop it. This is very likely to create a memory leak.
11 mars 2015 21:21:09 org.apache.catalina.loader.WebappClassLoader clearThreadLocalMap
GRAVE: The web application [/xtf] created a ThreadLocal with key of type [java.lang.ThreadLocal] (value [java.lang.ThreadLocal@6fa845fc]) and a value of type [org.cdlib.xtf.util.PackedByteBuf.CompressInfo] (value [org.cdlib.xtf.util.PackedByteBuf$CompressInfo@108adca9]) but failed to remove it when the web application was stopped. This is very likely to create a memory leak.
11 mars 2015 21:21:09 org.apache.catalina.loader.WebappClassLoader clearThreadLocalMap
GRAVE: The web application [/xtf] created a ThreadLocal with key of type [java.lang.ThreadLocal] (value [java.lang.ThreadLocal@6fa845fc]) and a value of type [org.cdlib.xtf.util.PackedByteBuf.CompressInfo] (value [org.cdlib.xtf.util.PackedByteBuf$CompressInfo@c9ce3bb]) but failed to remove it when the web application was stopped. This is very likely to create a memory leak.
11 mars 2015 21:21:09 org.apache.catalina.loader.WebappClassLoader clearThreadLocalMap
GRAVE: The web application [/xtf] created a ThreadLocal with key of type [java.lang.ThreadLocal] (value [java.lang.ThreadLocal@6fa845fc]) and a value of type [org.cdlib.xtf.util.PackedByteBuf.CompressInfo] (value [org.cdlib.xtf.util.PackedByteBuf$CompressInfo@102b1075]) but failed to remove it when the web application was stopped. This is very likely to create a memory leak.
11 mars 2015 21:21:09 org.apache.catalina.loader.WebappClassLoader clearThreadLocalMap
GRAVE: The web application [/xtf] created a ThreadLocal with key of type [java.lang.ThreadLocal] (value [java.lang.ThreadLocal@6fa845fc]) and a value of type [org.cdlib.xtf.util.PackedByteBuf.CompressInfo] (value [org.cdlib.xtf.util.PackedByteBuf$CompressInfo@7b45799d]) but failed to remove it when the web application was stopped. This is very likely to create a memory leak.
11 mars 2015 21:21:09 org.apache.catalina.loader.WebappClassLoader clearThreadLocalMap
GRAVE: The web application [/xtf] created a ThreadLocal with key of type [java.lang.ThreadLocal] (value [java.lang.ThreadLocal@6fa845fc]) and a value of type [org.cdlib.xtf.util.PackedByteBuf.CompressInfo] (value [org.cdlib.xtf.util.PackedByteBuf$CompressInfo@e3371a5]) but failed to remove it when the web application was stopped. This is very likely to create a memory leak.
11 mars 2015 21:21:09 org.apache.catalina.loader.WebappClassLoader clearThreadLocalMap
GRAVE: The web application [/xtf] created a ThreadLocal with key of type [java.lang.ThreadLocal] (value [java.lang.ThreadLocal@536a0eeb]) and a value of type [org.apache.lucene.index.SegmentTermEnum] (value [org.apache.lucene.index.SegmentTermEnum@57f99115]) but failed to remove it when the web application was stopped. This is very likely to create a memory leak.
11 mars 2015 21:21:09 org.apache.catalina.loader.WebappClassLoader clearThreadLocalMap
GRAVE: The web application [/xtf] created a ThreadLocal with key of type [java.lang.ThreadLocal] (value [java.lang.ThreadLocal@6fa845fc]) and a value of type [org.cdlib.xtf.util.PackedByteBuf.CompressInfo] (value [org.cdlib.xtf.util.PackedByteBuf$CompressInfo@41a426d2]) but failed to remove it when the web application was stopped. This is very likely to create a memory leak.
11 mars 2015 21:21:09 org.apache.catalina.loader.WebappClassLoader clearThreadLocalMap
GRAVE: The web application [/xtf] created a ThreadLocal with key of type [java.lang.ThreadLocal] (value [java.lang.ThreadLocal@536a0eeb]) and a value of type [org.apache.lucene.index.SegmentTermEnum] (value [org.apache.lucene.index.SegmentTermEnum@7ff0c6a8]) but failed to remove it when the web application was stopped. This is very likely to create a memory leak.
11 mars 2015 21:21:09 org.apache.catalina.loader.WebappClassLoader clearThreadLocalMap
GRAVE: The web application [/xtf] created a ThreadLocal with key of type [java.lang.ThreadLocal] (value [java.lang.ThreadLocal@6fa845fc]) and a value of type [org.cdlib.xtf.util.PackedByteBuf.CompressInfo] (value [org.cdlib.xtf.util.PackedByteBuf$CompressInfo@18828137]) but failed to remove it when the web application was stopped. This is very likely to create a memory leak.
11 mars 2015 21:21:09 org.apache.catalina.loader.WebappClassLoader clearThreadLocalMap
GRAVE: The web application [/xtf] created a ThreadLocal with key of type [java.lang.ThreadLocal] (value [java.lang.ThreadLocal@6fa845fc]) and a value of type [org.cdlib.xtf.util.PackedByteBuf.CompressInfo] (value [org.cdlib.xtf.util.PackedByteBuf$CompressInfo@1ff14e73]) but failed to remove it when the web application was stopped. This is very likely to create a memory leak.
11 mars 2015 21:21:09 org.apache.catalina.loader.WebappClassLoader clearThreadLocalMap
GRAVE: The web application [/xtf] created a ThreadLocal with key of type [java.lang.ThreadLocal] (value [java.lang.ThreadLocal@6fa845fc]) and a value of type [org.cdlib.xtf.util.PackedByteBuf.CompressInfo] (value [org.cdlib.xtf.util.PackedByteBuf$CompressInfo@1b557067]) but failed to remove it when the web application was stopped. This is very likely to create a memory leak.
11 mars 2015 21:21:09 org.apache.catalina.loader.WebappClassLoader clearThreadLocalMap
GRAVE: The web application [/xtf] created a ThreadLocal with key of type [java.lang.ThreadLocal] (value [java.lang.ThreadLocal@6fa845fc]) and a value of type [org.cdlib.xtf.util.PackedByteBuf.CompressInfo] (value [org.cdlib.xtf.util.PackedByteBuf$CompressInfo@6468836]) but failed to remove it when the web application was stopped. This is very likely to create a memory leak.
11 mars 2015 21:21:09 org.apache.catalina.loader.WebappClassLoader clearThreadLocalMap
GRAVE: The web application [/xtf] created a ThreadLocal with key of type [java.lang.ThreadLocal] (value [java.lang.ThreadLocal@6fa845fc]) and a value of type [org.cdlib.xtf.util.PackedByteBuf.CompressInfo] (value [org.cdlib.xtf.util.PackedByteBuf$CompressInfo@989472]) but failed to remove it when the web application was stopped. This is very likely to create a memory leak.
11 mars 2015 21:21:09 org.apache.catalina.loader.WebappClassLoader clearThreadLocalMap
GRAVE: The web application [/xtf] created a ThreadLocal with key of type [java.lang.ThreadLocal] (value [java.lang.ThreadLocal@6fa845fc]) and a value of type [org.cdlib.xtf.util.PackedByteBuf.CompressInfo] (value [org.cdlib.xtf.util.PackedByteBuf$CompressInfo@2139c8ac]) but failed to remove it when the web application was stopped. This is very likely to create a memory leak.
11 mars 2015 21:21:09 org.apache.catalina.loader.WebappClassLoader clearThreadLocalMap
GRAVE: The web application [/xtf] created a ThreadLocal with key of type [java.lang.ThreadLocal] (value [java.lang.ThreadLocal@6fa845fc]) and a value of type [org.cdlib.xtf.util.PackedByteBuf.CompressInfo] (value [org.cdlib.xtf.util.PackedByteBuf$CompressInfo@58a5a53e]) but failed to remove it when the web application was stopped. This is very likely to create a memory leak.
11 mars 2015 21:21:09 org.apache.catalina.loader.WebappClassLoader clearThreadLocalMap
GRAVE: The web application [/xtf] created a ThreadLocal with key of type [java.lang.ThreadLocal] (value [java.lang.ThreadLocal@6fa845fc]) and a value of type [org.cdlib.xtf.util.PackedByteBuf.CompressInfo] (value [org.cdlib.xtf.util.PackedByteBuf$CompressInfo@6303b6e9]) but failed to remove it when the web application was stopped. This is very likely to create a memory leak.
11 mars 2015 21:21:10 org.apache.coyote.http11.Http11Protocol destroy
INFO: Arrêt de Coyote HTTP/1.1 sur http-8080
11 mars 2015 21:22:01 org.apache.catalina.core.AprLifecycleListener init
INFO: The APR based Apache Tomcat Native library which allows optimal performance in production environments was not found on the java.library.path: .:/Library/Java/Extensions:/System/Library/Java/Extensions:/usr/lib/java
11 mars 2015 21:22:02 org.apache.coyote.http11.Http11Protocol init
INFO: Initialisation de Coyote HTTP/1.1 sur http-8080
11 mars 2015 21:22:02 org.apache.catalina.startup.Catalina load
INFO: Initialization processed in 1966 ms
11 mars 2015 21:22:02 org.apache.catalina.core.StandardService start
INFO: Démarrage du service Catalina
11 mars 2015 21:22:02 org.apache.catalina.core.StandardEngine start
INFO: Starting Servlet Engine: Apache Tomcat/6.0.29
11 mars 2015 21:22:02 org.apache.catalina.startup.HostConfig deployDescriptor
INFO: Déploiement du descripteur de configuration host-manager.xml
11 mars 2015 21:22:03 org.apache.catalina.startup.HostConfig deployDescriptor
INFO: Déploiement du descripteur de configuration manager.xml
11 mars 2015 21:22:03 org.apache.catalina.startup.HostConfig deployDirectory
INFO: Déploiement du répertoire docs de l'application web
11 mars 2015 21:22:03 org.apache.catalina.startup.HostConfig deployDirectory
INFO: Déploiement du répertoire examples de l'application web
11 mars 2015 21:22:03 org.apache.catalina.startup.HostConfig deployDirectory
INFO: Déploiement du répertoire ROOT de l'application web
11 mars 2015 21:22:04 org.apache.catalina.startup.HostConfig deployDirectory
INFO: Déploiement du répertoire xtf de l'application web
11 mars 2015 21:22:04 org.apache.coyote.http11.Http11Protocol start
INFO: Démarrage de Coyote HTTP/1.1 sur http-8080
11 mars 2015 21:22:04 org.apache.jk.common.ChannelSocket init
INFO: JK: ajp13 listening on /0.0.0.0:8009
11 mars 2015 21:22:04 org.apache.jk.server.JkMain start
INFO: Jk running ID=0 time=0/81  config=null
11 mars 2015 21:22:04 org.apache.catalina.startup.Catalina start
INFO: Server startup in 2293 ms
11 mars 2015 22:37:08 org.apache.coyote.http11.Http11Protocol pause
INFO: Suspension de Coyote HTTP/1.1 sur http-8080
11 mars 2015 22:37:09 org.apache.catalina.core.StandardService stop
INFO: Arrêt du service Catalina
11 mars 2015 22:37:09 org.apache.catalina.loader.WebappClassLoader clearReferencesThreads
GRAVE: The web application [/xtf] appears to have started a thread named [Thread-204] but has failed to stop it. This is very likely to create a memory leak.
11 mars 2015 22:37:09 org.apache.catalina.loader.WebappClassLoader clearThreadLocalMap
GRAVE: The web application [/xtf] created a ThreadLocal with key of type [java.lang.ThreadLocal] (value [java.lang.ThreadLocal@110d66fa]) and a value of type [org.cdlib.xtf.util.PackedByteBuf.CompressInfo] (value [org.cdlib.xtf.util.PackedByteBuf$CompressInfo@6e3afd5]) but failed to remove it when the web application was stopped. This is very likely to create a memory leak.
11 mars 2015 22:37:09 org.apache.catalina.loader.WebappClassLoader clearThreadLocalMap
GRAVE: The web application [/xtf] created a ThreadLocal with key of type [java.lang.ThreadLocal] (value [java.lang.ThreadLocal@4e2ccc7b]) and a value of type [org.apache.lucene.index.SegmentTermEnum] (value [org.apache.lucene.index.SegmentTermEnum@5f24c755]) but failed to remove it when the web application was stopped. This is very likely to create a memory leak.
11 mars 2015 22:37:09 org.apache.catalina.loader.WebappClassLoader clearThreadLocalMap
GRAVE: The web application [/xtf] created a ThreadLocal with key of type [java.lang.ThreadLocal] (value [java.lang.ThreadLocal@110d66fa]) and a value of type [org.cdlib.xtf.util.PackedByteBuf.CompressInfo] (value [org.cdlib.xtf.util.PackedByteBuf$CompressInfo@679ace3f]) but failed to remove it when the web application was stopped. This is very likely to create a memory leak.
11 mars 2015 22:37:09 org.apache.catalina.loader.WebappClassLoader clearThreadLocalMap
GRAVE: The web application [/xtf] created a ThreadLocal with key of type [java.lang.ThreadLocal] (value [java.lang.ThreadLocal@110d66fa]) and a value of type [org.cdlib.xtf.util.PackedByteBuf.CompressInfo] (value [org.cdlib.xtf.util.PackedByteBuf$CompressInfo@645abf3c]) but failed to remove it when the web application was stopped. This is very likely to create a memory leak.
11 mars 2015 22:37:09 org.apache.catalina.loader.WebappClassLoader clearThreadLocalMap
GRAVE: The web application [/xtf] created a ThreadLocal with key of type [java.lang.ThreadLocal] (value [java.lang.ThreadLocal@110d66fa]) and a value of type [org.cdlib.xtf.util.PackedByteBuf.CompressInfo] (value [org.cdlib.xtf.util.PackedByteBuf$CompressInfo@1c12f9d]) but failed to remove it when the web application was stopped. This is very likely to create a memory leak.
11 mars 2015 22:37:09 org.apache.catalina.loader.WebappClassLoader clearThreadLocalMap
GRAVE: The web application [/xtf] created a ThreadLocal with key of type [java.lang.ThreadLocal] (value [java.lang.ThreadLocal@110d66fa]) and a value of type [org.cdlib.xtf.util.PackedByteBuf.CompressInfo] (value [org.cdlib.xtf.util.PackedByteBuf$CompressInfo@321ced51]) but failed to remove it when the web application was stopped. This is very likely to create a memory leak.
11 mars 2015 22:37:09 org.apache.catalina.loader.WebappClassLoader clearThreadLocalMap
GRAVE: The web application [/xtf] created a ThreadLocal with key of type [java.lang.ThreadLocal] (value [java.lang.ThreadLocal@4e2ccc7b]) and a value of type [org.apache.lucene.index.SegmentTermEnum] (value [org.apache.lucene.index.SegmentTermEnum@9207a8b]) but failed to remove it when the web application was stopped. This is very likely to create a memory leak.
11 mars 2015 22:37:09 org.apache.catalina.loader.WebappClassLoader clearThreadLocalMap
GRAVE: The web application [/xtf] created a ThreadLocal with key of type [java.lang.ThreadLocal] (value [java.lang.ThreadLocal@110d66fa]) and a value of type [org.cdlib.xtf.util.PackedByteBuf.CompressInfo] (value [org.cdlib.xtf.util.PackedByteBuf$CompressInfo@334d405b]) but failed to remove it when the web application was stopped. This is very likely to create a memory leak.
11 mars 2015 22:37:09 org.apache.catalina.loader.WebappClassLoader clearThreadLocalMap
GRAVE: The web application [/xtf] created a ThreadLocal with key of type [java.lang.ThreadLocal] (value [java.lang.ThreadLocal@4e2ccc7b]) and a value of type [org.apache.lucene.index.SegmentTermEnum] (value [org.apache.lucene.index.SegmentTermEnum@14bc30ad]) but failed to remove it when the web application was stopped. This is very likely to create a memory leak.
11 mars 2015 22:37:09 org.apache.catalina.loader.WebappClassLoader clearThreadLocalMap
GRAVE: The web application [/xtf] created a ThreadLocal with key of type [java.lang.ThreadLocal] (value [java.lang.ThreadLocal@110d66fa]) and a value of type [org.cdlib.xtf.util.PackedByteBuf.CompressInfo] (value [org.cdlib.xtf.util.PackedByteBuf$CompressInfo@4f1fb87d]) but failed to remove it when the web application was stopped. This is very likely to create a memory leak.
11 mars 2015 22:37:09 org.apache.catalina.loader.WebappClassLoader clearThreadLocalMap
GRAVE: The web application [/xtf] created a ThreadLocal with key of type [java.lang.ThreadLocal] (value [java.lang.ThreadLocal@4e2ccc7b]) and a value of type [org.apache.lucene.index.SegmentTermEnum] (value [org.apache.lucene.index.SegmentTermEnum@2b893f20]) but failed to remove it when the web application was stopped. This is very likely to create a memory leak.
11 mars 2015 22:37:10 org.apache.coyote.http11.Http11Protocol destroy
INFO: Arrêt de Coyote HTTP/1.1 sur http-8080
