7 janv. 2016 09:40:34 org.apache.catalina.core.AprLifecycleListener init
INFO: The APR based Apache Tomcat Native library which allows optimal performance in production environments was not found on the java.library.path: .:/Library/Java/Extensions:/System/Library/Java/Extensions:/usr/lib/java
7 janv. 2016 09:40:35 org.apache.coyote.http11.Http11Protocol init
INFO: Initialisation de Coyote HTTP/1.1 sur http-8080
7 janv. 2016 09:40:35 org.apache.catalina.startup.Catalina load
INFO: Initialization processed in 789 ms
7 janv. 2016 09:40:35 org.apache.catalina.core.StandardService start
INFO: Démarrage du service Catalina
7 janv. 2016 09:40:35 org.apache.catalina.core.StandardEngine start
INFO: Starting Servlet Engine: Apache Tomcat/6.0.29
7 janv. 2016 09:40:35 org.apache.catalina.startup.HostConfig deployDescriptor
INFO: Déploiement du descripteur de configuration host-manager.xml
7 janv. 2016 09:40:35 org.apache.catalina.startup.HostConfig deployDescriptor
INFO: Déploiement du descripteur de configuration manager.xml
7 janv. 2016 09:40:36 org.apache.catalina.startup.HostConfig deployDirectory
INFO: Déploiement du répertoire docs de l'application web
7 janv. 2016 09:40:36 org.apache.catalina.startup.HostConfig deployDirectory
INFO: Déploiement du répertoire examples de l'application web
7 janv. 2016 09:40:36 org.apache.catalina.startup.HostConfig deployDirectory
INFO: Déploiement du répertoire ROOT de l'application web
7 janv. 2016 09:40:36 org.apache.catalina.startup.HostConfig deployDirectory
INFO: Déploiement du répertoire xtf de l'application web
7 janv. 2016 09:40:36 org.apache.coyote.http11.Http11Protocol start
INFO: Démarrage de Coyote HTTP/1.1 sur http-8080
7 janv. 2016 09:40:36 org.apache.jk.common.ChannelSocket init
INFO: JK: ajp13 listening on /0.0.0.0:8009
7 janv. 2016 09:40:36 org.apache.jk.server.JkMain start
INFO: Jk running ID=0 time=0/16  config=null
7 janv. 2016 09:40:36 org.apache.catalina.startup.Catalina start
INFO: Server startup in 1380 ms
7 janv. 2016 14:36:07 org.apache.coyote.http11.Http11Protocol pause
INFO: Suspension de Coyote HTTP/1.1 sur http-8080
7 janv. 2016 14:36:09 org.apache.catalina.core.StandardService stop
INFO: Arrêt du service Catalina
7 janv. 2016 14:36:09 org.apache.catalina.loader.WebappClassLoader clearReferencesThreads
GRAVE: The web application [/xtf] appears to have started a thread named [Thread-24] but has failed to stop it. This is very likely to create a memory leak.
7 janv. 2016 14:36:09 org.apache.catalina.loader.WebappClassLoader clearThreadLocalMap
GRAVE: The web application [/xtf] created a ThreadLocal with key of type [java.lang.ThreadLocal] (value [java.lang.ThreadLocal@468634b6]) and a value of type [org.cdlib.xtf.util.PackedByteBuf.CompressInfo] (value [org.cdlib.xtf.util.PackedByteBuf$CompressInfo@14eebce6]) but failed to remove it when the web application was stopped. This is very likely to create a memory leak.
7 janv. 2016 14:36:09 org.apache.catalina.loader.WebappClassLoader clearThreadLocalMap
GRAVE: The web application [/xtf] created a ThreadLocal with key of type [null] (value [null]) and a value of type [org.apache.lucene.index.SegmentTermEnum] (value [org.apache.lucene.index.SegmentTermEnum@45b3aac6]) but failed to remove it when the web application was stopped. This is very likely to create a memory leak.
7 janv. 2016 14:36:09 org.apache.catalina.loader.WebappClassLoader clearThreadLocalMap
GRAVE: The web application [/xtf] created a ThreadLocal with key of type [null] (value [null]) and a value of type [org.apache.lucene.index.SegmentTermEnum] (value [org.apache.lucene.index.SegmentTermEnum@1690d0ea]) but failed to remove it when the web application was stopped. This is very likely to create a memory leak.
7 janv. 2016 14:36:09 org.apache.catalina.loader.WebappClassLoader clearThreadLocalMap
GRAVE: The web application [/xtf] created a ThreadLocal with key of type [null] (value [null]) and a value of type [org.apache.lucene.index.SegmentTermEnum] (value [org.apache.lucene.index.SegmentTermEnum@7d83be38]) but failed to remove it when the web application was stopped. This is very likely to create a memory leak.
7 janv. 2016 14:36:09 org.apache.catalina.loader.WebappClassLoader clearThreadLocalMap
GRAVE: The web application [/xtf] created a ThreadLocal with key of type [java.lang.ThreadLocal] (value [java.lang.ThreadLocal@543d8ee8]) and a value of type [org.apache.lucene.index.SegmentTermEnum] (value [org.apache.lucene.index.SegmentTermEnum@15714c8d]) but failed to remove it when the web application was stopped. This is very likely to create a memory leak.
7 janv. 2016 14:36:09 org.apache.catalina.loader.WebappClassLoader clearThreadLocalMap
GRAVE: The web application [/xtf] created a ThreadLocal with key of type [java.lang.ThreadLocal] (value [java.lang.ThreadLocal@468634b6]) and a value of type [org.cdlib.xtf.util.PackedByteBuf.CompressInfo] (value [org.cdlib.xtf.util.PackedByteBuf$CompressInfo@4158c7fa]) but failed to remove it when the web application was stopped. This is very likely to create a memory leak.
7 janv. 2016 14:36:09 org.apache.catalina.loader.WebappClassLoader clearThreadLocalMap
GRAVE: The web application [/xtf] created a ThreadLocal with key of type [null] (value [null]) and a value of type [org.apache.lucene.index.SegmentTermEnum] (value [org.apache.lucene.index.SegmentTermEnum@2bb10f9a]) but failed to remove it when the web application was stopped. This is very likely to create a memory leak.
7 janv. 2016 14:36:09 org.apache.catalina.loader.WebappClassLoader clearThreadLocalMap
GRAVE: The web application [/xtf] created a ThreadLocal with key of type [java.lang.ThreadLocal] (value [java.lang.ThreadLocal@468634b6]) and a value of type [org.cdlib.xtf.util.PackedByteBuf.CompressInfo] (value [org.cdlib.xtf.util.PackedByteBuf$CompressInfo@75775dde]) but failed to remove it when the web application was stopped. This is very likely to create a memory leak.
7 janv. 2016 14:36:09 org.apache.catalina.loader.WebappClassLoader clearThreadLocalMap
GRAVE: The web application [/xtf] created a ThreadLocal with key of type [java.lang.ThreadLocal] (value [java.lang.ThreadLocal@468634b6]) and a value of type [org.cdlib.xtf.util.PackedByteBuf.CompressInfo] (value [org.cdlib.xtf.util.PackedByteBuf$CompressInfo@6fb3d611]) but failed to remove it when the web application was stopped. This is very likely to create a memory leak.
7 janv. 2016 14:36:09 org.apache.catalina.loader.WebappClassLoader clearThreadLocalMap
GRAVE: The web application [/xtf] created a ThreadLocal with key of type [java.lang.ThreadLocal] (value [java.lang.ThreadLocal@468634b6]) and a value of type [org.cdlib.xtf.util.PackedByteBuf.CompressInfo] (value [org.cdlib.xtf.util.PackedByteBuf$CompressInfo@7ab2f62]) but failed to remove it when the web application was stopped. This is very likely to create a memory leak.
7 janv. 2016 14:36:09 org.apache.catalina.loader.WebappClassLoader clearThreadLocalMap
GRAVE: The web application [/xtf] created a ThreadLocal with key of type [java.lang.ThreadLocal] (value [java.lang.ThreadLocal@468634b6]) and a value of type [org.cdlib.xtf.util.PackedByteBuf.CompressInfo] (value [org.cdlib.xtf.util.PackedByteBuf$CompressInfo@77b3cedc]) but failed to remove it when the web application was stopped. This is very likely to create a memory leak.
7 janv. 2016 14:36:09 org.apache.coyote.http11.Http11Protocol destroy
INFO: Arrêt de Coyote HTTP/1.1 sur http-8080
