nov. 25, 2019 10:30:52 AM org.apache.catalina.core.AprLifecycleListener init
INFOS: The APR based Apache Tomcat Native library which allows optimal performance in production environments was not found on the java.library.path: /Users/christophe/Library/Java/Extensions:/Library/Java/Extensions:/Network/Library/Java/Extensions:/System/Library/Java/Extensions:/usr/lib/java:.
nov. 25, 2019 10:30:52 AM org.apache.coyote.http11.Http11Protocol init
INFOS: Initialisation de Coyote HTTP/1.1 sur http-8080
nov. 25, 2019 10:30:52 AM org.apache.catalina.startup.Catalina load
INFOS: Initialization processed in 499 ms
nov. 25, 2019 10:30:52 AM org.apache.catalina.core.StandardService start
INFOS: Démarrage du service Catalina
nov. 25, 2019 10:30:52 AM org.apache.catalina.core.StandardEngine start
INFOS: Starting Servlet Engine: Apache Tomcat/6.0.29
nov. 25, 2019 10:30:52 AM org.apache.catalina.startup.HostConfig deployDescriptor
INFOS: Déploiement du descripteur de configuration host-manager.xml
nov. 25, 2019 10:30:53 AM org.apache.catalina.startup.HostConfig deployDescriptor
INFOS: Déploiement du descripteur de configuration manager.xml
nov. 25, 2019 10:30:53 AM org.apache.catalina.startup.HostConfig deployDirectory
INFOS: Déploiement du répertoire xtf de l'application web
nov. 25, 2019 10:30:53 AM org.apache.catalina.startup.HostConfig deployDirectory
INFOS: Déploiement du répertoire docs de l'application web
nov. 25, 2019 10:30:53 AM org.apache.catalina.startup.HostConfig deployDirectory
INFOS: Déploiement du répertoire examples de l'application web
nov. 25, 2019 10:30:53 AM org.apache.catalina.startup.HostConfig deployDirectory
INFOS: Déploiement du répertoire ROOT de l'application web
nov. 25, 2019 10:30:53 AM org.apache.coyote.http11.Http11Protocol start
INFOS: Démarrage de Coyote HTTP/1.1 sur http-8080
nov. 25, 2019 10:30:53 AM org.apache.jk.common.ChannelSocket init
INFOS: JK: ajp13 listening on /0.0.0.0:8009
nov. 25, 2019 10:30:53 AM org.apache.jk.server.JkMain start
INFOS: Jk running ID=0 time=0/12  config=null
nov. 25, 2019 10:30:53 AM org.apache.catalina.startup.Catalina start
INFOS: Server startup in 438 ms
nov. 25, 2019 3:59:09 PM org.apache.coyote.http11.Http11Protocol pause
INFOS: Suspension de Coyote HTTP/1.1 sur http-8080
nov. 25, 2019 3:59:15 PM org.apache.catalina.core.StandardService stop
INFOS: Arrêt du service Catalina
nov. 25, 2019 3:59:15 PM org.apache.catalina.loader.WebappClassLoader clearReferencesThreads
GRAVE: The web application [/xtf] appears to have started a thread named [Thread-9] but has failed to stop it. This is very likely to create a memory leak.
nov. 25, 2019 3:59:15 PM org.apache.catalina.loader.WebappClassLoader clearThreadLocalMap
GRAVE: The web application [/xtf] created a ThreadLocal with key of type [java.lang.ThreadLocal] (value [java.lang.ThreadLocal@4495d2ed]) and a value of type [org.apache.lucene.index.SegmentTermEnum] (value [org.apache.lucene.index.SegmentTermEnum@4b2a231c]) but failed to remove it when the web application was stopped. This is very likely to create a memory leak.
nov. 25, 2019 3:59:15 PM org.apache.catalina.loader.WebappClassLoader clearThreadLocalMap
GRAVE: The web application [/xtf] created a ThreadLocal with key of type [java.lang.ThreadLocal] (value [java.lang.ThreadLocal@5b6c1b9c]) and a value of type [org.cdlib.xtf.util.PackedByteBuf.CompressInfo] (value [org.cdlib.xtf.util.PackedByteBuf$CompressInfo@22641e40]) but failed to remove it when the web application was stopped. This is very likely to create a memory leak.
nov. 25, 2019 3:59:15 PM org.apache.catalina.loader.WebappClassLoader clearThreadLocalMap
GRAVE: The web application [/xtf] created a ThreadLocal with key of type [java.lang.ThreadLocal] (value [java.lang.ThreadLocal@4495d2ed]) and a value of type [org.apache.lucene.index.SegmentTermEnum] (value [org.apache.lucene.index.SegmentTermEnum@5cf9221f]) but failed to remove it when the web application was stopped. This is very likely to create a memory leak.
nov. 25, 2019 3:59:15 PM org.apache.catalina.loader.WebappClassLoader clearThreadLocalMap
GRAVE: The web application [/xtf] created a ThreadLocal with key of type [java.lang.ThreadLocal] (value [java.lang.ThreadLocal@5b6c1b9c]) and a value of type [org.cdlib.xtf.util.PackedByteBuf.CompressInfo] (value [org.cdlib.xtf.util.PackedByteBuf$CompressInfo@47ef30a6]) but failed to remove it when the web application was stopped. This is very likely to create a memory leak.
nov. 25, 2019 3:59:15 PM org.apache.catalina.loader.WebappClassLoader clearThreadLocalMap
GRAVE: The web application [/xtf] created a ThreadLocal with key of type [java.lang.ThreadLocal] (value [java.lang.ThreadLocal@5b6c1b9c]) and a value of type [org.cdlib.xtf.util.PackedByteBuf.CompressInfo] (value [org.cdlib.xtf.util.PackedByteBuf$CompressInfo@764c64fd]) but failed to remove it when the web application was stopped. This is very likely to create a memory leak.
nov. 25, 2019 3:59:15 PM org.apache.catalina.loader.WebappClassLoader clearThreadLocalMap
GRAVE: The web application [/xtf] created a ThreadLocal with key of type [java.lang.ThreadLocal] (value [java.lang.ThreadLocal@5b6c1b9c]) and a value of type [org.cdlib.xtf.util.PackedByteBuf.CompressInfo] (value [org.cdlib.xtf.util.PackedByteBuf$CompressInfo@74d8e26a]) but failed to remove it when the web application was stopped. This is very likely to create a memory leak.
nov. 25, 2019 3:59:15 PM org.apache.catalina.loader.WebappClassLoader clearThreadLocalMap
GRAVE: The web application [/xtf] created a ThreadLocal with key of type [java.lang.ThreadLocal] (value [java.lang.ThreadLocal@5b6c1b9c]) and a value of type [org.cdlib.xtf.util.PackedByteBuf.CompressInfo] (value [org.cdlib.xtf.util.PackedByteBuf$CompressInfo@61a4df34]) but failed to remove it when the web application was stopped. This is very likely to create a memory leak.
nov. 25, 2019 3:59:15 PM org.apache.coyote.http11.Http11Protocol destroy
INFOS: Arrêt de Coyote HTTP/1.1 sur http-8080
