nov. 20, 2015 9:15:54 AM org.apache.catalina.core.AprLifecycleListener init
INFOS: The APR based Apache Tomcat Native library which allows optimal performance in production environments was not found on the java.library.path: /Users/tmg/Library/Java/Extensions:/Library/Java/Extensions:/Network/Library/Java/Extensions:/System/Library/Java/Extensions:/usr/lib/java:.
nov. 20, 2015 9:15:57 AM org.apache.coyote.http11.Http11Protocol init
INFOS: Initialisation de Coyote HTTP/1.1 sur http-8080
nov. 20, 2015 9:15:57 AM org.apache.catalina.startup.Catalina load
INFOS: Initialization processed in 3775 ms
nov. 20, 2015 9:15:57 AM org.apache.catalina.core.StandardService start
INFOS: Démarrage du service Catalina
nov. 20, 2015 9:15:57 AM org.apache.catalina.core.StandardEngine start
INFOS: Starting Servlet Engine: Apache Tomcat/6.0.29
nov. 20, 2015 9:15:57 AM org.apache.catalina.startup.HostConfig deployDescriptor
INFOS: Déploiement du descripteur de configuration host-manager.xml
nov. 20, 2015 9:15:59 AM org.apache.catalina.startup.HostConfig deployDescriptor
INFOS: Déploiement du descripteur de configuration manager.xml
nov. 20, 2015 9:15:59 AM org.apache.catalina.startup.HostConfig deployDirectory
INFOS: Déploiement du répertoire docs de l'application web
nov. 20, 2015 9:15:59 AM org.apache.catalina.startup.HostConfig deployDirectory
INFOS: Déploiement du répertoire examples de l'application web
nov. 20, 2015 9:15:59 AM org.apache.catalina.startup.HostConfig deployDirectory
INFOS: Déploiement du répertoire ROOT de l'application web
nov. 20, 2015 9:15:59 AM org.apache.catalina.startup.HostConfig deployDirectory
INFOS: Déploiement du répertoire xtf de l'application web
nov. 20, 2015 9:16:00 AM org.apache.coyote.http11.Http11Protocol start
INFOS: Démarrage de Coyote HTTP/1.1 sur http-8080
nov. 20, 2015 9:16:00 AM org.apache.jk.common.ChannelSocket init
INFOS: JK: ajp13 listening on /0.0.0.0:8009
nov. 20, 2015 9:16:00 AM org.apache.jk.server.JkMain start
INFOS: Jk running ID=0 time=0/51  config=null
nov. 20, 2015 9:16:00 AM org.apache.catalina.startup.Catalina start
INFOS: Server startup in 2526 ms
nov. 20, 2015 11:34:50 AM org.apache.coyote.http11.Http11Protocol pause
INFOS: Suspension de Coyote HTTP/1.1 sur http-8080
nov. 20, 2015 11:34:51 AM org.apache.catalina.core.StandardService stop
INFOS: Arrêt du service Catalina
nov. 20, 2015 11:34:52 AM org.apache.catalina.loader.WebappClassLoader clearThreadLocalMap
GRAVE: The web application [/xtf] created a ThreadLocal with key of type [java.lang.ThreadLocal] (value [java.lang.ThreadLocal@1291a153]) and a value of type [org.cdlib.xtf.util.PackedByteBuf.CompressInfo] (value [org.cdlib.xtf.util.PackedByteBuf$CompressInfo@3bc5e3bd]) but failed to remove it when the web application was stopped. This is very likely to create a memory leak.
nov. 20, 2015 11:34:52 AM org.apache.catalina.loader.WebappClassLoader clearThreadLocalMap
GRAVE: The web application [/xtf] created a ThreadLocal with key of type [null] (value [null]) and a value of type [org.apache.lucene.index.SegmentTermEnum] (value [org.apache.lucene.index.SegmentTermEnum@3ee6356d]) but failed to remove it when the web application was stopped. This is very likely to create a memory leak.
nov. 20, 2015 11:34:52 AM org.apache.catalina.loader.WebappClassLoader clearThreadLocalMap
GRAVE: The web application [/xtf] created a ThreadLocal with key of type [null] (value [null]) and a value of type [org.apache.lucene.index.SegmentTermEnum] (value [org.apache.lucene.index.SegmentTermEnum@42388e35]) but failed to remove it when the web application was stopped. This is very likely to create a memory leak.
nov. 20, 2015 11:34:52 AM org.apache.catalina.loader.WebappClassLoader clearThreadLocalMap
GRAVE: The web application [/xtf] created a ThreadLocal with key of type [null] (value [null]) and a value of type [org.apache.lucene.index.SegmentTermEnum] (value [org.apache.lucene.index.SegmentTermEnum@6c572517]) but failed to remove it when the web application was stopped. This is very likely to create a memory leak.
nov. 20, 2015 11:34:52 AM org.apache.catalina.loader.WebappClassLoader clearThreadLocalMap
GRAVE: The web application [/xtf] created a ThreadLocal with key of type [java.lang.ThreadLocal] (value [java.lang.ThreadLocal@1291a153]) and a value of type [org.cdlib.xtf.util.PackedByteBuf.CompressInfo] (value [org.cdlib.xtf.util.PackedByteBuf$CompressInfo@789beb2b]) but failed to remove it when the web application was stopped. This is very likely to create a memory leak.
nov. 20, 2015 11:34:52 AM org.apache.catalina.loader.WebappClassLoader clearThreadLocalMap
GRAVE: The web application [/xtf] created a ThreadLocal with key of type [null] (value [null]) and a value of type [org.apache.lucene.index.SegmentTermEnum] (value [org.apache.lucene.index.SegmentTermEnum@7759e408]) but failed to remove it when the web application was stopped. This is very likely to create a memory leak.
nov. 20, 2015 11:34:52 AM org.apache.catalina.loader.WebappClassLoader clearThreadLocalMap
GRAVE: The web application [/xtf] created a ThreadLocal with key of type [null] (value [null]) and a value of type [org.apache.lucene.index.SegmentTermEnum] (value [org.apache.lucene.index.SegmentTermEnum@711685f0]) but failed to remove it when the web application was stopped. This is very likely to create a memory leak.
nov. 20, 2015 11:34:52 AM org.apache.catalina.loader.WebappClassLoader clearThreadLocalMap
GRAVE: The web application [/xtf] created a ThreadLocal with key of type [java.lang.ThreadLocal] (value [java.lang.ThreadLocal@1291a153]) and a value of type [org.cdlib.xtf.util.PackedByteBuf.CompressInfo] (value [org.cdlib.xtf.util.PackedByteBuf$CompressInfo@243c6958]) but failed to remove it when the web application was stopped. This is very likely to create a memory leak.
nov. 20, 2015 11:34:52 AM org.apache.catalina.loader.WebappClassLoader clearThreadLocalMap
GRAVE: The web application [/xtf] created a ThreadLocal with key of type [null] (value [null]) and a value of type [org.apache.lucene.index.SegmentTermEnum] (value [org.apache.lucene.index.SegmentTermEnum@3d91c47]) but failed to remove it when the web application was stopped. This is very likely to create a memory leak.
nov. 20, 2015 11:34:52 AM org.apache.catalina.loader.WebappClassLoader clearThreadLocalMap
GRAVE: The web application [/xtf] created a ThreadLocal with key of type [null] (value [null]) and a value of type [org.apache.lucene.index.SegmentTermEnum] (value [org.apache.lucene.index.SegmentTermEnum@3b18c190]) but failed to remove it when the web application was stopped. This is very likely to create a memory leak.
nov. 20, 2015 11:34:52 AM org.apache.catalina.loader.WebappClassLoader clearThreadLocalMap
GRAVE: The web application [/xtf] created a ThreadLocal with key of type [java.lang.ThreadLocal] (value [java.lang.ThreadLocal@1291a153]) and a value of type [org.cdlib.xtf.util.PackedByteBuf.CompressInfo] (value [org.cdlib.xtf.util.PackedByteBuf$CompressInfo@7ee4ea06]) but failed to remove it when the web application was stopped. This is very likely to create a memory leak.
nov. 20, 2015 11:34:52 AM org.apache.catalina.loader.WebappClassLoader clearThreadLocalMap
GRAVE: The web application [/xtf] created a ThreadLocal with key of type [java.lang.ThreadLocal] (value [java.lang.ThreadLocal@1291a153]) and a value of type [org.cdlib.xtf.util.PackedByteBuf.CompressInfo] (value [org.cdlib.xtf.util.PackedByteBuf$CompressInfo@39553a2b]) but failed to remove it when the web application was stopped. This is very likely to create a memory leak.
nov. 20, 2015 11:34:52 AM org.apache.catalina.loader.WebappClassLoader clearThreadLocalMap
GRAVE: The web application [/xtf] created a ThreadLocal with key of type [null] (value [null]) and a value of type [org.apache.lucene.index.SegmentTermEnum] (value [org.apache.lucene.index.SegmentTermEnum@72a53262]) but failed to remove it when the web application was stopped. This is very likely to create a memory leak.
nov. 20, 2015 11:34:52 AM org.apache.catalina.loader.WebappClassLoader clearThreadLocalMap
GRAVE: The web application [/xtf] created a ThreadLocal with key of type [null] (value [null]) and a value of type [org.apache.lucene.index.SegmentTermEnum] (value [org.apache.lucene.index.SegmentTermEnum@fcc69e7]) but failed to remove it when the web application was stopped. This is very likely to create a memory leak.
nov. 20, 2015 11:34:52 AM org.apache.coyote.http11.Http11Protocol destroy
INFOS: Arrêt de Coyote HTTP/1.1 sur http-8080
nov. 20, 2015 11:36:11 AM org.apache.catalina.core.AprLifecycleListener init
INFOS: The APR based Apache Tomcat Native library which allows optimal performance in production environments was not found on the java.library.path: /Users/tmg/Library/Java/Extensions:/Library/Java/Extensions:/Network/Library/Java/Extensions:/System/Library/Java/Extensions:/usr/lib/java:.
nov. 20, 2015 11:36:12 AM org.apache.coyote.http11.Http11Protocol init
INFOS: Initialisation de Coyote HTTP/1.1 sur http-8080
nov. 20, 2015 11:36:12 AM org.apache.catalina.startup.Catalina load
INFOS: Initialization processed in 1997 ms
nov. 20, 2015 11:36:13 AM org.apache.catalina.core.StandardService start
INFOS: Démarrage du service Catalina
nov. 20, 2015 11:36:13 AM org.apache.catalina.core.StandardEngine start
INFOS: Starting Servlet Engine: Apache Tomcat/6.0.29
nov. 20, 2015 11:36:13 AM org.apache.catalina.startup.HostConfig deployDescriptor
INFOS: Déploiement du descripteur de configuration host-manager.xml
nov. 20, 2015 11:36:13 AM org.apache.catalina.startup.HostConfig deployDescriptor
INFOS: Déploiement du descripteur de configuration manager.xml
nov. 20, 2015 11:36:13 AM org.apache.catalina.startup.HostConfig deployDirectory
INFOS: Déploiement du répertoire docs de l'application web
nov. 20, 2015 11:36:13 AM org.apache.catalina.startup.HostConfig deployDirectory
INFOS: Déploiement du répertoire examples de l'application web
nov. 20, 2015 11:36:14 AM org.apache.catalina.startup.HostConfig deployDirectory
INFOS: Déploiement du répertoire ROOT de l'application web
nov. 20, 2015 11:36:14 AM org.apache.catalina.startup.HostConfig deployDirectory
INFOS: Déploiement du répertoire xtf de l'application web
nov. 20, 2015 11:36:14 AM org.apache.coyote.http11.Http11Protocol start
INFOS: Démarrage de Coyote HTTP/1.1 sur http-8080
nov. 20, 2015 11:36:15 AM org.apache.jk.common.ChannelSocket init
INFOS: JK: ajp13 listening on /0.0.0.0:8009
nov. 20, 2015 11:36:15 AM org.apache.jk.server.JkMain start
INFOS: Jk running ID=0 time=0/271  config=null
nov. 20, 2015 11:36:15 AM org.apache.catalina.startup.Catalina start
INFOS: Server startup in 2297 ms
nov. 20, 2015 6:21:35 PM org.apache.coyote.http11.Http11Protocol pause
INFOS: Suspension de Coyote HTTP/1.1 sur http-8080
nov. 20, 2015 6:21:36 PM org.apache.catalina.core.StandardService stop
INFOS: Arrêt du service Catalina
nov. 20, 2015 6:21:37 PM org.apache.catalina.loader.WebappClassLoader clearReferencesThreads
GRAVE: The web application [/xtf] appears to have started a thread named [Thread-14] but has failed to stop it. This is very likely to create a memory leak.
nov. 20, 2015 6:21:37 PM org.apache.catalina.loader.WebappClassLoader clearThreadLocalMap
GRAVE: The web application [/xtf] created a ThreadLocal with key of type [java.lang.ThreadLocal] (value [java.lang.ThreadLocal@552d638c]) and a value of type [org.cdlib.xtf.util.PackedByteBuf.CompressInfo] (value [org.cdlib.xtf.util.PackedByteBuf$CompressInfo@350c5d64]) but failed to remove it when the web application was stopped. This is very likely to create a memory leak.
nov. 20, 2015 6:21:37 PM org.apache.catalina.loader.WebappClassLoader clearThreadLocalMap
GRAVE: The web application [/xtf] created a ThreadLocal with key of type [java.lang.ThreadLocal] (value [java.lang.ThreadLocal@552d638c]) and a value of type [org.cdlib.xtf.util.PackedByteBuf.CompressInfo] (value [org.cdlib.xtf.util.PackedByteBuf$CompressInfo@3fcdec09]) but failed to remove it when the web application was stopped. This is very likely to create a memory leak.
nov. 20, 2015 6:21:37 PM org.apache.catalina.loader.WebappClassLoader clearThreadLocalMap
GRAVE: The web application [/xtf] created a ThreadLocal with key of type [null] (value [null]) and a value of type [org.apache.lucene.index.SegmentTermEnum] (value [org.apache.lucene.index.SegmentTermEnum@6a2a4e92]) but failed to remove it when the web application was stopped. This is very likely to create a memory leak.
nov. 20, 2015 6:21:37 PM org.apache.catalina.loader.WebappClassLoader clearThreadLocalMap
GRAVE: The web application [/xtf] created a ThreadLocal with key of type [java.lang.ThreadLocal] (value [java.lang.ThreadLocal@552d638c]) and a value of type [org.cdlib.xtf.util.PackedByteBuf.CompressInfo] (value [org.cdlib.xtf.util.PackedByteBuf$CompressInfo@6beffb]) but failed to remove it when the web application was stopped. This is very likely to create a memory leak.
nov. 20, 2015 6:21:37 PM org.apache.catalina.loader.WebappClassLoader clearThreadLocalMap
GRAVE: The web application [/xtf] created a ThreadLocal with key of type [java.lang.ThreadLocal] (value [java.lang.ThreadLocal@552d638c]) and a value of type [org.cdlib.xtf.util.PackedByteBuf.CompressInfo] (value [org.cdlib.xtf.util.PackedByteBuf$CompressInfo@57db65ef]) but failed to remove it when the web application was stopped. This is very likely to create a memory leak.
nov. 20, 2015 6:21:37 PM org.apache.catalina.loader.WebappClassLoader clearThreadLocalMap
GRAVE: The web application [/xtf] created a ThreadLocal with key of type [java.lang.ThreadLocal] (value [java.lang.ThreadLocal@72676b9]) and a value of type [org.apache.lucene.index.SegmentTermEnum] (value [org.apache.lucene.index.SegmentTermEnum@3f40e611]) but failed to remove it when the web application was stopped. This is very likely to create a memory leak.
nov. 20, 2015 6:21:37 PM org.apache.catalina.loader.WebappClassLoader clearThreadLocalMap
GRAVE: The web application [/xtf] created a ThreadLocal with key of type [java.lang.ThreadLocal] (value [java.lang.ThreadLocal@608bd235]) and a value of type [org.apache.lucene.index.SegmentTermEnum] (value [org.apache.lucene.index.SegmentTermEnum@6c7337d6]) but failed to remove it when the web application was stopped. This is very likely to create a memory leak.
nov. 20, 2015 6:21:37 PM org.apache.catalina.loader.WebappClassLoader clearThreadLocalMap
GRAVE: The web application [/xtf] created a ThreadLocal with key of type [java.lang.ThreadLocal] (value [java.lang.ThreadLocal@5854175f]) and a value of type [org.apache.lucene.index.SegmentTermEnum] (value [org.apache.lucene.index.SegmentTermEnum@609c122a]) but failed to remove it when the web application was stopped. This is very likely to create a memory leak.
nov. 20, 2015 6:21:37 PM org.apache.catalina.loader.WebappClassLoader clearThreadLocalMap
GRAVE: The web application [/xtf] created a ThreadLocal with key of type [java.lang.ThreadLocal] (value [java.lang.ThreadLocal@5eb87e76]) and a value of type [org.apache.lucene.index.SegmentTermEnum] (value [org.apache.lucene.index.SegmentTermEnum@2b803ff0]) but failed to remove it when the web application was stopped. This is very likely to create a memory leak.
nov. 20, 2015 6:21:37 PM org.apache.catalina.loader.WebappClassLoader clearThreadLocalMap
GRAVE: The web application [/xtf] created a ThreadLocal with key of type [java.lang.ThreadLocal] (value [java.lang.ThreadLocal@53162b30]) and a value of type [org.apache.lucene.index.SegmentTermEnum] (value [org.apache.lucene.index.SegmentTermEnum@539b7e3a]) but failed to remove it when the web application was stopped. This is very likely to create a memory leak.
nov. 20, 2015 6:21:37 PM org.apache.catalina.loader.WebappClassLoader clearThreadLocalMap
GRAVE: The web application [/xtf] created a ThreadLocal with key of type [java.lang.ThreadLocal] (value [java.lang.ThreadLocal@4e4df1f1]) and a value of type [org.apache.lucene.index.SegmentTermEnum] (value [org.apache.lucene.index.SegmentTermEnum@64982877]) but failed to remove it when the web application was stopped. This is very likely to create a memory leak.
nov. 20, 2015 6:21:37 PM org.apache.catalina.loader.WebappClassLoader clearThreadLocalMap
GRAVE: The web application [/xtf] created a ThreadLocal with key of type [null] (value [null]) and a value of type [org.apache.lucene.index.SegmentTermEnum] (value [org.apache.lucene.index.SegmentTermEnum@6b5c07f]) but failed to remove it when the web application was stopped. This is very likely to create a memory leak.
nov. 20, 2015 6:21:37 PM org.apache.coyote.http11.Http11Protocol destroy
INFOS: Arrêt de Coyote HTTP/1.1 sur http-8080
