28 nov. 2014 15:46:43 org.apache.catalina.core.AprLifecycleListener init
INFO: The APR based Apache Tomcat Native library which allows optimal performance in production environments was not found on the java.library.path: .:/Library/Java/Extensions:/System/Library/Java/Extensions:/usr/lib/java
28 nov. 2014 15:46:43 org.apache.coyote.http11.Http11Protocol init
INFO: Initialisation de Coyote HTTP/1.1 sur http-8080
28 nov. 2014 15:46:43 org.apache.catalina.startup.Catalina load
INFO: Initialization processed in 890 ms
28 nov. 2014 15:46:43 org.apache.catalina.core.StandardService start
INFO: Démarrage du service Catalina
28 nov. 2014 15:46:43 org.apache.catalina.core.StandardEngine start
INFO: Starting Servlet Engine: Apache Tomcat/6.0.29
28 nov. 2014 15:46:43 org.apache.catalina.startup.HostConfig deployDescriptor
INFO: Déploiement du descripteur de configuration host-manager.xml
28 nov. 2014 15:46:44 org.apache.catalina.startup.HostConfig deployDescriptor
INFO: Déploiement du descripteur de configuration manager.xml
28 nov. 2014 15:46:44 org.apache.catalina.startup.HostConfig deployDirectory
INFO: Déploiement du répertoire docs de l'application web
28 nov. 2014 15:46:44 org.apache.catalina.startup.HostConfig deployDirectory
INFO: Déploiement du répertoire examples de l'application web
28 nov. 2014 15:46:44 org.apache.catalina.startup.HostConfig deployDirectory
INFO: Déploiement du répertoire ROOT de l'application web
28 nov. 2014 15:46:44 org.apache.catalina.startup.HostConfig deployDirectory
INFO: Déploiement du répertoire xtf de l'application web
28 nov. 2014 15:46:45 org.apache.coyote.http11.Http11Protocol start
INFO: Démarrage de Coyote HTTP/1.1 sur http-8080
28 nov. 2014 15:46:45 org.apache.jk.common.ChannelSocket init
INFO: JK: ajp13 listening on /0.0.0.0:8009
28 nov. 2014 15:46:45 org.apache.jk.server.JkMain start
INFO: Jk running ID=0 time=1/33  config=null
28 nov. 2014 15:46:45 org.apache.catalina.startup.Catalina start
INFO: Server startup in 1903 ms
28 nov. 2014 19:02:53 org.apache.coyote.http11.Http11Protocol pause
INFO: Suspension de Coyote HTTP/1.1 sur http-8080
28 nov. 2014 19:02:54 org.apache.catalina.core.StandardService stop
INFO: Arrêt du service Catalina
28 nov. 2014 19:02:55 org.apache.catalina.loader.WebappClassLoader clearReferencesThreads
GRAVE: The web application [/xtf] appears to have started a thread named [Thread-22] but has failed to stop it. This is very likely to create a memory leak.
28 nov. 2014 19:02:55 org.apache.catalina.loader.WebappClassLoader clearThreadLocalMap
GRAVE: The web application [/xtf] created a ThreadLocal with key of type [java.lang.ThreadLocal] (value [java.lang.ThreadLocal@62eade0]) and a value of type [org.cdlib.xtf.util.PackedByteBuf.CompressInfo] (value [org.cdlib.xtf.util.PackedByteBuf$CompressInfo@6299504b]) but failed to remove it when the web application was stopped. This is very likely to create a memory leak.
28 nov. 2014 19:02:55 org.apache.catalina.loader.WebappClassLoader clearThreadLocalMap
GRAVE: The web application [/xtf] created a ThreadLocal with key of type [null] (value [null]) and a value of type [org.apache.lucene.index.SegmentTermEnum] (value [org.apache.lucene.index.SegmentTermEnum@3f669e7f]) but failed to remove it when the web application was stopped. This is very likely to create a memory leak.
28 nov. 2014 19:02:55 org.apache.catalina.loader.WebappClassLoader clearThreadLocalMap
GRAVE: The web application [/xtf] created a ThreadLocal with key of type [null] (value [null]) and a value of type [org.apache.lucene.index.SegmentTermEnum] (value [org.apache.lucene.index.SegmentTermEnum@6a2fc45d]) but failed to remove it when the web application was stopped. This is very likely to create a memory leak.
28 nov. 2014 19:02:55 org.apache.catalina.loader.WebappClassLoader clearThreadLocalMap
GRAVE: The web application [/xtf] created a ThreadLocal with key of type [null] (value [null]) and a value of type [org.apache.lucene.index.SegmentTermEnum] (value [org.apache.lucene.index.SegmentTermEnum@6604ec21]) but failed to remove it when the web application was stopped. This is very likely to create a memory leak.
28 nov. 2014 19:02:55 org.apache.catalina.loader.WebappClassLoader clearThreadLocalMap
GRAVE: The web application [/xtf] created a ThreadLocal with key of type [java.lang.ThreadLocal] (value [java.lang.ThreadLocal@4d2a9eda]) and a value of type [org.apache.lucene.index.SegmentTermEnum] (value [org.apache.lucene.index.SegmentTermEnum@292321ca]) but failed to remove it when the web application was stopped. This is very likely to create a memory leak.
28 nov. 2014 19:02:55 org.apache.catalina.loader.WebappClassLoader clearThreadLocalMap
GRAVE: The web application [/xtf] created a ThreadLocal with key of type [null] (value [null]) and a value of type [org.apache.lucene.index.SegmentTermEnum] (value [org.apache.lucene.index.SegmentTermEnum@417f69df]) but failed to remove it when the web application was stopped. This is very likely to create a memory leak.
28 nov. 2014 19:02:55 org.apache.catalina.loader.WebappClassLoader clearThreadLocalMap
GRAVE: The web application [/xtf] created a ThreadLocal with key of type [java.lang.ThreadLocal] (value [java.lang.ThreadLocal@62eade0]) and a value of type [org.cdlib.xtf.util.PackedByteBuf.CompressInfo] (value [org.cdlib.xtf.util.PackedByteBuf$CompressInfo@13ffd111]) but failed to remove it when the web application was stopped. This is very likely to create a memory leak.
28 nov. 2014 19:02:55 org.apache.catalina.loader.WebappClassLoader clearThreadLocalMap
GRAVE: The web application [/xtf] created a ThreadLocal with key of type [null] (value [null]) and a value of type [org.apache.lucene.index.SegmentTermEnum] (value [org.apache.lucene.index.SegmentTermEnum@7ff6bd58]) but failed to remove it when the web application was stopped. This is very likely to create a memory leak.
28 nov. 2014 19:02:55 org.apache.catalina.loader.WebappClassLoader clearThreadLocalMap
GRAVE: The web application [/xtf] created a ThreadLocal with key of type [null] (value [null]) and a value of type [org.apache.lucene.index.SegmentTermEnum] (value [org.apache.lucene.index.SegmentTermEnum@20091e0a]) but failed to remove it when the web application was stopped. This is very likely to create a memory leak.
28 nov. 2014 19:02:55 org.apache.catalina.loader.WebappClassLoader clearThreadLocalMap
GRAVE: The web application [/xtf] created a ThreadLocal with key of type [java.lang.ThreadLocal] (value [java.lang.ThreadLocal@62eade0]) and a value of type [org.cdlib.xtf.util.PackedByteBuf.CompressInfo] (value [org.cdlib.xtf.util.PackedByteBuf$CompressInfo@369332f4]) but failed to remove it when the web application was stopped. This is very likely to create a memory leak.
28 nov. 2014 19:02:55 org.apache.catalina.loader.WebappClassLoader clearThreadLocalMap
GRAVE: The web application [/xtf] created a ThreadLocal with key of type [null] (value [null]) and a value of type [org.apache.lucene.index.SegmentTermEnum] (value [org.apache.lucene.index.SegmentTermEnum@79f64d29]) but failed to remove it when the web application was stopped. This is very likely to create a memory leak.
28 nov. 2014 19:02:55 org.apache.catalina.loader.WebappClassLoader clearThreadLocalMap
GRAVE: The web application [/xtf] created a ThreadLocal with key of type [java.lang.ThreadLocal] (value [java.lang.ThreadLocal@62eade0]) and a value of type [org.cdlib.xtf.util.PackedByteBuf.CompressInfo] (value [org.cdlib.xtf.util.PackedByteBuf$CompressInfo@1943fd4d]) but failed to remove it when the web application was stopped. This is very likely to create a memory leak.
28 nov. 2014 19:02:55 org.apache.catalina.loader.WebappClassLoader clearThreadLocalMap
GRAVE: The web application [/xtf] created a ThreadLocal with key of type [null] (value [null]) and a value of type [org.apache.lucene.index.SegmentTermEnum] (value [org.apache.lucene.index.SegmentTermEnum@3eaad730]) but failed to remove it when the web application was stopped. This is very likely to create a memory leak.
28 nov. 2014 19:02:55 org.apache.catalina.loader.WebappClassLoader clearThreadLocalMap
GRAVE: The web application [/xtf] created a ThreadLocal with key of type [null] (value [null]) and a value of type [org.apache.lucene.index.SegmentTermEnum] (value [org.apache.lucene.index.SegmentTermEnum@4215b074]) but failed to remove it when the web application was stopped. This is very likely to create a memory leak.
28 nov. 2014 19:02:55 org.apache.coyote.http11.Http11Protocol destroy
INFO: Arrêt de Coyote HTTP/1.1 sur http-8080
28 nov. 2014 20:06:26 org.apache.catalina.core.AprLifecycleListener init
INFO: The APR based Apache Tomcat Native library which allows optimal performance in production environments was not found on the java.library.path: .:/Library/Java/Extensions:/System/Library/Java/Extensions:/usr/lib/java
28 nov. 2014 20:06:26 org.apache.coyote.http11.Http11Protocol init
INFO: Initialisation de Coyote HTTP/1.1 sur http-8080
28 nov. 2014 20:06:26 org.apache.catalina.startup.Catalina load
INFO: Initialization processed in 862 ms
28 nov. 2014 20:06:26 org.apache.catalina.core.StandardService start
INFO: Démarrage du service Catalina
28 nov. 2014 20:06:26 org.apache.catalina.core.StandardEngine start
INFO: Starting Servlet Engine: Apache Tomcat/6.0.29
28 nov. 2014 20:06:26 org.apache.catalina.startup.HostConfig deployDescriptor
INFO: Déploiement du descripteur de configuration host-manager.xml
28 nov. 2014 20:06:27 org.apache.catalina.startup.HostConfig deployDescriptor
INFO: Déploiement du descripteur de configuration manager.xml
28 nov. 2014 20:06:27 org.apache.catalina.startup.HostConfig deployDirectory
INFO: Déploiement du répertoire docs de l'application web
28 nov. 2014 20:06:27 org.apache.catalina.startup.HostConfig deployDirectory
INFO: Déploiement du répertoire examples de l'application web
28 nov. 2014 20:06:27 org.apache.catalina.startup.HostConfig deployDirectory
INFO: Déploiement du répertoire ROOT de l'application web
28 nov. 2014 20:06:28 org.apache.catalina.startup.HostConfig deployDirectory
INFO: Déploiement du répertoire xtf de l'application web
28 nov. 2014 20:06:28 org.apache.coyote.http11.Http11Protocol start
INFO: Démarrage de Coyote HTTP/1.1 sur http-8080
28 nov. 2014 20:06:28 org.apache.jk.common.ChannelSocket init
INFO: JK: ajp13 listening on /0.0.0.0:8009
28 nov. 2014 20:06:28 org.apache.jk.server.JkMain start
INFO: Jk running ID=0 time=0/37  config=null
28 nov. 2014 20:06:28 org.apache.catalina.startup.Catalina start
INFO: Server startup in 1873 ms
28 nov. 2014 20:48:05 org.apache.catalina.core.AprLifecycleListener init
INFO: The APR based Apache Tomcat Native library which allows optimal performance in production environments was not found on the java.library.path: .:/Library/Java/Extensions:/System/Library/Java/Extensions:/usr/lib/java
28 nov. 2014 20:48:05 org.apache.coyote.http11.Http11Protocol init
INFO: Initialisation de Coyote HTTP/1.1 sur http-8080
28 nov. 2014 20:48:05 org.apache.catalina.startup.Catalina load
INFO: Initialization processed in 763 ms
28 nov. 2014 20:48:05 org.apache.catalina.core.StandardService start
INFO: Démarrage du service Catalina
28 nov. 2014 20:48:05 org.apache.catalina.core.StandardEngine start
INFO: Starting Servlet Engine: Apache Tomcat/6.0.29
28 nov. 2014 20:48:05 org.apache.catalina.startup.HostConfig deployDescriptor
INFO: Déploiement du descripteur de configuration host-manager.xml
28 nov. 2014 20:48:06 org.apache.catalina.startup.HostConfig deployDescriptor
INFO: Déploiement du descripteur de configuration manager.xml
28 nov. 2014 20:48:06 org.apache.catalina.startup.HostConfig deployDirectory
INFO: Déploiement du répertoire docs de l'application web
28 nov. 2014 20:48:06 org.apache.catalina.startup.HostConfig deployDirectory
INFO: Déploiement du répertoire examples de l'application web
28 nov. 2014 20:48:06 org.apache.catalina.startup.HostConfig deployDirectory
INFO: Déploiement du répertoire ROOT de l'application web
28 nov. 2014 20:48:06 org.apache.catalina.startup.HostConfig deployDirectory
INFO: Déploiement du répertoire xtf de l'application web
28 nov. 2014 20:48:06 org.apache.coyote.http11.Http11Protocol start
INFO: Démarrage de Coyote HTTP/1.1 sur http-8080
28 nov. 2014 20:48:06 org.apache.jk.common.ChannelSocket init
INFO: JK: ajp13 listening on /0.0.0.0:8009
28 nov. 2014 20:48:06 org.apache.jk.server.JkMain start
INFO: Jk running ID=0 time=0/45  config=null
28 nov. 2014 20:48:06 org.apache.catalina.startup.Catalina start
INFO: Server startup in 1379 ms
28 nov. 2014 22:01:53 org.apache.coyote.http11.Http11Protocol pause
INFO: Suspension de Coyote HTTP/1.1 sur http-8080
28 nov. 2014 22:01:54 org.apache.catalina.core.StandardService stop
INFO: Arrêt du service Catalina
28 nov. 2014 22:01:55 org.apache.catalina.loader.WebappClassLoader clearThreadLocalMap
GRAVE: The web application [/xtf] created a ThreadLocal with key of type [java.lang.ThreadLocal] (value [java.lang.ThreadLocal@75432f0a]) and a value of type [org.cdlib.xtf.util.PackedByteBuf.CompressInfo] (value [org.cdlib.xtf.util.PackedByteBuf$CompressInfo@dc575ab]) but failed to remove it when the web application was stopped. This is very likely to create a memory leak.
28 nov. 2014 22:01:55 org.apache.catalina.loader.WebappClassLoader clearThreadLocalMap
GRAVE: The web application [/xtf] created a ThreadLocal with key of type [java.lang.ThreadLocal] (value [java.lang.ThreadLocal@75432f0a]) and a value of type [org.cdlib.xtf.util.PackedByteBuf.CompressInfo] (value [org.cdlib.xtf.util.PackedByteBuf$CompressInfo@1eb0349d]) but failed to remove it when the web application was stopped. This is very likely to create a memory leak.
28 nov. 2014 22:01:55 org.apache.catalina.loader.WebappClassLoader clearThreadLocalMap
GRAVE: The web application [/xtf] created a ThreadLocal with key of type [java.lang.ThreadLocal] (value [java.lang.ThreadLocal@75432f0a]) and a value of type [org.cdlib.xtf.util.PackedByteBuf.CompressInfo] (value [org.cdlib.xtf.util.PackedByteBuf$CompressInfo@424e3f28]) but failed to remove it when the web application was stopped. This is very likely to create a memory leak.
28 nov. 2014 22:01:55 org.apache.coyote.http11.Http11Protocol destroy
INFO: Arrêt de Coyote HTTP/1.1 sur http-8080
