11 sept. 2015 10:11:27 org.apache.catalina.core.AprLifecycleListener init
INFO: The APR based Apache Tomcat Native library which allows optimal performance in production environments was not found on the java.library.path: .:/Library/Java/Extensions:/System/Library/Java/Extensions:/usr/lib/java
11 sept. 2015 10:11:27 org.apache.coyote.http11.Http11Protocol init
INFO: Initialisation de Coyote HTTP/1.1 sur http-8080
11 sept. 2015 10:11:27 org.apache.catalina.startup.Catalina load
INFO: Initialization processed in 622 ms
11 sept. 2015 10:11:27 org.apache.catalina.core.StandardService start
INFO: Démarrage du service Catalina
11 sept. 2015 10:11:27 org.apache.catalina.core.StandardEngine start
INFO: Starting Servlet Engine: Apache Tomcat/6.0.29
11 sept. 2015 10:11:27 org.apache.catalina.startup.HostConfig deployDescriptor
INFO: Déploiement du descripteur de configuration host-manager.xml
11 sept. 2015 10:11:28 org.apache.catalina.startup.HostConfig deployDescriptor
INFO: Déploiement du descripteur de configuration manager.xml
11 sept. 2015 10:11:28 org.apache.catalina.startup.HostConfig deployDirectory
INFO: Déploiement du répertoire docs de l'application web
11 sept. 2015 10:11:28 org.apache.catalina.startup.HostConfig deployDirectory
INFO: Déploiement du répertoire examples de l'application web
11 sept. 2015 10:11:28 org.apache.catalina.startup.HostConfig deployDirectory
INFO: Déploiement du répertoire ROOT de l'application web
11 sept. 2015 10:11:28 org.apache.catalina.startup.HostConfig deployDirectory
INFO: Déploiement du répertoire xtf de l'application web
11 sept. 2015 10:11:29 org.apache.coyote.http11.Http11Protocol start
INFO: Démarrage de Coyote HTTP/1.1 sur http-8080
11 sept. 2015 10:11:29 org.apache.jk.common.ChannelSocket init
INFO: JK: ajp13 listening on /0.0.0.0:8009
11 sept. 2015 10:11:29 org.apache.jk.server.JkMain start
INFO: Jk running ID=0 time=0/20  config=null
11 sept. 2015 10:11:29 org.apache.catalina.startup.Catalina start
INFO: Server startup in 1927 ms
11 sept. 2015 10:11:57 org.apache.coyote.http11.Http11Protocol pause
INFO: Suspension de Coyote HTTP/1.1 sur http-8080
11 sept. 2015 10:11:58 org.apache.catalina.core.StandardService stop
INFO: Arrêt du service Catalina
11 sept. 2015 10:11:58 org.apache.catalina.loader.WebappClassLoader clearReferencesThreads
GRAVE: The web application [/xtf] appears to have started a thread named [Thread-20] but has failed to stop it. This is very likely to create a memory leak.
11 sept. 2015 10:11:58 org.apache.catalina.loader.WebappClassLoader clearThreadLocalMap
GRAVE: The web application [/xtf] created a ThreadLocal with key of type [java.lang.ThreadLocal] (value [java.lang.ThreadLocal@2c164804]) and a value of type [org.apache.lucene.index.SegmentTermEnum] (value [org.apache.lucene.index.SegmentTermEnum@6ad21538]) but failed to remove it when the web application was stopped. This is very likely to create a memory leak.
11 sept. 2015 10:12:00 org.apache.coyote.http11.Http11Protocol destroy
INFO: Arrêt de Coyote HTTP/1.1 sur http-8080
