avr. 17, 2019 1:45:25 PM org.apache.catalina.core.AprLifecycleListener init
INFOS: The APR based Apache Tomcat Native library which allows optimal performance in production environments was not found on the java.library.path: /Users/christophe/Library/Java/Extensions:/Library/Java/Extensions:/Network/Library/Java/Extensions:/System/Library/Java/Extensions:/usr/lib/java:.
avr. 17, 2019 1:45:26 PM org.apache.coyote.http11.Http11Protocol init
INFOS: Initialisation de Coyote HTTP/1.1 sur http-8080
avr. 17, 2019 1:45:26 PM org.apache.catalina.startup.Catalina load
INFOS: Initialization processed in 527 ms
avr. 17, 2019 1:45:26 PM org.apache.catalina.core.StandardService start
INFOS: Démarrage du service Catalina
avr. 17, 2019 1:45:26 PM org.apache.catalina.core.StandardEngine start
INFOS: Starting Servlet Engine: Apache Tomcat/6.0.29
avr. 17, 2019 1:45:26 PM org.apache.catalina.startup.HostConfig deployDescriptor
INFOS: Déploiement du descripteur de configuration host-manager.xml
avr. 17, 2019 1:45:26 PM org.apache.catalina.startup.HostConfig deployDescriptor
INFOS: Déploiement du descripteur de configuration manager.xml
avr. 17, 2019 1:45:26 PM org.apache.catalina.startup.HostConfig deployDirectory
INFOS: Déploiement du répertoire xtf de l'application web
avr. 17, 2019 1:45:26 PM org.apache.catalina.startup.HostConfig deployDirectory
INFOS: Déploiement du répertoire docs de l'application web
avr. 17, 2019 1:45:26 PM org.apache.catalina.startup.HostConfig deployDirectory
INFOS: Déploiement du répertoire examples de l'application web
avr. 17, 2019 1:45:26 PM org.apache.catalina.startup.HostConfig deployDirectory
INFOS: Déploiement du répertoire ROOT de l'application web
avr. 17, 2019 1:45:26 PM org.apache.coyote.http11.Http11Protocol start
INFOS: Démarrage de Coyote HTTP/1.1 sur http-8080
avr. 17, 2019 1:45:26 PM org.apache.jk.common.ChannelSocket init
INFOS: JK: ajp13 listening on /0.0.0.0:8009
avr. 17, 2019 1:45:26 PM org.apache.jk.server.JkMain start
INFOS: Jk running ID=0 time=0/14  config=null
avr. 17, 2019 1:45:26 PM org.apache.catalina.startup.Catalina start
INFOS: Server startup in 496 ms
avr. 17, 2019 2:35:47 PM org.apache.coyote.http11.Http11Protocol pause
INFOS: Suspension de Coyote HTTP/1.1 sur http-8080
avr. 17, 2019 2:35:53 PM org.apache.catalina.core.StandardService stop
INFOS: Arrêt du service Catalina
avr. 17, 2019 2:35:53 PM org.apache.catalina.loader.WebappClassLoader clearReferencesThreads
GRAVE: The web application [/xtf] appears to have started a thread named [Thread-9] but has failed to stop it. This is very likely to create a memory leak.
avr. 17, 2019 2:35:53 PM org.apache.catalina.loader.WebappClassLoader clearThreadLocalMap
GRAVE: The web application [/xtf] created a ThreadLocal with key of type [java.lang.ThreadLocal] (value [java.lang.ThreadLocal@169d21a5]) and a value of type [org.cdlib.xtf.util.PackedByteBuf.CompressInfo] (value [org.cdlib.xtf.util.PackedByteBuf$CompressInfo@3601bc83]) but failed to remove it when the web application was stopped. This is very likely to create a memory leak.
avr. 17, 2019 2:35:53 PM org.apache.catalina.loader.WebappClassLoader clearThreadLocalMap
GRAVE: The web application [/xtf] created a ThreadLocal with key of type [java.lang.ThreadLocal] (value [java.lang.ThreadLocal@532d70c1]) and a value of type [org.apache.lucene.index.SegmentTermEnum] (value [org.apache.lucene.index.SegmentTermEnum@7366d16c]) but failed to remove it when the web application was stopped. This is very likely to create a memory leak.
avr. 17, 2019 2:35:53 PM org.apache.catalina.loader.WebappClassLoader clearThreadLocalMap
GRAVE: The web application [/xtf] created a ThreadLocal with key of type [java.lang.ThreadLocal] (value [java.lang.ThreadLocal@169d21a5]) and a value of type [org.cdlib.xtf.util.PackedByteBuf.CompressInfo] (value [org.cdlib.xtf.util.PackedByteBuf$CompressInfo@50a45519]) but failed to remove it when the web application was stopped. This is very likely to create a memory leak.
avr. 17, 2019 2:35:53 PM org.apache.catalina.loader.WebappClassLoader clearThreadLocalMap
GRAVE: The web application [/xtf] created a ThreadLocal with key of type [java.lang.ThreadLocal] (value [java.lang.ThreadLocal@532d70c1]) and a value of type [org.apache.lucene.index.SegmentTermEnum] (value [org.apache.lucene.index.SegmentTermEnum@6b7a0e2a]) but failed to remove it when the web application was stopped. This is very likely to create a memory leak.
avr. 17, 2019 2:35:53 PM org.apache.catalina.loader.WebappClassLoader clearThreadLocalMap
GRAVE: The web application [/xtf] created a ThreadLocal with key of type [java.lang.ThreadLocal] (value [java.lang.ThreadLocal@169d21a5]) and a value of type [org.cdlib.xtf.util.PackedByteBuf.CompressInfo] (value [org.cdlib.xtf.util.PackedByteBuf$CompressInfo@5369c0fc]) but failed to remove it when the web application was stopped. This is very likely to create a memory leak.
avr. 17, 2019 2:35:54 PM org.apache.coyote.http11.Http11Protocol destroy
INFOS: Arrêt de Coyote HTTP/1.1 sur http-8080
