23 mars 2015 15:33:43 org.apache.catalina.core.AprLifecycleListener init
INFO: The APR based Apache Tomcat Native library which allows optimal performance in production environments was not found on the java.library.path: .:/Library/Java/Extensions:/System/Library/Java/Extensions:/usr/lib/java
23 mars 2015 15:33:43 org.apache.coyote.http11.Http11Protocol init
INFO: Initialisation de Coyote HTTP/1.1 sur http-8080
23 mars 2015 15:33:43 org.apache.catalina.startup.Catalina load
INFO: Initialization processed in 869 ms
23 mars 2015 15:33:43 org.apache.catalina.core.StandardService start
INFO: Démarrage du service Catalina
23 mars 2015 15:33:43 org.apache.catalina.core.StandardEngine start
INFO: Starting Servlet Engine: Apache Tomcat/6.0.29
23 mars 2015 15:33:43 org.apache.catalina.startup.HostConfig deployDescriptor
INFO: Déploiement du descripteur de configuration host-manager.xml
23 mars 2015 15:33:44 org.apache.catalina.startup.HostConfig deployDescriptor
INFO: Déploiement du descripteur de configuration manager.xml
23 mars 2015 15:33:44 org.apache.catalina.startup.HostConfig deployDirectory
INFO: Déploiement du répertoire docs de l'application web
23 mars 2015 15:33:44 org.apache.catalina.startup.HostConfig deployDirectory
INFO: Déploiement du répertoire examples de l'application web
23 mars 2015 15:33:44 org.apache.catalina.startup.HostConfig deployDirectory
INFO: Déploiement du répertoire ROOT de l'application web
23 mars 2015 15:33:44 org.apache.catalina.startup.HostConfig deployDirectory
INFO: Déploiement du répertoire xtf de l'application web
23 mars 2015 15:33:45 org.apache.coyote.http11.Http11Protocol start
INFO: Démarrage de Coyote HTTP/1.1 sur http-8080
23 mars 2015 15:33:45 org.apache.jk.common.ChannelSocket init
INFO: JK: ajp13 listening on /0.0.0.0:8009
23 mars 2015 15:33:45 org.apache.jk.server.JkMain start
INFO: Jk running ID=0 time=0/59  config=null
23 mars 2015 15:33:45 org.apache.catalina.startup.Catalina start
INFO: Server startup in 2202 ms
23 mars 2015 15:47:24 org.apache.coyote.http11.Http11Protocol pause
INFO: Suspension de Coyote HTTP/1.1 sur http-8080
23 mars 2015 15:47:25 org.apache.catalina.core.StandardService stop
INFO: Arrêt du service Catalina
23 mars 2015 15:47:25 org.apache.catalina.loader.WebappClassLoader clearReferencesThreads
GRAVE: The web application [/xtf] appears to have started a thread named [Thread-15] but has failed to stop it. This is very likely to create a memory leak.
23 mars 2015 15:47:25 org.apache.catalina.loader.WebappClassLoader clearThreadLocalMap
GRAVE: The web application [/xtf] created a ThreadLocal with key of type [java.lang.ThreadLocal] (value [java.lang.ThreadLocal@3efd065d]) and a value of type [org.apache.lucene.index.SegmentTermEnum] (value [org.apache.lucene.index.SegmentTermEnum@55ace3f9]) but failed to remove it when the web application was stopped. This is very likely to create a memory leak.
23 mars 2015 15:47:25 org.apache.catalina.loader.WebappClassLoader clearThreadLocalMap
GRAVE: The web application [/xtf] created a ThreadLocal with key of type [java.lang.ThreadLocal] (value [java.lang.ThreadLocal@49ab1c60]) and a value of type [org.cdlib.xtf.util.PackedByteBuf.CompressInfo] (value [org.cdlib.xtf.util.PackedByteBuf$CompressInfo@d40869]) but failed to remove it when the web application was stopped. This is very likely to create a memory leak.
23 mars 2015 15:47:25 org.apache.catalina.loader.WebappClassLoader clearThreadLocalMap
GRAVE: The web application [/xtf] created a ThreadLocal with key of type [java.lang.ThreadLocal] (value [java.lang.ThreadLocal@49ab1c60]) and a value of type [org.cdlib.xtf.util.PackedByteBuf.CompressInfo] (value [org.cdlib.xtf.util.PackedByteBuf$CompressInfo@607425eb]) but failed to remove it when the web application was stopped. This is very likely to create a memory leak.
23 mars 2015 15:47:25 org.apache.catalina.loader.WebappClassLoader clearThreadLocalMap
GRAVE: The web application [/xtf] created a ThreadLocal with key of type [java.lang.ThreadLocal] (value [java.lang.ThreadLocal@49ab1c60]) and a value of type [org.cdlib.xtf.util.PackedByteBuf.CompressInfo] (value [org.cdlib.xtf.util.PackedByteBuf$CompressInfo@696598c5]) but failed to remove it when the web application was stopped. This is very likely to create a memory leak.
23 mars 2015 15:47:25 org.apache.catalina.loader.WebappClassLoader clearThreadLocalMap
GRAVE: The web application [/xtf] created a ThreadLocal with key of type [java.lang.ThreadLocal] (value [java.lang.ThreadLocal@49ab1c60]) and a value of type [org.cdlib.xtf.util.PackedByteBuf.CompressInfo] (value [org.cdlib.xtf.util.PackedByteBuf$CompressInfo@d10e392]) but failed to remove it when the web application was stopped. This is very likely to create a memory leak.
23 mars 2015 15:47:25 org.apache.catalina.loader.WebappClassLoader clearThreadLocalMap
GRAVE: The web application [/xtf] created a ThreadLocal with key of type [java.lang.ThreadLocal] (value [java.lang.ThreadLocal@49ab1c60]) and a value of type [org.cdlib.xtf.util.PackedByteBuf.CompressInfo] (value [org.cdlib.xtf.util.PackedByteBuf$CompressInfo@4fcc8cf1]) but failed to remove it when the web application was stopped. This is very likely to create a memory leak.
23 mars 2015 15:47:25 org.apache.coyote.http11.Http11Protocol destroy
INFO: Arrêt de Coyote HTTP/1.1 sur http-8080
23 mars 2015 18:39:34 org.apache.catalina.core.AprLifecycleListener init
INFO: The APR based Apache Tomcat Native library which allows optimal performance in production environments was not found on the java.library.path: .:/Library/Java/Extensions:/System/Library/Java/Extensions:/usr/lib/java
23 mars 2015 18:39:34 org.apache.coyote.http11.Http11Protocol init
INFO: Initialisation de Coyote HTTP/1.1 sur http-8080
23 mars 2015 18:39:34 org.apache.catalina.startup.Catalina load
INFO: Initialization processed in 1064 ms
23 mars 2015 18:39:35 org.apache.catalina.core.StandardService start
INFO: Démarrage du service Catalina
23 mars 2015 18:39:35 org.apache.catalina.core.StandardEngine start
INFO: Starting Servlet Engine: Apache Tomcat/6.0.29
23 mars 2015 18:39:35 org.apache.catalina.startup.HostConfig deployDescriptor
INFO: Déploiement du descripteur de configuration host-manager.xml
23 mars 2015 18:39:35 org.apache.catalina.startup.HostConfig deployDescriptor
INFO: Déploiement du descripteur de configuration manager.xml
23 mars 2015 18:39:35 org.apache.catalina.startup.HostConfig deployDirectory
INFO: Déploiement du répertoire docs de l'application web
23 mars 2015 18:39:35 org.apache.catalina.startup.HostConfig deployDirectory
INFO: Déploiement du répertoire examples de l'application web
23 mars 2015 18:39:36 org.apache.catalina.startup.HostConfig deployDirectory
INFO: Déploiement du répertoire ROOT de l'application web
23 mars 2015 18:39:36 org.apache.catalina.startup.HostConfig deployDirectory
INFO: Déploiement du répertoire xtf de l'application web
23 mars 2015 18:39:37 org.apache.coyote.http11.Http11Protocol start
INFO: Démarrage de Coyote HTTP/1.1 sur http-8080
23 mars 2015 18:39:37 org.apache.jk.common.ChannelSocket init
INFO: JK: ajp13 listening on /0.0.0.0:8009
23 mars 2015 18:39:37 org.apache.jk.server.JkMain start
INFO: Jk running ID=0 time=0/97  config=null
23 mars 2015 18:39:37 org.apache.catalina.startup.Catalina start
INFO: Server startup in 2691 ms
23 mars 2015 18:43:50 org.apache.coyote.http11.Http11Protocol pause
INFO: Suspension de Coyote HTTP/1.1 sur http-8080
23 mars 2015 18:43:51 org.apache.catalina.core.StandardService stop
INFO: Arrêt du service Catalina
23 mars 2015 18:43:51 org.apache.catalina.loader.WebappClassLoader clearThreadLocalMap
GRAVE: The web application [/xtf] created a ThreadLocal with key of type [java.lang.ThreadLocal] (value [java.lang.ThreadLocal@2e0e62f6]) and a value of type [org.cdlib.xtf.util.PackedByteBuf.CompressInfo] (value [org.cdlib.xtf.util.PackedByteBuf$CompressInfo@32831c19]) but failed to remove it when the web application was stopped. This is very likely to create a memory leak.
23 mars 2015 18:43:51 org.apache.catalina.loader.WebappClassLoader clearThreadLocalMap
GRAVE: The web application [/xtf] created a ThreadLocal with key of type [java.lang.ThreadLocal] (value [java.lang.ThreadLocal@2e0e62f6]) and a value of type [org.cdlib.xtf.util.PackedByteBuf.CompressInfo] (value [org.cdlib.xtf.util.PackedByteBuf$CompressInfo@3da9c737]) but failed to remove it when the web application was stopped. This is very likely to create a memory leak.
23 mars 2015 18:43:51 org.apache.catalina.loader.WebappClassLoader clearThreadLocalMap
GRAVE: The web application [/xtf] created a ThreadLocal with key of type [java.lang.ThreadLocal] (value [java.lang.ThreadLocal@2e0e62f6]) and a value of type [org.cdlib.xtf.util.PackedByteBuf.CompressInfo] (value [org.cdlib.xtf.util.PackedByteBuf$CompressInfo@55560b81]) but failed to remove it when the web application was stopped. This is very likely to create a memory leak.
23 mars 2015 18:43:51 org.apache.catalina.loader.WebappClassLoader clearThreadLocalMap
GRAVE: The web application [/xtf] created a ThreadLocal with key of type [java.lang.ThreadLocal] (value [java.lang.ThreadLocal@2e0e62f6]) and a value of type [org.cdlib.xtf.util.PackedByteBuf.CompressInfo] (value [org.cdlib.xtf.util.PackedByteBuf$CompressInfo@40d6dec]) but failed to remove it when the web application was stopped. This is very likely to create a memory leak.
23 mars 2015 18:43:51 org.apache.coyote.http11.Http11Protocol destroy
INFO: Arrêt de Coyote HTTP/1.1 sur http-8080
23 mars 2015 22:53:28 org.apache.catalina.core.AprLifecycleListener init
INFO: The APR based Apache Tomcat Native library which allows optimal performance in production environments was not found on the java.library.path: .:/Library/Java/Extensions:/System/Library/Java/Extensions:/usr/lib/java
23 mars 2015 22:53:28 org.apache.coyote.http11.Http11Protocol init
INFO: Initialisation de Coyote HTTP/1.1 sur http-8080
23 mars 2015 22:53:28 org.apache.catalina.startup.Catalina load
INFO: Initialization processed in 803 ms
23 mars 2015 22:53:28 org.apache.catalina.core.StandardService start
INFO: Démarrage du service Catalina
23 mars 2015 22:53:28 org.apache.catalina.core.StandardEngine start
INFO: Starting Servlet Engine: Apache Tomcat/6.0.29
23 mars 2015 22:53:28 org.apache.catalina.startup.HostConfig deployDescriptor
INFO: Déploiement du descripteur de configuration host-manager.xml
23 mars 2015 22:53:29 org.apache.catalina.startup.HostConfig deployDescriptor
INFO: Déploiement du descripteur de configuration manager.xml
23 mars 2015 22:53:29 org.apache.catalina.startup.HostConfig deployDirectory
INFO: Déploiement du répertoire docs de l'application web
23 mars 2015 22:53:29 org.apache.catalina.startup.HostConfig deployDirectory
INFO: Déploiement du répertoire examples de l'application web
23 mars 2015 22:53:30 org.apache.catalina.startup.HostConfig deployDirectory
INFO: Déploiement du répertoire ROOT de l'application web
23 mars 2015 22:53:30 org.apache.catalina.startup.HostConfig deployDirectory
INFO: Déploiement du répertoire xtf de l'application web
23 mars 2015 22:53:30 org.apache.coyote.http11.Http11Protocol start
INFO: Démarrage de Coyote HTTP/1.1 sur http-8080
23 mars 2015 22:53:31 org.apache.jk.common.ChannelSocket init
INFO: JK: ajp13 listening on /0.0.0.0:8009
23 mars 2015 22:53:31 org.apache.jk.server.JkMain start
INFO: Jk running ID=0 time=0/75  config=null
23 mars 2015 22:53:31 org.apache.catalina.startup.Catalina start
INFO: Server startup in 2267 ms
23 mars 2015 23:01:08 org.apache.coyote.http11.Http11Protocol pause
INFO: Suspension de Coyote HTTP/1.1 sur http-8080
23 mars 2015 23:01:09 org.apache.catalina.core.StandardService stop
INFO: Arrêt du service Catalina
23 mars 2015 23:01:09 org.apache.catalina.loader.WebappClassLoader clearReferencesThreads
GRAVE: The web application [/xtf] appears to have started a thread named [Thread-30] but has failed to stop it. This is very likely to create a memory leak.
23 mars 2015 23:01:09 org.apache.catalina.loader.WebappClassLoader clearThreadLocalMap
GRAVE: The web application [/xtf] created a ThreadLocal with key of type [java.lang.ThreadLocal] (value [java.lang.ThreadLocal@6fe6dbaa]) and a value of type [org.cdlib.xtf.util.PackedByteBuf.CompressInfo] (value [org.cdlib.xtf.util.PackedByteBuf$CompressInfo@1d5faf4b]) but failed to remove it when the web application was stopped. This is very likely to create a memory leak.
23 mars 2015 23:01:09 org.apache.catalina.loader.WebappClassLoader clearThreadLocalMap
GRAVE: The web application [/xtf] created a ThreadLocal with key of type [java.lang.ThreadLocal] (value [java.lang.ThreadLocal@74ed73fd]) and a value of type [org.apache.lucene.index.SegmentTermEnum] (value [org.apache.lucene.index.SegmentTermEnum@115a2304]) but failed to remove it when the web application was stopped. This is very likely to create a memory leak.
23 mars 2015 23:01:09 org.apache.catalina.loader.WebappClassLoader clearThreadLocalMap
GRAVE: The web application [/xtf] created a ThreadLocal with key of type [java.lang.ThreadLocal] (value [java.lang.ThreadLocal@6fe6dbaa]) and a value of type [org.cdlib.xtf.util.PackedByteBuf.CompressInfo] (value [org.cdlib.xtf.util.PackedByteBuf$CompressInfo@34b0e482]) but failed to remove it when the web application was stopped. This is very likely to create a memory leak.
23 mars 2015 23:01:09 org.apache.catalina.loader.WebappClassLoader clearThreadLocalMap
GRAVE: The web application [/xtf] created a ThreadLocal with key of type [java.lang.ThreadLocal] (value [java.lang.ThreadLocal@6fe6dbaa]) and a value of type [org.cdlib.xtf.util.PackedByteBuf.CompressInfo] (value [org.cdlib.xtf.util.PackedByteBuf$CompressInfo@496a2dd4]) but failed to remove it when the web application was stopped. This is very likely to create a memory leak.
23 mars 2015 23:01:09 org.apache.catalina.loader.WebappClassLoader clearThreadLocalMap
GRAVE: The web application [/xtf] created a ThreadLocal with key of type [java.lang.ThreadLocal] (value [java.lang.ThreadLocal@6fe6dbaa]) and a value of type [org.cdlib.xtf.util.PackedByteBuf.CompressInfo] (value [org.cdlib.xtf.util.PackedByteBuf$CompressInfo@59e6def3]) but failed to remove it when the web application was stopped. This is very likely to create a memory leak.
23 mars 2015 23:01:09 org.apache.catalina.loader.WebappClassLoader clearThreadLocalMap
GRAVE: The web application [/xtf] created a ThreadLocal with key of type [java.lang.ThreadLocal] (value [java.lang.ThreadLocal@6fe6dbaa]) and a value of type [org.cdlib.xtf.util.PackedByteBuf.CompressInfo] (value [org.cdlib.xtf.util.PackedByteBuf$CompressInfo@443751a1]) but failed to remove it when the web application was stopped. This is very likely to create a memory leak.
23 mars 2015 23:01:10 org.apache.coyote.http11.Http11Protocol destroy
INFO: Arrêt de Coyote HTTP/1.1 sur http-8080
