22 oct. 2015 10:13:06 org.apache.catalina.core.AprLifecycleListener init
INFO: The APR based Apache Tomcat Native library which allows optimal performance in production environments was not found on the java.library.path: .:/Library/Java/Extensions:/System/Library/Java/Extensions:/usr/lib/java
22 oct. 2015 10:13:07 org.apache.coyote.http11.Http11Protocol init
INFO: Initialisation de Coyote HTTP/1.1 sur http-8080
22 oct. 2015 10:13:07 org.apache.catalina.startup.Catalina load
INFO: Initialization processed in 1399 ms
22 oct. 2015 10:13:07 org.apache.catalina.core.StandardService start
INFO: Démarrage du service Catalina
22 oct. 2015 10:13:07 org.apache.catalina.core.StandardEngine start
INFO: Starting Servlet Engine: Apache Tomcat/6.0.29
22 oct. 2015 10:13:07 org.apache.catalina.startup.HostConfig deployDescriptor
INFO: Déploiement du descripteur de configuration host-manager.xml
22 oct. 2015 10:13:08 org.apache.catalina.startup.HostConfig deployDescriptor
INFO: Déploiement du descripteur de configuration manager.xml
22 oct. 2015 10:13:08 org.apache.catalina.startup.HostConfig deployDirectory
INFO: Déploiement du répertoire docs de l'application web
22 oct. 2015 10:13:08 org.apache.catalina.startup.HostConfig deployDirectory
INFO: Déploiement du répertoire examples de l'application web
22 oct. 2015 10:13:08 org.apache.catalina.startup.HostConfig deployDirectory
INFO: Déploiement du répertoire ROOT de l'application web
22 oct. 2015 10:13:08 org.apache.catalina.startup.HostConfig deployDirectory
INFO: Déploiement du répertoire xtf de l'application web
22 oct. 2015 10:13:09 org.apache.coyote.http11.Http11Protocol start
INFO: Démarrage de Coyote HTTP/1.1 sur http-8080
22 oct. 2015 10:13:09 org.apache.jk.common.ChannelSocket init
INFO: JK: ajp13 listening on /0.0.0.0:8009
22 oct. 2015 10:13:09 org.apache.jk.server.JkMain start
INFO: Jk running ID=0 time=0/32  config=null
22 oct. 2015 10:13:09 org.apache.catalina.startup.Catalina start
INFO: Server startup in 2253 ms
22 oct. 2015 10:20:52 org.apache.coyote.http11.Http11Protocol pause
INFO: Suspension de Coyote HTTP/1.1 sur http-8080
22 oct. 2015 10:20:53 org.apache.catalina.core.StandardService stop
INFO: Arrêt du service Catalina
22 oct. 2015 10:20:53 org.apache.catalina.loader.WebappClassLoader clearThreadLocalMap
GRAVE: The web application [/xtf] created a ThreadLocal with key of type [java.lang.ThreadLocal] (value [java.lang.ThreadLocal@3dd00beb]) and a value of type [org.cdlib.xtf.util.PackedByteBuf.CompressInfo] (value [org.cdlib.xtf.util.PackedByteBuf$CompressInfo@25be9101]) but failed to remove it when the web application was stopped. This is very likely to create a memory leak.
22 oct. 2015 10:20:53 org.apache.catalina.loader.WebappClassLoader clearThreadLocalMap
GRAVE: The web application [/xtf] created a ThreadLocal with key of type [java.lang.ThreadLocal] (value [java.lang.ThreadLocal@3dd00beb]) and a value of type [org.cdlib.xtf.util.PackedByteBuf.CompressInfo] (value [org.cdlib.xtf.util.PackedByteBuf$CompressInfo@221ec03]) but failed to remove it when the web application was stopped. This is very likely to create a memory leak.
22 oct. 2015 10:20:53 org.apache.catalina.loader.WebappClassLoader clearThreadLocalMap
GRAVE: The web application [/xtf] created a ThreadLocal with key of type [java.lang.ThreadLocal] (value [java.lang.ThreadLocal@3dd00beb]) and a value of type [org.cdlib.xtf.util.PackedByteBuf.CompressInfo] (value [org.cdlib.xtf.util.PackedByteBuf$CompressInfo@10dba0d]) but failed to remove it when the web application was stopped. This is very likely to create a memory leak.
22 oct. 2015 10:20:53 org.apache.catalina.loader.WebappClassLoader clearThreadLocalMap
GRAVE: The web application [/xtf] created a ThreadLocal with key of type [java.lang.ThreadLocal] (value [java.lang.ThreadLocal@3dd00beb]) and a value of type [org.cdlib.xtf.util.PackedByteBuf.CompressInfo] (value [org.cdlib.xtf.util.PackedByteBuf$CompressInfo@2c31ac05]) but failed to remove it when the web application was stopped. This is very likely to create a memory leak.
22 oct. 2015 10:20:53 org.apache.coyote.http11.Http11Protocol destroy
INFO: Arrêt de Coyote HTTP/1.1 sur http-8080
22 oct. 2015 10:21:15 org.apache.catalina.core.AprLifecycleListener init
INFO: The APR based Apache Tomcat Native library which allows optimal performance in production environments was not found on the java.library.path: .:/Library/Java/Extensions:/System/Library/Java/Extensions:/usr/lib/java
22 oct. 2015 10:21:15 org.apache.coyote.http11.Http11Protocol init
INFO: Initialisation de Coyote HTTP/1.1 sur http-8080
22 oct. 2015 10:21:15 org.apache.catalina.startup.Catalina load
INFO: Initialization processed in 822 ms
22 oct. 2015 10:21:15 org.apache.catalina.core.StandardService start
INFO: Démarrage du service Catalina
22 oct. 2015 10:21:15 org.apache.catalina.core.StandardEngine start
INFO: Starting Servlet Engine: Apache Tomcat/6.0.29
22 oct. 2015 10:21:15 org.apache.catalina.startup.HostConfig deployDescriptor
INFO: Déploiement du descripteur de configuration host-manager.xml
22 oct. 2015 10:21:16 org.apache.catalina.startup.HostConfig deployDescriptor
INFO: Déploiement du descripteur de configuration manager.xml
22 oct. 2015 10:21:16 org.apache.catalina.startup.HostConfig deployDirectory
INFO: Déploiement du répertoire docs de l'application web
22 oct. 2015 10:21:16 org.apache.catalina.startup.HostConfig deployDirectory
INFO: Déploiement du répertoire examples de l'application web
22 oct. 2015 10:21:16 org.apache.catalina.startup.HostConfig deployDirectory
INFO: Déploiement du répertoire ROOT de l'application web
22 oct. 2015 10:21:16 org.apache.catalina.startup.HostConfig deployDirectory
INFO: Déploiement du répertoire xtf de l'application web
22 oct. 2015 10:21:16 org.apache.coyote.http11.Http11Protocol start
INFO: Démarrage de Coyote HTTP/1.1 sur http-8080
22 oct. 2015 10:21:16 org.apache.jk.common.ChannelSocket init
INFO: JK: ajp13 listening on /0.0.0.0:8009
22 oct. 2015 10:21:16 org.apache.jk.server.JkMain start
INFO: Jk running ID=0 time=0/14  config=null
22 oct. 2015 10:21:16 org.apache.catalina.startup.Catalina start
INFO: Server startup in 1331 ms
22 oct. 2015 10:37:07 org.apache.coyote.http11.Http11Protocol pause
INFO: Suspension de Coyote HTTP/1.1 sur http-8080
22 oct. 2015 10:37:08 org.apache.catalina.core.StandardService stop
INFO: Arrêt du service Catalina
22 oct. 2015 10:37:08 org.apache.catalina.loader.WebappClassLoader clearThreadLocalMap
GRAVE: The web application [/xtf] created a ThreadLocal with key of type [java.lang.ThreadLocal] (value [java.lang.ThreadLocal@3f611aec]) and a value of type [org.cdlib.xtf.util.PackedByteBuf.CompressInfo] (value [org.cdlib.xtf.util.PackedByteBuf$CompressInfo@2e9c76]) but failed to remove it when the web application was stopped. This is very likely to create a memory leak.
22 oct. 2015 10:37:08 org.apache.catalina.loader.WebappClassLoader clearThreadLocalMap
GRAVE: The web application [/xtf] created a ThreadLocal with key of type [java.lang.ThreadLocal] (value [java.lang.ThreadLocal@3f611aec]) and a value of type [org.cdlib.xtf.util.PackedByteBuf.CompressInfo] (value [org.cdlib.xtf.util.PackedByteBuf$CompressInfo@74220711]) but failed to remove it when the web application was stopped. This is very likely to create a memory leak.
22 oct. 2015 10:37:08 org.apache.catalina.loader.WebappClassLoader clearThreadLocalMap
GRAVE: The web application [/xtf] created a ThreadLocal with key of type [java.lang.ThreadLocal] (value [java.lang.ThreadLocal@3f611aec]) and a value of type [org.cdlib.xtf.util.PackedByteBuf.CompressInfo] (value [org.cdlib.xtf.util.PackedByteBuf$CompressInfo@65fe28a7]) but failed to remove it when the web application was stopped. This is very likely to create a memory leak.
22 oct. 2015 10:37:08 org.apache.catalina.loader.WebappClassLoader clearThreadLocalMap
GRAVE: The web application [/xtf] created a ThreadLocal with key of type [java.lang.ThreadLocal] (value [java.lang.ThreadLocal@3f611aec]) and a value of type [org.cdlib.xtf.util.PackedByteBuf.CompressInfo] (value [org.cdlib.xtf.util.PackedByteBuf$CompressInfo@111f2041]) but failed to remove it when the web application was stopped. This is very likely to create a memory leak.
22 oct. 2015 10:37:08 org.apache.coyote.http11.Http11Protocol destroy
INFO: Arrêt de Coyote HTTP/1.1 sur http-8080
