30 nov. 2015 10:23:39 org.apache.catalina.core.AprLifecycleListener init
INFO: The APR based Apache Tomcat Native library which allows optimal performance in production environments was not found on the java.library.path: .:/Library/Java/Extensions:/System/Library/Java/Extensions:/usr/lib/java
30 nov. 2015 10:23:40 org.apache.coyote.http11.Http11Protocol init
INFO: Initialisation de Coyote HTTP/1.1 sur http-8080
30 nov. 2015 10:23:40 org.apache.catalina.startup.Catalina load
INFO: Initialization processed in 1676 ms
30 nov. 2015 10:23:40 org.apache.catalina.core.StandardService start
INFO: Démarrage du service Catalina
30 nov. 2015 10:23:40 org.apache.catalina.core.StandardEngine start
INFO: Starting Servlet Engine: Apache Tomcat/6.0.29
30 nov. 2015 10:23:40 org.apache.catalina.startup.HostConfig deployDescriptor
INFO: Déploiement du descripteur de configuration host-manager.xml
30 nov. 2015 10:23:41 org.apache.catalina.startup.HostConfig deployDescriptor
INFO: Déploiement du descripteur de configuration manager.xml
30 nov. 2015 10:23:41 org.apache.catalina.startup.HostConfig deployDirectory
INFO: Déploiement du répertoire docs de l'application web
30 nov. 2015 10:23:41 org.apache.catalina.startup.HostConfig deployDirectory
INFO: Déploiement du répertoire examples de l'application web
30 nov. 2015 10:23:42 org.apache.catalina.startup.HostConfig deployDirectory
INFO: Déploiement du répertoire ROOT de l'application web
30 nov. 2015 10:23:42 org.apache.catalina.startup.HostConfig deployDirectory
INFO: Déploiement du répertoire xtf de l'application web
30 nov. 2015 10:23:43 org.apache.coyote.http11.Http11Protocol start
INFO: Démarrage de Coyote HTTP/1.1 sur http-8080
30 nov. 2015 10:23:43 org.apache.jk.common.ChannelSocket init
INFO: JK: ajp13 listening on /0.0.0.0:8009
30 nov. 2015 10:23:43 org.apache.jk.server.JkMain start
INFO: Jk running ID=0 time=0/16  config=null
30 nov. 2015 10:23:43 org.apache.catalina.startup.Catalina start
INFO: Server startup in 3057 ms
30 nov. 2015 15:59:45 org.apache.catalina.core.AprLifecycleListener init
INFO: The APR based Apache Tomcat Native library which allows optimal performance in production environments was not found on the java.library.path: .:/Library/Java/Extensions:/System/Library/Java/Extensions:/usr/lib/java
30 nov. 2015 15:59:46 org.apache.coyote.http11.Http11Protocol init
GRAVE: Erreur à l'initialisation du point de contact
java.net.BindException: Address already in use <null>:8080
	at org.apache.tomcat.util.net.JIoEndpoint.init(JIoEndpoint.java:549)
	at org.apache.coyote.http11.Http11Protocol.init(Http11Protocol.java:176)
	at org.apache.catalina.connector.Connector.initialize(Connector.java:1014)
	at org.apache.catalina.core.StandardService.initialize(StandardService.java:680)
	at org.apache.catalina.core.StandardServer.initialize(StandardServer.java:795)
	at org.apache.catalina.startup.Catalina.load(Catalina.java:524)
	at org.apache.catalina.startup.Catalina.load(Catalina.java:548)
	at sun.reflect.NativeMethodAccessorImpl.invoke0(Native Method)
	at sun.reflect.NativeMethodAccessorImpl.invoke(NativeMethodAccessorImpl.java:39)
	at sun.reflect.DelegatingMethodAccessorImpl.invoke(DelegatingMethodAccessorImpl.java:25)
	at java.lang.reflect.Method.invoke(Method.java:597)
	at org.apache.catalina.startup.Bootstrap.load(Bootstrap.java:261)
	at org.apache.catalina.startup.Bootstrap.main(Bootstrap.java:413)
Caused by: java.net.BindException: Address already in use
	at java.net.PlainSocketImpl.socketBind(Native Method)
	at java.net.PlainSocketImpl.socketBind(PlainSocketImpl.java:521)
	at java.net.PlainSocketImpl.bind(PlainSocketImpl.java:414)
	at java.net.ServerSocket.bind(ServerSocket.java:326)
	at java.net.ServerSocket.<init>(ServerSocket.java:192)
	at java.net.ServerSocket.<init>(ServerSocket.java:148)
	at org.apache.tomcat.util.net.DefaultServerSocketFactory.createSocket(DefaultServerSocketFactory.java:50)
	at org.apache.tomcat.util.net.JIoEndpoint.init(JIoEndpoint.java:538)
	... 12 more
30 nov. 2015 15:59:46 org.apache.catalina.startup.Catalina load
GRAVE: Catalina.start
LifecycleException:  L'initialisation du gestionnaire de protocole a échoué: java.net.BindException: Address already in use <null>:8080
	at org.apache.catalina.connector.Connector.initialize(Connector.java:1016)
	at org.apache.catalina.core.StandardService.initialize(StandardService.java:680)
	at org.apache.catalina.core.StandardServer.initialize(StandardServer.java:795)
	at org.apache.catalina.startup.Catalina.load(Catalina.java:524)
	at org.apache.catalina.startup.Catalina.load(Catalina.java:548)
	at sun.reflect.NativeMethodAccessorImpl.invoke0(Native Method)
	at sun.reflect.NativeMethodAccessorImpl.invoke(NativeMethodAccessorImpl.java:39)
	at sun.reflect.DelegatingMethodAccessorImpl.invoke(DelegatingMethodAccessorImpl.java:25)
	at java.lang.reflect.Method.invoke(Method.java:597)
	at org.apache.catalina.startup.Bootstrap.load(Bootstrap.java:261)
	at org.apache.catalina.startup.Bootstrap.main(Bootstrap.java:413)
30 nov. 2015 15:59:46 org.apache.catalina.startup.Catalina load
INFO: Initialization processed in 1481 ms
30 nov. 2015 15:59:46 org.apache.catalina.core.StandardService start
INFO: Démarrage du service Catalina
30 nov. 2015 15:59:46 org.apache.catalina.core.StandardEngine start
INFO: Starting Servlet Engine: Apache Tomcat/6.0.29
30 nov. 2015 15:59:46 org.apache.catalina.startup.HostConfig deployDescriptor
INFO: Déploiement du descripteur de configuration host-manager.xml
30 nov. 2015 15:59:47 org.apache.catalina.startup.HostConfig deployDescriptor
INFO: Déploiement du descripteur de configuration manager.xml
30 nov. 2015 15:59:47 org.apache.catalina.startup.HostConfig deployDirectory
INFO: Déploiement du répertoire docs de l'application web
30 nov. 2015 15:59:47 org.apache.catalina.startup.HostConfig deployDirectory
INFO: Déploiement du répertoire examples de l'application web
30 nov. 2015 15:59:47 org.apache.catalina.startup.HostConfig deployDirectory
INFO: Déploiement du répertoire ROOT de l'application web
30 nov. 2015 15:59:47 org.apache.catalina.startup.HostConfig deployDirectory
INFO: Déploiement du répertoire xtf de l'application web
30 nov. 2015 15:59:48 org.apache.coyote.http11.Http11Protocol start
GRAVE: Erreur au démarrage du point de contact
java.net.BindException: Address already in use <null>:8080
	at org.apache.tomcat.util.net.JIoEndpoint.init(JIoEndpoint.java:549)
	at org.apache.tomcat.util.net.JIoEndpoint.start(JIoEndpoint.java:565)
	at org.apache.coyote.http11.Http11Protocol.start(Http11Protocol.java:203)
	at org.apache.catalina.connector.Connector.start(Connector.java:1087)
	at org.apache.catalina.core.StandardService.start(StandardService.java:534)
	at org.apache.catalina.core.StandardServer.start(StandardServer.java:710)
	at org.apache.catalina.startup.Catalina.start(Catalina.java:581)
	at sun.reflect.NativeMethodAccessorImpl.invoke0(Native Method)
	at sun.reflect.NativeMethodAccessorImpl.invoke(NativeMethodAccessorImpl.java:39)
	at sun.reflect.DelegatingMethodAccessorImpl.invoke(DelegatingMethodAccessorImpl.java:25)
	at java.lang.reflect.Method.invoke(Method.java:597)
	at org.apache.catalina.startup.Bootstrap.start(Bootstrap.java:289)
	at org.apache.catalina.startup.Bootstrap.main(Bootstrap.java:414)
Caused by: java.net.BindException: Address already in use
	at java.net.PlainSocketImpl.socketBind(Native Method)
	at java.net.PlainSocketImpl.socketBind(PlainSocketImpl.java:521)
	at java.net.PlainSocketImpl.bind(PlainSocketImpl.java:414)
	at java.net.ServerSocket.bind(ServerSocket.java:326)
	at java.net.ServerSocket.<init>(ServerSocket.java:192)
	at java.net.ServerSocket.<init>(ServerSocket.java:148)
	at org.apache.tomcat.util.net.DefaultServerSocketFactory.createSocket(DefaultServerSocketFactory.java:50)
	at org.apache.tomcat.util.net.JIoEndpoint.init(JIoEndpoint.java:538)
	... 12 more
30 nov. 2015 15:59:48 org.apache.catalina.startup.Catalina start
GRAVE: Catalina.start: 
LifecycleException:  service.getName(): "Catalina";  Le démarrage du gestionnaire de protocole a échoué: java.net.BindException: Address already in use <null>:8080
	at org.apache.catalina.connector.Connector.start(Connector.java:1094)
	at org.apache.catalina.core.StandardService.start(StandardService.java:534)
	at org.apache.catalina.core.StandardServer.start(StandardServer.java:710)
	at org.apache.catalina.startup.Catalina.start(Catalina.java:581)
	at sun.reflect.NativeMethodAccessorImpl.invoke0(Native Method)
	at sun.reflect.NativeMethodAccessorImpl.invoke(NativeMethodAccessorImpl.java:39)
	at sun.reflect.DelegatingMethodAccessorImpl.invoke(DelegatingMethodAccessorImpl.java:25)
	at java.lang.reflect.Method.invoke(Method.java:597)
	at org.apache.catalina.startup.Bootstrap.start(Bootstrap.java:289)
	at org.apache.catalina.startup.Bootstrap.main(Bootstrap.java:414)
30 nov. 2015 15:59:48 org.apache.catalina.startup.Catalina start
INFO: Server startup in 1899 ms
30 nov. 2015 15:59:48 org.apache.catalina.core.StandardServer await
GRAVE: StandardServer.await: create[8005]: 
java.net.BindException: Address already in use
	at java.net.PlainSocketImpl.socketBind(Native Method)
	at java.net.PlainSocketImpl.socketBind(PlainSocketImpl.java:521)
	at java.net.PlainSocketImpl.bind(PlainSocketImpl.java:414)
	at java.net.ServerSocket.bind(ServerSocket.java:326)
	at java.net.ServerSocket.<init>(ServerSocket.java:192)
	at org.apache.catalina.core.StandardServer.await(StandardServer.java:373)
	at org.apache.catalina.startup.Catalina.await(Catalina.java:662)
	at org.apache.catalina.startup.Catalina.start(Catalina.java:614)
	at sun.reflect.NativeMethodAccessorImpl.invoke0(Native Method)
	at sun.reflect.NativeMethodAccessorImpl.invoke(NativeMethodAccessorImpl.java:39)
	at sun.reflect.DelegatingMethodAccessorImpl.invoke(DelegatingMethodAccessorImpl.java:25)
	at java.lang.reflect.Method.invoke(Method.java:597)
	at org.apache.catalina.startup.Bootstrap.start(Bootstrap.java:289)
	at org.apache.catalina.startup.Bootstrap.main(Bootstrap.java:414)
30 nov. 2015 15:59:48 org.apache.coyote.http11.Http11Protocol pause
INFO: Suspension de Coyote HTTP/1.1 sur http-8080
30 nov. 2015 15:59:49 org.apache.catalina.core.StandardService stop
INFO: Arrêt du service Catalina
30 nov. 2015 15:59:49 org.apache.catalina.connector.MapperListener destroy
ATTENTION: Error unregistering MBeanServerDelegate
java.lang.NullPointerException
	at org.apache.catalina.connector.MapperListener.destroy(MapperListener.java:176)
	at org.apache.catalina.connector.Connector.stop(Connector.java:1135)
	at org.apache.catalina.core.StandardService.stop(StandardService.java:596)
	at org.apache.catalina.core.StandardServer.stop(StandardServer.java:744)
	at org.apache.catalina.startup.Catalina.stop(Catalina.java:648)
	at org.apache.catalina.startup.Catalina$CatalinaShutdownHook.run(Catalina.java:692)
30 nov. 2015 15:59:49 org.apache.coyote.http11.Http11Protocol destroy
INFO: Arrêt de Coyote HTTP/1.1 sur http-8080
30 nov. 2015 15:59:49 org.apache.catalina.connector.Connector stop
GRAVE: Le connecteur Coyote n'a pas été démarré
