26 déc. 2014 22:01:54 org.apache.catalina.core.AprLifecycleListener init
INFO: The APR based Apache Tomcat Native library which allows optimal performance in production environments was not found on the java.library.path: .:/Library/Java/Extensions:/System/Library/Java/Extensions:/usr/lib/java
26 déc. 2014 22:01:55 org.apache.coyote.http11.Http11Protocol init
INFO: Initialisation de Coyote HTTP/1.1 sur http-8080
26 déc. 2014 22:01:55 org.apache.catalina.startup.Catalina load
INFO: Initialization processed in 1029 ms
26 déc. 2014 22:01:55 org.apache.catalina.core.StandardService start
INFO: Démarrage du service Catalina
26 déc. 2014 22:01:55 org.apache.catalina.core.StandardEngine start
INFO: Starting Servlet Engine: Apache Tomcat/6.0.29
26 déc. 2014 22:01:55 org.apache.catalina.startup.HostConfig deployDescriptor
INFO: Déploiement du descripteur de configuration host-manager.xml
26 déc. 2014 22:01:55 org.apache.catalina.startup.HostConfig deployDescriptor
INFO: Déploiement du descripteur de configuration manager.xml
26 déc. 2014 22:01:55 org.apache.catalina.startup.HostConfig deployDirectory
INFO: Déploiement du répertoire docs de l'application web
26 déc. 2014 22:01:56 org.apache.catalina.startup.HostConfig deployDirectory
INFO: Déploiement du répertoire examples de l'application web
26 déc. 2014 22:01:56 org.apache.catalina.startup.HostConfig deployDirectory
INFO: Déploiement du répertoire ROOT de l'application web
26 déc. 2014 22:01:56 org.apache.catalina.startup.HostConfig deployDirectory
INFO: Déploiement du répertoire xtf de l'application web
26 déc. 2014 22:01:57 org.apache.coyote.http11.Http11Protocol start
INFO: Démarrage de Coyote HTTP/1.1 sur http-8080
26 déc. 2014 22:01:57 org.apache.jk.common.ChannelSocket init
INFO: JK: ajp13 listening on /0.0.0.0:8009
26 déc. 2014 22:01:57 org.apache.jk.server.JkMain start
INFO: Jk running ID=0 time=0/75  config=null
26 déc. 2014 22:01:57 org.apache.catalina.startup.Catalina start
INFO: Server startup in 2161 ms
26 déc. 2014 23:16:54 org.apache.coyote.http11.Http11Protocol pause
INFO: Suspension de Coyote HTTP/1.1 sur http-8080
26 déc. 2014 23:16:55 org.apache.catalina.core.StandardService stop
INFO: Arrêt du service Catalina
26 déc. 2014 23:16:55 org.apache.catalina.loader.WebappClassLoader clearThreadLocalMap
GRAVE: The web application [/xtf] created a ThreadLocal with key of type [java.lang.ThreadLocal] (value [java.lang.ThreadLocal@730c7f9a]) and a value of type [org.cdlib.xtf.util.PackedByteBuf.CompressInfo] (value [org.cdlib.xtf.util.PackedByteBuf$CompressInfo@398d9278]) but failed to remove it when the web application was stopped. This is very likely to create a memory leak.
26 déc. 2014 23:16:55 org.apache.catalina.loader.WebappClassLoader clearThreadLocalMap
GRAVE: The web application [/xtf] created a ThreadLocal with key of type [java.lang.ThreadLocal] (value [java.lang.ThreadLocal@730c7f9a]) and a value of type [org.cdlib.xtf.util.PackedByteBuf.CompressInfo] (value [org.cdlib.xtf.util.PackedByteBuf$CompressInfo@7d8b21cc]) but failed to remove it when the web application was stopped. This is very likely to create a memory leak.
26 déc. 2014 23:16:55 org.apache.catalina.loader.WebappClassLoader clearThreadLocalMap
GRAVE: The web application [/xtf] created a ThreadLocal with key of type [java.lang.ThreadLocal] (value [java.lang.ThreadLocal@730c7f9a]) and a value of type [org.cdlib.xtf.util.PackedByteBuf.CompressInfo] (value [org.cdlib.xtf.util.PackedByteBuf$CompressInfo@39581878]) but failed to remove it when the web application was stopped. This is very likely to create a memory leak.
26 déc. 2014 23:16:55 org.apache.catalina.loader.WebappClassLoader clearThreadLocalMap
GRAVE: The web application [/xtf] created a ThreadLocal with key of type [java.lang.ThreadLocal] (value [java.lang.ThreadLocal@730c7f9a]) and a value of type [org.cdlib.xtf.util.PackedByteBuf.CompressInfo] (value [org.cdlib.xtf.util.PackedByteBuf$CompressInfo@46ae8bb1]) but failed to remove it when the web application was stopped. This is very likely to create a memory leak.
26 déc. 2014 23:16:55 org.apache.coyote.http11.Http11Protocol destroy
INFO: Arrêt de Coyote HTTP/1.1 sur http-8080
