13 nov. 2015 12:13:46 org.apache.catalina.core.AprLifecycleListener init
INFO: The APR based Apache Tomcat Native library which allows optimal performance in production environments was not found on the java.library.path: .:/Library/Java/Extensions:/System/Library/Java/Extensions:/usr/lib/java
13 nov. 2015 12:13:47 org.apache.coyote.http11.Http11Protocol init
INFO: Initialisation de Coyote HTTP/1.1 sur http-8080
13 nov. 2015 12:13:47 org.apache.catalina.startup.Catalina load
INFO: Initialization processed in 1031 ms
13 nov. 2015 12:13:47 org.apache.catalina.core.StandardService start
INFO: Démarrage du service Catalina
13 nov. 2015 12:13:47 org.apache.catalina.core.StandardEngine start
INFO: Starting Servlet Engine: Apache Tomcat/6.0.29
13 nov. 2015 12:13:47 org.apache.catalina.startup.HostConfig deployDescriptor
INFO: Déploiement du descripteur de configuration host-manager.xml
13 nov. 2015 12:13:48 org.apache.catalina.startup.HostConfig deployDescriptor
INFO: Déploiement du descripteur de configuration manager.xml
13 nov. 2015 12:13:48 org.apache.catalina.startup.HostConfig deployDirectory
INFO: Déploiement du répertoire docs de l'application web
13 nov. 2015 12:13:48 org.apache.catalina.startup.HostConfig deployDirectory
INFO: Déploiement du répertoire examples de l'application web
13 nov. 2015 12:13:48 org.apache.catalina.startup.HostConfig deployDirectory
INFO: Déploiement du répertoire ROOT de l'application web
13 nov. 2015 12:13:48 org.apache.catalina.startup.HostConfig deployDirectory
INFO: Déploiement du répertoire xtf de l'application web
13 nov. 2015 12:13:49 org.apache.coyote.http11.Http11Protocol start
INFO: Démarrage de Coyote HTTP/1.1 sur http-8080
13 nov. 2015 12:13:49 org.apache.jk.common.ChannelSocket init
INFO: JK: ajp13 listening on /0.0.0.0:8009
13 nov. 2015 12:13:49 org.apache.jk.server.JkMain start
INFO: Jk running ID=0 time=0/16  config=null
13 nov. 2015 12:13:49 org.apache.catalina.startup.Catalina start
INFO: Server startup in 1815 ms
13 nov. 2015 12:31:01 org.apache.coyote.http11.Http11Protocol pause
INFO: Suspension de Coyote HTTP/1.1 sur http-8080
13 nov. 2015 12:31:02 org.apache.catalina.core.StandardService stop
INFO: Arrêt du service Catalina
13 nov. 2015 12:31:02 org.apache.catalina.loader.WebappClassLoader clearThreadLocalMap
GRAVE: The web application [/xtf] created a ThreadLocal with key of type [java.lang.ThreadLocal] (value [java.lang.ThreadLocal@5422fe09]) and a value of type [org.cdlib.xtf.util.PackedByteBuf.CompressInfo] (value [org.cdlib.xtf.util.PackedByteBuf$CompressInfo@45542c06]) but failed to remove it when the web application was stopped. This is very likely to create a memory leak.
13 nov. 2015 12:31:02 org.apache.catalina.loader.WebappClassLoader clearThreadLocalMap
GRAVE: The web application [/xtf] created a ThreadLocal with key of type [java.lang.ThreadLocal] (value [java.lang.ThreadLocal@5422fe09]) and a value of type [org.cdlib.xtf.util.PackedByteBuf.CompressInfo] (value [org.cdlib.xtf.util.PackedByteBuf$CompressInfo@19166179]) but failed to remove it when the web application was stopped. This is very likely to create a memory leak.
13 nov. 2015 12:31:02 org.apache.catalina.loader.WebappClassLoader clearThreadLocalMap
GRAVE: The web application [/xtf] created a ThreadLocal with key of type [java.lang.ThreadLocal] (value [java.lang.ThreadLocal@5422fe09]) and a value of type [org.cdlib.xtf.util.PackedByteBuf.CompressInfo] (value [org.cdlib.xtf.util.PackedByteBuf$CompressInfo@c595bcd]) but failed to remove it when the web application was stopped. This is very likely to create a memory leak.
13 nov. 2015 12:31:02 org.apache.catalina.loader.WebappClassLoader clearThreadLocalMap
GRAVE: The web application [/xtf] created a ThreadLocal with key of type [java.lang.ThreadLocal] (value [java.lang.ThreadLocal@5422fe09]) and a value of type [org.cdlib.xtf.util.PackedByteBuf.CompressInfo] (value [org.cdlib.xtf.util.PackedByteBuf$CompressInfo@3e99f610]) but failed to remove it when the web application was stopped. This is very likely to create a memory leak.
13 nov. 2015 12:31:02 org.apache.catalina.loader.WebappClassLoader clearThreadLocalMap
GRAVE: The web application [/xtf] created a ThreadLocal with key of type [java.lang.ThreadLocal] (value [java.lang.ThreadLocal@5422fe09]) and a value of type [org.cdlib.xtf.util.PackedByteBuf.CompressInfo] (value [org.cdlib.xtf.util.PackedByteBuf$CompressInfo@6de9b48b]) but failed to remove it when the web application was stopped. This is very likely to create a memory leak.
13 nov. 2015 12:31:03 org.apache.coyote.http11.Http11Protocol destroy
INFO: Arrêt de Coyote HTTP/1.1 sur http-8080
13 nov. 2015 12:31:11 org.apache.catalina.core.AprLifecycleListener init
INFO: The APR based Apache Tomcat Native library which allows optimal performance in production environments was not found on the java.library.path: .:/Library/Java/Extensions:/System/Library/Java/Extensions:/usr/lib/java
13 nov. 2015 12:31:11 org.apache.coyote.http11.Http11Protocol init
INFO: Initialisation de Coyote HTTP/1.1 sur http-8080
13 nov. 2015 12:31:11 org.apache.catalina.startup.Catalina load
INFO: Initialization processed in 990 ms
13 nov. 2015 12:31:11 org.apache.catalina.core.StandardService start
INFO: Démarrage du service Catalina
13 nov. 2015 12:31:11 org.apache.catalina.core.StandardEngine start
INFO: Starting Servlet Engine: Apache Tomcat/6.0.29
13 nov. 2015 12:31:11 org.apache.catalina.startup.HostConfig deployDescriptor
INFO: Déploiement du descripteur de configuration host-manager.xml
13 nov. 2015 12:31:12 org.apache.catalina.startup.HostConfig deployDescriptor
INFO: Déploiement du descripteur de configuration manager.xml
13 nov. 2015 12:31:12 org.apache.catalina.startup.HostConfig deployDirectory
INFO: Déploiement du répertoire docs de l'application web
13 nov. 2015 12:31:12 org.apache.catalina.startup.HostConfig deployDirectory
INFO: Déploiement du répertoire examples de l'application web
13 nov. 2015 12:31:13 org.apache.catalina.startup.HostConfig deployDirectory
INFO: Déploiement du répertoire ROOT de l'application web
13 nov. 2015 12:31:13 org.apache.catalina.startup.HostConfig deployDirectory
INFO: Déploiement du répertoire xtf de l'application web
13 nov. 2015 12:31:13 org.apache.coyote.http11.Http11Protocol start
INFO: Démarrage de Coyote HTTP/1.1 sur http-8080
13 nov. 2015 12:31:13 org.apache.jk.common.ChannelSocket init
INFO: JK: ajp13 listening on /0.0.0.0:8009
13 nov. 2015 12:31:13 org.apache.jk.server.JkMain start
INFO: Jk running ID=0 time=0/16  config=null
13 nov. 2015 12:31:13 org.apache.catalina.startup.Catalina start
INFO: Server startup in 2172 ms
13 nov. 2015 17:40:33 org.apache.coyote.http11.Http11Protocol pause
INFO: Suspension de Coyote HTTP/1.1 sur http-8080
13 nov. 2015 17:40:34 org.apache.catalina.core.StandardService stop
INFO: Arrêt du service Catalina
13 nov. 2015 17:40:35 org.apache.catalina.loader.WebappClassLoader clearReferencesThreads
GRAVE: The web application [/xtf] appears to have started a thread named [Thread-683] but has failed to stop it. This is very likely to create a memory leak.
13 nov. 2015 17:40:35 org.apache.catalina.loader.WebappClassLoader clearThreadLocalMap
GRAVE: The web application [/xtf] created a ThreadLocal with key of type [java.lang.ThreadLocal] (value [java.lang.ThreadLocal@7ebbb05b]) and a value of type [org.cdlib.xtf.util.PackedByteBuf.CompressInfo] (value [org.cdlib.xtf.util.PackedByteBuf$CompressInfo@16335dd]) but failed to remove it when the web application was stopped. This is very likely to create a memory leak.
13 nov. 2015 17:40:35 org.apache.catalina.loader.WebappClassLoader clearThreadLocalMap
GRAVE: The web application [/xtf] created a ThreadLocal with key of type [java.lang.ThreadLocal] (value [java.lang.ThreadLocal@7ebbb05b]) and a value of type [org.cdlib.xtf.util.PackedByteBuf.CompressInfo] (value [org.cdlib.xtf.util.PackedByteBuf$CompressInfo@186540e1]) but failed to remove it when the web application was stopped. This is very likely to create a memory leak.
13 nov. 2015 17:40:35 org.apache.catalina.loader.WebappClassLoader clearThreadLocalMap
GRAVE: The web application [/xtf] created a ThreadLocal with key of type [java.lang.ThreadLocal] (value [java.lang.ThreadLocal@7ebbb05b]) and a value of type [org.cdlib.xtf.util.PackedByteBuf.CompressInfo] (value [org.cdlib.xtf.util.PackedByteBuf$CompressInfo@1f86804a]) but failed to remove it when the web application was stopped. This is very likely to create a memory leak.
13 nov. 2015 17:40:35 org.apache.catalina.loader.WebappClassLoader clearThreadLocalMap
GRAVE: The web application [/xtf] created a ThreadLocal with key of type [java.lang.ThreadLocal] (value [java.lang.ThreadLocal@37508a71]) and a value of type [org.apache.lucene.index.SegmentTermEnum] (value [org.apache.lucene.index.SegmentTermEnum@8b11d16]) but failed to remove it when the web application was stopped. This is very likely to create a memory leak.
13 nov. 2015 17:40:35 org.apache.catalina.loader.WebappClassLoader clearThreadLocalMap
GRAVE: The web application [/xtf] created a ThreadLocal with key of type [java.lang.ThreadLocal] (value [java.lang.ThreadLocal@7ebbb05b]) and a value of type [org.cdlib.xtf.util.PackedByteBuf.CompressInfo] (value [org.cdlib.xtf.util.PackedByteBuf$CompressInfo@23ec93cf]) but failed to remove it when the web application was stopped. This is very likely to create a memory leak.
13 nov. 2015 17:40:35 org.apache.catalina.loader.WebappClassLoader clearThreadLocalMap
GRAVE: The web application [/xtf] created a ThreadLocal with key of type [java.lang.ThreadLocal] (value [java.lang.ThreadLocal@dc0d76]) and a value of type [org.apache.lucene.index.SegmentTermEnum] (value [org.apache.lucene.index.SegmentTermEnum@6ef7be6a]) but failed to remove it when the web application was stopped. This is very likely to create a memory leak.
13 nov. 2015 17:40:35 org.apache.catalina.loader.WebappClassLoader clearThreadLocalMap
GRAVE: The web application [/xtf] created a ThreadLocal with key of type [java.lang.ThreadLocal] (value [java.lang.ThreadLocal@7ebbb05b]) and a value of type [org.cdlib.xtf.util.PackedByteBuf.CompressInfo] (value [org.cdlib.xtf.util.PackedByteBuf$CompressInfo@4af65a10]) but failed to remove it when the web application was stopped. This is very likely to create a memory leak.
13 nov. 2015 17:40:35 org.apache.catalina.loader.WebappClassLoader clearThreadLocalMap
GRAVE: The web application [/xtf] created a ThreadLocal with key of type [java.lang.ThreadLocal] (value [java.lang.ThreadLocal@7ebbb05b]) and a value of type [org.cdlib.xtf.util.PackedByteBuf.CompressInfo] (value [org.cdlib.xtf.util.PackedByteBuf$CompressInfo@7392f6e2]) but failed to remove it when the web application was stopped. This is very likely to create a memory leak.
13 nov. 2015 17:40:35 org.apache.catalina.loader.WebappClassLoader clearThreadLocalMap
GRAVE: The web application [/xtf] created a ThreadLocal with key of type [java.lang.ThreadLocal] (value [java.lang.ThreadLocal@7ebbb05b]) and a value of type [org.cdlib.xtf.util.PackedByteBuf.CompressInfo] (value [org.cdlib.xtf.util.PackedByteBuf$CompressInfo@358eaab5]) but failed to remove it when the web application was stopped. This is very likely to create a memory leak.
13 nov. 2015 17:40:35 org.apache.catalina.loader.WebappClassLoader clearThreadLocalMap
GRAVE: The web application [/xtf] created a ThreadLocal with key of type [java.lang.ThreadLocal] (value [java.lang.ThreadLocal@dc0d76]) and a value of type [org.apache.lucene.index.SegmentTermEnum] (value [org.apache.lucene.index.SegmentTermEnum@29696c8b]) but failed to remove it when the web application was stopped. This is very likely to create a memory leak.
13 nov. 2015 17:40:35 org.apache.coyote.http11.Http11Protocol destroy
INFO: Arrêt de Coyote HTTP/1.1 sur http-8080
13 nov. 2015 17:40:53 org.apache.catalina.core.AprLifecycleListener init
INFO: The APR based Apache Tomcat Native library which allows optimal performance in production environments was not found on the java.library.path: .:/Library/Java/Extensions:/System/Library/Java/Extensions:/usr/lib/java
13 nov. 2015 17:40:54 org.apache.coyote.http11.Http11Protocol init
INFO: Initialisation de Coyote HTTP/1.1 sur http-8080
13 nov. 2015 17:40:54 org.apache.catalina.startup.Catalina load
INFO: Initialization processed in 932 ms
13 nov. 2015 17:40:54 org.apache.catalina.core.StandardService start
INFO: Démarrage du service Catalina
13 nov. 2015 17:40:54 org.apache.catalina.core.StandardEngine start
INFO: Starting Servlet Engine: Apache Tomcat/6.0.29
13 nov. 2015 17:40:54 org.apache.catalina.startup.HostConfig deployDescriptor
INFO: Déploiement du descripteur de configuration host-manager.xml
13 nov. 2015 17:40:54 org.apache.catalina.startup.HostConfig deployDescriptor
INFO: Déploiement du descripteur de configuration manager.xml
13 nov. 2015 17:40:54 org.apache.catalina.startup.HostConfig deployDirectory
INFO: Déploiement du répertoire docs de l'application web
13 nov. 2015 17:40:55 org.apache.catalina.startup.HostConfig deployDirectory
INFO: Déploiement du répertoire examples de l'application web
13 nov. 2015 17:40:55 org.apache.catalina.startup.HostConfig deployDirectory
INFO: Déploiement du répertoire ROOT de l'application web
13 nov. 2015 17:40:55 org.apache.catalina.startup.HostConfig deployDirectory
INFO: Déploiement du répertoire xtf de l'application web
13 nov. 2015 17:40:55 org.apache.coyote.http11.Http11Protocol start
INFO: Démarrage de Coyote HTTP/1.1 sur http-8080
13 nov. 2015 17:40:55 org.apache.jk.common.ChannelSocket init
INFO: JK: ajp13 listening on /0.0.0.0:8009
13 nov. 2015 17:40:55 org.apache.jk.server.JkMain start
INFO: Jk running ID=0 time=0/14  config=null
13 nov. 2015 17:40:55 org.apache.catalina.startup.Catalina start
INFO: Server startup in 1590 ms
13 nov. 2015 17:46:45 org.apache.coyote.http11.Http11Protocol pause
INFO: Suspension de Coyote HTTP/1.1 sur http-8080
13 nov. 2015 17:46:46 org.apache.catalina.core.StandardService stop
INFO: Arrêt du service Catalina
13 nov. 2015 17:46:46 org.apache.catalina.loader.WebappClassLoader clearReferencesThreads
GRAVE: The web application [/xtf] appears to have started a thread named [Thread-14] but has failed to stop it. This is very likely to create a memory leak.
13 nov. 2015 17:46:46 org.apache.catalina.loader.WebappClassLoader clearThreadLocalMap
GRAVE: The web application [/xtf] created a ThreadLocal with key of type [java.lang.ThreadLocal] (value [java.lang.ThreadLocal@14f1ca95]) and a value of type [org.apache.lucene.index.SegmentTermEnum] (value [org.apache.lucene.index.SegmentTermEnum@e2b06f1]) but failed to remove it when the web application was stopped. This is very likely to create a memory leak.
13 nov. 2015 17:46:46 org.apache.catalina.loader.WebappClassLoader clearThreadLocalMap
GRAVE: The web application [/xtf] created a ThreadLocal with key of type [java.lang.ThreadLocal] (value [java.lang.ThreadLocal@2ad4bf7b]) and a value of type [org.cdlib.xtf.util.PackedByteBuf.CompressInfo] (value [org.cdlib.xtf.util.PackedByteBuf$CompressInfo@75673a34]) but failed to remove it when the web application was stopped. This is very likely to create a memory leak.
13 nov. 2015 17:46:46 org.apache.catalina.loader.WebappClassLoader clearThreadLocalMap
GRAVE: The web application [/xtf] created a ThreadLocal with key of type [java.lang.ThreadLocal] (value [java.lang.ThreadLocal@14f1ca95]) and a value of type [org.apache.lucene.index.SegmentTermEnum] (value [org.apache.lucene.index.SegmentTermEnum@4c1e6823]) but failed to remove it when the web application was stopped. This is very likely to create a memory leak.
13 nov. 2015 17:46:46 org.apache.catalina.loader.WebappClassLoader clearThreadLocalMap
GRAVE: The web application [/xtf] created a ThreadLocal with key of type [java.lang.ThreadLocal] (value [java.lang.ThreadLocal@2ad4bf7b]) and a value of type [org.cdlib.xtf.util.PackedByteBuf.CompressInfo] (value [org.cdlib.xtf.util.PackedByteBuf$CompressInfo@6046f8df]) but failed to remove it when the web application was stopped. This is very likely to create a memory leak.
13 nov. 2015 17:46:46 org.apache.catalina.loader.WebappClassLoader clearThreadLocalMap
GRAVE: The web application [/xtf] created a ThreadLocal with key of type [java.lang.ThreadLocal] (value [java.lang.ThreadLocal@14f1ca95]) and a value of type [org.apache.lucene.index.SegmentTermEnum] (value [org.apache.lucene.index.SegmentTermEnum@537d29da]) but failed to remove it when the web application was stopped. This is very likely to create a memory leak.
13 nov. 2015 17:46:46 org.apache.catalina.loader.WebappClassLoader clearThreadLocalMap
GRAVE: The web application [/xtf] created a ThreadLocal with key of type [java.lang.ThreadLocal] (value [java.lang.ThreadLocal@2ad4bf7b]) and a value of type [org.cdlib.xtf.util.PackedByteBuf.CompressInfo] (value [org.cdlib.xtf.util.PackedByteBuf$CompressInfo@3e46d208]) but failed to remove it when the web application was stopped. This is very likely to create a memory leak.
13 nov. 2015 17:46:46 org.apache.catalina.loader.WebappClassLoader clearThreadLocalMap
GRAVE: The web application [/xtf] created a ThreadLocal with key of type [java.lang.ThreadLocal] (value [java.lang.ThreadLocal@14f1ca95]) and a value of type [org.apache.lucene.index.SegmentTermEnum] (value [org.apache.lucene.index.SegmentTermEnum@1b872b29]) but failed to remove it when the web application was stopped. This is very likely to create a memory leak.
13 nov. 2015 17:46:46 org.apache.catalina.loader.WebappClassLoader clearThreadLocalMap
GRAVE: The web application [/xtf] created a ThreadLocal with key of type [java.lang.ThreadLocal] (value [java.lang.ThreadLocal@2ad4bf7b]) and a value of type [org.cdlib.xtf.util.PackedByteBuf.CompressInfo] (value [org.cdlib.xtf.util.PackedByteBuf$CompressInfo@47229edd]) but failed to remove it when the web application was stopped. This is very likely to create a memory leak.
13 nov. 2015 17:46:47 org.apache.coyote.http11.Http11Protocol destroy
INFO: Arrêt de Coyote HTTP/1.1 sur http-8080
13 nov. 2015 18:54:33 org.apache.catalina.core.AprLifecycleListener init
INFO: The APR based Apache Tomcat Native library which allows optimal performance in production environments was not found on the java.library.path: .:/Library/Java/Extensions:/System/Library/Java/Extensions:/usr/lib/java
13 nov. 2015 18:54:34 org.apache.coyote.http11.Http11Protocol init
INFO: Initialisation de Coyote HTTP/1.1 sur http-8080
13 nov. 2015 18:54:34 org.apache.catalina.startup.Catalina load
INFO: Initialization processed in 1023 ms
13 nov. 2015 18:54:34 org.apache.catalina.core.StandardService start
INFO: Démarrage du service Catalina
13 nov. 2015 18:54:34 org.apache.catalina.core.StandardEngine start
INFO: Starting Servlet Engine: Apache Tomcat/6.0.29
13 nov. 2015 18:54:34 org.apache.catalina.startup.HostConfig deployDescriptor
INFO: Déploiement du descripteur de configuration host-manager.xml
13 nov. 2015 18:54:34 org.apache.catalina.startup.HostConfig deployDescriptor
INFO: Déploiement du descripteur de configuration manager.xml
13 nov. 2015 18:54:35 org.apache.catalina.startup.HostConfig deployDirectory
INFO: Déploiement du répertoire docs de l'application web
13 nov. 2015 18:54:35 org.apache.catalina.startup.HostConfig deployDirectory
INFO: Déploiement du répertoire examples de l'application web
13 nov. 2015 18:54:36 org.apache.catalina.startup.HostConfig deployDirectory
INFO: Déploiement du répertoire ROOT de l'application web
13 nov. 2015 18:54:37 org.apache.catalina.startup.HostConfig deployDirectory
INFO: Déploiement du répertoire xtf de l'application web
13 nov. 2015 18:54:37 org.apache.coyote.http11.Http11Protocol start
INFO: Démarrage de Coyote HTTP/1.1 sur http-8080
13 nov. 2015 18:54:37 org.apache.jk.common.ChannelSocket init
INFO: JK: ajp13 listening on /0.0.0.0:8009
13 nov. 2015 18:54:37 org.apache.jk.server.JkMain start
INFO: Jk running ID=0 time=0/15  config=null
13 nov. 2015 18:54:37 org.apache.catalina.startup.Catalina start
INFO: Server startup in 3249 ms
