mai 25, 2016 4:31:31 PM org.apache.catalina.core.AprLifecycleListener init
INFOS: The APR based Apache Tomcat Native library which allows optimal performance in production environments was not found on the java.library.path: /Users/Christophe/Library/Java/Extensions:/Library/Java/Extensions:/Network/Library/Java/Extensions:/System/Library/Java/Extensions:/usr/lib/java:.
mai 25, 2016 4:31:34 PM org.apache.coyote.http11.Http11Protocol init
GRAVE: Erreur à l'initialisation du point de contact
java.net.BindException: Address already in use <null>:8080
	at org.apache.tomcat.util.net.JIoEndpoint.init(JIoEndpoint.java:549)
	at org.apache.coyote.http11.Http11Protocol.init(Http11Protocol.java:176)
	at org.apache.catalina.connector.Connector.initialize(Connector.java:1014)
	at org.apache.catalina.core.StandardService.initialize(StandardService.java:680)
	at org.apache.catalina.core.StandardServer.initialize(StandardServer.java:795)
	at org.apache.catalina.startup.Catalina.load(Catalina.java:524)
	at org.apache.catalina.startup.Catalina.load(Catalina.java:548)
	at sun.reflect.NativeMethodAccessorImpl.invoke0(Native Method)
	at sun.reflect.NativeMethodAccessorImpl.invoke(NativeMethodAccessorImpl.java:62)
	at sun.reflect.DelegatingMethodAccessorImpl.invoke(DelegatingMethodAccessorImpl.java:43)
	at java.lang.reflect.Method.invoke(Method.java:498)
	at org.apache.catalina.startup.Bootstrap.load(Bootstrap.java:261)
	at org.apache.catalina.startup.Bootstrap.main(Bootstrap.java:413)
Caused by: java.net.BindException: Address already in use
	at java.net.PlainSocketImpl.socketBind(Native Method)
	at java.net.AbstractPlainSocketImpl.bind(AbstractPlainSocketImpl.java:387)
	at java.net.ServerSocket.bind(ServerSocket.java:375)
	at java.net.ServerSocket.<init>(ServerSocket.java:237)
	at java.net.ServerSocket.<init>(ServerSocket.java:181)
	at org.apache.tomcat.util.net.DefaultServerSocketFactory.createSocket(DefaultServerSocketFactory.java:50)
	at org.apache.tomcat.util.net.JIoEndpoint.init(JIoEndpoint.java:538)
	... 12 more

mai 25, 2016 4:31:34 PM org.apache.catalina.startup.Catalina load
GRAVE: Catalina.start
LifecycleException:  L'initialisation du gestionnaire de protocole a échoué: java.net.BindException: Address already in use <null>:8080
	at org.apache.catalina.connector.Connector.initialize(Connector.java:1016)
	at org.apache.catalina.core.StandardService.initialize(StandardService.java:680)
	at org.apache.catalina.core.StandardServer.initialize(StandardServer.java:795)
	at org.apache.catalina.startup.Catalina.load(Catalina.java:524)
	at org.apache.catalina.startup.Catalina.load(Catalina.java:548)
	at sun.reflect.NativeMethodAccessorImpl.invoke0(Native Method)
	at sun.reflect.NativeMethodAccessorImpl.invoke(NativeMethodAccessorImpl.java:62)
	at sun.reflect.DelegatingMethodAccessorImpl.invoke(DelegatingMethodAccessorImpl.java:43)
	at java.lang.reflect.Method.invoke(Method.java:498)
	at org.apache.catalina.startup.Bootstrap.load(Bootstrap.java:261)
	at org.apache.catalina.startup.Bootstrap.main(Bootstrap.java:413)

mai 25, 2016 4:31:34 PM org.apache.catalina.startup.Catalina load
INFOS: Initialization processed in 3153 ms
mai 25, 2016 4:31:34 PM org.apache.catalina.core.StandardService start
INFOS: Démarrage du service Catalina
mai 25, 2016 4:31:34 PM org.apache.catalina.core.StandardEngine start
INFOS: Starting Servlet Engine: Apache Tomcat/6.0.29
mai 25, 2016 4:31:34 PM org.apache.catalina.startup.HostConfig deployDescriptor
INFOS: Déploiement du descripteur de configuration host-manager.xml
mai 25, 2016 4:31:35 PM org.apache.catalina.startup.HostConfig deployDescriptor
INFOS: Déploiement du descripteur de configuration manager.xml
mai 25, 2016 4:31:35 PM org.apache.catalina.startup.HostConfig deployDirectory
INFOS: Déploiement du répertoire docs de l'application web
mai 25, 2016 4:31:35 PM org.apache.catalina.startup.HostConfig deployDirectory
INFOS: Déploiement du répertoire examples de l'application web
mai 25, 2016 4:31:35 PM org.apache.catalina.startup.HostConfig deployDirectory
INFOS: Déploiement du répertoire ROOT de l'application web
mai 25, 2016 4:31:35 PM org.apache.catalina.startup.HostConfig deployDirectory
INFOS: Déploiement du répertoire xtf de l'application web
mai 25, 2016 4:31:36 PM org.apache.coyote.http11.Http11Protocol start
GRAVE: Erreur au démarrage du point de contact
java.net.BindException: Address already in use <null>:8080
	at org.apache.tomcat.util.net.JIoEndpoint.init(JIoEndpoint.java:549)
	at org.apache.tomcat.util.net.JIoEndpoint.start(JIoEndpoint.java:565)
	at org.apache.coyote.http11.Http11Protocol.start(Http11Protocol.java:203)
	at org.apache.catalina.connector.Connector.start(Connector.java:1087)
	at org.apache.catalina.core.StandardService.start(StandardService.java:534)
	at org.apache.catalina.core.StandardServer.start(StandardServer.java:710)
	at org.apache.catalina.startup.Catalina.start(Catalina.java:581)
	at sun.reflect.NativeMethodAccessorImpl.invoke0(Native Method)
	at sun.reflect.NativeMethodAccessorImpl.invoke(NativeMethodAccessorImpl.java:62)
	at sun.reflect.DelegatingMethodAccessorImpl.invoke(DelegatingMethodAccessorImpl.java:43)
	at java.lang.reflect.Method.invoke(Method.java:498)
	at org.apache.catalina.startup.Bootstrap.start(Bootstrap.java:289)
	at org.apache.catalina.startup.Bootstrap.main(Bootstrap.java:414)
Caused by: java.net.BindException: Address already in use
	at java.net.PlainSocketImpl.socketBind(Native Method)
	at java.net.AbstractPlainSocketImpl.bind(AbstractPlainSocketImpl.java:387)
	at java.net.ServerSocket.bind(ServerSocket.java:375)
	at java.net.ServerSocket.<init>(ServerSocket.java:237)
	at java.net.ServerSocket.<init>(ServerSocket.java:181)
	at org.apache.tomcat.util.net.DefaultServerSocketFactory.createSocket(DefaultServerSocketFactory.java:50)
	at org.apache.tomcat.util.net.JIoEndpoint.init(JIoEndpoint.java:538)
	... 12 more

mai 25, 2016 4:31:36 PM org.apache.catalina.startup.Catalina start
GRAVE: Catalina.start: 
LifecycleException:  service.getName(): "Catalina";  Le démarrage du gestionnaire de protocole a échoué: java.net.BindException: Address already in use <null>:8080
	at org.apache.catalina.connector.Connector.start(Connector.java:1094)
	at org.apache.catalina.core.StandardService.start(StandardService.java:534)
	at org.apache.catalina.core.StandardServer.start(StandardServer.java:710)
	at org.apache.catalina.startup.Catalina.start(Catalina.java:581)
	at sun.reflect.NativeMethodAccessorImpl.invoke0(Native Method)
	at sun.reflect.NativeMethodAccessorImpl.invoke(NativeMethodAccessorImpl.java:62)
	at sun.reflect.DelegatingMethodAccessorImpl.invoke(DelegatingMethodAccessorImpl.java:43)
	at java.lang.reflect.Method.invoke(Method.java:498)
	at org.apache.catalina.startup.Bootstrap.start(Bootstrap.java:289)
	at org.apache.catalina.startup.Bootstrap.main(Bootstrap.java:414)

mai 25, 2016 4:31:36 PM org.apache.catalina.startup.Catalina start
INFOS: Server startup in 2445 ms
mai 25, 2016 4:31:36 PM org.apache.catalina.core.StandardServer await
GRAVE: StandardServer.await: create[8005]: 
java.net.BindException: Address already in use
	at java.net.PlainSocketImpl.socketBind(Native Method)
	at java.net.AbstractPlainSocketImpl.bind(AbstractPlainSocketImpl.java:387)
	at java.net.ServerSocket.bind(ServerSocket.java:375)
	at java.net.ServerSocket.<init>(ServerSocket.java:237)
	at org.apache.catalina.core.StandardServer.await(StandardServer.java:373)
	at org.apache.catalina.startup.Catalina.await(Catalina.java:662)
	at org.apache.catalina.startup.Catalina.start(Catalina.java:614)
	at sun.reflect.NativeMethodAccessorImpl.invoke0(Native Method)
	at sun.reflect.NativeMethodAccessorImpl.invoke(NativeMethodAccessorImpl.java:62)
	at sun.reflect.DelegatingMethodAccessorImpl.invoke(DelegatingMethodAccessorImpl.java:43)
	at java.lang.reflect.Method.invoke(Method.java:498)
	at org.apache.catalina.startup.Bootstrap.start(Bootstrap.java:289)
	at org.apache.catalina.startup.Bootstrap.main(Bootstrap.java:414)

mai 25, 2016 4:31:36 PM org.apache.coyote.http11.Http11Protocol pause
INFOS: Suspension de Coyote HTTP/1.1 sur http-8080
mai 25, 2016 4:31:37 PM org.apache.catalina.core.StandardService stop
INFOS: Arrêt du service Catalina
mai 25, 2016 4:31:37 PM org.apache.catalina.connector.MapperListener destroy
AVERTISSEMENT: Error unregistering MBeanServerDelegate
java.lang.NullPointerException
	at org.apache.catalina.connector.MapperListener.destroy(MapperListener.java:176)
	at org.apache.catalina.connector.Connector.stop(Connector.java:1135)
	at org.apache.catalina.core.StandardService.stop(StandardService.java:596)
	at org.apache.catalina.core.StandardServer.stop(StandardServer.java:744)
	at org.apache.catalina.startup.Catalina.stop(Catalina.java:648)
	at org.apache.catalina.startup.Catalina$CatalinaShutdownHook.run(Catalina.java:692)

mai 25, 2016 4:31:37 PM org.apache.coyote.http11.Http11Protocol destroy
INFOS: Arrêt de Coyote HTTP/1.1 sur http-8080
mai 25, 2016 4:31:37 PM org.apache.catalina.connector.Connector stop
GRAVE: Le connecteur Coyote n'a pas été démarré
mai 25, 2016 4:37:14 PM org.apache.catalina.core.AprLifecycleListener init
INFOS: The APR based Apache Tomcat Native library which allows optimal performance in production environments was not found on the java.library.path: /Users/Christophe/Library/Java/Extensions:/Library/Java/Extensions:/Network/Library/Java/Extensions:/System/Library/Java/Extensions:/usr/lib/java:.
mai 25, 2016 4:37:15 PM org.apache.coyote.http11.Http11Protocol init
INFOS: Initialisation de Coyote HTTP/1.1 sur http-8080
mai 25, 2016 4:37:15 PM org.apache.catalina.startup.Catalina load
INFOS: Initialization processed in 1351 ms
mai 25, 2016 4:37:15 PM org.apache.catalina.core.StandardService start
INFOS: Démarrage du service Catalina
mai 25, 2016 4:37:15 PM org.apache.catalina.core.StandardEngine start
INFOS: Starting Servlet Engine: Apache Tomcat/6.0.29
mai 25, 2016 4:37:15 PM org.apache.catalina.startup.HostConfig deployDescriptor
INFOS: Déploiement du descripteur de configuration host-manager.xml
mai 25, 2016 4:37:16 PM org.apache.catalina.startup.HostConfig deployDescriptor
INFOS: Déploiement du descripteur de configuration manager.xml
mai 25, 2016 4:37:16 PM org.apache.catalina.startup.HostConfig deployDirectory
INFOS: Déploiement du répertoire docs de l'application web
mai 25, 2016 4:37:16 PM org.apache.catalina.startup.HostConfig deployDirectory
INFOS: Déploiement du répertoire examples de l'application web
mai 25, 2016 4:37:16 PM org.apache.catalina.startup.HostConfig deployDirectory
INFOS: Déploiement du répertoire ROOT de l'application web
mai 25, 2016 4:37:16 PM org.apache.catalina.startup.HostConfig deployDirectory
INFOS: Déploiement du répertoire xtf de l'application web
mai 25, 2016 4:37:16 PM org.apache.coyote.http11.Http11Protocol start
INFOS: Démarrage de Coyote HTTP/1.1 sur http-8080
mai 25, 2016 4:37:17 PM org.apache.jk.common.ChannelSocket init
INFOS: JK: ajp13 listening on /0.0.0.0:8009
mai 25, 2016 4:37:17 PM org.apache.jk.server.JkMain start
INFOS: Jk running ID=0 time=0/32  config=null
mai 25, 2016 4:37:17 PM org.apache.catalina.startup.Catalina start
INFOS: Server startup in 1560 ms
mai 25, 2016 5:18:55 PM org.apache.coyote.http11.Http11Protocol pause
INFOS: Suspension de Coyote HTTP/1.1 sur http-8080
mai 25, 2016 5:18:56 PM org.apache.catalina.core.StandardService stop
INFOS: Arrêt du service Catalina
mai 25, 2016 5:18:56 PM org.apache.catalina.loader.WebappClassLoader clearReferencesThreads
GRAVE: The web application [/xtf] appears to have started a thread named [Thread-14] but has failed to stop it. This is very likely to create a memory leak.
mai 25, 2016 5:18:56 PM org.apache.catalina.loader.WebappClassLoader clearThreadLocalMap
GRAVE: The web application [/xtf] created a ThreadLocal with key of type [java.lang.ThreadLocal] (value [java.lang.ThreadLocal@99645d0]) and a value of type [org.cdlib.xtf.util.PackedByteBuf.CompressInfo] (value [org.cdlib.xtf.util.PackedByteBuf$CompressInfo@56986759]) but failed to remove it when the web application was stopped. This is very likely to create a memory leak.
mai 25, 2016 5:18:56 PM org.apache.catalina.loader.WebappClassLoader clearThreadLocalMap
GRAVE: The web application [/xtf] created a ThreadLocal with key of type [java.lang.ThreadLocal] (value [java.lang.ThreadLocal@99645d0]) and a value of type [org.cdlib.xtf.util.PackedByteBuf.CompressInfo] (value [org.cdlib.xtf.util.PackedByteBuf$CompressInfo@451befd4]) but failed to remove it when the web application was stopped. This is very likely to create a memory leak.
mai 25, 2016 5:18:56 PM org.apache.catalina.loader.WebappClassLoader clearThreadLocalMap
GRAVE: The web application [/xtf] created a ThreadLocal with key of type [java.lang.ThreadLocal] (value [java.lang.ThreadLocal@99645d0]) and a value of type [org.cdlib.xtf.util.PackedByteBuf.CompressInfo] (value [org.cdlib.xtf.util.PackedByteBuf$CompressInfo@3c11068d]) but failed to remove it when the web application was stopped. This is very likely to create a memory leak.
mai 25, 2016 5:18:56 PM org.apache.catalina.loader.WebappClassLoader clearThreadLocalMap
GRAVE: The web application [/xtf] created a ThreadLocal with key of type [java.lang.ThreadLocal] (value [java.lang.ThreadLocal@99645d0]) and a value of type [org.cdlib.xtf.util.PackedByteBuf.CompressInfo] (value [org.cdlib.xtf.util.PackedByteBuf$CompressInfo@269c9115]) but failed to remove it when the web application was stopped. This is very likely to create a memory leak.
mai 25, 2016 5:18:56 PM org.apache.catalina.loader.WebappClassLoader clearThreadLocalMap
GRAVE: The web application [/xtf] created a ThreadLocal with key of type [java.lang.ThreadLocal] (value [java.lang.ThreadLocal@332b9830]) and a value of type [org.apache.lucene.index.SegmentTermEnum] (value [org.apache.lucene.index.SegmentTermEnum@2954b4ce]) but failed to remove it when the web application was stopped. This is very likely to create a memory leak.
mai 25, 2016 5:18:56 PM org.apache.catalina.loader.WebappClassLoader clearThreadLocalMap
GRAVE: The web application [/xtf] created a ThreadLocal with key of type [java.lang.ThreadLocal] (value [java.lang.ThreadLocal@99645d0]) and a value of type [org.cdlib.xtf.util.PackedByteBuf.CompressInfo] (value [org.cdlib.xtf.util.PackedByteBuf$CompressInfo@1dc5fa07]) but failed to remove it when the web application was stopped. This is very likely to create a memory leak.
mai 25, 2016 5:18:57 PM org.apache.coyote.http11.Http11Protocol destroy
INFOS: Arrêt de Coyote HTTP/1.1 sur http-8080
