oct. 03, 2016 4:55:40 PM org.apache.catalina.core.AprLifecycleListener init
INFOS: The APR based Apache Tomcat Native library which allows optimal performance in production environments was not found on the java.library.path: /Users/Christophe/Library/Java/Extensions:/Library/Java/Extensions:/Network/Library/Java/Extensions:/System/Library/Java/Extensions:/usr/lib/java:.
oct. 03, 2016 4:55:43 PM org.apache.coyote.http11.Http11Protocol init
INFOS: Initialisation de Coyote HTTP/1.1 sur http-8080
oct. 03, 2016 4:55:43 PM org.apache.catalina.startup.Catalina load
INFOS: Initialization processed in 4783 ms
oct. 03, 2016 4:55:43 PM org.apache.catalina.core.StandardService start
INFOS: Démarrage du service Catalina
oct. 03, 2016 4:55:43 PM org.apache.catalina.core.StandardEngine start
INFOS: Starting Servlet Engine: Apache Tomcat/6.0.29
oct. 03, 2016 4:55:43 PM org.apache.catalina.startup.HostConfig deployDescriptor
INFOS: Déploiement du descripteur de configuration host-manager.xml
oct. 03, 2016 4:55:44 PM org.apache.catalina.startup.HostConfig deployDescriptor
INFOS: Déploiement du descripteur de configuration manager.xml
oct. 03, 2016 4:55:44 PM org.apache.catalina.startup.HostConfig deployDirectory
INFOS: Déploiement du répertoire docs de l'application web
oct. 03, 2016 4:55:44 PM org.apache.catalina.startup.HostConfig deployDirectory
INFOS: Déploiement du répertoire examples de l'application web
oct. 03, 2016 4:55:45 PM org.apache.catalina.startup.HostConfig deployDirectory
INFOS: Déploiement du répertoire ROOT de l'application web
oct. 03, 2016 4:55:45 PM org.apache.catalina.startup.HostConfig deployDirectory
INFOS: Déploiement du répertoire xtf de l'application web
oct. 03, 2016 4:55:45 PM org.apache.coyote.http11.Http11Protocol start
INFOS: Démarrage de Coyote HTTP/1.1 sur http-8080
oct. 03, 2016 4:55:45 PM org.apache.jk.common.ChannelSocket init
INFOS: JK: ajp13 listening on /0.0.0.0:8009
oct. 03, 2016 4:55:45 PM org.apache.jk.server.JkMain start
INFOS: Jk running ID=0 time=0/42  config=null
oct. 03, 2016 4:55:45 PM org.apache.catalina.startup.Catalina start
INFOS: Server startup in 2181 ms
oct. 03, 2016 6:50:49 PM org.apache.coyote.http11.Http11Protocol pause
INFOS: Suspension de Coyote HTTP/1.1 sur http-8080
oct. 03, 2016 6:50:50 PM org.apache.catalina.core.StandardService stop
INFOS: Arrêt du service Catalina
oct. 03, 2016 6:50:50 PM org.apache.catalina.loader.WebappClassLoader clearReferencesThreads
GRAVE: The web application [/xtf] appears to have started a thread named [Thread-16] but has failed to stop it. This is very likely to create a memory leak.
oct. 03, 2016 6:50:50 PM org.apache.catalina.loader.WebappClassLoader clearThreadLocalMap
GRAVE: The web application [/xtf] created a ThreadLocal with key of type [java.lang.ThreadLocal] (value [java.lang.ThreadLocal@6e3ffb00]) and a value of type [org.cdlib.xtf.util.PackedByteBuf.CompressInfo] (value [org.cdlib.xtf.util.PackedByteBuf$CompressInfo@3c03d0e5]) but failed to remove it when the web application was stopped. This is very likely to create a memory leak.
oct. 03, 2016 6:50:50 PM org.apache.catalina.loader.WebappClassLoader clearThreadLocalMap
GRAVE: The web application [/xtf] created a ThreadLocal with key of type [java.lang.ThreadLocal] (value [java.lang.ThreadLocal@6e3ffb00]) and a value of type [org.cdlib.xtf.util.PackedByteBuf.CompressInfo] (value [org.cdlib.xtf.util.PackedByteBuf$CompressInfo@33be3cf8]) but failed to remove it when the web application was stopped. This is very likely to create a memory leak.
oct. 03, 2016 6:50:50 PM org.apache.catalina.loader.WebappClassLoader clearThreadLocalMap
GRAVE: The web application [/xtf] created a ThreadLocal with key of type [null] (value [null]) and a value of type [org.apache.lucene.index.SegmentTermEnum] (value [org.apache.lucene.index.SegmentTermEnum@5e8370d8]) but failed to remove it when the web application was stopped. This is very likely to create a memory leak.
oct. 03, 2016 6:50:50 PM org.apache.catalina.loader.WebappClassLoader clearThreadLocalMap
GRAVE: The web application [/xtf] created a ThreadLocal with key of type [java.lang.ThreadLocal] (value [java.lang.ThreadLocal@6e3ffb00]) and a value of type [org.cdlib.xtf.util.PackedByteBuf.CompressInfo] (value [org.cdlib.xtf.util.PackedByteBuf$CompressInfo@744f774d]) but failed to remove it when the web application was stopped. This is very likely to create a memory leak.
oct. 03, 2016 6:50:50 PM org.apache.catalina.loader.WebappClassLoader clearThreadLocalMap
GRAVE: The web application [/xtf] created a ThreadLocal with key of type [java.lang.ThreadLocal] (value [java.lang.ThreadLocal@566915d9]) and a value of type [org.apache.lucene.index.SegmentTermEnum] (value [org.apache.lucene.index.SegmentTermEnum@1472ba10]) but failed to remove it when the web application was stopped. This is very likely to create a memory leak.
oct. 03, 2016 6:50:50 PM org.apache.catalina.loader.WebappClassLoader clearThreadLocalMap
GRAVE: The web application [/xtf] created a ThreadLocal with key of type [java.lang.ThreadLocal] (value [java.lang.ThreadLocal@6e3ffb00]) and a value of type [org.cdlib.xtf.util.PackedByteBuf.CompressInfo] (value [org.cdlib.xtf.util.PackedByteBuf$CompressInfo@51320df6]) but failed to remove it when the web application was stopped. This is very likely to create a memory leak.
oct. 03, 2016 6:50:50 PM org.apache.catalina.loader.WebappClassLoader clearThreadLocalMap
GRAVE: The web application [/xtf] created a ThreadLocal with key of type [java.lang.ThreadLocal] (value [java.lang.ThreadLocal@6e3ffb00]) and a value of type [org.cdlib.xtf.util.PackedByteBuf.CompressInfo] (value [org.cdlib.xtf.util.PackedByteBuf$CompressInfo@5e48ed82]) but failed to remove it when the web application was stopped. This is very likely to create a memory leak.
oct. 03, 2016 6:50:50 PM org.apache.catalina.loader.WebappClassLoader clearThreadLocalMap
GRAVE: The web application [/xtf] created a ThreadLocal with key of type [java.lang.ThreadLocal] (value [java.lang.ThreadLocal@6e3ffb00]) and a value of type [org.cdlib.xtf.util.PackedByteBuf.CompressInfo] (value [org.cdlib.xtf.util.PackedByteBuf$CompressInfo@4091ec4f]) but failed to remove it when the web application was stopped. This is very likely to create a memory leak.
oct. 03, 2016 6:50:50 PM org.apache.catalina.loader.WebappClassLoader clearThreadLocalMap
GRAVE: The web application [/xtf] created a ThreadLocal with key of type [null] (value [null]) and a value of type [org.apache.lucene.index.SegmentTermEnum] (value [org.apache.lucene.index.SegmentTermEnum@41b26c77]) but failed to remove it when the web application was stopped. This is very likely to create a memory leak.
oct. 03, 2016 6:50:50 PM org.apache.catalina.loader.WebappClassLoader clearThreadLocalMap
GRAVE: The web application [/xtf] created a ThreadLocal with key of type [null] (value [null]) and a value of type [org.apache.lucene.index.SegmentTermEnum] (value [org.apache.lucene.index.SegmentTermEnum@2e840a]) but failed to remove it when the web application was stopped. This is very likely to create a memory leak.
oct. 03, 2016 6:50:50 PM org.apache.catalina.loader.WebappClassLoader clearThreadLocalMap
GRAVE: The web application [/xtf] created a ThreadLocal with key of type [null] (value [null]) and a value of type [org.apache.lucene.index.SegmentTermEnum] (value [org.apache.lucene.index.SegmentTermEnum@19934d70]) but failed to remove it when the web application was stopped. This is very likely to create a memory leak.
oct. 03, 2016 6:50:50 PM org.apache.catalina.loader.WebappClassLoader clearThreadLocalMap
GRAVE: The web application [/xtf] created a ThreadLocal with key of type [null] (value [null]) and a value of type [org.apache.lucene.index.SegmentTermEnum] (value [org.apache.lucene.index.SegmentTermEnum@562f2999]) but failed to remove it when the web application was stopped. This is very likely to create a memory leak.
oct. 03, 2016 6:50:50 PM org.apache.catalina.loader.WebappClassLoader clearThreadLocalMap
GRAVE: The web application [/xtf] created a ThreadLocal with key of type [java.lang.ThreadLocal] (value [java.lang.ThreadLocal@566915d9]) and a value of type [org.apache.lucene.index.SegmentTermEnum] (value [org.apache.lucene.index.SegmentTermEnum@42c26ff]) but failed to remove it when the web application was stopped. This is very likely to create a memory leak.
oct. 03, 2016 6:50:50 PM org.apache.catalina.loader.WebappClassLoader clearThreadLocalMap
GRAVE: The web application [/xtf] created a ThreadLocal with key of type [null] (value [null]) and a value of type [org.apache.lucene.index.SegmentTermEnum] (value [org.apache.lucene.index.SegmentTermEnum@70d6eca4]) but failed to remove it when the web application was stopped. This is very likely to create a memory leak.
oct. 03, 2016 6:50:50 PM org.apache.catalina.loader.WebappClassLoader clearThreadLocalMap
GRAVE: The web application [/xtf] created a ThreadLocal with key of type [null] (value [null]) and a value of type [org.apache.lucene.index.SegmentTermEnum] (value [org.apache.lucene.index.SegmentTermEnum@73add703]) but failed to remove it when the web application was stopped. This is very likely to create a memory leak.
oct. 03, 2016 6:50:50 PM org.apache.catalina.loader.WebappClassLoader clearThreadLocalMap
GRAVE: The web application [/xtf] created a ThreadLocal with key of type [null] (value [null]) and a value of type [org.apache.lucene.index.SegmentTermEnum] (value [org.apache.lucene.index.SegmentTermEnum@5ce14b0e]) but failed to remove it when the web application was stopped. This is very likely to create a memory leak.
oct. 03, 2016 6:50:50 PM org.apache.catalina.loader.WebappClassLoader clearThreadLocalMap
GRAVE: The web application [/xtf] created a ThreadLocal with key of type [null] (value [null]) and a value of type [org.apache.lucene.index.SegmentTermEnum] (value [org.apache.lucene.index.SegmentTermEnum@391f95b3]) but failed to remove it when the web application was stopped. This is very likely to create a memory leak.
oct. 03, 2016 6:50:50 PM org.apache.catalina.loader.WebappClassLoader clearThreadLocalMap
GRAVE: The web application [/xtf] created a ThreadLocal with key of type [null] (value [null]) and a value of type [org.apache.lucene.index.SegmentTermEnum] (value [org.apache.lucene.index.SegmentTermEnum@7e6bedf8]) but failed to remove it when the web application was stopped. This is very likely to create a memory leak.
oct. 03, 2016 6:50:51 PM org.apache.coyote.http11.Http11Protocol destroy
INFOS: Arrêt de Coyote HTTP/1.1 sur http-8080
