30 nov. 2011 22:42:04 org.apache.catalina.core.ApplicationContext log
INFO: ContextListener: contextInitialized()
30 nov. 2011 22:42:04 org.apache.catalina.core.ApplicationContext log
INFO: SessionListener: contextInitialized()
30 nov. 2011 22:57:55 org.apache.catalina.core.ApplicationContext log
INFO: ContextListener: contextInitialized()
30 nov. 2011 22:57:55 org.apache.catalina.core.ApplicationContext log
INFO: SessionListener: contextInitialized()
30 nov. 2011 22:57:57 org.apache.catalina.core.ApplicationContext log
INFO: SessionListener: contextDestroyed()
30 nov. 2011 22:57:57 org.apache.catalina.core.ApplicationContext log
INFO: ContextListener: contextDestroyed()
30 nov. 2011 23:12:41 org.apache.catalina.core.ApplicationContext log
INFO: ContextListener: contextInitialized()
30 nov. 2011 23:12:41 org.apache.catalina.core.ApplicationContext log
INFO: SessionListener: contextInitialized()
30 nov. 2011 23:15:04 org.apache.catalina.core.ApplicationContext log
INFO: ContextListener: contextInitialized()
30 nov. 2011 23:15:04 org.apache.catalina.core.ApplicationContext log
INFO: SessionListener: contextInitialized()
