31 oct. 2014 09:03:51 org.apache.catalina.core.ApplicationContext log
INFO: ContextListener: contextInitialized()
31 oct. 2014 09:03:51 org.apache.catalina.core.ApplicationContext log
INFO: SessionListener: contextInitialized()
31 oct. 2014 17:37:22 org.apache.catalina.core.StandardWrapperValve invoke
GRAVE: "Servlet.service()" pour la servlet dynaXML a généré une exception
java.lang.OutOfMemoryError: Java heap space
	at net.sf.saxon.tinytree.TinyTree.ensureNodeCapacity(TinyTree.java:204)
	at net.sf.saxon.tinytree.TinyTree.addNode(TinyTree.java:292)
	at net.sf.saxon.tinytree.TinyBuilder.startElement(TinyBuilder.java:172)
	at net.sf.saxon.event.Stripper.startElement(Stripper.java:181)
	at net.sf.saxon.event.ReceivingContentHandler.startElement(ReceivingContentHandler.java:217)
	at com.sun.org.apache.xerces.internal.parsers.AbstractSAXParser.startElement(Unknown Source)
	at com.sun.org.apache.xerces.internal.parsers.AbstractXMLDocumentParser.emptyElement(Unknown Source)
	at com.sun.org.apache.xerces.internal.impl.XMLNSDocumentScannerImpl.scanStartElement(Unknown Source)
	at com.sun.org.apache.xerces.internal.impl.XMLDocumentFragmentScannerImpl$FragmentContentDriver.next(Unknown Source)
	at com.sun.org.apache.xerces.internal.impl.XMLDocumentScannerImpl.next(Unknown Source)
	at com.sun.org.apache.xerces.internal.impl.XMLNSDocumentScannerImpl.next(Unknown Source)
	at com.sun.org.apache.xerces.internal.impl.XMLDocumentFragmentScannerImpl.scanDocument(Unknown Source)
	at com.sun.org.apache.xerces.internal.parsers.XML11Configuration.parse(Unknown Source)
	at com.sun.org.apache.xerces.internal.parsers.XML11Configuration.parse(Unknown Source)
	at com.sun.org.apache.xerces.internal.parsers.XMLParser.parse(Unknown Source)
	at com.sun.org.apache.xerces.internal.parsers.AbstractSAXParser.parse(Unknown Source)
	at com.sun.org.apache.xerces.internal.jaxp.SAXParserImpl$JAXPSAXParser.parse(Unknown Source)
	at org.cdlib.xtf.servletBase.DTDSuppressingXMLReader.parse(DTDSuppressingXMLReader.java:138)
	at net.sf.saxon.event.Sender.sendSAXSource(Sender.java:300)
	at net.sf.saxon.event.Sender.send(Sender.java:142)
	at net.sf.saxon.event.Sender.send(Sender.java:43)
	at net.sf.saxon.functions.Document.makeDoc(Document.java:262)
	at net.sf.saxon.functions.Document$DocumentMappingFunction.map(Document.java:134)
	at net.sf.saxon.expr.ItemMappingIterator.next(ItemMappingIterator.java:46)
	at net.sf.saxon.expr.ContextMappingIterator.next(ContextMappingIterator.java:52)
	at net.sf.saxon.expr.ContextMappingIterator.next(ContextMappingIterator.java:52)
	at net.sf.saxon.expr.ContextMappingIterator.next(ContextMappingIterator.java:52)
	at net.sf.saxon.expr.ContextMappingIterator.next(ContextMappingIterator.java:52)
	at net.sf.saxon.expr.ContextMappingIterator.next(ContextMappingIterator.java:52)
	at net.sf.saxon.value.SequenceExtent.<init>(SequenceExtent.java:98)
	at net.sf.saxon.sort.DocumentOrderIterator.<init>(DocumentOrderIterator.java:30)
	at net.sf.saxon.sort.DocumentSorter.iterate(DocumentSorter.java:72)
