23 févr. 2013 14:20:47 org.apache.catalina.core.ApplicationContext log
INFO: ContextListener: contextInitialized()
23 févr. 2013 14:20:47 org.apache.catalina.core.ApplicationContext log
INFO: SessionListener: contextInitialized()
23 févr. 2013 15:05:33 org.apache.catalina.core.ApplicationContext log
INFO: ContextListener: contextInitialized()
23 févr. 2013 15:05:33 org.apache.catalina.core.ApplicationContext log
INFO: SessionListener: contextInitialized()
23 févr. 2013 15:10:46 org.apache.catalina.core.ApplicationContext log
INFO: ContextListener: contextInitialized()
23 févr. 2013 15:10:46 org.apache.catalina.core.ApplicationContext log
INFO: SessionListener: contextInitialized()
23 févr. 2013 15:10:48 org.apache.catalina.core.ApplicationContext log
INFO: SessionListener: contextDestroyed()
23 févr. 2013 15:10:48 org.apache.catalina.core.ApplicationContext log
INFO: ContextListener: contextDestroyed()
23 févr. 2013 16:13:20 org.apache.catalina.core.ApplicationContext log
INFO: ContextListener: contextInitialized()
23 févr. 2013 16:13:20 org.apache.catalina.core.ApplicationContext log
INFO: SessionListener: contextInitialized()
23 févr. 2013 16:13:22 org.apache.catalina.core.ApplicationContext log
INFO: SessionListener: contextDestroyed()
23 févr. 2013 16:13:22 org.apache.catalina.core.ApplicationContext log
INFO: ContextListener: contextDestroyed()
23 févr. 2013 16:16:33 org.apache.catalina.core.ApplicationContext log
INFO: ContextListener: contextInitialized()
23 févr. 2013 16:16:33 org.apache.catalina.core.ApplicationContext log
INFO: SessionListener: contextInitialized()
23 févr. 2013 16:20:45 org.apache.catalina.core.ApplicationContext log
INFO: ContextListener: contextInitialized()
23 févr. 2013 16:20:45 org.apache.catalina.core.ApplicationContext log
INFO: SessionListener: contextInitialized()
23 févr. 2013 16:20:47 org.apache.catalina.core.ApplicationContext log
INFO: SessionListener: contextDestroyed()
23 févr. 2013 16:20:47 org.apache.catalina.core.ApplicationContext log
INFO: ContextListener: contextDestroyed()
23 févr. 2013 16:24:32 org.apache.catalina.core.ApplicationContext log
INFO: ContextListener: contextInitialized()
23 févr. 2013 16:24:32 org.apache.catalina.core.ApplicationContext log
INFO: SessionListener: contextInitialized()
23 févr. 2013 16:40:18 org.apache.catalina.core.ApplicationContext log
INFO: ContextListener: contextInitialized()
23 févr. 2013 16:40:18 org.apache.catalina.core.ApplicationContext log
INFO: SessionListener: contextInitialized()
23 févr. 2013 16:40:20 org.apache.catalina.core.ApplicationContext log
INFO: SessionListener: contextDestroyed()
23 févr. 2013 16:40:20 org.apache.catalina.core.ApplicationContext log
INFO: ContextListener: contextDestroyed()
23 févr. 2013 18:01:18 org.apache.catalina.core.ApplicationContext log
INFO: ContextListener: contextInitialized()
23 févr. 2013 18:01:18 org.apache.catalina.core.ApplicationContext log
INFO: SessionListener: contextInitialized()
23 févr. 2013 18:28:31 org.apache.catalina.core.ApplicationContext log
INFO: ContextListener: contextInitialized()
23 févr. 2013 18:28:31 org.apache.catalina.core.ApplicationContext log
INFO: SessionListener: contextInitialized()
23 févr. 2013 18:29:01 org.apache.catalina.core.ApplicationContext log
INFO: ContextListener: contextInitialized()
23 févr. 2013 18:29:01 org.apache.catalina.core.ApplicationContext log
INFO: SessionListener: contextInitialized()
23 févr. 2013 18:45:17 org.apache.catalina.core.ApplicationContext log
INFO: ContextListener: contextInitialized()
23 févr. 2013 18:45:17 org.apache.catalina.core.ApplicationContext log
INFO: SessionListener: contextInitialized()
23 févr. 2013 20:41:19 org.apache.catalina.core.ApplicationContext log
INFO: ContextListener: contextInitialized()
23 févr. 2013 20:41:19 org.apache.catalina.core.ApplicationContext log
INFO: SessionListener: contextInitialized()
23 févr. 2013 21:03:26 org.apache.catalina.core.ApplicationContext log
INFO: ContextListener: contextInitialized()
23 févr. 2013 21:03:26 org.apache.catalina.core.ApplicationContext log
INFO: SessionListener: contextInitialized()
23 févr. 2013 21:03:28 org.apache.catalina.core.ApplicationContext log
INFO: SessionListener: contextDestroyed()
23 févr. 2013 21:03:28 org.apache.catalina.core.ApplicationContext log
INFO: ContextListener: contextDestroyed()
23 févr. 2013 21:31:53 org.apache.catalina.core.ApplicationContext log
INFO: ContextListener: contextInitialized()
23 févr. 2013 21:31:53 org.apache.catalina.core.ApplicationContext log
INFO: SessionListener: contextInitialized()
23 févr. 2013 21:41:01 org.apache.catalina.core.ApplicationContext log
INFO: ContextListener: contextInitialized()
23 févr. 2013 21:41:01 org.apache.catalina.core.ApplicationContext log
INFO: SessionListener: contextInitialized()
23 févr. 2013 21:55:26 org.apache.catalina.core.ApplicationContext log
INFO: ContextListener: contextInitialized()
23 févr. 2013 21:55:26 org.apache.catalina.core.ApplicationContext log
INFO: SessionListener: contextInitialized()
23 févr. 2013 21:58:38 org.apache.catalina.core.ApplicationContext log
INFO: ContextListener: contextInitialized()
23 févr. 2013 21:58:38 org.apache.catalina.core.ApplicationContext log
INFO: SessionListener: contextInitialized()
23 févr. 2013 22:05:53 org.apache.catalina.core.ApplicationContext log
INFO: ContextListener: contextInitialized()
23 févr. 2013 22:05:53 org.apache.catalina.core.ApplicationContext log
INFO: SessionListener: contextInitialized()
23 févr. 2013 22:23:41 org.apache.catalina.core.ApplicationContext log
INFO: ContextListener: contextInitialized()
23 févr. 2013 22:23:41 org.apache.catalina.core.ApplicationContext log
INFO: SessionListener: contextInitialized()
23 févr. 2013 22:23:43 org.apache.catalina.core.ApplicationContext log
INFO: SessionListener: contextDestroyed()
23 févr. 2013 22:23:43 org.apache.catalina.core.ApplicationContext log
INFO: ContextListener: contextDestroyed()
23 févr. 2013 22:24:51 org.apache.catalina.core.ApplicationContext log
INFO: ContextListener: contextInitialized()
23 févr. 2013 22:24:51 org.apache.catalina.core.ApplicationContext log
INFO: SessionListener: contextInitialized()
23 févr. 2013 22:28:06 org.apache.catalina.core.ApplicationContext log
INFO: ContextListener: contextInitialized()
23 févr. 2013 22:28:06 org.apache.catalina.core.ApplicationContext log
INFO: SessionListener: contextInitialized()
23 févr. 2013 22:36:50 org.apache.catalina.core.ApplicationContext log
INFO: ContextListener: contextInitialized()
23 févr. 2013 22:36:50 org.apache.catalina.core.ApplicationContext log
INFO: SessionListener: contextInitialized()
23 févr. 2013 22:51:56 org.apache.catalina.core.ApplicationContext log
INFO: ContextListener: contextInitialized()
23 févr. 2013 22:51:56 org.apache.catalina.core.ApplicationContext log
INFO: SessionListener: contextInitialized()
23 févr. 2013 23:24:53 org.apache.catalina.core.ApplicationContext log
INFO: ContextListener: contextInitialized()
23 févr. 2013 23:24:53 org.apache.catalina.core.ApplicationContext log
INFO: SessionListener: contextInitialized()
