10 nov. 2014 16:28:28 org.apache.catalina.core.ApplicationContext log
INFO: ContextListener: contextInitialized()
10 nov. 2014 16:28:28 org.apache.catalina.core.ApplicationContext log
INFO: SessionListener: contextInitialized()
10 nov. 2014 17:11:21 org.apache.catalina.core.StandardWrapperValve invoke
GRAVE: "Servlet.service()" pour la servlet dynaXML a généré une exception
java.lang.OutOfMemoryError: Java heap space
	at net.sf.saxon.tinytree.TinyTree.ensureNodeCapacity(TinyTree.java:202)
	at net.sf.saxon.tinytree.TinyTree.addNode(TinyTree.java:292)
	at net.sf.saxon.tinytree.TinyBuilder.startElement(TinyBuilder.java:172)
	at net.sf.saxon.event.Stripper.startElement(Stripper.java:181)
	at net.sf.saxon.event.ReceivingContentHandler.startElement(ReceivingContentHandler.java:217)
	at com.sun.org.apache.xerces.internal.parsers.AbstractSAXParser.startElement(Unknown Source)
	at com.sun.org.apache.xerces.internal.impl.XMLNSDocumentScannerImpl.scanStartElement(Unknown Source)
	at com.sun.org.apache.xerces.internal.impl.XMLDocumentFragmentScannerImpl$FragmentContentDriver.next(Unknown Source)
	at com.sun.org.apache.xerces.internal.impl.XMLDocumentScannerImpl.next(Unknown Source)
	at com.sun.org.apache.xerces.internal.impl.XMLNSDocumentScannerImpl.next(Unknown Source)
	at com.sun.org.apache.xerces.internal.impl.XMLDocumentFragmentScannerImpl.scanDocument(Unknown Source)
	at com.sun.org.apache.xerces.internal.parsers.XML11Configuration.parse(Unknown Source)
	at com.sun.org.apache.xerces.internal.parsers.XML11Configuration.parse(Unknown Source)
	at com.sun.org.apache.xerces.internal.parsers.XMLParser.parse(Unknown Source)
	at com.sun.org.apache.xerces.internal.parsers.AbstractSAXParser.parse(Unknown Source)
	at com.sun.org.apache.xerces.internal.jaxp.SAXParserImpl$JAXPSAXParser.parse(Unknown Source)
	at org.cdlib.xtf.servletBase.DTDSuppressingXMLReader.parse(DTDSuppressingXMLReader.java:138)
	at net.sf.saxon.event.Sender.sendSAXSource(Sender.java:300)
	at net.sf.saxon.event.Sender.send(Sender.java:142)
	at net.sf.saxon.event.Sender.send(Sender.java:43)
	at net.sf.saxon.functions.Document.makeDoc(Document.java:262)
	at net.sf.saxon.functions.Document$DocumentMappingFunction.map(Document.java:134)
	at net.sf.saxon.expr.ItemMappingIterator.next(ItemMappingIterator.java:46)
	at net.sf.saxon.expr.ContextMappingIterator.next(ContextMappingIterator.java:52)
	at net.sf.saxon.expr.ContextMappingIterator.next(ContextMappingIterator.java:52)
	at net.sf.saxon.expr.ContextMappingIterator.next(ContextMappingIterator.java:52)
	at net.sf.saxon.expr.ContextMappingIterator.next(ContextMappingIterator.java:52)
	at net.sf.saxon.expr.ContextMappingIterator.next(ContextMappingIterator.java:52)
	at net.sf.saxon.value.SequenceExtent.<init>(SequenceExtent.java:98)
	at net.sf.saxon.sort.DocumentOrderIterator.<init>(DocumentOrderIterator.java:30)
	at net.sf.saxon.sort.DocumentSorter.iterate(DocumentSorter.java:72)
	at net.sf.saxon.expr.ExpressionTool.evaluate(ExpressionTool.java:370)
10 nov. 2014 17:12:14 org.apache.catalina.core.StandardWrapperValve invoke
GRAVE: "Servlet.service()" pour la servlet dynaXML a généré une exception
java.lang.OutOfMemoryError: Java heap space
	at java.util.HashMap.resize(Unknown Source)
	at java.util.HashMap.addEntry(Unknown Source)
	at java.util.HashMap.put(Unknown Source)
	at org.cdlib.xtf.lazyTree.LazyDocument.getNode(LazyDocument.java:530)
	at org.cdlib.xtf.lazyTree.NodeImpl.getNextSibling(NodeImpl.java:388)
	at org.cdlib.xtf.lazyTree.ParentNodeImpl.getLastChild(ParentNodeImpl.java:78)
	at org.cdlib.xtf.lazyTree.NodeImpl.getLastDescendantOrSelf(NodeImpl.java:619)
	at org.cdlib.xtf.lazyTree.NodeImpl.getPreviousInDocument(NodeImpl.java:612)
	at org.cdlib.xtf.lazyTree.PrecedingEnumeration.step(PrecedingEnumeration.java:37)
	at org.cdlib.xtf.lazyTree.TreeEnumeration.advance(TreeEnumeration.java:52)
	at org.cdlib.xtf.lazyTree.TreeEnumeration.next(TreeEnumeration.java:97)
	at net.sf.saxon.expr.FilterIterator.getNextMatchingItem(FilterIterator.java:65)
	at net.sf.saxon.expr.FilterIterator.next(FilterIterator.java:49)
	at net.sf.saxon.functions.Aggregate.count(Aggregate.java:291)
	at net.sf.saxon.functions.Aggregate.evaluateItem(Aggregate.java:98)
	at net.sf.saxon.expr.ArithmeticExpression.evaluateItem(ArithmeticExpression.java:226)
	at net.sf.saxon.functions.Concat.evaluateItem(Concat.java:38)
	at net.sf.saxon.expr.ExpressionTool.evaluate(ExpressionTool.java:361)
	at net.sf.saxon.expr.LetExpression.eval(LetExpression.java:229)
	at net.sf.saxon.expr.LetExpression.processLeavingTail(LetExpression.java:396)
	at net.sf.saxon.instruct.Choose.processLeavingTail(Choose.java:347)
	at net.sf.saxon.instruct.Instruction.process(Instruction.java:91)
	at net.sf.saxon.instruct.ForEach.processLeavingTail(ForEach.java:243)
	at net.sf.saxon.instruct.Instruction.process(Instruction.java:91)
	at net.sf.saxon.instruct.ForEach.processLeavingTail(ForEach.java:243)
	at net.sf.saxon.instruct.Instruction.process(Instruction.java:91)
	at net.sf.saxon.expr.LetExpression.process(LetExpression.java:268)
	at net.sf.saxon.instruct.ElementCreator.processLeavingTail(ElementCreator.java:240)
	at net.sf.saxon.instruct.Block.processLeavingTail(Block.java:365)
	at net.sf.saxon.instruct.Instruction.process(Instruction.java:91)
	at net.sf.saxon.instruct.ElementCreator.processLeavingTail(ElementCreator.java:240)
	at net.sf.saxon.instruct.Block.processLeavingTail(Block.java:365)
10 nov. 2014 20:53:58 org.apache.catalina.core.ApplicationContext log
INFO: ContextListener: contextInitialized()
10 nov. 2014 20:53:58 org.apache.catalina.core.ApplicationContext log
INFO: SessionListener: contextInitialized()
10 nov. 2014 21:59:18 org.apache.catalina.core.ApplicationContext log
INFO: SessionListener: contextDestroyed()
10 nov. 2014 21:59:18 org.apache.catalina.core.ApplicationContext log
INFO: ContextListener: contextDestroyed()
