25 août 2011 00:14:13 org.apache.catalina.core.ApplicationContext log
INFO: ContextListener: contextInitialized()
25 août 2011 00:14:13 org.apache.catalina.core.ApplicationContext log
INFO: SessionListener: contextInitialized()
25 août 2011 08:44:23 org.apache.catalina.core.ApplicationContext log
INFO: ContextListener: contextInitialized()
25 août 2011 08:44:23 org.apache.catalina.core.ApplicationContext log
INFO: SessionListener: contextInitialized()
25 août 2011 09:03:35 org.apache.catalina.core.ApplicationContext log
INFO: ContextListener: contextInitialized()
25 août 2011 09:03:35 org.apache.catalina.core.ApplicationContext log
INFO: SessionListener: contextInitialized()
25 août 2011 09:03:37 org.apache.catalina.core.ApplicationContext log
INFO: SessionListener: contextDestroyed()
25 août 2011 09:03:37 org.apache.catalina.core.ApplicationContext log
INFO: ContextListener: contextDestroyed()
25 août 2011 09:31:51 org.apache.catalina.core.ApplicationContext log
INFO: ContextListener: contextInitialized()
25 août 2011 09:31:51 org.apache.catalina.core.ApplicationContext log
INFO: SessionListener: contextInitialized()
25 août 2011 09:50:33 org.apache.catalina.core.ApplicationContext log
INFO: ContextListener: contextInitialized()
25 août 2011 09:50:33 org.apache.catalina.core.ApplicationContext log
INFO: SessionListener: contextInitialized()
25 août 2011 09:50:35 org.apache.catalina.core.ApplicationContext log
INFO: SessionListener: contextDestroyed()
25 août 2011 09:50:35 org.apache.catalina.core.ApplicationContext log
INFO: ContextListener: contextDestroyed()
25 août 2011 10:11:13 org.apache.catalina.core.ApplicationContext log
INFO: ContextListener: contextInitialized()
25 août 2011 10:11:13 org.apache.catalina.core.ApplicationContext log
INFO: SessionListener: contextInitialized()
25 août 2011 11:54:33 org.apache.catalina.core.ApplicationContext log
INFO: ContextListener: contextInitialized()
25 août 2011 11:54:33 org.apache.catalina.core.ApplicationContext log
INFO: SessionListener: contextInitialized()
25 août 2011 11:56:10 org.apache.catalina.core.ApplicationContext log
INFO: ContextListener: contextInitialized()
25 août 2011 11:56:10 org.apache.catalina.core.ApplicationContext log
INFO: SessionListener: contextInitialized()
25 août 2011 11:56:12 org.apache.catalina.core.ApplicationContext log
INFO: SessionListener: contextDestroyed()
25 août 2011 11:56:12 org.apache.catalina.core.ApplicationContext log
INFO: ContextListener: contextDestroyed()
25 août 2011 13:27:17 org.apache.catalina.core.ApplicationContext log
INFO: ContextListener: contextInitialized()
25 août 2011 13:27:17 org.apache.catalina.core.ApplicationContext log
INFO: SessionListener: contextInitialized()
