29 mars 2013 20:51:33 org.apache.catalina.core.ApplicationContext log
INFO: ContextListener: contextInitialized()
29 mars 2013 20:51:33 org.apache.catalina.core.ApplicationContext log
INFO: SessionListener: contextInitialized()
29 mars 2013 21:10:33 org.apache.catalina.core.ApplicationContext log
INFO: ContextListener: contextInitialized()
29 mars 2013 21:10:33 org.apache.catalina.core.ApplicationContext log
INFO: SessionListener: contextInitialized()
29 mars 2013 21:10:35 org.apache.catalina.core.ApplicationContext log
INFO: SessionListener: contextDestroyed()
29 mars 2013 21:10:35 org.apache.catalina.core.ApplicationContext log
INFO: ContextListener: contextDestroyed()
29 mars 2013 21:13:22 org.apache.catalina.core.ApplicationContext log
INFO: ContextListener: contextInitialized()
29 mars 2013 21:13:22 org.apache.catalina.core.ApplicationContext log
INFO: SessionListener: contextInitialized()
29 mars 2013 21:13:24 org.apache.catalina.core.ApplicationContext log
INFO: SessionListener: contextDestroyed()
29 mars 2013 21:13:24 org.apache.catalina.core.ApplicationContext log
INFO: ContextListener: contextDestroyed()
29 mars 2013 22:00:48 org.apache.catalina.core.ApplicationContext log
INFO: ContextListener: contextInitialized()
29 mars 2013 22:00:48 org.apache.catalina.core.ApplicationContext log
INFO: SessionListener: contextInitialized()
29 mars 2013 22:00:49 org.apache.catalina.core.ApplicationContext log
INFO: SessionListener: contextDestroyed()
29 mars 2013 22:00:49 org.apache.catalina.core.ApplicationContext log
INFO: ContextListener: contextDestroyed()
29 mars 2013 22:01:52 org.apache.catalina.core.ApplicationContext log
INFO: ContextListener: contextInitialized()
29 mars 2013 22:01:52 org.apache.catalina.core.ApplicationContext log
INFO: SessionListener: contextInitialized()
29 mars 2013 22:01:53 org.apache.catalina.core.ApplicationContext log
INFO: SessionListener: contextDestroyed()
29 mars 2013 22:01:53 org.apache.catalina.core.ApplicationContext log
INFO: ContextListener: contextDestroyed()
29 mars 2013 22:04:17 org.apache.catalina.core.ApplicationContext log
INFO: ContextListener: contextInitialized()
29 mars 2013 22:04:17 org.apache.catalina.core.ApplicationContext log
INFO: SessionListener: contextInitialized()
29 mars 2013 22:04:19 org.apache.catalina.core.ApplicationContext log
INFO: SessionListener: contextDestroyed()
29 mars 2013 22:04:19 org.apache.catalina.core.ApplicationContext log
INFO: ContextListener: contextDestroyed()
29 mars 2013 22:05:41 org.apache.catalina.core.ApplicationContext log
INFO: ContextListener: contextInitialized()
29 mars 2013 22:05:41 org.apache.catalina.core.ApplicationContext log
INFO: SessionListener: contextInitialized()
29 mars 2013 22:05:43 org.apache.catalina.core.ApplicationContext log
INFO: SessionListener: contextDestroyed()
29 mars 2013 22:05:43 org.apache.catalina.core.ApplicationContext log
INFO: ContextListener: contextDestroyed()
29 mars 2013 22:23:00 org.apache.catalina.core.ApplicationContext log
INFO: ContextListener: contextInitialized()
29 mars 2013 22:23:00 org.apache.catalina.core.ApplicationContext log
INFO: SessionListener: contextInitialized()
29 mars 2013 22:23:04 org.apache.catalina.core.ApplicationContext log
INFO: SessionListener: contextDestroyed()
29 mars 2013 22:23:04 org.apache.catalina.core.ApplicationContext log
INFO: ContextListener: contextDestroyed()
29 mars 2013 22:24:29 org.apache.catalina.core.ApplicationContext log
INFO: ContextListener: contextInitialized()
29 mars 2013 22:24:29 org.apache.catalina.core.ApplicationContext log
INFO: SessionListener: contextInitialized()
29 mars 2013 22:24:31 org.apache.catalina.core.ApplicationContext log
INFO: SessionListener: contextDestroyed()
29 mars 2013 22:24:31 org.apache.catalina.core.ApplicationContext log
INFO: ContextListener: contextDestroyed()
