18 avr. 2014 10:04:23 org.apache.catalina.core.ApplicationContext log
INFO: ContextListener: contextInitialized()
18 avr. 2014 10:04:23 org.apache.catalina.core.ApplicationContext log
INFO: SessionListener: contextInitialized()
18 avr. 2014 12:47:25 org.apache.catalina.core.StandardWrapperValve invoke
GRAVE: "Servlet.service()" pour la servlet dynaXML a généré une exception
java.lang.AssertionError: Slot manager has not been allocated
	at net.sf.saxon.style.StyleElement.allocateSlots(StyleElement.java:1036)
	at net.sf.saxon.style.XSLTemplate.compile(XSLTemplate.java:341)
	at net.sf.saxon.style.StyleElement.compileSequenceConstructor(StyleElement.java:1561)
	at net.sf.saxon.style.XSLIf.compile(XSLIf.java:111)
	at net.sf.saxon.style.XSLStylesheet.compileStylesheet(XSLStylesheet.java:1050)
	at net.sf.saxon.PreparedStylesheet.setStylesheetDocument(PreparedStylesheet.java:328)
	at net.sf.saxon.PreparedStylesheet.prepare(PreparedStylesheet.java:140)
	at net.sf.saxon.TransformerFactoryImpl.newTemplates(TransformerFactoryImpl.java:137)
	at org.cdlib.xtf.servletBase.StylesheetCache.generate(StylesheetCache.java:165)
	at org.cdlib.xtf.cache.GeneratingCache.find(GeneratingCache.java:73)
	at org.cdlib.xtf.servletBase.StylesheetCache.find(StylesheetCache.java:116)
	at org.cdlib.xtf.dynaXML.DynaXML.apply(DynaXML.java:458)
	at org.cdlib.xtf.dynaXML.DynaXML.doGet(DynaXML.java:252)
	at javax.servlet.http.HttpServlet.service(HttpServlet.java:617)
	at org.cdlib.xtf.servletBase.TextServlet.service(TextServlet.java:426)
	at javax.servlet.http.HttpServlet.service(HttpServlet.java:717)
	at org.apache.catalina.core.ApplicationFilterChain.internalDoFilter(ApplicationFilterChain.java:290)
	at org.apache.catalina.core.ApplicationFilterChain.doFilter(ApplicationFilterChain.java:206)
	at org.apache.catalina.core.StandardWrapperValve.invoke(StandardWrapperValve.java:233)
	at org.apache.catalina.core.StandardContextValve.invoke(StandardContextValve.java:191)
	at org.apache.catalina.core.StandardHostValve.invoke(StandardHostValve.java:127)
	at org.apache.catalina.valves.ErrorReportValve.invoke(ErrorReportValve.java:102)
	at org.apache.catalina.core.StandardEngineValve.invoke(StandardEngineValve.java:109)
	at org.apache.catalina.connector.CoyoteAdapter.service(CoyoteAdapter.java:298)
	at org.apache.coyote.http11.Http11Processor.process(Http11Processor.java:857)
	at org.apache.coyote.http11.Http11Protocol$Http11ConnectionHandler.process(Http11Protocol.java:588)
	at org.apache.tomcat.util.net.JIoEndpoint$Worker.run(JIoEndpoint.java:489)
	at java.lang.Thread.run(Unknown Source)
