mai 09, 2017 11:06:15 AM org.apache.catalina.core.ApplicationContext log
INFOS: ContextListener: contextInitialized()
mai 09, 2017 11:06:15 AM org.apache.catalina.core.ApplicationContext log
INFOS: SessionListener: contextInitialized()
mai 09, 2017 11:10:23 AM org.apache.catalina.core.ApplicationContext log
INFOS: SessionListener: contextDestroyed()
mai 09, 2017 11:10:23 AM org.apache.catalina.core.ApplicationContext log
INFOS: ContextListener: contextDestroyed()
mai 09, 2017 11:11:29 AM org.apache.catalina.core.ApplicationContext log
INFOS: ContextListener: contextInitialized()
mai 09, 2017 11:11:29 AM org.apache.catalina.core.ApplicationContext log
INFOS: SessionListener: contextInitialized()
mai 09, 2017 3:58:21 PM org.apache.catalina.core.ApplicationContext log
INFOS: SessionListener: contextDestroyed()
mai 09, 2017 3:58:21 PM org.apache.catalina.core.ApplicationContext log
INFOS: ContextListener: contextDestroyed()
mai 09, 2017 4:40:13 PM org.apache.catalina.core.ApplicationContext log
INFOS: ContextListener: contextInitialized()
mai 09, 2017 4:40:13 PM org.apache.catalina.core.ApplicationContext log
INFOS: SessionListener: contextInitialized()
mai 09, 2017 6:14:46 PM org.apache.catalina.core.ApplicationContext log
INFOS: SessionListener: contextDestroyed()
mai 09, 2017 6:14:46 PM org.apache.catalina.core.ApplicationContext log
INFOS: ContextListener: contextDestroyed()
