17 déc. 2015 13:06:52 org.apache.catalina.core.StandardWrapperValve invoke
GRAVE: "Servlet.service()" pour la servlet dynaXML a généré une exception
java.lang.OutOfMemoryError: Java heap space
	at org.cdlib.xtf.lazyTree.LazyDocument.createTextNode(LazyDocument.java:586)
	at org.cdlib.xtf.lazyTree.LazyDocument.getNode(LazyDocument.java:467)
	at org.cdlib.xtf.lazyTree.NodeImpl.getNextSibling(NodeImpl.java:388)
	at org.cdlib.xtf.lazyTree.NodeImpl.getNextInDocument(NodeImpl.java:592)
	at org.cdlib.xtf.lazyTree.DescendantEnumeration.step(DescendantEnumeration.java:23)
	at org.cdlib.xtf.lazyTree.TreeEnumeration.advance(TreeEnumeration.java:52)
	at org.cdlib.xtf.lazyTree.TreeEnumeration.next(TreeEnumeration.java:97)
	at net.sf.saxon.expr.FilterIterator.getNextMatchingItem(FilterIterator.java:65)
	at net.sf.saxon.expr.FilterIterator.next(FilterIterator.java:49)
	at net.sf.saxon.expr.ContextMappingIterator.next(ContextMappingIterator.java:45)
	at net.sf.saxon.expr.ContextMappingIterator.next(ContextMappingIterator.java:52)
	at net.sf.saxon.expr.SingletonAtomizer.evaluateItem(SingletonAtomizer.java:105)
	at net.sf.saxon.functions.NumberFn.evaluateItem(NumberFn.java:33)
	at net.sf.saxon.expr.ArithmeticExpression.evaluateItem(ArithmeticExpression.java:226)
	at net.sf.saxon.functions.Concat.evaluateItem(Concat.java:38)
	at net.sf.saxon.instruct.SimpleContentConstructor.evaluateItem(SimpleContentConstructor.java:216)
	at net.sf.saxon.functions.Concat.evaluateItem(Concat.java:38)
	at net.sf.saxon.instruct.SimpleNodeConstructor.expandChildren(SimpleNodeConstructor.java:150)
	at net.sf.saxon.instruct.FixedAttribute.processLeavingTail(FixedAttribute.java:247)
	at net.sf.saxon.instruct.Block.processLeavingTail(Block.java:365)
	at net.sf.saxon.instruct.Instruction.process(Instruction.java:91)
	at net.sf.saxon.instruct.ElementCreator.processLeavingTail(ElementCreator.java:240)
	at net.sf.saxon.instruct.Block.processLeavingTail(Block.java:365)
	at net.sf.saxon.instruct.Instruction.process(Instruction.java:91)
	at net.sf.saxon.instruct.ElementCreator.processLeavingTail(ElementCreator.java:240)
	at net.sf.saxon.instruct.Block.processLeavingTail(Block.java:365)
	at net.sf.saxon.expr.LetExpression.processLeavingTail(LetExpression.java:405)
	at net.sf.saxon.instruct.Choose.processLeavingTail(Choose.java:347)
	at net.sf.saxon.instruct.Template.applyLeavingTail(Template.java:98)
	at net.sf.saxon.instruct.ApplyTemplates.applyTemplates(ApplyTemplates.java:317)
	at net.sf.saxon.instruct.ApplyTemplates.apply(ApplyTemplates.java:187)
	at net.sf.saxon.instruct.ApplyTemplates.processLeavingTail(ApplyTemplates.java:151)
17 déc. 2015 13:08:48 org.apache.catalina.core.StandardWrapperValve invoke
GRAVE: "Servlet.service()" pour la servlet dynaXML a généré une exception
java.lang.OutOfMemoryError: Java heap space
	at org.cdlib.xtf.lazyTree.TextImpl.init(TextImpl.java:57)
	at org.cdlib.xtf.lazyTree.LazyDocument.getNode(LazyDocument.java:527)
	at org.cdlib.xtf.lazyTree.ParentNodeImpl.getFirstChild(ParentNodeImpl.java:68)
	at org.cdlib.xtf.lazyTree.NodeImpl.getNextInDocument(NodeImpl.java:571)
	at org.cdlib.xtf.lazyTree.DescendantEnumeration.step(DescendantEnumeration.java:23)
	at org.cdlib.xtf.lazyTree.TreeEnumeration.advance(TreeEnumeration.java:52)
	at org.cdlib.xtf.lazyTree.TreeEnumeration.next(TreeEnumeration.java:97)
	at net.sf.saxon.expr.FilterIterator.getNextMatchingItem(FilterIterator.java:65)
	at net.sf.saxon.expr.FilterIterator.next(FilterIterator.java:49)
	at net.sf.saxon.expr.ContextMappingIterator.next(ContextMappingIterator.java:59)
	at net.sf.saxon.expr.ExpressionTool.effectiveBooleanValue(ExpressionTool.java:619)
	at net.sf.saxon.expr.Expression.effectiveBooleanValue(Expression.java:299)
	at net.sf.saxon.instruct.Choose.iterate(Choose.java:409)
	at net.sf.saxon.instruct.ForEach.map(ForEach.java:279)
	at net.sf.saxon.expr.ContextMappingIterator.next(ContextMappingIterator.java:54)
	at net.sf.saxon.expr.MappingIterator.next(MappingIterator.java:51)
	at net.sf.saxon.expr.ItemMappingIterator.next(ItemMappingIterator.java:39)
	at net.sf.saxon.functions.StringJoin.evaluateItem(StringJoin.java:49)
	at net.sf.saxon.expr.CastExpression.evaluateItem(CastExpression.java:278)
	at net.sf.saxon.expr.Atomizer.evaluateItem(Atomizer.java:109)
	at net.sf.saxon.expr.SingletonComparison.effectiveBooleanValue(SingletonComparison.java:84)
	at net.sf.saxon.instruct.Choose.processLeavingTail(Choose.java:334)
	at net.sf.saxon.instruct.Instruction.process(Instruction.java:91)
	at net.sf.saxon.expr.LetExpression.process(LetExpression.java:268)
	at net.sf.saxon.instruct.ForEach.processLeavingTail(ForEach.java:243)
	at net.sf.saxon.instruct.Block.processLeavingTail(Block.java:365)
	at net.sf.saxon.instruct.Instruction.process(Instruction.java:91)
	at net.sf.saxon.instruct.ElementCreator.processLeavingTail(ElementCreator.java:240)
	at net.sf.saxon.instruct.Block.processLeavingTail(Block.java:365)
	at net.sf.saxon.instruct.Template.expand(Template.java:112)
	at net.sf.saxon.instruct.CallTemplate.process(CallTemplate.java:212)
	at net.sf.saxon.instruct.CallTemplate.processLeavingTail(CallTemplate.java:237)
17 déc. 2015 13:08:48 org.apache.catalina.core.StandardWrapperValve invoke
GRAVE: "Servlet.service()" pour la servlet dynaXML a généré une exception
java.lang.OutOfMemoryError: Java heap space
17 déc. 2015 14:10:05 org.apache.catalina.core.ApplicationContext log
INFO: SessionListener: contextDestroyed()
17 déc. 2015 14:10:05 org.apache.catalina.core.ApplicationContext log
INFO: ContextListener: contextDestroyed()
17 déc. 2015 14:11:50 org.apache.catalina.core.ApplicationContext log
INFO: ContextListener: contextInitialized()
17 déc. 2015 14:11:50 org.apache.catalina.core.ApplicationContext log
INFO: SessionListener: contextInitialized()
