26 mars 2015 09:58:45 org.apache.catalina.core.ApplicationContext log
INFO: ContextListener: contextInitialized()
26 mars 2015 09:58:45 org.apache.catalina.core.ApplicationContext log
INFO: SessionListener: contextInitialized()
26 mars 2015 10:03:14 org.apache.catalina.core.ApplicationContext log
INFO: SessionListener: contextDestroyed()
26 mars 2015 10:03:14 org.apache.catalina.core.ApplicationContext log
INFO: ContextListener: contextDestroyed()
26 mars 2015 10:10:30 org.apache.catalina.core.ApplicationContext log
INFO: ContextListener: contextInitialized()
26 mars 2015 10:10:30 org.apache.catalina.core.ApplicationContext log
INFO: SessionListener: contextInitialized()
26 mars 2015 10:11:17 org.apache.catalina.core.ApplicationContext log
INFO: SessionListener: contextDestroyed()
26 mars 2015 10:11:17 org.apache.catalina.core.ApplicationContext log
INFO: ContextListener: contextDestroyed()
26-Mar-2015 10:12:21 org.apache.catalina.core.ApplicationContext log
INFO: ContextListener: contextInitialized()
26-Mar-2015 10:12:21 org.apache.catalina.core.ApplicationContext log
INFO: SessionListener: contextInitialized()
