20 mars 2013 14:29:59 org.apache.catalina.core.ApplicationContext log
INFO: ContextListener: contextInitialized()
20 mars 2013 14:29:59 org.apache.catalina.core.ApplicationContext log
INFO: SessionListener: contextInitialized()
20 mars 2013 14:35:33 org.apache.catalina.core.ApplicationContext log
INFO: ContextListener: contextInitialized()
20 mars 2013 14:35:33 org.apache.catalina.core.ApplicationContext log
INFO: SessionListener: contextInitialized()
20 mars 2013 14:35:34 org.apache.catalina.core.ApplicationContext log
INFO: SessionListener: contextDestroyed()
20 mars 2013 14:35:34 org.apache.catalina.core.ApplicationContext log
INFO: ContextListener: contextDestroyed()
20 mars 2013 14:44:05 org.apache.catalina.core.ApplicationContext log
INFO: ContextListener: contextInitialized()
20 mars 2013 14:44:05 org.apache.catalina.core.ApplicationContext log
INFO: SessionListener: contextInitialized()
20 mars 2013 14:45:28 org.apache.catalina.core.ApplicationContext log
INFO: ContextListener: contextInitialized()
20 mars 2013 14:45:28 org.apache.catalina.core.ApplicationContext log
INFO: SessionListener: contextInitialized()
20 mars 2013 14:55:22 org.apache.catalina.core.ApplicationContext log
INFO: ContextListener: contextInitialized()
20 mars 2013 14:55:22 org.apache.catalina.core.ApplicationContext log
INFO: SessionListener: contextInitialized()
