8 janv. 2015 10:02:46 org.apache.catalina.core.ApplicationContext log
INFO: ContextListener: contextInitialized()
8 janv. 2015 10:02:46 org.apache.catalina.core.ApplicationContext log
INFO: SessionListener: contextInitialized()
8 janv. 2015 12:59:38 org.apache.catalina.core.ApplicationContext log
INFO: SessionListener: contextDestroyed()
8 janv. 2015 12:59:38 org.apache.catalina.core.ApplicationContext log
INFO: ContextListener: contextDestroyed()
8 janv. 2015 16:43:48 org.apache.catalina.core.ApplicationContext log
INFO: ContextListener: contextInitialized()
8 janv. 2015 16:43:48 org.apache.catalina.core.ApplicationContext log
INFO: SessionListener: contextInitialized()
8 janv. 2015 19:06:36 org.apache.catalina.core.ApplicationContext log
INFO: SessionListener: contextDestroyed()
8 janv. 2015 19:06:36 org.apache.catalina.core.ApplicationContext log
INFO: ContextListener: contextDestroyed()
8 janv. 2015 20:07:37 org.apache.catalina.core.ApplicationContext log
INFO: ContextListener: contextInitialized()
8 janv. 2015 20:07:38 org.apache.catalina.core.ApplicationContext log
INFO: SessionListener: contextInitialized()
8 janv. 2015 22:03:52 org.apache.catalina.core.ApplicationContext log
INFO: SessionListener: contextDestroyed()
8 janv. 2015 22:03:52 org.apache.catalina.core.ApplicationContext log
INFO: ContextListener: contextDestroyed()
