11 nov. 2011 09:53:20 org.apache.catalina.core.ApplicationContext log
INFO: ContextListener: contextInitialized()
11 nov. 2011 09:53:20 org.apache.catalina.core.ApplicationContext log
INFO: SessionListener: contextInitialized()
11 nov. 2011 10:57:33 org.apache.catalina.core.ApplicationContext log
INFO: ContextListener: contextInitialized()
11 nov. 2011 10:57:33 org.apache.catalina.core.ApplicationContext log
INFO: SessionListener: contextInitialized()
11 nov. 2011 10:57:35 org.apache.catalina.core.ApplicationContext log
INFO: SessionListener: contextDestroyed()
11 nov. 2011 10:57:35 org.apache.catalina.core.ApplicationContext log
INFO: ContextListener: contextDestroyed()
11 nov. 2011 10:57:49 org.apache.catalina.core.ApplicationContext log
INFO: ContextListener: contextInitialized()
11 nov. 2011 10:57:49 org.apache.catalina.core.ApplicationContext log
INFO: SessionListener: contextInitialized()
11 nov. 2011 14:16:27 org.apache.catalina.core.ApplicationContext log
INFO: ContextListener: contextInitialized()
11 nov. 2011 14:16:27 org.apache.catalina.core.ApplicationContext log
INFO: SessionListener: contextInitialized()
