16 mars 2013 10:32:17 org.apache.catalina.core.ApplicationContext log
INFO: ContextListener: contextInitialized()
16 mars 2013 10:32:17 org.apache.catalina.core.ApplicationContext log
INFO: SessionListener: contextInitialized()
16 mars 2013 10:46:26 org.apache.catalina.core.ApplicationContext log
INFO: ContextListener: contextInitialized()
16 mars 2013 10:46:26 org.apache.catalina.core.ApplicationContext log
INFO: SessionListener: contextInitialized()
16 mars 2013 10:46:28 org.apache.catalina.core.ApplicationContext log
INFO: SessionListener: contextDestroyed()
16 mars 2013 10:46:28 org.apache.catalina.core.ApplicationContext log
INFO: ContextListener: contextDestroyed()
16 mars 2013 10:54:17 org.apache.catalina.core.ApplicationContext log
INFO: ContextListener: contextInitialized()
16 mars 2013 10:54:17 org.apache.catalina.core.ApplicationContext log
INFO: SessionListener: contextInitialized()
16 mars 2013 12:05:24 org.apache.catalina.core.ApplicationContext log
INFO: ContextListener: contextInitialized()
16 mars 2013 12:05:24 org.apache.catalina.core.ApplicationContext log
INFO: SessionListener: contextInitialized()
16 mars 2013 12:08:27 org.apache.catalina.core.ApplicationContext log
INFO: ContextListener: contextInitialized()
16 mars 2013 12:08:27 org.apache.catalina.core.ApplicationContext log
INFO: SessionListener: contextInitialized()
16 mars 2013 12:12:56 org.apache.catalina.core.ApplicationContext log
INFO: ContextListener: contextInitialized()
16 mars 2013 12:12:56 org.apache.catalina.core.ApplicationContext log
INFO: SessionListener: contextInitialized()
16 mars 2013 12:14:25 org.apache.catalina.core.ApplicationContext log
INFO: ContextListener: contextInitialized()
16 mars 2013 12:14:25 org.apache.catalina.core.ApplicationContext log
INFO: SessionListener: contextInitialized()
16 mars 2013 12:14:26 org.apache.catalina.core.ApplicationContext log
INFO: SessionListener: contextDestroyed()
16 mars 2013 12:14:26 org.apache.catalina.core.ApplicationContext log
INFO: ContextListener: contextDestroyed()
16 mars 2013 12:19:25 org.apache.catalina.core.ApplicationContext log
INFO: ContextListener: contextInitialized()
16 mars 2013 12:19:25 org.apache.catalina.core.ApplicationContext log
INFO: SessionListener: contextInitialized()
16 mars 2013 12:24:52 org.apache.catalina.core.ApplicationContext log
INFO: ContextListener: contextInitialized()
16 mars 2013 12:24:52 org.apache.catalina.core.ApplicationContext log
INFO: SessionListener: contextInitialized()
16 mars 2013 12:29:21 org.apache.catalina.core.ApplicationContext log
INFO: ContextListener: contextInitialized()
16 mars 2013 12:29:21 org.apache.catalina.core.ApplicationContext log
INFO: SessionListener: contextInitialized()
16 mars 2013 12:46:13 org.apache.catalina.core.ApplicationContext log
INFO: ContextListener: contextInitialized()
16 mars 2013 12:46:13 org.apache.catalina.core.ApplicationContext log
INFO: SessionListener: contextInitialized()
16 mars 2013 13:05:03 org.apache.catalina.core.ApplicationContext log
INFO: ContextListener: contextInitialized()
16 mars 2013 13:05:03 org.apache.catalina.core.ApplicationContext log
INFO: SessionListener: contextInitialized()
16 mars 2013 13:24:13 org.apache.catalina.core.ApplicationContext log
INFO: ContextListener: contextInitialized()
16 mars 2013 13:24:13 org.apache.catalina.core.ApplicationContext log
INFO: SessionListener: contextInitialized()
16 mars 2013 13:24:15 org.apache.catalina.core.ApplicationContext log
INFO: SessionListener: contextDestroyed()
16 mars 2013 13:24:15 org.apache.catalina.core.ApplicationContext log
INFO: ContextListener: contextDestroyed()
16 mars 2013 13:25:54 org.apache.catalina.core.ApplicationContext log
INFO: ContextListener: contextInitialized()
16 mars 2013 13:25:54 org.apache.catalina.core.ApplicationContext log
INFO: SessionListener: contextInitialized()
16 mars 2013 13:45:48 org.apache.catalina.core.ApplicationContext log
INFO: ContextListener: contextInitialized()
16 mars 2013 13:45:48 org.apache.catalina.core.ApplicationContext log
INFO: SessionListener: contextInitialized()
16 mars 2013 14:24:21 org.apache.catalina.core.ApplicationContext log
INFO: ContextListener: contextInitialized()
16 mars 2013 14:24:21 org.apache.catalina.core.ApplicationContext log
INFO: SessionListener: contextInitialized()
16 mars 2013 15:02:06 org.apache.catalina.core.ApplicationContext log
INFO: ContextListener: contextInitialized()
16 mars 2013 15:02:06 org.apache.catalina.core.ApplicationContext log
INFO: SessionListener: contextInitialized()
16 mars 2013 16:13:14 org.apache.catalina.core.ApplicationContext log
INFO: ContextListener: contextInitialized()
16 mars 2013 16:13:14 org.apache.catalina.core.ApplicationContext log
INFO: SessionListener: contextInitialized()
16 mars 2013 16:14:41 org.apache.catalina.core.ApplicationContext log
INFO: ContextListener: contextInitialized()
16 mars 2013 16:14:41 org.apache.catalina.core.ApplicationContext log
INFO: SessionListener: contextInitialized()
16 mars 2013 16:30:49 org.apache.catalina.core.ApplicationContext log
INFO: ContextListener: contextInitialized()
16 mars 2013 16:30:49 org.apache.catalina.core.ApplicationContext log
INFO: SessionListener: contextInitialized()
16 mars 2013 17:07:28 org.apache.catalina.core.ApplicationContext log
INFO: ContextListener: contextInitialized()
16 mars 2013 17:07:28 org.apache.catalina.core.ApplicationContext log
INFO: SessionListener: contextInitialized()
16 mars 2013 17:22:43 org.apache.catalina.core.ApplicationContext log
INFO: ContextListener: contextInitialized()
16 mars 2013 17:22:43 org.apache.catalina.core.ApplicationContext log
INFO: SessionListener: contextInitialized()
16 mars 2013 17:26:01 org.apache.catalina.core.ApplicationContext log
INFO: ContextListener: contextInitialized()
16 mars 2013 17:26:01 org.apache.catalina.core.ApplicationContext log
INFO: SessionListener: contextInitialized()
16 mars 2013 17:29:48 org.apache.catalina.core.ApplicationContext log
INFO: ContextListener: contextInitialized()
16 mars 2013 17:29:48 org.apache.catalina.core.ApplicationContext log
INFO: SessionListener: contextInitialized()
16 mars 2013 18:18:43 org.apache.catalina.core.ApplicationContext log
INFO: ContextListener: contextInitialized()
16 mars 2013 18:18:43 org.apache.catalina.core.ApplicationContext log
INFO: SessionListener: contextInitialized()
16 mars 2013 18:18:45 org.apache.catalina.core.ApplicationContext log
INFO: SessionListener: contextDestroyed()
16 mars 2013 18:18:45 org.apache.catalina.core.ApplicationContext log
INFO: ContextListener: contextDestroyed()
16 mars 2013 18:23:23 org.apache.catalina.core.ApplicationContext log
INFO: ContextListener: contextInitialized()
16 mars 2013 18:23:23 org.apache.catalina.core.ApplicationContext log
INFO: SessionListener: contextInitialized()
16 mars 2013 18:23:25 org.apache.catalina.core.ApplicationContext log
INFO: SessionListener: contextDestroyed()
16 mars 2013 18:23:25 org.apache.catalina.core.ApplicationContext log
INFO: ContextListener: contextDestroyed()
