22 nov. 2014 14:37:42 org.apache.catalina.core.ApplicationContext log
INFO: ContextListener: contextInitialized()
22 nov. 2014 14:37:42 org.apache.catalina.core.ApplicationContext log
INFO: SessionListener: contextInitialized()
22 nov. 2014 15:19:09 org.apache.catalina.core.ApplicationContext log
INFO: ContextListener: contextInitialized()
22 nov. 2014 15:19:09 org.apache.catalina.core.ApplicationContext log
INFO: SessionListener: contextInitialized()
22 nov. 2014 19:01:24 org.apache.catalina.core.ApplicationContext log
INFO: SessionListener: contextDestroyed()
22 nov. 2014 19:01:24 org.apache.catalina.core.ApplicationContext log
INFO: ContextListener: contextDestroyed()
22 nov. 2014 19:02:34 org.apache.catalina.core.ApplicationContext log
INFO: ContextListener: contextInitialized()
22 nov. 2014 19:02:34 org.apache.catalina.core.ApplicationContext log
INFO: SessionListener: contextInitialized()
22 nov. 2014 23:10:53 org.apache.catalina.core.ApplicationContext log
INFO: SessionListener: contextDestroyed()
22 nov. 2014 23:10:53 org.apache.catalina.core.ApplicationContext log
INFO: ContextListener: contextDestroyed()
