26 nov. 2015 10:08:30 org.apache.catalina.core.ApplicationContext log
INFO: ContextListener: contextInitialized()
26 nov. 2015 10:08:30 org.apache.catalina.core.ApplicationContext log
INFO: SessionListener: contextInitialized()
26 nov. 2015 10:08:32 org.apache.catalina.core.ApplicationContext log
INFO: SessionListener: contextDestroyed()
26 nov. 2015 10:08:32 org.apache.catalina.core.ApplicationContext log
INFO: ContextListener: contextDestroyed()
26 nov. 2015 10:09:21 org.apache.catalina.core.ApplicationContext log
INFO: ContextListener: contextInitialized()
26 nov. 2015 10:09:21 org.apache.catalina.core.ApplicationContext log
INFO: SessionListener: contextInitialized()
26 nov. 2015 10:09:22 org.apache.catalina.core.ApplicationContext log
INFO: SessionListener: contextDestroyed()
26 nov. 2015 10:09:22 org.apache.catalina.core.ApplicationContext log
INFO: ContextListener: contextDestroyed()
26 nov. 2015 10:10:01 org.apache.catalina.core.ApplicationContext log
INFO: SessionListener: contextDestroyed()
26 nov. 2015 10:10:01 org.apache.catalina.core.ApplicationContext log
INFO: ContextListener: contextDestroyed()
26 nov. 2015 10:10:07 org.apache.catalina.core.ApplicationContext log
INFO: ContextListener: contextInitialized()
26 nov. 2015 10:10:07 org.apache.catalina.core.ApplicationContext log
INFO: SessionListener: contextInitialized()
26 nov. 2015 14:24:29 org.apache.catalina.core.ApplicationContext log
INFO: SessionListener: contextDestroyed()
26 nov. 2015 14:24:29 org.apache.catalina.core.ApplicationContext log
INFO: ContextListener: contextDestroyed()
26 nov. 2015 14:25:44 org.apache.catalina.core.ApplicationContext log
INFO: ContextListener: contextInitialized()
26 nov. 2015 14:25:44 org.apache.catalina.core.ApplicationContext log
INFO: SessionListener: contextInitialized()
26 nov. 2015 14:59:17 org.apache.catalina.core.ApplicationContext log
INFO: SessionListener: contextDestroyed()
26 nov. 2015 14:59:17 org.apache.catalina.core.ApplicationContext log
INFO: ContextListener: contextDestroyed()
