5 nov. 2015 16:03:33 org.apache.catalina.core.StandardWrapperValve invoke
GRAVE: "Servlet.service()" pour la servlet dynaXML a généré une exception
java.lang.NullPointerException
	at org.cdlib.xtf.util.Trace.output(Trace.java:533)
	at org.cdlib.xtf.util.Trace.t_info(Trace.java:368)
	at org.cdlib.xtf.util.Trace.info(Trace.java:348)
	at org.cdlib.xtf.servletBase.TextServlet.service(TextServlet.java:446)
	at javax.servlet.http.HttpServlet.service(HttpServlet.java:717)
	at org.apache.catalina.core.ApplicationFilterChain.internalDoFilter(ApplicationFilterChain.java:290)
	at org.apache.catalina.core.ApplicationFilterChain.doFilter(ApplicationFilterChain.java:206)
	at org.apache.catalina.core.StandardWrapperValve.invoke(StandardWrapperValve.java:233)
	at org.apache.catalina.core.StandardContextValve.invoke(StandardContextValve.java:191)
	at org.apache.catalina.core.StandardHostValve.invoke(StandardHostValve.java:127)
	at org.apache.catalina.valves.ErrorReportValve.invoke(ErrorReportValve.java:102)
	at org.apache.catalina.core.StandardEngineValve.invoke(StandardEngineValve.java:109)
	at org.apache.catalina.connector.CoyoteAdapter.service(CoyoteAdapter.java:298)
	at org.apache.coyote.http11.Http11Processor.process(Http11Processor.java:857)
	at org.apache.coyote.http11.Http11Protocol$Http11ConnectionHandler.process(Http11Protocol.java:588)
	at org.apache.tomcat.util.net.JIoEndpoint$Worker.run(JIoEndpoint.java:489)
	at java.lang.Thread.run(Thread.java:695)
5 nov. 2015 16:03:33 org.apache.catalina.core.StandardWrapperValve invoke
GRAVE: "Servlet.service()" pour la servlet dynaXML a généré une exception
java.lang.NullPointerException
	at org.cdlib.xtf.saxonExt.sql.SQLConnect.closeThreadConnections(SQLConnect.java:40)
	at org.cdlib.xtf.servletBase.TextServlet.service(TextServlet.java:438)
	at javax.servlet.http.HttpServlet.service(HttpServlet.java:717)
	at org.apache.catalina.core.ApplicationFilterChain.internalDoFilter(ApplicationFilterChain.java:290)
	at org.apache.catalina.core.ApplicationFilterChain.doFilter(ApplicationFilterChain.java:206)
	at org.apache.catalina.core.StandardWrapperValve.invoke(StandardWrapperValve.java:233)
	at org.apache.catalina.core.StandardContextValve.invoke(StandardContextValve.java:191)
	at org.apache.catalina.core.StandardHostValve.invoke(StandardHostValve.java:127)
	at org.apache.catalina.valves.ErrorReportValve.invoke(ErrorReportValve.java:102)
	at org.apache.catalina.core.StandardEngineValve.invoke(StandardEngineValve.java:109)
	at org.apache.catalina.connector.CoyoteAdapter.service(CoyoteAdapter.java:298)
	at org.apache.coyote.http11.Http11Processor.process(Http11Processor.java:857)
	at org.apache.coyote.http11.Http11Protocol$Http11ConnectionHandler.process(Http11Protocol.java:588)
	at org.apache.tomcat.util.net.JIoEndpoint$Worker.run(JIoEndpoint.java:489)
	at java.lang.Thread.run(Thread.java:695)
5 nov. 2015 16:03:33 org.apache.catalina.core.StandardWrapperValve invoke
GRAVE: "Servlet.service()" pour la servlet dynaXML a généré une exception
java.lang.NullPointerException
	at org.cdlib.xtf.saxonExt.sql.SQLConnect.closeThreadConnections(SQLConnect.java:40)
	at org.cdlib.xtf.servletBase.TextServlet.service(TextServlet.java:438)
	at javax.servlet.http.HttpServlet.service(HttpServlet.java:717)
	at org.apache.catalina.core.ApplicationFilterChain.internalDoFilter(ApplicationFilterChain.java:290)
	at org.apache.catalina.core.ApplicationFilterChain.doFilter(ApplicationFilterChain.java:206)
	at org.apache.catalina.core.StandardWrapperValve.invoke(StandardWrapperValve.java:233)
	at org.apache.catalina.core.StandardContextValve.invoke(StandardContextValve.java:191)
	at org.apache.catalina.core.StandardHostValve.invoke(StandardHostValve.java:127)
	at org.apache.catalina.valves.ErrorReportValve.invoke(ErrorReportValve.java:102)
	at org.apache.catalina.core.StandardEngineValve.invoke(StandardEngineValve.java:109)
	at org.apache.catalina.connector.CoyoteAdapter.service(CoyoteAdapter.java:298)
	at org.apache.coyote.http11.Http11Processor.process(Http11Processor.java:857)
	at org.apache.coyote.http11.Http11Protocol$Http11ConnectionHandler.process(Http11Protocol.java:588)
	at org.apache.tomcat.util.net.JIoEndpoint$Worker.run(JIoEndpoint.java:489)
	at java.lang.Thread.run(Thread.java:695)
5 nov. 2015 16:03:33 org.apache.catalina.core.ApplicationContext log
INFO: SessionListener: contextDestroyed()
5 nov. 2015 16:03:33 org.apache.catalina.core.ApplicationContext log
INFO: ContextListener: contextDestroyed()
5 nov. 2015 16:04:00 org.apache.catalina.core.ApplicationContext log
INFO: ContextListener: contextInitialized()
5 nov. 2015 16:04:00 org.apache.catalina.core.ApplicationContext log
INFO: SessionListener: contextInitialized()
5 nov. 2015 16:11:03 org.apache.catalina.core.ApplicationContext log
INFO: ContextListener: contextInitialized()
5 nov. 2015 16:11:03 org.apache.catalina.core.ApplicationContext log
INFO: SessionListener: contextInitialized()
5 nov. 2015 16:11:05 org.apache.catalina.core.ApplicationContext log
INFO: SessionListener: contextDestroyed()
5 nov. 2015 16:11:05 org.apache.catalina.core.ApplicationContext log
INFO: ContextListener: contextDestroyed()
5 nov. 2015 20:10:52 org.apache.catalina.core.ApplicationContext log
INFO: SessionListener: contextDestroyed()
5 nov. 2015 20:10:52 org.apache.catalina.core.ApplicationContext log
INFO: ContextListener: contextDestroyed()
5 nov. 2015 21:22:30 org.apache.catalina.core.ApplicationContext log
INFO: ContextListener: contextInitialized()
5 nov. 2015 21:22:30 org.apache.catalina.core.ApplicationContext log
INFO: SessionListener: contextInitialized()
5 nov. 2015 21:23:18 org.apache.catalina.core.ApplicationContext log
INFO: SessionListener: contextDestroyed()
5 nov. 2015 21:23:18 org.apache.catalina.core.ApplicationContext log
INFO: ContextListener: contextDestroyed()
5 nov. 2015 21:23:32 org.apache.catalina.core.ApplicationContext log
INFO: ContextListener: contextInitialized()
5 nov. 2015 21:23:32 org.apache.catalina.core.ApplicationContext log
INFO: SessionListener: contextInitialized()
5 nov. 2015 21:26:31 org.apache.catalina.core.ApplicationContext log
INFO: ContextListener: contextInitialized()
5 nov. 2015 21:26:31 org.apache.catalina.core.ApplicationContext log
INFO: SessionListener: contextInitialized()
5 nov. 2015 21:26:32 org.apache.catalina.core.ApplicationContext log
INFO: SessionListener: contextDestroyed()
5 nov. 2015 21:26:32 org.apache.catalina.core.ApplicationContext log
INFO: ContextListener: contextDestroyed()
