13 mars 2015 09:08:15 org.apache.catalina.core.ApplicationContext log
INFO: ContextListener: contextInitialized()
13 mars 2015 09:08:15 org.apache.catalina.core.ApplicationContext log
INFO: SessionListener: contextInitialized()
13 mars 2015 09:33:47 org.apache.catalina.core.ApplicationContext log
INFO: ContextListener: contextInitialized()
13 mars 2015 09:33:47 org.apache.catalina.core.ApplicationContext log
INFO: SessionListener: contextInitialized()
13 mars 2015 10:29:22 org.apache.catalina.core.ApplicationContext log
INFO: SessionListener: contextDestroyed()
13 mars 2015 10:29:22 org.apache.catalina.core.ApplicationContext log
INFO: ContextListener: contextDestroyed()
13 mars 2015 16:43:35 org.apache.catalina.core.ApplicationContext log
INFO: ContextListener: contextInitialized()
13 mars 2015 16:43:35 org.apache.catalina.core.ApplicationContext log
INFO: SessionListener: contextInitialized()
13 mars 2015 17:41:31 org.apache.catalina.core.ApplicationContext log
INFO: SessionListener: contextDestroyed()
13 mars 2015 17:41:31 org.apache.catalina.core.ApplicationContext log
INFO: ContextListener: contextDestroyed()
