août 13, 2020 6:13:13 PM org.apache.catalina.core.ApplicationContext log
INFOS: ContextListener: contextInitialized()
août 13, 2020 6:13:13 PM org.apache.catalina.core.ApplicationContext log
INFOS: SessionListener: contextInitialized()
août 13, 2020 6:13:14 PM org.apache.catalina.core.ApplicationContext log
INFOS: SessionListener: contextDestroyed()
août 13, 2020 6:13:14 PM org.apache.catalina.core.ApplicationContext log
INFOS: ContextListener: contextDestroyed()
août 13, 2020 6:20:05 PM org.apache.catalina.core.ApplicationContext log
INFOS: ContextListener: contextInitialized()
août 13, 2020 6:20:05 PM org.apache.catalina.core.ApplicationContext log
INFOS: SessionListener: contextInitialized()
août 13, 2020 6:20:06 PM org.apache.catalina.core.ApplicationContext log
INFOS: SessionListener: contextDestroyed()
août 13, 2020 6:20:06 PM org.apache.catalina.core.ApplicationContext log
INFOS: ContextListener: contextDestroyed()
août 13, 2020 6:30:34 PM org.apache.catalina.core.ApplicationContext log
INFOS: ContextListener: contextInitialized()
août 13, 2020 6:30:34 PM org.apache.catalina.core.ApplicationContext log
INFOS: SessionListener: contextInitialized()
