23 août 2011 10:03:56 org.apache.catalina.core.ApplicationContext log
INFO: ContextListener: contextInitialized()
23 août 2011 10:03:56 org.apache.catalina.core.ApplicationContext log
INFO: SessionListener: contextInitialized()
23 août 2011 14:36:11 org.apache.catalina.core.ApplicationContext log
INFO: ContextListener: contextInitialized()
23 août 2011 14:36:11 org.apache.catalina.core.ApplicationContext log
INFO: SessionListener: contextInitialized()
23 août 2011 19:24:45 org.apache.catalina.core.ApplicationContext log
INFO: ContextListener: contextInitialized()
23 août 2011 19:24:45 org.apache.catalina.core.ApplicationContext log
INFO: SessionListener: contextInitialized()
23 août 2011 19:48:47 org.apache.catalina.core.ApplicationContext log
INFO: ContextListener: contextInitialized()
23 août 2011 19:48:47 org.apache.catalina.core.ApplicationContext log
INFO: SessionListener: contextInitialized()
23 août 2011 19:48:49 org.apache.catalina.core.ApplicationContext log
INFO: SessionListener: contextDestroyed()
23 août 2011 19:48:49 org.apache.catalina.core.ApplicationContext log
INFO: ContextListener: contextDestroyed()
23 août 2011 19:58:46 org.apache.catalina.core.ApplicationContext log
INFO: ContextListener: contextInitialized()
23 août 2011 19:58:46 org.apache.catalina.core.ApplicationContext log
INFO: SessionListener: contextInitialized()
