24 mars 2015 09:55:26 org.apache.catalina.core.ApplicationContext log
INFO: ContextListener: contextInitialized()
24 mars 2015 09:55:26 org.apache.catalina.core.ApplicationContext log
INFO: SessionListener: contextInitialized()
24 mars 2015 09:55:48 org.apache.catalina.core.ApplicationContext log
INFO: SessionListener: contextDestroyed()
24 mars 2015 09:55:48 org.apache.catalina.core.ApplicationContext log
INFO: ContextListener: contextDestroyed()
24 mars 2015 09:56:42 org.apache.catalina.core.ApplicationContext log
INFO: ContextListener: contextInitialized()
24 mars 2015 09:56:42 org.apache.catalina.core.ApplicationContext log
INFO: SessionListener: contextInitialized()
24 mars 2015 14:33:30 org.apache.catalina.core.ApplicationContext log
INFO: SessionListener: contextDestroyed()
24 mars 2015 14:33:30 org.apache.catalina.core.ApplicationContext log
INFO: ContextListener: contextDestroyed()
24 mars 2015 14:36:13 org.apache.catalina.core.ApplicationContext log
INFO: ContextListener: contextInitialized()
24 mars 2015 14:36:13 org.apache.catalina.core.ApplicationContext log
INFO: SessionListener: contextInitialized()
24 mars 2015 16:15:50 org.apache.catalina.core.ApplicationContext log
INFO: SessionListener: contextDestroyed()
24 mars 2015 16:15:50 org.apache.catalina.core.ApplicationContext log
INFO: ContextListener: contextDestroyed()
24 mars 2015 16:16:03 org.apache.catalina.core.ApplicationContext log
INFO: ContextListener: contextInitialized()
24 mars 2015 16:16:03 org.apache.catalina.core.ApplicationContext log
INFO: SessionListener: contextInitialized()
24 mars 2015 17:11:13 org.apache.catalina.core.ApplicationContext log
INFO: SessionListener: contextDestroyed()
24 mars 2015 17:11:13 org.apache.catalina.core.ApplicationContext log
INFO: ContextListener: contextDestroyed()
24 mars 2015 21:41:18 org.apache.catalina.core.ApplicationContext log
INFO: ContextListener: contextInitialized()
24 mars 2015 21:41:18 org.apache.catalina.core.ApplicationContext log
INFO: SessionListener: contextInitialized()
24 mars 2015 22:19:35 org.apache.catalina.core.ApplicationContext log
INFO: SessionListener: contextDestroyed()
24 mars 2015 22:19:35 org.apache.catalina.core.ApplicationContext log
INFO: ContextListener: contextDestroyed()
