21 août 2011 10:39:12 org.apache.catalina.core.ApplicationContext log
INFO: ContextListener: contextInitialized()
21 août 2011 10:39:12 org.apache.catalina.core.ApplicationContext log
INFO: SessionListener: contextInitialized()
21 août 2011 15:40:23 org.apache.catalina.core.ApplicationContext log
INFO: ContextListener: contextInitialized()
21 août 2011 15:40:23 org.apache.catalina.core.ApplicationContext log
INFO: SessionListener: contextInitialized()
21 août 2011 15:40:25 org.apache.catalina.core.ApplicationContext log
INFO: SessionListener: contextDestroyed()
21 août 2011 15:40:25 org.apache.catalina.core.ApplicationContext log
INFO: ContextListener: contextDestroyed()
21 août 2011 15:52:32 org.apache.catalina.core.ApplicationContext log
INFO: ContextListener: contextInitialized()
21 août 2011 15:52:32 org.apache.catalina.core.ApplicationContext log
INFO: SessionListener: contextInitialized()
21 août 2011 16:10:15 org.apache.catalina.core.ApplicationContext log
INFO: ContextListener: contextInitialized()
21 août 2011 16:10:15 org.apache.catalina.core.ApplicationContext log
INFO: SessionListener: contextInitialized()
21 août 2011 16:10:17 org.apache.catalina.core.ApplicationContext log
INFO: SessionListener: contextDestroyed()
21 août 2011 16:10:17 org.apache.catalina.core.ApplicationContext log
INFO: ContextListener: contextDestroyed()
21 août 2011 16:13:47 org.apache.catalina.core.ApplicationContext log
INFO: ContextListener: contextInitialized()
21 août 2011 16:13:47 org.apache.catalina.core.ApplicationContext log
INFO: SessionListener: contextInitialized()
21 août 2011 16:13:49 org.apache.catalina.core.ApplicationContext log
INFO: SessionListener: contextDestroyed()
21 août 2011 16:13:49 org.apache.catalina.core.ApplicationContext log
INFO: ContextListener: contextDestroyed()
21 août 2011 17:24:38 org.apache.catalina.core.ApplicationContext log
INFO: ContextListener: contextInitialized()
21 août 2011 17:24:38 org.apache.catalina.core.ApplicationContext log
INFO: SessionListener: contextInitialized()
21 août 2011 17:35:57 org.apache.catalina.core.ApplicationContext log
INFO: ContextListener: contextInitialized()
21 août 2011 17:35:57 org.apache.catalina.core.ApplicationContext log
INFO: SessionListener: contextInitialized()
21 août 2011 17:35:59 org.apache.catalina.core.ApplicationContext log
INFO: SessionListener: contextDestroyed()
21 août 2011 17:35:59 org.apache.catalina.core.ApplicationContext log
INFO: ContextListener: contextDestroyed()
21 août 2011 17:45:42 org.apache.catalina.core.ApplicationContext log
INFO: ContextListener: contextInitialized()
21 août 2011 17:45:42 org.apache.catalina.core.ApplicationContext log
INFO: SessionListener: contextInitialized()
