24 août 2011 13:16:58 org.apache.catalina.core.ApplicationContext log
INFO: ContextListener: contextInitialized()
24 août 2011 13:16:58 org.apache.catalina.core.ApplicationContext log
INFO: SessionListener: contextInitialized()
24 août 2011 13:32:43 org.apache.catalina.core.ApplicationContext log
INFO: ContextListener: contextInitialized()
24 août 2011 13:32:43 org.apache.catalina.core.ApplicationContext log
INFO: SessionListener: contextInitialized()
24 août 2011 13:32:45 org.apache.catalina.core.ApplicationContext log
INFO: SessionListener: contextDestroyed()
24 août 2011 13:32:45 org.apache.catalina.core.ApplicationContext log
INFO: ContextListener: contextDestroyed()
24 août 2011 14:07:54 org.apache.catalina.core.ApplicationContext log
INFO: ContextListener: contextInitialized()
24 août 2011 14:07:54 org.apache.catalina.core.ApplicationContext log
INFO: SessionListener: contextInitialized()
24 août 2011 14:07:56 org.apache.catalina.core.ApplicationContext log
INFO: SessionListener: contextDestroyed()
24 août 2011 14:07:56 org.apache.catalina.core.ApplicationContext log
INFO: ContextListener: contextDestroyed()
24 août 2011 23:22:37 org.apache.catalina.core.ApplicationContext log
INFO: ContextListener: contextInitialized()
24 août 2011 23:22:37 org.apache.catalina.core.ApplicationContext log
INFO: SessionListener: contextInitialized()
24 août 2011 23:59:22 org.apache.catalina.core.ApplicationContext log
INFO: ContextListener: contextInitialized()
24 août 2011 23:59:22 org.apache.catalina.core.ApplicationContext log
INFO: SessionListener: contextInitialized()
