13 d残. 2015 16:52:32 org.apache.catalina.core.ApplicationContext log
INFO: ContextListener: contextInitialized()
13 d残. 2015 16:52:32 org.apache.catalina.core.ApplicationContext log
INFO: SessionListener: contextInitialized()
13 d残. 2015 16:52:34 org.apache.catalina.core.ApplicationContext log
INFO: SessionListener: contextDestroyed()
13 d残. 2015 16:52:34 org.apache.catalina.core.ApplicationContext log
INFO: ContextListener: contextDestroyed()
13 d残. 2015 16:52:48 org.apache.catalina.core.ApplicationContext log
INFO: SessionListener: contextDestroyed()
13 d残. 2015 16:52:48 org.apache.catalina.core.ApplicationContext log
INFO: ContextListener: contextDestroyed()
13 d残. 2015 16:53:00 org.apache.catalina.core.ApplicationContext log
INFO: ContextListener: contextInitialized()
13 d残. 2015 16:53:00 org.apache.catalina.core.ApplicationContext log
INFO: SessionListener: contextInitialized()
13 d残. 2015 17:13:39 org.apache.catalina.core.ApplicationContext log
INFO: SessionListener: contextDestroyed()
13 d残. 2015 17:13:39 org.apache.catalina.core.ApplicationContext log
INFO: ContextListener: contextDestroyed()
13 d残. 2015 17:14:17 org.apache.catalina.core.ApplicationContext log
INFO: ContextListener: contextInitialized()
13 d残. 2015 17:14:17 org.apache.catalina.core.ApplicationContext log
INFO: SessionListener: contextInitialized()
