14 mars 2013 09:02:03 org.apache.catalina.core.ApplicationContext log
INFO: ContextListener: contextInitialized()
14 mars 2013 09:02:03 org.apache.catalina.core.ApplicationContext log
INFO: SessionListener: contextInitialized()
14 mars 2013 11:46:52 org.apache.catalina.core.ApplicationContext log
INFO: ContextListener: contextInitialized()
14 mars 2013 11:46:52 org.apache.catalina.core.ApplicationContext log
INFO: SessionListener: contextInitialized()
14 mars 2013 11:46:54 org.apache.catalina.core.ApplicationContext log
INFO: SessionListener: contextDestroyed()
14 mars 2013 11:46:54 org.apache.catalina.core.ApplicationContext log
INFO: ContextListener: contextDestroyed()
14 mars 2013 11:49:28 org.apache.catalina.core.ApplicationContext log
INFO: ContextListener: contextInitialized()
14 mars 2013 11:49:28 org.apache.catalina.core.ApplicationContext log
INFO: SessionListener: contextInitialized()
14 mars 2013 11:49:30 org.apache.catalina.core.ApplicationContext log
INFO: SessionListener: contextDestroyed()
14 mars 2013 11:49:30 org.apache.catalina.core.ApplicationContext log
INFO: ContextListener: contextDestroyed()
14 mars 2013 11:50:28 org.apache.catalina.core.ApplicationContext log
INFO: ContextListener: contextInitialized()
14 mars 2013 11:50:28 org.apache.catalina.core.ApplicationContext log
INFO: SessionListener: contextInitialized()
14 mars 2013 11:52:48 org.apache.catalina.core.ApplicationContext log
INFO: ContextListener: contextInitialized()
14 mars 2013 11:52:48 org.apache.catalina.core.ApplicationContext log
INFO: SessionListener: contextInitialized()
14 mars 2013 11:52:50 org.apache.catalina.core.ApplicationContext log
INFO: SessionListener: contextDestroyed()
14 mars 2013 11:52:50 org.apache.catalina.core.ApplicationContext log
INFO: ContextListener: contextDestroyed()
