20 nov. 2014 14:03:13 org.apache.catalina.core.ApplicationContext log
INFO: ContextListener: contextInitialized()
20 nov. 2014 14:03:13 org.apache.catalina.core.ApplicationContext log
INFO: SessionListener: contextInitialized()
20 nov. 2014 19:05:31 org.apache.catalina.core.ApplicationContext log
INFO: SessionListener: contextDestroyed()
20 nov. 2014 19:05:31 org.apache.catalina.core.ApplicationContext log
INFO: ContextListener: contextDestroyed()
20 nov. 2014 19:54:52 org.apache.catalina.core.ApplicationContext log
INFO: ContextListener: contextInitialized()
20 nov. 2014 19:54:52 org.apache.catalina.core.ApplicationContext log
INFO: SessionListener: contextInitialized()
20 nov. 2014 21:31:35 org.apache.catalina.core.ApplicationContext log
INFO: ContextListener: contextInitialized()
20 nov. 2014 21:31:35 org.apache.catalina.core.ApplicationContext log
INFO: SessionListener: contextInitialized()
20 nov. 2014 22:46:48 org.apache.catalina.core.ApplicationContext log
INFO: SessionListener: contextDestroyed()
20 nov. 2014 22:46:48 org.apache.catalina.core.ApplicationContext log
INFO: ContextListener: contextDestroyed()
