10 févr. 2012 15:42:34 org.apache.catalina.core.ApplicationContext log
INFO: ContextListener: contextInitialized()
10 févr. 2012 15:42:35 org.apache.catalina.core.ApplicationContext log
INFO: SessionListener: contextInitialized()
10 févr. 2012 15:43:54 org.apache.catalina.core.ApplicationContext log
INFO: ContextListener: contextInitialized()
10 févr. 2012 15:43:54 org.apache.catalina.core.ApplicationContext log
INFO: SessionListener: contextInitialized()
10 févr. 2012 15:43:56 org.apache.catalina.core.ApplicationContext log
INFO: SessionListener: contextDestroyed()
10 févr. 2012 15:43:56 org.apache.catalina.core.ApplicationContext log
INFO: ContextListener: contextDestroyed()
10 févr. 2012 15:44:27 org.apache.catalina.core.ApplicationContext log
INFO: ContextListener: contextInitialized()
10 févr. 2012 15:44:27 org.apache.catalina.core.ApplicationContext log
INFO: SessionListener: contextInitialized()
10 févr. 2012 15:46:36 org.apache.catalina.core.ApplicationContext log
INFO: ContextListener: contextInitialized()
10 févr. 2012 15:46:36 org.apache.catalina.core.ApplicationContext log
INFO: SessionListener: contextInitialized()
