8 oct. 2015 14:08:17 org.apache.catalina.core.ApplicationContext log
INFO: ContextListener: contextInitialized()
8 oct. 2015 14:08:17 org.apache.catalina.core.ApplicationContext log
INFO: SessionListener: contextInitialized()
8 oct. 2015 14:34:16 org.apache.catalina.core.ApplicationContext log
INFO: SessionListener: contextDestroyed()
8 oct. 2015 14:34:16 org.apache.catalina.core.ApplicationContext log
INFO: ContextListener: contextDestroyed()
8 oct. 2015 14:34:34 org.apache.catalina.core.ApplicationContext log
INFO: ContextListener: contextInitialized()
8 oct. 2015 14:34:34 org.apache.catalina.core.ApplicationContext log
INFO: SessionListener: contextInitialized()
8 oct. 2015 14:44:43 org.apache.catalina.core.ApplicationContext log
INFO: SessionListener: contextDestroyed()
8 oct. 2015 14:44:43 org.apache.catalina.core.ApplicationContext log
INFO: ContextListener: contextDestroyed()
8 oct. 2015 14:47:39 org.apache.catalina.core.ApplicationContext log
INFO: ContextListener: contextInitialized()
8 oct. 2015 14:47:39 org.apache.catalina.core.ApplicationContext log
INFO: SessionListener: contextInitialized()
8 oct. 2015 17:45:55 org.apache.catalina.core.ApplicationContext log
INFO: SessionListener: contextDestroyed()
8 oct. 2015 17:45:55 org.apache.catalina.core.ApplicationContext log
INFO: ContextListener: contextDestroyed()
