5 oct. 2015 15:36:39 org.apache.catalina.core.ApplicationContext log
INFO: ContextListener: contextInitialized()
5 oct. 2015 15:36:39 org.apache.catalina.core.ApplicationContext log
INFO: SessionListener: contextInitialized()
5 oct. 2015 15:47:48 org.apache.catalina.core.StandardWrapperValve invoke
GRAVE: "Servlet.service()" pour la servlet dynaXML a généré une exception
org.cdlib.xtf.util.GeneralException: Error reading config file /Users/Christophe/Desktop/DC 100-319/XTF_Praetorius/tomcat/webapps/xtf/conf/dynaXML.conf: java.lang.RuntimeException: net.sf.saxon.trans.DynamicError: java.io.FileNotFoundException: /Users/Christophe/Desktop/DC 100-319/XTF_Praetorius/tomcat/webapps/xtf/conf/dynaXML.conf (No such file or directory)
	at org.cdlib.xtf.servletBase.TextConfig.read(TextConfig.java:187)
	at org.cdlib.xtf.dynaXML.DynaXMLConfig.<init>(DynaXMLConfig.java:91)
	at org.cdlib.xtf.dynaXML.DynaXML.readConfig(DynaXML.java:118)
	at org.cdlib.xtf.servletBase.TextServlet.firstTimeInit(TextServlet.java:284)
	at org.cdlib.xtf.servletBase.TextServlet.service(TextServlet.java:345)
	at javax.servlet.http.HttpServlet.service(HttpServlet.java:717)
	at org.apache.catalina.core.ApplicationFilterChain.internalDoFilter(ApplicationFilterChain.java:290)
	at org.apache.catalina.core.ApplicationFilterChain.doFilter(ApplicationFilterChain.java:206)
	at org.apache.catalina.core.StandardWrapperValve.invoke(StandardWrapperValve.java:233)
	at org.apache.catalina.core.StandardContextValve.invoke(StandardContextValve.java:191)
	at org.apache.catalina.core.StandardHostValve.invoke(StandardHostValve.java:127)
	at org.apache.catalina.valves.ErrorReportValve.invoke(ErrorReportValve.java:102)
	at org.apache.catalina.core.StandardEngineValve.invoke(StandardEngineValve.java:109)
	at org.apache.catalina.connector.CoyoteAdapter.service(CoyoteAdapter.java:298)
	at org.apache.coyote.http11.Http11Processor.process(Http11Processor.java:857)
	at org.apache.coyote.http11.Http11Protocol$Http11ConnectionHandler.process(Http11Protocol.java:588)
	at org.apache.tomcat.util.net.JIoEndpoint$Worker.run(JIoEndpoint.java:489)
	at java.lang.Thread.run(Thread.java:695)
5 oct. 2015 15:47:49 org.apache.catalina.core.StandardWrapperValve invoke
GRAVE: "Servlet.service()" pour la servlet dynaXML a généré une exception
org.cdlib.xtf.util.GeneralException: Error reading config file /Users/Christophe/Desktop/DC 100-319/XTF_Praetorius/tomcat/webapps/xtf/conf/dynaXML.conf: java.lang.RuntimeException: net.sf.saxon.trans.DynamicError: java.io.FileNotFoundException: /Users/Christophe/Desktop/DC 100-319/XTF_Praetorius/tomcat/webapps/xtf/conf/dynaXML.conf (No such file or directory)
	at org.cdlib.xtf.servletBase.TextConfig.read(TextConfig.java:187)
	at org.cdlib.xtf.dynaXML.DynaXMLConfig.<init>(DynaXMLConfig.java:91)
	at org.cdlib.xtf.dynaXML.DynaXML.readConfig(DynaXML.java:118)
	at org.cdlib.xtf.servletBase.TextServlet.firstTimeInit(TextServlet.java:284)
	at org.cdlib.xtf.servletBase.TextServlet.service(TextServlet.java:345)
	at javax.servlet.http.HttpServlet.service(HttpServlet.java:717)
	at org.apache.catalina.core.ApplicationFilterChain.internalDoFilter(ApplicationFilterChain.java:290)
	at org.apache.catalina.core.ApplicationFilterChain.doFilter(ApplicationFilterChain.java:206)
	at org.apache.catalina.core.StandardWrapperValve.invoke(StandardWrapperValve.java:233)
	at org.apache.catalina.core.StandardContextValve.invoke(StandardContextValve.java:191)
	at org.apache.catalina.core.StandardHostValve.invoke(StandardHostValve.java:127)
	at org.apache.catalina.valves.ErrorReportValve.invoke(ErrorReportValve.java:102)
	at org.apache.catalina.core.StandardEngineValve.invoke(StandardEngineValve.java:109)
	at org.apache.catalina.connector.CoyoteAdapter.service(CoyoteAdapter.java:298)
	at org.apache.coyote.http11.Http11Processor.process(Http11Processor.java:857)
	at org.apache.coyote.http11.Http11Protocol$Http11ConnectionHandler.process(Http11Protocol.java:588)
	at org.apache.tomcat.util.net.JIoEndpoint$Worker.run(JIoEndpoint.java:489)
	at java.lang.Thread.run(Thread.java:695)
5 oct. 2015 15:47:52 org.apache.catalina.core.ApplicationContext log
INFO: SessionListener: contextDestroyed()
5 oct. 2015 15:47:52 org.apache.catalina.core.ApplicationContext log
INFO: ContextListener: contextDestroyed()
5 oct. 2015 15:49:15 org.apache.catalina.core.ApplicationContext log
INFO: ContextListener: contextInitialized()
5 oct. 2015 15:49:15 org.apache.catalina.core.ApplicationContext log
INFO: SessionListener: contextInitialized()
5 oct. 2015 17:59:49 org.apache.catalina.core.ApplicationContext log
INFO: SessionListener: contextDestroyed()
5 oct. 2015 17:59:49 org.apache.catalina.core.ApplicationContext log
INFO: ContextListener: contextDestroyed()
