24 nov. 2014 17:13:53 org.apache.catalina.core.ApplicationContext log
INFO: ContextListener: contextInitialized()
24 nov. 2014 17:13:53 org.apache.catalina.core.ApplicationContext log
INFO: SessionListener: contextInitialized()
24 nov. 2014 19:08:08 org.apache.catalina.core.ApplicationContext log
INFO: SessionListener: contextDestroyed()
24 nov. 2014 19:08:08 org.apache.catalina.core.ApplicationContext log
INFO: ContextListener: contextDestroyed()
24 nov. 2014 19:57:59 org.apache.catalina.core.ApplicationContext log
INFO: ContextListener: contextInitialized()
24 nov. 2014 19:57:59 org.apache.catalina.core.ApplicationContext log
INFO: SessionListener: contextInitialized()
24 nov. 2014 21:01:23 org.apache.catalina.core.ApplicationContext log
INFO: ContextListener: contextInitialized()
24 nov. 2014 21:01:23 org.apache.catalina.core.ApplicationContext log
INFO: SessionListener: contextInitialized()
24 nov. 2014 22:12:59 org.apache.catalina.core.ApplicationContext log
INFO: SessionListener: contextDestroyed()
24 nov. 2014 22:12:59 org.apache.catalina.core.ApplicationContext log
INFO: ContextListener: contextDestroyed()
