juil. 05, 2016 11:04:48 AM org.apache.catalina.core.ApplicationContext log
INFOS: ContextListener: contextInitialized()
juil. 05, 2016 11:04:48 AM org.apache.catalina.core.ApplicationContext log
INFOS: SessionListener: contextInitialized()
juil. 05, 2016 11:07:06 AM org.apache.catalina.core.ApplicationContext log
INFOS: ContextListener: contextInitialized()
juil. 05, 2016 11:07:06 AM org.apache.catalina.core.ApplicationContext log
INFOS: SessionListener: contextInitialized()
juil. 05, 2016 11:10:36 AM org.apache.catalina.core.ApplicationContext log
INFOS: ContextListener: contextInitialized()
juil. 05, 2016 11:10:36 AM org.apache.catalina.core.ApplicationContext log
INFOS: SessionListener: contextInitialized()
juil. 05, 2016 11:16:01 AM org.apache.catalina.core.ApplicationContext log
INFOS: ContextListener: contextInitialized()
juil. 05, 2016 11:16:01 AM org.apache.catalina.core.ApplicationContext log
INFOS: SessionListener: contextInitialized()
juil. 05, 2016 7:00:39 PM org.apache.catalina.core.ApplicationContext log
INFOS: SessionListener: contextDestroyed()
juil. 05, 2016 7:00:39 PM org.apache.catalina.core.ApplicationContext log
INFOS: ContextListener: contextDestroyed()
juil. 05, 2016 7:38:05 PM org.apache.catalina.core.ApplicationContext log
INFOS: ContextListener: contextInitialized()
juil. 05, 2016 7:38:05 PM org.apache.catalina.core.ApplicationContext log
INFOS: SessionListener: contextInitialized()
