22 déc. 2011 18:05:57 org.apache.catalina.core.ApplicationContext log
INFO: ContextListener: contextInitialized()
22 déc. 2011 18:05:57 org.apache.catalina.core.ApplicationContext log
INFO: SessionListener: contextInitialized()
22 déc. 2011 18:11:37 org.apache.catalina.core.ApplicationContext log
INFO: ContextListener: contextInitialized()
22 déc. 2011 18:11:37 org.apache.catalina.core.ApplicationContext log
INFO: SessionListener: contextInitialized()
22 déc. 2011 18:11:39 org.apache.catalina.core.ApplicationContext log
INFO: SessionListener: contextDestroyed()
22 déc. 2011 18:11:39 org.apache.catalina.core.ApplicationContext log
INFO: ContextListener: contextDestroyed()
22 déc. 2011 18:12:39 org.apache.catalina.core.ApplicationContext log
INFO: ContextListener: contextInitialized()
22 déc. 2011 18:12:39 org.apache.catalina.core.ApplicationContext log
INFO: SessionListener: contextInitialized()
22 déc. 2011 18:12:41 org.apache.catalina.core.ApplicationContext log
INFO: SessionListener: contextDestroyed()
22 déc. 2011 18:12:41 org.apache.catalina.core.ApplicationContext log
INFO: ContextListener: contextDestroyed()
22 déc. 2011 18:20:37 org.apache.catalina.core.ApplicationContext log
INFO: ContextListener: contextInitialized()
22 déc. 2011 18:20:37 org.apache.catalina.core.ApplicationContext log
INFO: SessionListener: contextInitialized()
22 déc. 2011 21:33:18 org.apache.catalina.core.ApplicationContext log
INFO: ContextListener: contextInitialized()
22 déc. 2011 21:33:18 org.apache.catalina.core.ApplicationContext log
INFO: SessionListener: contextInitialized()
22 déc. 2011 21:33:21 org.apache.catalina.core.ApplicationContext log
INFO: SessionListener: contextDestroyed()
22 déc. 2011 21:33:21 org.apache.catalina.core.ApplicationContext log
INFO: ContextListener: contextDestroyed()
