14 avr. 2013 10:50:48 org.apache.catalina.core.ApplicationContext log
INFO: ContextListener: contextInitialized()
14 avr. 2013 10:50:48 org.apache.catalina.core.ApplicationContext log
INFO: SessionListener: contextInitialized()
14 avr. 2013 11:40:59 org.apache.catalina.core.ApplicationContext log
INFO: ContextListener: contextInitialized()
14 avr. 2013 11:40:59 org.apache.catalina.core.ApplicationContext log
INFO: SessionListener: contextInitialized()
14 avr. 2013 11:41:00 org.apache.catalina.core.ApplicationContext log
INFO: SessionListener: contextDestroyed()
14 avr. 2013 11:41:00 org.apache.catalina.core.ApplicationContext log
INFO: ContextListener: contextDestroyed()
14 avr. 2013 12:18:22 org.apache.catalina.core.ApplicationContext log
INFO: ContextListener: contextInitialized()
14 avr. 2013 12:18:22 org.apache.catalina.core.ApplicationContext log
INFO: SessionListener: contextInitialized()
14 avr. 2013 12:24:15 org.apache.catalina.core.ApplicationContext log
INFO: ContextListener: contextInitialized()
14 avr. 2013 12:24:15 org.apache.catalina.core.ApplicationContext log
INFO: SessionListener: contextInitialized()
14 avr. 2013 13:17:17 org.apache.catalina.core.ApplicationContext log
INFO: ContextListener: contextInitialized()
14 avr. 2013 13:17:17 org.apache.catalina.core.ApplicationContext log
INFO: SessionListener: contextInitialized()
14 avr. 2013 13:17:19 org.apache.catalina.core.ApplicationContext log
INFO: SessionListener: contextDestroyed()
14 avr. 2013 13:17:19 org.apache.catalina.core.ApplicationContext log
INFO: ContextListener: contextDestroyed()
14 avr. 2013 16:25:49 org.apache.catalina.core.ApplicationContext log
INFO: ContextListener: contextInitialized()
14 avr. 2013 16:25:49 org.apache.catalina.core.ApplicationContext log
INFO: SessionListener: contextInitialized()
14 avr. 2013 16:25:51 org.apache.catalina.core.ApplicationContext log
INFO: SessionListener: contextDestroyed()
14 avr. 2013 16:25:51 org.apache.catalina.core.ApplicationContext log
INFO: ContextListener: contextDestroyed()
14 avr. 2013 16:29:37 org.apache.catalina.core.ApplicationContext log
INFO: ContextListener: contextInitialized()
14 avr. 2013 16:29:37 org.apache.catalina.core.ApplicationContext log
INFO: SessionListener: contextInitialized()
14 avr. 2013 19:41:38 org.apache.catalina.core.ApplicationContext log
INFO: ContextListener: contextInitialized()
14 avr. 2013 19:41:38 org.apache.catalina.core.ApplicationContext log
INFO: SessionListener: contextInitialized()
14 avr. 2013 19:41:40 org.apache.catalina.core.ApplicationContext log
INFO: SessionListener: contextDestroyed()
14 avr. 2013 19:41:40 org.apache.catalina.core.ApplicationContext log
INFO: ContextListener: contextDestroyed()
14 avr. 2013 20:42:33 org.apache.catalina.core.ApplicationContext log
INFO: ContextListener: contextInitialized()
14 avr. 2013 20:42:33 org.apache.catalina.core.ApplicationContext log
INFO: SessionListener: contextInitialized()
