27 mars 2013 22:39:36 org.apache.catalina.core.ApplicationContext log
INFO: ContextListener: contextInitialized()
27 mars 2013 22:39:36 org.apache.catalina.core.ApplicationContext log
INFO: SessionListener: contextInitialized()
27 mars 2013 22:51:03 org.apache.catalina.core.ApplicationContext log
INFO: ContextListener: contextInitialized()
27 mars 2013 22:51:03 org.apache.catalina.core.ApplicationContext log
INFO: SessionListener: contextInitialized()
27 mars 2013 22:51:05 org.apache.catalina.core.ApplicationContext log
INFO: SessionListener: contextDestroyed()
27 mars 2013 22:51:05 org.apache.catalina.core.ApplicationContext log
INFO: ContextListener: contextDestroyed()
27 mars 2013 22:52:27 org.apache.catalina.core.ApplicationContext log
INFO: ContextListener: contextInitialized()
27 mars 2013 22:52:28 org.apache.catalina.core.ApplicationContext log
INFO: SessionListener: contextInitialized()
27 mars 2013 23:08:30 org.apache.catalina.core.ApplicationContext log
INFO: ContextListener: contextInitialized()
27 mars 2013 23:08:30 org.apache.catalina.core.ApplicationContext log
INFO: SessionListener: contextInitialized()
27 mars 2013 23:08:32 org.apache.catalina.core.ApplicationContext log
INFO: SessionListener: contextDestroyed()
27 mars 2013 23:08:32 org.apache.catalina.core.ApplicationContext log
INFO: ContextListener: contextDestroyed()
27 mars 2013 23:10:26 org.apache.catalina.core.ApplicationContext log
INFO: ContextListener: contextInitialized()
27 mars 2013 23:10:26 org.apache.catalina.core.ApplicationContext log
INFO: SessionListener: contextInitialized()
27 mars 2013 23:10:29 org.apache.catalina.core.ApplicationContext log
INFO: SessionListener: contextDestroyed()
27 mars 2013 23:10:29 org.apache.catalina.core.ApplicationContext log
INFO: ContextListener: contextDestroyed()
27 mars 2013 23:10:39 org.apache.catalina.core.ApplicationContext log
INFO: ContextListener: contextInitialized()
27 mars 2013 23:10:39 org.apache.catalina.core.ApplicationContext log
INFO: SessionListener: contextInitialized()
27 mars 2013 23:10:41 org.apache.catalina.core.ApplicationContext log
INFO: SessionListener: contextDestroyed()
27 mars 2013 23:10:41 org.apache.catalina.core.ApplicationContext log
INFO: ContextListener: contextDestroyed()
27 mars 2013 23:13:06 org.apache.catalina.core.ApplicationContext log
INFO: ContextListener: contextInitialized()
27 mars 2013 23:13:06 org.apache.catalina.core.ApplicationContext log
INFO: SessionListener: contextInitialized()
27 mars 2013 23:13:07 org.apache.catalina.core.ApplicationContext log
INFO: SessionListener: contextDestroyed()
27 mars 2013 23:13:07 org.apache.catalina.core.ApplicationContext log
INFO: ContextListener: contextDestroyed()
