14 nov. 2015 10:43:43 org.apache.catalina.core.ApplicationContext log
INFO: SessionListener: contextDestroyed()
14 nov. 2015 10:43:43 org.apache.catalina.core.ApplicationContext log
INFO: ContextListener: contextDestroyed()
14 nov. 2015 11:31:31 org.apache.catalina.core.ApplicationContext log
INFO: ContextListener: contextInitialized()
14 nov. 2015 11:31:31 org.apache.catalina.core.ApplicationContext log
INFO: SessionListener: contextInitialized()
14 nov. 2015 11:39:32 org.apache.catalina.core.ApplicationContext log
INFO: SessionListener: contextDestroyed()
14 nov. 2015 11:39:32 org.apache.catalina.core.ApplicationContext log
INFO: ContextListener: contextDestroyed()
14 nov. 2015 19:39:16 org.apache.catalina.core.ApplicationContext log
INFO: ContextListener: contextInitialized()
14 nov. 2015 19:39:16 org.apache.catalina.core.ApplicationContext log
INFO: SessionListener: contextInitialized()
14 nov. 2015 20:28:25 org.apache.catalina.core.ApplicationContext log
INFO: SessionListener: contextDestroyed()
14 nov. 2015 20:28:25 org.apache.catalina.core.ApplicationContext log
INFO: ContextListener: contextDestroyed()
14 nov. 2015 20:28:46 org.apache.catalina.core.ApplicationContext log
INFO: ContextListener: contextInitialized()
14 nov. 2015 20:28:46 org.apache.catalina.core.ApplicationContext log
INFO: SessionListener: contextInitialized()
14 nov. 2015 23:04:28 org.apache.catalina.core.ApplicationContext log
INFO: SessionListener: contextDestroyed()
14 nov. 2015 23:04:28 org.apache.catalina.core.ApplicationContext log
INFO: ContextListener: contextDestroyed()
