26 nov. 2015 10:08:30 org.apache.catalina.core.ApplicationContext log
INFO: ContextListener: contextInitialized()
26 nov. 2015 10:08:30 org.apache.catalina.core.ApplicationContext log
INFO: SessionListener: contextInitialized()
26 nov. 2015 10:08:32 org.apache.catalina.core.ApplicationContext log
INFO: SessionListener: contextDestroyed()
26 nov. 2015 10:08:32 org.apache.catalina.core.ApplicationContext log
INFO: ContextListener: contextDestroyed()
26 nov. 2015 10:09:21 org.apache.catalina.core.ApplicationContext log
INFO: ContextListener: contextInitialized()
26 nov. 2015 10:09:21 org.apache.catalina.core.ApplicationContext log
INFO: SessionListener: contextInitialized()
26 nov. 2015 10:09:22 org.apache.catalina.core.ApplicationContext log
INFO: SessionListener: contextDestroyed()
26 nov. 2015 10:09:22 org.apache.catalina.core.ApplicationContext log
INFO: ContextListener: contextDestroyed()
26 nov. 2015 10:10:01 org.apache.catalina.core.ApplicationContext log
INFO: SessionListener: contextDestroyed()
26 nov. 2015 10:10:01 org.apache.catalina.core.ApplicationContext log
INFO: ContextListener: contextDestroyed()
26 nov. 2015 10:10:07 org.apache.catalina.core.ApplicationContext log
INFO: ContextListener: contextInitialized()
26 nov. 2015 10:10:07 org.apache.catalina.core.ApplicationContext log
INFO: SessionListener: contextInitialized()
26 nov. 2015 14:24:29 org.apache.catalina.core.ApplicationContext log
INFO: SessionListener: contextDestroyed()
26 nov. 2015 14:24:29 org.apache.catalina.core.ApplicationContext log
INFO: ContextListener: contextDestroyed()
26 nov. 2015 15:27:27 org.apache.catalina.core.ApplicationContext log
INFO: ContextListener: contextInitialized()
26 nov. 2015 15:27:27 org.apache.catalina.core.ApplicationContext log
INFO: SessionListener: contextInitialized()
26 nov. 2015 15:27:55 org.apache.catalina.core.ApplicationContext log
INFO: SessionListener: contextDestroyed()
26 nov. 2015 15:27:55 org.apache.catalina.core.ApplicationContext log
INFO: ContextListener: contextDestroyed()
26 nov. 2015 15:54:48 org.apache.catalina.core.ApplicationContext log
INFO: ContextListener: contextInitialized()
26 nov. 2015 15:54:48 org.apache.catalina.core.ApplicationContext log
INFO: SessionListener: contextInitialized()
26 nov. 2015 16:11:42 org.apache.catalina.core.ApplicationContext log
INFO: SessionListener: contextDestroyed()
26 nov. 2015 16:11:42 org.apache.catalina.core.ApplicationContext log
INFO: ContextListener: contextDestroyed()
26 nov. 2015 18:36:29 org.apache.catalina.core.ApplicationContext log
INFO: ContextListener: contextInitialized()
26 nov. 2015 18:36:29 org.apache.catalina.core.ApplicationContext log
INFO: SessionListener: contextInitialized()
26 nov. 2015 18:51:15 org.apache.catalina.core.ApplicationContext log
INFO: SessionListener: contextDestroyed()
26 nov. 2015 18:51:15 org.apache.catalina.core.ApplicationContext log
INFO: ContextListener: contextDestroyed()
26 nov. 2015 18:51:32 org.apache.catalina.core.ApplicationContext log
INFO: ContextListener: contextInitialized()
26 nov. 2015 18:51:32 org.apache.catalina.core.ApplicationContext log
INFO: SessionListener: contextInitialized()
26 nov. 2015 18:54:58 org.apache.catalina.core.ApplicationContext log
INFO: SessionListener: contextDestroyed()
26 nov. 2015 18:54:58 org.apache.catalina.core.ApplicationContext log
INFO: ContextListener: contextDestroyed()
26 nov. 2015 18:55:05 org.apache.catalina.core.ApplicationContext log
INFO: ContextListener: contextInitialized()
26 nov. 2015 18:55:05 org.apache.catalina.core.ApplicationContext log
INFO: SessionListener: contextInitialized()
26 nov. 2015 18:59:32 org.apache.catalina.core.ApplicationContext log
INFO: SessionListener: contextDestroyed()
26 nov. 2015 18:59:32 org.apache.catalina.core.ApplicationContext log
INFO: ContextListener: contextDestroyed()
26 nov. 2015 18:59:39 org.apache.catalina.core.ApplicationContext log
INFO: ContextListener: contextInitialized()
26 nov. 2015 18:59:39 org.apache.catalina.core.ApplicationContext log
INFO: SessionListener: contextInitialized()
26 nov. 2015 19:13:31 org.apache.catalina.core.ApplicationContext log
INFO: SessionListener: contextDestroyed()
26 nov. 2015 19:13:31 org.apache.catalina.core.ApplicationContext log
INFO: ContextListener: contextDestroyed()
26 nov. 2015 19:13:39 org.apache.catalina.core.ApplicationContext log
INFO: ContextListener: contextInitialized()
26 nov. 2015 19:13:39 org.apache.catalina.core.ApplicationContext log
INFO: SessionListener: contextInitialized()
26 nov. 2015 19:19:38 org.apache.catalina.core.ApplicationContext log
INFO: SessionListener: contextDestroyed()
26 nov. 2015 19:19:38 org.apache.catalina.core.ApplicationContext log
INFO: ContextListener: contextDestroyed()
26 nov. 2015 19:19:47 org.apache.catalina.core.ApplicationContext log
INFO: ContextListener: contextInitialized()
26 nov. 2015 19:19:47 org.apache.catalina.core.ApplicationContext log
INFO: SessionListener: contextInitialized()
26 nov. 2015 20:23:04 org.apache.catalina.core.ApplicationContext log
INFO: SessionListener: contextDestroyed()
26 nov. 2015 20:23:04 org.apache.catalina.core.ApplicationContext log
INFO: ContextListener: contextDestroyed()
26 nov. 2015 20:23:09 org.apache.catalina.core.ApplicationContext log
INFO: ContextListener: contextInitialized()
26 nov. 2015 20:23:09 org.apache.catalina.core.ApplicationContext log
INFO: SessionListener: contextInitialized()
26 nov. 2015 20:31:24 org.apache.catalina.core.ApplicationContext log
INFO: SessionListener: contextDestroyed()
26 nov. 2015 20:31:24 org.apache.catalina.core.ApplicationContext log
INFO: ContextListener: contextDestroyed()
26 nov. 2015 20:31:32 org.apache.catalina.core.ApplicationContext log
INFO: ContextListener: contextInitialized()
26 nov. 2015 20:31:32 org.apache.catalina.core.ApplicationContext log
INFO: SessionListener: contextInitialized()
