2 nov. 2011 09:01:47 org.apache.catalina.core.ApplicationContext log
INFO: ContextListener: contextInitialized()
2 nov. 2011 09:01:47 org.apache.catalina.core.ApplicationContext log
INFO: SessionListener: contextInitialized()
2 nov. 2011 22:12:50 org.apache.catalina.core.ApplicationContext log
INFO: ContextListener: contextInitialized()
2 nov. 2011 22:12:50 org.apache.catalina.core.ApplicationContext log
INFO: SessionListener: contextInitialized()
2 nov. 2011 23:08:41 org.apache.catalina.core.ApplicationContext log
INFO: ContextListener: contextInitialized()
2 nov. 2011 23:08:41 org.apache.catalina.core.ApplicationContext log
INFO: SessionListener: contextInitialized()
2 nov. 2011 23:08:43 org.apache.catalina.core.ApplicationContext log
INFO: SessionListener: contextDestroyed()
2 nov. 2011 23:08:43 org.apache.catalina.core.ApplicationContext log
INFO: ContextListener: contextDestroyed()
2 nov. 2011 23:19:09 org.apache.catalina.core.ApplicationContext log
INFO: ContextListener: contextInitialized()
2 nov. 2011 23:19:09 org.apache.catalina.core.ApplicationContext log
INFO: SessionListener: contextInitialized()
