22 janv. 2016 09:45:05 org.apache.catalina.core.ApplicationContext log
INFO: ContextListener: contextInitialized()
22 janv. 2016 09:45:05 org.apache.catalina.core.ApplicationContext log
INFO: SessionListener: contextInitialized()
22 janv. 2016 10:25:50 org.apache.catalina.core.ApplicationContext log
INFO: SessionListener: contextDestroyed()
22 janv. 2016 10:25:50 org.apache.catalina.core.ApplicationContext log
INFO: ContextListener: contextDestroyed()
22 janv. 2016 12:52:31 org.apache.catalina.core.ApplicationContext log
INFO: ContextListener: contextInitialized()
22 janv. 2016 12:52:31 org.apache.catalina.core.ApplicationContext log
INFO: SessionListener: contextInitialized()
22 janv. 2016 13:09:18 org.apache.catalina.core.ApplicationContext log
INFO: SessionListener: contextDestroyed()
22 janv. 2016 13:09:18 org.apache.catalina.core.ApplicationContext log
INFO: ContextListener: contextDestroyed()
22 janv. 2016 14:04:14 org.apache.catalina.core.ApplicationContext log
INFO: ContextListener: contextInitialized()
22 janv. 2016 14:04:14 org.apache.catalina.core.ApplicationContext log
INFO: SessionListener: contextInitialized()
22 janv. 2016 19:16:06 org.apache.catalina.core.ApplicationContext log
INFO: SessionListener: contextDestroyed()
22 janv. 2016 19:16:06 org.apache.catalina.core.ApplicationContext log
INFO: ContextListener: contextDestroyed()
