28 nov. 2014 15:46:44 org.apache.catalina.core.ApplicationContext log
INFO: ContextListener: contextInitialized()
28 nov. 2014 15:46:44 org.apache.catalina.core.ApplicationContext log
INFO: SessionListener: contextInitialized()
28 nov. 2014 19:02:55 org.apache.catalina.core.ApplicationContext log
INFO: SessionListener: contextDestroyed()
28 nov. 2014 19:02:55 org.apache.catalina.core.ApplicationContext log
INFO: ContextListener: contextDestroyed()
28 nov. 2014 20:06:27 org.apache.catalina.core.ApplicationContext log
INFO: ContextListener: contextInitialized()
28 nov. 2014 20:06:27 org.apache.catalina.core.ApplicationContext log
INFO: SessionListener: contextInitialized()
28 nov. 2014 20:48:06 org.apache.catalina.core.ApplicationContext log
INFO: ContextListener: contextInitialized()
28 nov. 2014 20:48:06 org.apache.catalina.core.ApplicationContext log
INFO: SessionListener: contextInitialized()
28 nov. 2014 22:01:55 org.apache.catalina.core.ApplicationContext log
INFO: SessionListener: contextDestroyed()
28 nov. 2014 22:01:55 org.apache.catalina.core.ApplicationContext log
INFO: ContextListener: contextDestroyed()
