9 mars 2013 16:22:40 org.apache.catalina.core.ApplicationContext log
INFO: ContextListener: contextInitialized()
9 mars 2013 16:22:40 org.apache.catalina.core.ApplicationContext log
INFO: SessionListener: contextInitialized()
9 mars 2013 16:29:41 org.apache.catalina.core.ApplicationContext log
INFO: ContextListener: contextInitialized()
9 mars 2013 16:29:41 org.apache.catalina.core.ApplicationContext log
INFO: SessionListener: contextInitialized()
9 mars 2013 16:32:21 org.apache.catalina.core.ApplicationContext log
INFO: ContextListener: contextInitialized()
9 mars 2013 16:32:21 org.apache.catalina.core.ApplicationContext log
INFO: SessionListener: contextInitialized()
9 mars 2013 17:18:35 org.apache.catalina.core.ApplicationContext log
INFO: ContextListener: contextInitialized()
9 mars 2013 17:18:35 org.apache.catalina.core.ApplicationContext log
INFO: SessionListener: contextInitialized()
9 mars 2013 17:18:36 org.apache.catalina.core.ApplicationContext log
INFO: SessionListener: contextDestroyed()
9 mars 2013 17:18:36 org.apache.catalina.core.ApplicationContext log
INFO: ContextListener: contextDestroyed()
9 mars 2013 17:21:39 org.apache.catalina.core.ApplicationContext log
INFO: ContextListener: contextInitialized()
9 mars 2013 17:21:39 org.apache.catalina.core.ApplicationContext log
INFO: SessionListener: contextInitialized()
9 mars 2013 17:49:45 org.apache.catalina.core.ApplicationContext log
INFO: ContextListener: contextInitialized()
9 mars 2013 17:49:45 org.apache.catalina.core.ApplicationContext log
INFO: SessionListener: contextInitialized()
9 mars 2013 17:49:47 org.apache.catalina.core.ApplicationContext log
INFO: SessionListener: contextDestroyed()
9 mars 2013 17:49:47 org.apache.catalina.core.ApplicationContext log
INFO: ContextListener: contextDestroyed()
9 mars 2013 18:06:40 org.apache.catalina.core.ApplicationContext log
INFO: ContextListener: contextInitialized()
9 mars 2013 18:06:40 org.apache.catalina.core.ApplicationContext log
INFO: SessionListener: contextInitialized()
9 mars 2013 18:08:27 org.apache.catalina.core.ApplicationContext log
INFO: ContextListener: contextInitialized()
9 mars 2013 18:08:27 org.apache.catalina.core.ApplicationContext log
INFO: SessionListener: contextInitialized()
9 mars 2013 18:47:02 org.apache.catalina.core.ApplicationContext log
INFO: ContextListener: contextInitialized()
9 mars 2013 18:47:02 org.apache.catalina.core.ApplicationContext log
INFO: SessionListener: contextInitialized()
9 mars 2013 19:21:39 org.apache.catalina.core.ApplicationContext log
INFO: ContextListener: contextInitialized()
9 mars 2013 19:21:39 org.apache.catalina.core.ApplicationContext log
INFO: SessionListener: contextInitialized()
9 mars 2013 20:01:02 org.apache.catalina.core.ApplicationContext log
INFO: ContextListener: contextInitialized()
9 mars 2013 20:01:02 org.apache.catalina.core.ApplicationContext log
INFO: SessionListener: contextInitialized()
9 mars 2013 20:36:01 org.apache.catalina.core.ApplicationContext log
INFO: ContextListener: contextInitialized()
9 mars 2013 20:36:01 org.apache.catalina.core.ApplicationContext log
INFO: SessionListener: contextInitialized()
9 mars 2013 21:00:41 org.apache.catalina.core.ApplicationContext log
INFO: ContextListener: contextInitialized()
9 mars 2013 21:00:41 org.apache.catalina.core.ApplicationContext log
INFO: SessionListener: contextInitialized()
9 mars 2013 21:28:22 org.apache.catalina.core.ApplicationContext log
INFO: ContextListener: contextInitialized()
9 mars 2013 21:28:22 org.apache.catalina.core.ApplicationContext log
INFO: SessionListener: contextInitialized()
9 mars 2013 21:57:50 org.apache.catalina.core.ApplicationContext log
INFO: ContextListener: contextInitialized()
9 mars 2013 21:57:50 org.apache.catalina.core.ApplicationContext log
INFO: SessionListener: contextInitialized()
9 mars 2013 22:34:01 org.apache.catalina.core.ApplicationContext log
INFO: ContextListener: contextInitialized()
9 mars 2013 22:34:01 org.apache.catalina.core.ApplicationContext log
INFO: SessionListener: contextInitialized()
