3 mars 2013 11:15:30 org.apache.catalina.core.ApplicationContext log
INFO: ContextListener: contextInitialized()
3 mars 2013 11:15:30 org.apache.catalina.core.ApplicationContext log
INFO: SessionListener: contextInitialized()
3 mars 2013 14:06:32 org.apache.catalina.core.ApplicationContext log
INFO: ContextListener: contextInitialized()
3 mars 2013 14:06:32 org.apache.catalina.core.ApplicationContext log
INFO: SessionListener: contextInitialized()
3 mars 2013 14:06:34 org.apache.catalina.core.ApplicationContext log
INFO: SessionListener: contextDestroyed()
3 mars 2013 14:06:34 org.apache.catalina.core.ApplicationContext log
INFO: ContextListener: contextDestroyed()
3 mars 2013 14:16:35 org.apache.catalina.core.ApplicationContext log
INFO: ContextListener: contextInitialized()
3 mars 2013 14:16:35 org.apache.catalina.core.ApplicationContext log
INFO: SessionListener: contextInitialized()
3 mars 2013 14:16:37 org.apache.catalina.core.ApplicationContext log
INFO: SessionListener: contextDestroyed()
3 mars 2013 14:16:37 org.apache.catalina.core.ApplicationContext log
INFO: ContextListener: contextDestroyed()
3 mars 2013 14:17:02 org.apache.catalina.core.ApplicationContext log
INFO: ContextListener: contextInitialized()
3 mars 2013 14:17:02 org.apache.catalina.core.ApplicationContext log
INFO: SessionListener: contextInitialized()
3 mars 2013 17:25:12 org.apache.catalina.core.ApplicationContext log
INFO: ContextListener: contextInitialized()
3 mars 2013 17:25:12 org.apache.catalina.core.ApplicationContext log
INFO: SessionListener: contextInitialized()
3 mars 2013 17:26:23 org.apache.catalina.core.ApplicationContext log
INFO: ContextListener: contextInitialized()
3 mars 2013 17:26:23 org.apache.catalina.core.ApplicationContext log
INFO: SessionListener: contextInitialized()
3 mars 2013 18:36:04 org.apache.catalina.core.ApplicationContext log
INFO: ContextListener: contextInitialized()
3 mars 2013 18:36:04 org.apache.catalina.core.ApplicationContext log
INFO: SessionListener: contextInitialized()
3 mars 2013 18:39:42 org.apache.catalina.core.ApplicationContext log
INFO: ContextListener: contextInitialized()
3 mars 2013 18:39:42 org.apache.catalina.core.ApplicationContext log
INFO: SessionListener: contextInitialized()
3 mars 2013 18:39:44 org.apache.catalina.core.ApplicationContext log
INFO: SessionListener: contextDestroyed()
3 mars 2013 18:39:44 org.apache.catalina.core.ApplicationContext log
INFO: ContextListener: contextDestroyed()
3 mars 2013 18:50:46 org.apache.catalina.core.ApplicationContext log
INFO: ContextListener: contextInitialized()
3 mars 2013 18:50:46 org.apache.catalina.core.ApplicationContext log
INFO: SessionListener: contextInitialized()
3 mars 2013 18:50:47 org.apache.catalina.core.ApplicationContext log
INFO: SessionListener: contextDestroyed()
3 mars 2013 18:50:47 org.apache.catalina.core.ApplicationContext log
INFO: ContextListener: contextDestroyed()
3 mars 2013 18:57:24 org.apache.catalina.core.ApplicationContext log
INFO: ContextListener: contextInitialized()
3 mars 2013 18:57:24 org.apache.catalina.core.ApplicationContext log
INFO: SessionListener: contextInitialized()
3 mars 2013 18:57:26 org.apache.catalina.core.ApplicationContext log
INFO: SessionListener: contextDestroyed()
3 mars 2013 18:57:26 org.apache.catalina.core.ApplicationContext log
INFO: ContextListener: contextDestroyed()
