11 juil. 2014 08:59:12 org.apache.catalina.core.ApplicationContext log
INFO: ContextListener: contextInitialized()
11 juil. 2014 08:59:12 org.apache.catalina.core.ApplicationContext log
INFO: SessionListener: contextInitialized()
11 juil. 2014 14:06:50 org.apache.catalina.core.ApplicationContext log
INFO: ContextListener: contextInitialized()
11 juil. 2014 14:06:50 org.apache.catalina.core.ApplicationContext log
INFO: SessionListener: contextInitialized()
11 juil. 2014 14:10:41 org.apache.catalina.core.ApplicationContext log
INFO: ContextListener: contextInitialized()
11 juil. 2014 14:10:41 org.apache.catalina.core.ApplicationContext log
INFO: SessionListener: contextInitialized()
11 juil. 2014 14:10:44 org.apache.catalina.core.ApplicationContext log
INFO: SessionListener: contextDestroyed()
11 juil. 2014 14:10:44 org.apache.catalina.core.ApplicationContext log
INFO: ContextListener: contextDestroyed()
11 juil. 2014 19:31:52 org.apache.catalina.core.ApplicationContext log
INFO: ContextListener: contextInitialized()
11 juil. 2014 19:31:52 org.apache.catalina.core.ApplicationContext log
INFO: SessionListener: contextInitialized()
