mai 13, 2016 4:45:53 PM org.apache.catalina.core.ApplicationContext log
INFOS: SessionListener: contextDestroyed()
mai 13, 2016 4:45:53 PM org.apache.catalina.core.ApplicationContext log
INFOS: ContextListener: contextDestroyed()
mai 13, 2016 4:46:04 PM org.apache.catalina.core.ApplicationContext log
INFOS: ContextListener: contextInitialized()
mai 13, 2016 4:46:04 PM org.apache.catalina.core.ApplicationContext log
INFOS: SessionListener: contextInitialized()
mai 13, 2016 4:46:36 PM org.apache.catalina.core.ApplicationContext log
INFOS: ContextListener: contextInitialized()
mai 13, 2016 4:46:36 PM org.apache.catalina.core.ApplicationContext log
INFOS: SessionListener: contextInitialized()
mai 13, 2016 4:46:37 PM org.apache.catalina.core.ApplicationContext log
INFOS: SessionListener: contextDestroyed()
mai 13, 2016 4:46:37 PM org.apache.catalina.core.ApplicationContext log
INFOS: ContextListener: contextDestroyed()
mai 13, 2016 6:15:53 PM org.apache.catalina.core.ApplicationContext log
INFOS: SessionListener: contextDestroyed()
mai 13, 2016 6:15:53 PM org.apache.catalina.core.ApplicationContext log
INFOS: ContextListener: contextDestroyed()
