3 d残. 2014 14:21:00 org.apache.catalina.core.ApplicationContext log
INFO: ContextListener: contextInitialized()
3 d残. 2014 14:21:00 org.apache.catalina.core.ApplicationContext log
INFO: SessionListener: contextInitialized()
3 d残. 2014 15:22:22 org.apache.catalina.core.ApplicationContext log
INFO: SessionListener: contextDestroyed()
3 d残. 2014 15:22:22 org.apache.catalina.core.ApplicationContext log
INFO: ContextListener: contextDestroyed()
3 d残. 2014 17:25:45 org.apache.catalina.core.ApplicationContext log
INFO: ContextListener: contextInitialized()
3 d残. 2014 17:25:45 org.apache.catalina.core.ApplicationContext log
INFO: SessionListener: contextInitialized()
3 d残. 2014 18:16:48 org.apache.catalina.core.ApplicationContext log
INFO: ContextListener: contextInitialized()
3 d残. 2014 18:16:48 org.apache.catalina.core.ApplicationContext log
INFO: SessionListener: contextInitialized()
3 d残. 2014 19:02:37 org.apache.catalina.core.ApplicationContext log
INFO: SessionListener: contextDestroyed()
3 d残. 2014 19:02:37 org.apache.catalina.core.ApplicationContext log
INFO: ContextListener: contextDestroyed()
