17 mars 2015 09:04:03 org.apache.catalina.core.ApplicationContext log
INFO: ContextListener: contextInitialized()
17 mars 2015 09:04:03 org.apache.catalina.core.ApplicationContext log
INFO: SessionListener: contextInitialized()
17 mars 2015 09:08:32 org.apache.catalina.core.ApplicationContext log
INFO: ContextListener: contextInitialized()
17 mars 2015 09:08:32 org.apache.catalina.core.ApplicationContext log
INFO: SessionListener: contextInitialized()
17 mars 2015 09:08:33 org.apache.catalina.core.ApplicationContext log
INFO: SessionListener: contextDestroyed()
17 mars 2015 09:08:33 org.apache.catalina.core.ApplicationContext log
INFO: ContextListener: contextDestroyed()
17 mars 2015 10:02:10 org.apache.catalina.core.ApplicationContext log
INFO: ContextListener: contextInitialized()
17 mars 2015 10:02:10 org.apache.catalina.core.ApplicationContext log
INFO: SessionListener: contextInitialized()
17 mars 2015 21:26:38 org.apache.catalina.core.ApplicationContext log
INFO: ContextListener: contextInitialized()
17 mars 2015 21:26:38 org.apache.catalina.core.ApplicationContext log
INFO: SessionListener: contextInitialized()
17 mars 2015 21:31:04 org.apache.catalina.core.ApplicationContext log
INFO: SessionListener: contextDestroyed()
17 mars 2015 21:31:04 org.apache.catalina.core.ApplicationContext log
INFO: ContextListener: contextDestroyed()
17 mars 2015 21:33:14 org.apache.catalina.core.ApplicationContext log
INFO: ContextListener: contextInitialized()
17 mars 2015 21:33:14 org.apache.catalina.core.ApplicationContext log
INFO: SessionListener: contextInitialized()
17 mars 2015 22:36:00 org.apache.catalina.core.ApplicationContext log
INFO: SessionListener: contextDestroyed()
17 mars 2015 22:36:00 org.apache.catalina.core.ApplicationContext log
INFO: ContextListener: contextDestroyed()
